[0.250s] Invoking command in '/home/ethereal/qianli/rm_decision/navigator_test_unit/build/rm_decision': AMENT_PREFIX_PATH=/home/ethereal/qianli/rm_decision/navigator_test_unit/install/navigator_interfaces:${AMENT_PREFIX_PATH} CMAKE_PREFIX_PATH=/home/ethereal/qianli/rm_decision/navigator_test_unit/install/navigator_interfaces:/opt/ros/jazzy/opt/gz_sim_vendor:/opt/ros/jazzy/opt/gz_sensors_vendor:/opt/ros/jazzy/opt/gz_physics_vendor:/opt/ros/jazzy/opt/sdformat_vendor:/opt/ros/jazzy/opt/gz_gui_vendor:/opt/ros/jazzy/opt/gz_transport_vendor:/opt/ros/jazzy/opt/gz_rendering_vendor:/opt/ros/jazzy/opt/gz_plugin_vendor:/opt/ros/jazzy/opt/gz_fuel_tools_vendor:/opt/ros/jazzy/opt/gz_msgs_vendor:/opt/ros/jazzy/opt/gz_common_vendor:/opt/ros/jazzy/opt/gz_math_vendor:/opt/ros/jazzy/opt/gz_utils_vendor:/opt/ros/jazzy/opt/gz_tools_vendor:/opt/ros/jazzy/opt/gz_ogre_next_vendor:/opt/ros/jazzy/opt/gz_dartsim_vendor:/opt/ros/jazzy/opt/gz_cmake_vendor:/opt/ros/jazzy DEBUGINFOD_URLS=https://debuginfod.ubuntu.com LD_LIBRARY_PATH=/home/ethereal/qianli/rm_decision/navigator_test_unit/install/navigator_interfaces/lib:${LD_LIBRARY_PATH} PYTHONPATH=/home/ethereal/qianli/rm_decision/navigator_test_unit/install/navigator_interfaces/lib/python3.12/site-packages:${PYTHONPATH} /usr/bin/cmake --build /home/ethereal/qianli/rm_decision/navigator_test_unit/build/rm_decision -- -j20 -l20
[0.272s] -- Found ament_cmake_auto: 2.5.3 (/opt/ros/jazzy/share/ament_cmake_auto/cmake)
[0.740s] -- Found rosidl_generator_c: 4.6.4 (/opt/ros/jazzy/share/rosidl_generator_c/cmake)
[0.746s] -- Found rosidl_generator_cpp: 4.6.4 (/opt/ros/jazzy/share/rosidl_generator_cpp/cmake)
[0.755s] -- Using all available rosidl_typesupport_c: rosidl_typesupport_fastrtps_c;rosidl_typesupport_introspection_c
[0.764s] -- Using all available rosidl_typesupport_cpp: rosidl_typesupport_fastrtps_cpp;rosidl_typesupport_introspection_cpp
[0.814s] -- Found rmw_implementation_cmake: 7.3.1 (/opt/ros/jazzy/share/rmw_implementation_cmake/cmake)
[0.815s] -- Found rmw_fastrtps_cpp: 8.4.1 (/opt/ros/jazzy/share/rmw_fastrtps_cpp/cmake)
[1.169s] -- Using RMW implementation 'rmw_fastrtps_cpp' as default
[1.644s] -- Found eigen3_cmake_module: 0.3.0 (/opt/ros/jazzy/share/eigen3_cmake_module/cmake)
[1.645s] -- Ensuring Eigen3 include directory is part of orocos-kdl CMake target
[1.762s] -- Found ament_lint_auto: 0.17.1 (/opt/ros/jazzy/share/ament_lint_auto/cmake)
[1.769s] -- Added test 'cppcheck' to perform static code analysis on C / C++ code
[1.769s] -- Configured cppcheck include dirs: /home/ethereal/qianli/rm_decision/navigator_test_unit/src/Action Level/navigator/include
[1.769s] -- Configured cppcheck exclude dirs and/or files: 
[1.770s] -- Added test 'cpplint' to check C / C++ code against the Google style
[1.770s] -- Configured cpplint exclude dirs and/or files: 
[1.770s] -- Added test 'flake8' to check Python code syntax and style conventions
[1.770s] -- Configured 'flake8' exclude dirs and/or files: 
[1.770s] -- Added test 'lint_cmake' to check CMake code style
[1.770s] -- Added test 'pep257' to check Python code against some of the docstring style conventions in PEP 257
[1.770s] -- Added test 'xmllint' to check XML markup files
[1.772s] -- Configuring done (1.5s)
[1.790s] -- Generating done (0.0s)
[1.792s] -- Build files have been written to: /home/ethereal/qianli/rm_decision/navigator_test_unit/build/rm_decision
[1.827s] [ 25%] [32mBuilding CXX object CMakeFiles/rm_decision.dir/src/navigator.cpp.o[0m
[9.405s] [ 50%] [32m[1mLinking CXX shared library librm_decision.so[0m
[9.970s] [ 50%] Built target rm_decision
[9.985s] [ 75%] [32mBuilding CXX object CMakeFiles/rm_decision_node.dir/src/node_exec.cpp.o[0m
[12.296s] [100%] [32m[1mLinking CXX executable rm_decision_node[0m
[12.636s] [100%] Built target rm_decision_node
[12.644s] Invoked command in '/home/ethereal/qianli/rm_decision/navigator_test_unit/build/rm_decision' returned '0': AMENT_PREFIX_PATH=/home/ethereal/qianli/rm_decision/navigator_test_unit/install/navigator_interfaces:${AMENT_PREFIX_PATH} CMAKE_PREFIX_PATH=/home/ethereal/qianli/rm_decision/navigator_test_unit/install/navigator_interfaces:/opt/ros/jazzy/opt/gz_sim_vendor:/opt/ros/jazzy/opt/gz_sensors_vendor:/opt/ros/jazzy/opt/gz_physics_vendor:/opt/ros/jazzy/opt/sdformat_vendor:/opt/ros/jazzy/opt/gz_gui_vendor:/opt/ros/jazzy/opt/gz_transport_vendor:/opt/ros/jazzy/opt/gz_rendering_vendor:/opt/ros/jazzy/opt/gz_plugin_vendor:/opt/ros/jazzy/opt/gz_fuel_tools_vendor:/opt/ros/jazzy/opt/gz_msgs_vendor:/opt/ros/jazzy/opt/gz_common_vendor:/opt/ros/jazzy/opt/gz_math_vendor:/opt/ros/jazzy/opt/gz_utils_vendor:/opt/ros/jazzy/opt/gz_tools_vendor:/opt/ros/jazzy/opt/gz_ogre_next_vendor:/opt/ros/jazzy/opt/gz_dartsim_vendor:/opt/ros/jazzy/opt/gz_cmake_vendor:/opt/ros/jazzy DEBUGINFOD_URLS=https://debuginfod.ubuntu.com LD_LIBRARY_PATH=/home/ethereal/qianli/rm_decision/navigator_test_unit/install/navigator_interfaces/lib:${LD_LIBRARY_PATH} PYTHONPATH=/home/ethereal/qianli/rm_decision/navigator_test_unit/install/navigator_interfaces/lib/python3.12/site-packages:${PYTHONPATH} /usr/bin/cmake --build /home/ethereal/qianli/rm_decision/navigator_test_unit/build/rm_decision -- -j20 -l20
[12.662s] Invoking command in '/home/ethereal/qianli/rm_decision/navigator_test_unit/build/rm_decision': AMENT_PREFIX_PATH=/home/ethereal/qianli/rm_decision/navigator_test_unit/install/navigator_interfaces:${AMENT_PREFIX_PATH} CMAKE_PREFIX_PATH=/home/ethereal/qianli/rm_decision/navigator_test_unit/install/navigator_interfaces:/opt/ros/jazzy/opt/gz_sim_vendor:/opt/ros/jazzy/opt/gz_sensors_vendor:/opt/ros/jazzy/opt/gz_physics_vendor:/opt/ros/jazzy/opt/sdformat_vendor:/opt/ros/jazzy/opt/gz_gui_vendor:/opt/ros/jazzy/opt/gz_transport_vendor:/opt/ros/jazzy/opt/gz_rendering_vendor:/opt/ros/jazzy/opt/gz_plugin_vendor:/opt/ros/jazzy/opt/gz_fuel_tools_vendor:/opt/ros/jazzy/opt/gz_msgs_vendor:/opt/ros/jazzy/opt/gz_common_vendor:/opt/ros/jazzy/opt/gz_math_vendor:/opt/ros/jazzy/opt/gz_utils_vendor:/opt/ros/jazzy/opt/gz_tools_vendor:/opt/ros/jazzy/opt/gz_ogre_next_vendor:/opt/ros/jazzy/opt/gz_dartsim_vendor:/opt/ros/jazzy/opt/gz_cmake_vendor:/opt/ros/jazzy DEBUGINFOD_URLS=https://debuginfod.ubuntu.com LD_LIBRARY_PATH=/home/ethereal/qianli/rm_decision/navigator_test_unit/install/navigator_interfaces/lib:${LD_LIBRARY_PATH} PYTHONPATH=/home/ethereal/qianli/rm_decision/navigator_test_unit/install/navigator_interfaces/lib/python3.12/site-packages:${PYTHONPATH} /usr/bin/cmake --install /home/ethereal/qianli/rm_decision/navigator_test_unit/build/rm_decision
[12.667s] -- Install configuration: ""
[12.667s] -- Installing: /home/ethereal/qianli/rm_decision/navigator_test_unit/install/rm_decision/include
[12.667s] -- Installing: /home/ethereal/qianli/rm_decision/navigator_test_unit/install/rm_decision/include/navigator
[12.668s] -- Installing: /home/ethereal/qianli/rm_decision/navigator_test_unit/install/rm_decision/include/navigator/navigator.hpp
[12.668s] -- Installing: /home/ethereal/qianli/rm_decision/navigator_test_unit/install/rm_decision/share/rm_decision/environment/library_path.sh
[12.668s] -- Installing: /home/ethereal/qianli/rm_decision/navigator_test_unit/install/rm_decision/share/rm_decision/environment/library_path.dsv
[12.668s] -- Installing: /home/ethereal/qianli/rm_decision/navigator_test_unit/install/rm_decision/lib/librm_decision.so
[12.673s] -- Set non-toolchain portion of runtime path of "/home/ethereal/qianli/rm_decision/navigator_test_unit/install/rm_decision/lib/librm_decision.so" to ""
[12.673s] -- Installing: /home/ethereal/qianli/rm_decision/navigator_test_unit/install/rm_decision/lib/rm_decision/rm_decision_node
[12.674s] -- Set non-toolchain portion of runtime path of "/home/ethereal/qianli/rm_decision/navigator_test_unit/install/rm_decision/lib/rm_decision/rm_decision_node" to ""
[12.674s] -- Installing: /home/ethereal/qianli/rm_decision/navigator_test_unit/install/rm_decision/share/rm_decision/launch
[12.674s] -- Installing: /home/ethereal/qianli/rm_decision/navigator_test_unit/install/rm_decision/share/rm_decision/launch/launch.py
[12.675s] -- Installing: /home/ethereal/qianli/rm_decision/navigator_test_unit/install/rm_decision/share/ament_index/resource_index/package_run_dependencies/rm_decision
[12.675s] -- Installing: /home/ethereal/qianli/rm_decision/navigator_test_unit/install/rm_decision/share/ament_index/resource_index/parent_prefix_path/rm_decision
[12.675s] -- Installing: /home/ethereal/qianli/rm_decision/navigator_test_unit/install/rm_decision/share/rm_decision/environment/ament_prefix_path.sh
[12.675s] -- Installing: /home/ethereal/qianli/rm_decision/navigator_test_unit/install/rm_decision/share/rm_decision/environment/ament_prefix_path.dsv
[12.675s] -- Installing: /home/ethereal/qianli/rm_decision/navigator_test_unit/install/rm_decision/share/rm_decision/environment/path.sh
[12.676s] -- Installing: /home/ethereal/qianli/rm_decision/navigator_test_unit/install/rm_decision/share/rm_decision/environment/path.dsv
[12.676s] -- Installing: /home/ethereal/qianli/rm_decision/navigator_test_unit/install/rm_decision/share/rm_decision/local_setup.bash
[12.676s] -- Installing: /home/ethereal/qianli/rm_decision/navigator_test_unit/install/rm_decision/share/rm_decision/local_setup.sh
[12.676s] -- Installing: /home/ethereal/qianli/rm_decision/navigator_test_unit/install/rm_decision/share/rm_decision/local_setup.zsh
[12.676s] -- Installing: /home/ethereal/qianli/rm_decision/navigator_test_unit/install/rm_decision/share/rm_decision/local_setup.dsv
[12.676s] -- Installing: /home/ethereal/qianli/rm_decision/navigator_test_unit/install/rm_decision/share/rm_decision/package.dsv
[12.676s] -- Installing: /home/ethereal/qianli/rm_decision/navigator_test_unit/install/rm_decision/share/ament_index/resource_index/packages/rm_decision
[12.676s] -- Installing: /home/ethereal/qianli/rm_decision/navigator_test_unit/install/rm_decision/share/rm_decision/cmake/ament_cmake_export_dependencies-extras.cmake
[12.676s] -- Installing: /home/ethereal/qianli/rm_decision/navigator_test_unit/install/rm_decision/share/rm_decision/cmake/ament_cmake_export_include_directories-extras.cmake
[12.677s] -- Installing: /home/ethereal/qianli/rm_decision/navigator_test_unit/install/rm_decision/share/rm_decision/cmake/ament_cmake_export_libraries-extras.cmake
[12.677s] -- Installing: /home/ethereal/qianli/rm_decision/navigator_test_unit/install/rm_decision/share/rm_decision/cmake/rm_decisionConfig.cmake
[12.677s] -- Installing: /home/ethereal/qianli/rm_decision/navigator_test_unit/install/rm_decision/share/rm_decision/cmake/rm_decisionConfig-version.cmake
[12.677s] -- Installing: /home/ethereal/qianli/rm_decision/navigator_test_unit/install/rm_decision/share/rm_decision/package.xml
[12.677s] -- Up-to-date: /home/ethereal/qianli/rm_decision/navigator_test_unit/install/rm_decision/share/rm_decision/launch
[12.677s] -- Up-to-date: /home/ethereal/qianli/rm_decision/navigator_test_unit/install/rm_decision/share/rm_decision/launch/launch.py
[12.678s] Invoked command in '/home/ethereal/qianli/rm_decision/navigator_test_unit/build/rm_decision' returned '0': AMENT_PREFIX_PATH=/home/ethereal/qianli/rm_decision/navigator_test_unit/install/navigator_interfaces:${AMENT_PREFIX_PATH} CMAKE_PREFIX_PATH=/home/ethereal/qianli/rm_decision/navigator_test_unit/install/navigator_interfaces:/opt/ros/jazzy/opt/gz_sim_vendor:/opt/ros/jazzy/opt/gz_sensors_vendor:/opt/ros/jazzy/opt/gz_physics_vendor:/opt/ros/jazzy/opt/sdformat_vendor:/opt/ros/jazzy/opt/gz_gui_vendor:/opt/ros/jazzy/opt/gz_transport_vendor:/opt/ros/jazzy/opt/gz_rendering_vendor:/opt/ros/jazzy/opt/gz_plugin_vendor:/opt/ros/jazzy/opt/gz_fuel_tools_vendor:/opt/ros/jazzy/opt/gz_msgs_vendor:/opt/ros/jazzy/opt/gz_common_vendor:/opt/ros/jazzy/opt/gz_math_vendor:/opt/ros/jazzy/opt/gz_utils_vendor:/opt/ros/jazzy/opt/gz_tools_vendor:/opt/ros/jazzy/opt/gz_ogre_next_vendor:/opt/ros/jazzy/opt/gz_dartsim_vendor:/opt/ros/jazzy/opt/gz_cmake_vendor:/opt/ros/jazzy DEBUGINFOD_URLS=https://debuginfod.ubuntu.com LD_LIBRARY_PATH=/home/ethereal/qianli/rm_decision/navigator_test_unit/install/navigator_interfaces/lib:${LD_LIBRARY_PATH} PYTHONPATH=/home/ethereal/qianli/rm_decision/navigator_test_unit/install/navigator_interfaces/lib/python3.12/site-packages:${PYTHONPATH} /usr/bin/cmake --install /home/ethereal/qianli/rm_decision/navigator_test_unit/build/rm_decision
