[0.019s] Invoking command in '/home/ethereal/qianli/rm_decision/navigator_test_unit/build/navigator_interfaces': CMAKE_PREFIX_PATH=${CMAKE_PREFIX_PATH}:/opt/ros/jazzy DEBUGINFOD_URLS=https://debuginfod.ubuntu.com /usr/bin/cmake /home/ethereal/qianli/rm_decision/navigator_test_unit/src/Action Level/navigator_interfaces -DCMAKE_INSTALL_PREFIX=/home/ethereal/qianli/rm_decision/navigator_test_unit/install/navigator_interfaces
[0.356s] -- The C compiler identification is GNU 13.3.0
[1.426s] -- The CXX compiler identification is GNU 13.3.0
[2.408s] -- Detecting C compiler ABI info
[2.892s] -- Detecting C compiler ABI info - done
[2.898s] -- Check for working C compiler: /usr/bin/cc - skipped
[2.899s] -- Detecting C compile features
[2.900s] -- Detecting C compile features - done
[3.185s] -- Detecting CXX compiler ABI info
[3.693s] -- Detecting CXX compiler ABI info - done
[3.699s] -- Check for working CXX compiler: /usr/bin/c++ - skipped
[3.699s] -- Detecting CXX compile features
[3.700s] -- Detecting CXX compile features - done
[3.703s] -- Found ament_cmake: 2.5.2 (/opt/ros/jazzy/share/ament_cmake/cmake)
[3.815s] -- Found Python3: /usr/bin/python3 (found version "3.12.3") found components: Interpreter 
[3.926s] -- Found geometry_msgs: 5.3.5 (/opt/ros/jazzy/share/geometry_msgs/cmake)
[4.333s] -- Found rosidl_generator_c: 4.6.4 (/opt/ros/jazzy/share/rosidl_generator_c/cmake)
[4.349s] -- Found rosidl_generator_cpp: 4.6.4 (/opt/ros/jazzy/share/rosidl_generator_cpp/cmake)
[4.368s] -- Using all available rosidl_typesupport_c: rosidl_typesupport_fastrtps_c;rosidl_typesupport_introspection_c
[4.390s] -- Using all available rosidl_typesupport_cpp: rosidl_typesupport_fastrtps_cpp;rosidl_typesupport_introspection_cpp
[4.446s] -- Found rosidl_default_generators: 1.6.0 (/opt/ros/jazzy/share/rosidl_default_generators/cmake)
[4.462s] -- Found rosidl_adapter: 4.6.4 (/opt/ros/jazzy/share/rosidl_adapter/cmake)
[4.938s] -- Found ament_cmake_ros: 0.12.0 (/opt/ros/jazzy/share/ament_cmake_ros/cmake)
[5.540s] -- Using all available rosidl_typesupport_c: rosidl_typesupport_fastrtps_c;rosidl_typesupport_introspection_c
[5.767s] -- Using all available rosidl_typesupport_cpp: rosidl_typesupport_fastrtps_cpp;rosidl_typesupport_introspection_cpp
[5.772s] -- Found python_cmake_module: 0.11.1 (/opt/ros/jazzy/share/python_cmake_module/cmake)
[5.873s] -- Found PythonExtra: /usr/bin/python3  
[6.269s] -- Found Python3: /usr/bin/python3 (found version "3.12.3") found components: Interpreter Development NumPy Development.Module Development.Embed 
[6.312s] -- Found ament_lint_auto: 0.17.1 (/opt/ros/jazzy/share/ament_lint_auto/cmake)
[9.334s] -- Added test 'lint_cmake' to check CMake code style
[9.336s] -- Added test 'xmllint' to check XML markup files
[9.339s] -- Configuring done (9.3s)
[9.378s] -- Generating done (0.0s)
[9.380s] -- Build files have been written to: /home/ethereal/qianli/rm_decision/navigator_test_unit/build/navigator_interfaces
[9.388s] Invoked command in '/home/ethereal/qianli/rm_decision/navigator_test_unit/build/navigator_interfaces' returned '0': CMAKE_PREFIX_PATH=${CMAKE_PREFIX_PATH}:/opt/ros/jazzy DEBUGINFOD_URLS=https://debuginfod.ubuntu.com /usr/bin/cmake /home/ethereal/qianli/rm_decision/navigator_test_unit/src/Action Level/navigator_interfaces -DCMAKE_INSTALL_PREFIX=/home/ethereal/qianli/rm_decision/navigator_test_unit/install/navigator_interfaces
[9.389s] Invoking command in '/home/ethereal/qianli/rm_decision/navigator_test_unit/build/navigator_interfaces': CMAKE_PREFIX_PATH=${CMAKE_PREFIX_PATH}:/opt/ros/jazzy DEBUGINFOD_URLS=https://debuginfod.ubuntu.com /usr/bin/cmake --build /home/ethereal/qianli/rm_decision/navigator_test_unit/build/navigator_interfaces -- -j20 -l20
[9.419s] [  2%] [34m[1mGenerating type hashes for ROS interfaces[0m
[9.424s] [  2%] Built target ament_cmake_python_copy_navigator_interfaces
[9.558s] running egg_info
[9.559s] creating navigator_interfaces.egg-info
[9.567s] [  2%] Built target navigator_interfaces__rosidl_generator_type_description
[9.571s] writing navigator_interfaces.egg-info/PKG-INFO
[9.571s] writing dependency_links to navigator_interfaces.egg-info/dependency_links.txt
[9.572s] writing top-level names to navigator_interfaces.egg-info/top_level.txt
[9.572s] writing manifest file 'navigator_interfaces.egg-info/SOURCES.txt'
[9.573s] [  5%] [34m[1mGenerating C code for ROS interfaces[0m
[9.580s] [  8%] [34m[1mGenerating C++ code for ROS interfaces[0m
[9.612s] reading manifest file 'navigator_interfaces.egg-info/SOURCES.txt'
[9.613s] writing manifest file 'navigator_interfaces.egg-info/SOURCES.txt'
[9.637s] [  8%] Built target ament_cmake_python_build_navigator_interfaces_egg
[9.741s] [  8%] Built target navigator_interfaces__cpp
[9.749s] [ 14%] [32mBuilding C object CMakeFiles/navigator_interfaces__rosidl_generator_c.dir/rosidl_generator_c/navigator_interfaces/msg/detail/navigate__functions.c.o[0m
[9.749s] [ 14%] [32mBuilding C object CMakeFiles/navigator_interfaces__rosidl_generator_c.dir/rosidl_generator_c/navigator_interfaces/msg/detail/navigate__description.c.o[0m
[9.749s] [ 17%] [32mBuilding C object CMakeFiles/navigator_interfaces__rosidl_generator_c.dir/rosidl_generator_c/navigator_interfaces/msg/detail/navigate__type_support.c.o[0m
[9.797s] [ 20%] [32m[1mLinking C shared library libnavigator_interfaces__rosidl_generator_c.so[0m
[9.949s] [ 20%] Built target navigator_interfaces__rosidl_generator_c
[9.956s] [ 29%] [34m[1mGenerating C++ introspection for ROS interfaces[0m
[9.956s] [ 29%] [34m[1mGenerating C++ type support dispatch for ROS interfaces[0m
[9.956s] [ 32%] [34m[1mGenerating C introspection for ROS interfaces[0m
[9.956s] [ 32%] [34m[1mGenerating C type support for eProsima Fast-RTPS[0m
[9.957s] [ 35%] [34m[1mGenerating C type support dispatch for ROS interfaces[0m
[9.957s] [ 38%] [34m[1mGenerating C++ type support for eProsima Fast-RTPS[0m
[10.134s] [ 41%] [32mBuilding CXX object CMakeFiles/navigator_interfaces__rosidl_typesupport_cpp.dir/rosidl_typesupport_cpp/navigator_interfaces/msg/navigate__type_support.cpp.o[0m
[10.152s] [ 44%] [32mBuilding CXX object CMakeFiles/navigator_interfaces__rosidl_typesupport_c.dir/rosidl_typesupport_c/navigator_interfaces/msg/navigate__type_support.cpp.o[0m
[10.164s] [ 47%] [32mBuilding C object CMakeFiles/navigator_interfaces__rosidl_typesupport_introspection_c.dir/rosidl_typesupport_introspection_c/navigator_interfaces/msg/detail/navigate__type_support.c.o[0m
[10.165s] [ 50%] [32mBuilding CXX object CMakeFiles/navigator_interfaces__rosidl_typesupport_fastrtps_c.dir/rosidl_typesupport_fastrtps_c/navigator_interfaces/msg/detail/navigate__type_support_c.cpp.o[0m
[10.167s] [ 52%] [32mBuilding CXX object CMakeFiles/navigator_interfaces__rosidl_typesupport_introspection_cpp.dir/rosidl_typesupport_introspection_cpp/navigator_interfaces/msg/detail/navigate__type_support.cpp.o[0m
[10.179s] [ 55%] [32mBuilding CXX object CMakeFiles/navigator_interfaces__rosidl_typesupport_fastrtps_cpp.dir/rosidl_typesupport_fastrtps_cpp/navigator_interfaces/msg/detail/dds_fastrtps/navigate__type_support.cpp.o[0m
[10.191s] [ 58%] [32m[1mLinking CXX shared library libnavigator_interfaces__rosidl_typesupport_c.so[0m
[10.194s] [ 61%] [32m[1mLinking C shared library libnavigator_interfaces__rosidl_typesupport_introspection_c.so[0m
[10.347s] [ 61%] Built target navigator_interfaces__rosidl_typesupport_introspection_c
[10.350s] [ 61%] Built target navigator_interfaces__rosidl_typesupport_c
[10.364s] [ 64%] [32m[1mLinking CXX shared library libnavigator_interfaces__rosidl_typesupport_cpp.so[0m
[10.401s] [ 67%] [32m[1mLinking CXX shared library libnavigator_interfaces__rosidl_typesupport_introspection_cpp.so[0m
[10.481s] [ 70%] [32m[1mLinking CXX shared library libnavigator_interfaces__rosidl_typesupport_fastrtps_c.so[0m
[10.502s] [ 73%] [32m[1mLinking CXX shared library libnavigator_interfaces__rosidl_typesupport_fastrtps_cpp.so[0m
[10.645s] [ 73%] Built target navigator_interfaces__rosidl_typesupport_cpp
[10.746s] [ 73%] Built target navigator_interfaces__rosidl_typesupport_introspection_cpp
[10.790s] [ 73%] Built target navigator_interfaces__rosidl_typesupport_fastrtps_c
[10.814s] [ 73%] Built target navigator_interfaces__rosidl_typesupport_fastrtps_cpp
[10.827s] [ 73%] Built target navigator_interfaces
[10.840s] [ 76%] [34m[1mGenerating Python code for ROS interfaces[0m
[11.007s] [ 76%] Built target navigator_interfaces__py
[11.019s] [ 79%] [32mBuilding C object CMakeFiles/navigator_interfaces__rosidl_generator_py.dir/rosidl_generator_py/navigator_interfaces/msg/_navigate_s.c.o[0m
[11.127s] [ 82%] [32m[1mLinking C shared library libnavigator_interfaces__rosidl_generator_py.so[0m
[11.674s] [ 82%] Built target navigator_interfaces__rosidl_generator_py
[11.687s] [ 91%] [32mBuilding C object CMakeFiles/navigator_interfaces_s__rosidl_typesupport_c.dir/rosidl_generator_py/navigator_interfaces/_navigator_interfaces_s.ep.rosidl_typesupport_c.c.o[0m
[11.687s] [ 91%] [32mBuilding C object CMakeFiles/navigator_interfaces_s__rosidl_typesupport_introspection_c.dir/rosidl_generator_py/navigator_interfaces/_navigator_interfaces_s.ep.rosidl_typesupport_introspection_c.c.o[0m
[11.687s] [ 91%] [32mBuilding C object CMakeFiles/navigator_interfaces_s__rosidl_typesupport_fastrtps_c.dir/rosidl_generator_py/navigator_interfaces/_navigator_interfaces_s.ep.rosidl_typesupport_fastrtps_c.c.o[0m
[11.748s] [ 94%] [32m[1mLinking C shared module rosidl_generator_py/navigator_interfaces/navigator_interfaces_s__rosidl_typesupport_c.so[0m
[11.749s] [ 97%] [32m[1mLinking C shared module rosidl_generator_py/navigator_interfaces/navigator_interfaces_s__rosidl_typesupport_fastrtps_c.so[0m
[11.758s] [100%] [32m[1mLinking C shared module rosidl_generator_py/navigator_interfaces/navigator_interfaces_s__rosidl_typesupport_introspection_c.so[0m
[11.939s] [100%] Built target navigator_interfaces_s__rosidl_typesupport_c
[11.939s] [100%] Built target navigator_interfaces_s__rosidl_typesupport_fastrtps_c
[11.991s] [100%] Built target navigator_interfaces_s__rosidl_typesupport_introspection_c
[11.999s] Invoked command in '/home/ethereal/qianli/rm_decision/navigator_test_unit/build/navigator_interfaces' returned '0': CMAKE_PREFIX_PATH=${CMAKE_PREFIX_PATH}:/opt/ros/jazzy DEBUGINFOD_URLS=https://debuginfod.ubuntu.com /usr/bin/cmake --build /home/ethereal/qianli/rm_decision/navigator_test_unit/build/navigator_interfaces -- -j20 -l20
[12.034s] Invoking command in '/home/ethereal/qianli/rm_decision/navigator_test_unit/build/navigator_interfaces': CMAKE_PREFIX_PATH=${CMAKE_PREFIX_PATH}:/opt/ros/jazzy DEBUGINFOD_URLS=https://debuginfod.ubuntu.com /usr/bin/cmake --install /home/ethereal/qianli/rm_decision/navigator_test_unit/build/navigator_interfaces
[12.039s] -- Install configuration: ""
[12.041s] -- Installing: /home/ethereal/qianli/rm_decision/navigator_test_unit/install/navigator_interfaces/share/ament_index/resource_index/rosidl_interfaces/navigator_interfaces
[12.041s] -- Installing: /home/ethereal/qianli/rm_decision/navigator_test_unit/install/navigator_interfaces/share/navigator_interfaces/msg/Navigate.json
[12.041s] -- Installing: /home/ethereal/qianli/rm_decision/navigator_test_unit/install/navigator_interfaces/include/navigator_interfaces/navigator_interfaces
[12.042s] -- Installing: /home/ethereal/qianli/rm_decision/navigator_test_unit/install/navigator_interfaces/include/navigator_interfaces/navigator_interfaces/msg
[12.042s] -- Installing: /home/ethereal/qianli/rm_decision/navigator_test_unit/install/navigator_interfaces/include/navigator_interfaces/navigator_interfaces/msg/detail
[12.042s] -- Installing: /home/ethereal/qianli/rm_decision/navigator_test_unit/install/navigator_interfaces/include/navigator_interfaces/navigator_interfaces/msg/detail/navigate__struct.h
[12.042s] -- Installing: /home/ethereal/qianli/rm_decision/navigator_test_unit/install/navigator_interfaces/include/navigator_interfaces/navigator_interfaces/msg/detail/navigate__description.c
[12.042s] -- Installing: /home/ethereal/qianli/rm_decision/navigator_test_unit/install/navigator_interfaces/include/navigator_interfaces/navigator_interfaces/msg/detail/navigate__functions.h
[12.043s] -- Installing: /home/ethereal/qianli/rm_decision/navigator_test_unit/install/navigator_interfaces/include/navigator_interfaces/navigator_interfaces/msg/detail/navigate__type_support.h
[12.043s] -- Installing: /home/ethereal/qianli/rm_decision/navigator_test_unit/install/navigator_interfaces/include/navigator_interfaces/navigator_interfaces/msg/detail/navigate__type_support.c
[12.043s] -- Installing: /home/ethereal/qianli/rm_decision/navigator_test_unit/install/navigator_interfaces/include/navigator_interfaces/navigator_interfaces/msg/detail/navigate__functions.c
[12.043s] -- Installing: /home/ethereal/qianli/rm_decision/navigator_test_unit/install/navigator_interfaces/include/navigator_interfaces/navigator_interfaces/msg/rosidl_generator_c__visibility_control.h
[12.043s] -- Installing: /home/ethereal/qianli/rm_decision/navigator_test_unit/install/navigator_interfaces/include/navigator_interfaces/navigator_interfaces/msg/navigate.h
[12.043s] -- Installing: /home/ethereal/qianli/rm_decision/navigator_test_unit/install/navigator_interfaces/share/navigator_interfaces/environment/library_path.sh
[12.043s] -- Installing: /home/ethereal/qianli/rm_decision/navigator_test_unit/install/navigator_interfaces/share/navigator_interfaces/environment/library_path.dsv
[12.043s] -- Installing: /home/ethereal/qianli/rm_decision/navigator_test_unit/install/navigator_interfaces/lib/libnavigator_interfaces__rosidl_generator_c.so
[12.044s] -- Set non-toolchain portion of runtime path of "/home/ethereal/qianli/rm_decision/navigator_test_unit/install/navigator_interfaces/lib/libnavigator_interfaces__rosidl_generator_c.so" to ""
[12.044s] -- Up-to-date: /home/ethereal/qianli/rm_decision/navigator_test_unit/install/navigator_interfaces/include/navigator_interfaces/navigator_interfaces
[12.044s] -- Up-to-date: /home/ethereal/qianli/rm_decision/navigator_test_unit/install/navigator_interfaces/include/navigator_interfaces/navigator_interfaces/msg
[12.044s] -- Up-to-date: /home/ethereal/qianli/rm_decision/navigator_test_unit/install/navigator_interfaces/include/navigator_interfaces/navigator_interfaces/msg/detail
[12.044s] -- Installing: /home/ethereal/qianli/rm_decision/navigator_test_unit/install/navigator_interfaces/include/navigator_interfaces/navigator_interfaces/msg/detail/navigate__rosidl_typesupport_fastrtps_c.h
[12.044s] -- Installing: /home/ethereal/qianli/rm_decision/navigator_test_unit/install/navigator_interfaces/include/navigator_interfaces/navigator_interfaces/msg/rosidl_typesupport_fastrtps_c__visibility_control.h
[12.045s] -- Installing: /home/ethereal/qianli/rm_decision/navigator_test_unit/install/navigator_interfaces/lib/libnavigator_interfaces__rosidl_typesupport_fastrtps_c.so
[12.045s] -- Set non-toolchain portion of runtime path of "/home/ethereal/qianli/rm_decision/navigator_test_unit/install/navigator_interfaces/lib/libnavigator_interfaces__rosidl_typesupport_fastrtps_c.so" to ""
[12.045s] -- Up-to-date: /home/ethereal/qianli/rm_decision/navigator_test_unit/install/navigator_interfaces/include/navigator_interfaces/navigator_interfaces
[12.045s] -- Up-to-date: /home/ethereal/qianli/rm_decision/navigator_test_unit/install/navigator_interfaces/include/navigator_interfaces/navigator_interfaces/msg
[12.045s] -- Up-to-date: /home/ethereal/qianli/rm_decision/navigator_test_unit/install/navigator_interfaces/include/navigator_interfaces/navigator_interfaces/msg/detail
[12.045s] -- Installing: /home/ethereal/qianli/rm_decision/navigator_test_unit/install/navigator_interfaces/include/navigator_interfaces/navigator_interfaces/msg/detail/navigate__builder.hpp
[12.045s] -- Installing: /home/ethereal/qianli/rm_decision/navigator_test_unit/install/navigator_interfaces/include/navigator_interfaces/navigator_interfaces/msg/detail/navigate__struct.hpp
[12.045s] -- Installing: /home/ethereal/qianli/rm_decision/navigator_test_unit/install/navigator_interfaces/include/navigator_interfaces/navigator_interfaces/msg/detail/navigate__traits.hpp
[12.045s] -- Installing: /home/ethereal/qianli/rm_decision/navigator_test_unit/install/navigator_interfaces/include/navigator_interfaces/navigator_interfaces/msg/detail/navigate__type_support.hpp
[12.046s] -- Installing: /home/ethereal/qianli/rm_decision/navigator_test_unit/install/navigator_interfaces/include/navigator_interfaces/navigator_interfaces/msg/rosidl_generator_cpp__visibility_control.hpp
[12.046s] -- Installing: /home/ethereal/qianli/rm_decision/navigator_test_unit/install/navigator_interfaces/include/navigator_interfaces/navigator_interfaces/msg/navigate.hpp
[12.046s] -- Up-to-date: /home/ethereal/qianli/rm_decision/navigator_test_unit/install/navigator_interfaces/include/navigator_interfaces/navigator_interfaces
[12.046s] -- Up-to-date: /home/ethereal/qianli/rm_decision/navigator_test_unit/install/navigator_interfaces/include/navigator_interfaces/navigator_interfaces/msg
[12.046s] -- Up-to-date: /home/ethereal/qianli/rm_decision/navigator_test_unit/install/navigator_interfaces/include/navigator_interfaces/navigator_interfaces/msg/detail
[12.046s] -- Installing: /home/ethereal/qianli/rm_decision/navigator_test_unit/install/navigator_interfaces/include/navigator_interfaces/navigator_interfaces/msg/detail/navigate__rosidl_typesupport_fastrtps_cpp.hpp
[12.046s] -- Installing: /home/ethereal/qianli/rm_decision/navigator_test_unit/install/navigator_interfaces/include/navigator_interfaces/navigator_interfaces/msg/detail/dds_fastrtps
[12.046s] -- Installing: /home/ethereal/qianli/rm_decision/navigator_test_unit/install/navigator_interfaces/include/navigator_interfaces/navigator_interfaces/msg/rosidl_typesupport_fastrtps_cpp__visibility_control.h
[12.046s] -- Installing: /home/ethereal/qianli/rm_decision/navigator_test_unit/install/navigator_interfaces/lib/libnavigator_interfaces__rosidl_typesupport_fastrtps_cpp.so
[12.046s] -- Set non-toolchain portion of runtime path of "/home/ethereal/qianli/rm_decision/navigator_test_unit/install/navigator_interfaces/lib/libnavigator_interfaces__rosidl_typesupport_fastrtps_cpp.so" to ""
[12.047s] -- Up-to-date: /home/ethereal/qianli/rm_decision/navigator_test_unit/install/navigator_interfaces/include/navigator_interfaces/navigator_interfaces
[12.047s] -- Up-to-date: /home/ethereal/qianli/rm_decision/navigator_test_unit/install/navigator_interfaces/include/navigator_interfaces/navigator_interfaces/msg
[12.047s] -- Up-to-date: /home/ethereal/qianli/rm_decision/navigator_test_unit/install/navigator_interfaces/include/navigator_interfaces/navigator_interfaces/msg/detail
[12.047s] -- Installing: /home/ethereal/qianli/rm_decision/navigator_test_unit/install/navigator_interfaces/include/navigator_interfaces/navigator_interfaces/msg/detail/navigate__rosidl_typesupport_introspection_c.h
[12.047s] -- Installing: /home/ethereal/qianli/rm_decision/navigator_test_unit/install/navigator_interfaces/include/navigator_interfaces/navigator_interfaces/msg/detail/navigate__type_support.c
[12.047s] -- Installing: /home/ethereal/qianli/rm_decision/navigator_test_unit/install/navigator_interfaces/include/navigator_interfaces/navigator_interfaces/msg/rosidl_typesupport_introspection_c__visibility_control.h
[12.047s] -- Installing: /home/ethereal/qianli/rm_decision/navigator_test_unit/install/navigator_interfaces/lib/libnavigator_interfaces__rosidl_typesupport_introspection_c.so
[12.047s] -- Set non-toolchain portion of runtime path of "/home/ethereal/qianli/rm_decision/navigator_test_unit/install/navigator_interfaces/lib/libnavigator_interfaces__rosidl_typesupport_introspection_c.so" to ""
[12.047s] -- Installing: /home/ethereal/qianli/rm_decision/navigator_test_unit/install/navigator_interfaces/lib/libnavigator_interfaces__rosidl_typesupport_c.so
[12.047s] -- Set non-toolchain portion of runtime path of "/home/ethereal/qianli/rm_decision/navigator_test_unit/install/navigator_interfaces/lib/libnavigator_interfaces__rosidl_typesupport_c.so" to ""
[12.047s] -- Up-to-date: /home/ethereal/qianli/rm_decision/navigator_test_unit/install/navigator_interfaces/include/navigator_interfaces/navigator_interfaces
[12.047s] -- Up-to-date: /home/ethereal/qianli/rm_decision/navigator_test_unit/install/navigator_interfaces/include/navigator_interfaces/navigator_interfaces/msg
[12.047s] -- Up-to-date: /home/ethereal/qianli/rm_decision/navigator_test_unit/install/navigator_interfaces/include/navigator_interfaces/navigator_interfaces/msg/detail
[12.048s] -- Installing: /home/ethereal/qianli/rm_decision/navigator_test_unit/install/navigator_interfaces/include/navigator_interfaces/navigator_interfaces/msg/detail/navigate__type_support.cpp
[12.048s] -- Installing: /home/ethereal/qianli/rm_decision/navigator_test_unit/install/navigator_interfaces/include/navigator_interfaces/navigator_interfaces/msg/detail/navigate__rosidl_typesupport_introspection_cpp.hpp
[12.048s] -- Installing: /home/ethereal/qianli/rm_decision/navigator_test_unit/install/navigator_interfaces/lib/libnavigator_interfaces__rosidl_typesupport_introspection_cpp.so
[12.048s] -- Set non-toolchain portion of runtime path of "/home/ethereal/qianli/rm_decision/navigator_test_unit/install/navigator_interfaces/lib/libnavigator_interfaces__rosidl_typesupport_introspection_cpp.so" to ""
[12.048s] -- Installing: /home/ethereal/qianli/rm_decision/navigator_test_unit/install/navigator_interfaces/lib/libnavigator_interfaces__rosidl_typesupport_cpp.so
[12.048s] -- Set non-toolchain portion of runtime path of "/home/ethereal/qianli/rm_decision/navigator_test_unit/install/navigator_interfaces/lib/libnavigator_interfaces__rosidl_typesupport_cpp.so" to ""
[12.048s] -- Installing: /home/ethereal/qianli/rm_decision/navigator_test_unit/install/navigator_interfaces/share/navigator_interfaces/environment/pythonpath.sh
[12.048s] -- Installing: /home/ethereal/qianli/rm_decision/navigator_test_unit/install/navigator_interfaces/share/navigator_interfaces/environment/pythonpath.dsv
[12.048s] -- Installing: /home/ethereal/qianli/rm_decision/navigator_test_unit/install/navigator_interfaces/lib/python3.12/site-packages/navigator_interfaces-0.0.0-py3.12.egg-info
[12.048s] -- Installing: /home/ethereal/qianli/rm_decision/navigator_test_unit/install/navigator_interfaces/lib/python3.12/site-packages/navigator_interfaces-0.0.0-py3.12.egg-info/dependency_links.txt
[12.048s] -- Installing: /home/ethereal/qianli/rm_decision/navigator_test_unit/install/navigator_interfaces/lib/python3.12/site-packages/navigator_interfaces-0.0.0-py3.12.egg-info/top_level.txt
[12.049s] -- Installing: /home/ethereal/qianli/rm_decision/navigator_test_unit/install/navigator_interfaces/lib/python3.12/site-packages/navigator_interfaces-0.0.0-py3.12.egg-info/PKG-INFO
[12.049s] -- Installing: /home/ethereal/qianli/rm_decision/navigator_test_unit/install/navigator_interfaces/lib/python3.12/site-packages/navigator_interfaces-0.0.0-py3.12.egg-info/SOURCES.txt
[12.049s] -- Installing: /home/ethereal/qianli/rm_decision/navigator_test_unit/install/navigator_interfaces/lib/python3.12/site-packages/navigator_interfaces
[12.049s] -- Installing: /home/ethereal/qianli/rm_decision/navigator_test_unit/install/navigator_interfaces/lib/python3.12/site-packages/navigator_interfaces/msg
[12.049s] -- Installing: /home/ethereal/qianli/rm_decision/navigator_test_unit/install/navigator_interfaces/lib/python3.12/site-packages/navigator_interfaces/msg/_navigate_s.c
[12.049s] -- Installing: /home/ethereal/qianli/rm_decision/navigator_test_unit/install/navigator_interfaces/lib/python3.12/site-packages/navigator_interfaces/msg/__init__.py
[12.049s] -- Installing: /home/ethereal/qianli/rm_decision/navigator_test_unit/install/navigator_interfaces/lib/python3.12/site-packages/navigator_interfaces/msg/_navigate.py
[12.049s] -- Installing: /home/ethereal/qianli/rm_decision/navigator_test_unit/install/navigator_interfaces/lib/python3.12/site-packages/navigator_interfaces/navigator_interfaces_s__rosidl_typesupport_c.so
[12.049s] -- Installing: /home/ethereal/qianli/rm_decision/navigator_test_unit/install/navigator_interfaces/lib/python3.12/site-packages/navigator_interfaces/_navigator_interfaces_s.ep.rosidl_typesupport_c.c
[12.049s] -- Installing: /home/ethereal/qianli/rm_decision/navigator_test_unit/install/navigator_interfaces/lib/python3.12/site-packages/navigator_interfaces/navigator_interfaces_s__rosidl_typesupport_fastrtps_c.so
[12.049s] -- Installing: /home/ethereal/qianli/rm_decision/navigator_test_unit/install/navigator_interfaces/lib/python3.12/site-packages/navigator_interfaces/_navigator_interfaces_s.ep.rosidl_typesupport_introspection_c.c
[12.049s] -- Installing: /home/ethereal/qianli/rm_decision/navigator_test_unit/install/navigator_interfaces/lib/python3.12/site-packages/navigator_interfaces/navigator_interfaces_s__rosidl_typesupport_introspection_c.so
[12.049s] -- Installing: /home/ethereal/qianli/rm_decision/navigator_test_unit/install/navigator_interfaces/lib/python3.12/site-packages/navigator_interfaces/_navigator_interfaces_s.ep.rosidl_typesupport_fastrtps_c.c
[12.049s] -- Installing: /home/ethereal/qianli/rm_decision/navigator_test_unit/install/navigator_interfaces/lib/python3.12/site-packages/navigator_interfaces/__init__.py
[12.075s] Listing '/home/ethereal/qianli/rm_decision/navigator_test_unit/install/navigator_interfaces/lib/python3.12/site-packages/navigator_interfaces'...
[12.076s] Compiling '/home/ethereal/qianli/rm_decision/navigator_test_unit/install/navigator_interfaces/lib/python3.12/site-packages/navigator_interfaces/__init__.py'...
[12.076s] Listing '/home/ethereal/qianli/rm_decision/navigator_test_unit/install/navigator_interfaces/lib/python3.12/site-packages/navigator_interfaces/msg'...
[12.076s] Compiling '/home/ethereal/qianli/rm_decision/navigator_test_unit/install/navigator_interfaces/lib/python3.12/site-packages/navigator_interfaces/msg/__init__.py'...
[12.076s] Compiling '/home/ethereal/qianli/rm_decision/navigator_test_unit/install/navigator_interfaces/lib/python3.12/site-packages/navigator_interfaces/msg/_navigate.py'...
[12.081s] -- Installing: /home/ethereal/qianli/rm_decision/navigator_test_unit/install/navigator_interfaces/lib/python3.12/site-packages/navigator_interfaces/navigator_interfaces_s__rosidl_typesupport_fastrtps_c.so
[12.081s] -- Set non-toolchain portion of runtime path of "/home/ethereal/qianli/rm_decision/navigator_test_unit/install/navigator_interfaces/lib/python3.12/site-packages/navigator_interfaces/navigator_interfaces_s__rosidl_typesupport_fastrtps_c.so" to ""
[12.081s] -- Installing: /home/ethereal/qianli/rm_decision/navigator_test_unit/install/navigator_interfaces/lib/python3.12/site-packages/navigator_interfaces/navigator_interfaces_s__rosidl_typesupport_introspection_c.so
[12.081s] -- Set non-toolchain portion of runtime path of "/home/ethereal/qianli/rm_decision/navigator_test_unit/install/navigator_interfaces/lib/python3.12/site-packages/navigator_interfaces/navigator_interfaces_s__rosidl_typesupport_introspection_c.so" to ""
[12.081s] -- Installing: /home/ethereal/qianli/rm_decision/navigator_test_unit/install/navigator_interfaces/lib/python3.12/site-packages/navigator_interfaces/navigator_interfaces_s__rosidl_typesupport_c.so
[12.081s] -- Set non-toolchain portion of runtime path of "/home/ethereal/qianli/rm_decision/navigator_test_unit/install/navigator_interfaces/lib/python3.12/site-packages/navigator_interfaces/navigator_interfaces_s__rosidl_typesupport_c.so" to ""
[12.082s] -- Installing: /home/ethereal/qianli/rm_decision/navigator_test_unit/install/navigator_interfaces/lib/libnavigator_interfaces__rosidl_generator_py.so
[12.082s] -- Set non-toolchain portion of runtime path of "/home/ethereal/qianli/rm_decision/navigator_test_unit/install/navigator_interfaces/lib/libnavigator_interfaces__rosidl_generator_py.so" to ""
[12.082s] -- Installing: /home/ethereal/qianli/rm_decision/navigator_test_unit/install/navigator_interfaces/share/navigator_interfaces/msg/Navigate.idl
[12.082s] -- Installing: /home/ethereal/qianli/rm_decision/navigator_test_unit/install/navigator_interfaces/share/navigator_interfaces/msg/Navigate.msg
[12.082s] -- Installing: /home/ethereal/qianli/rm_decision/navigator_test_unit/install/navigator_interfaces/share/ament_index/resource_index/package_run_dependencies/navigator_interfaces
[12.083s] -- Installing: /home/ethereal/qianli/rm_decision/navigator_test_unit/install/navigator_interfaces/share/ament_index/resource_index/parent_prefix_path/navigator_interfaces
[12.083s] -- Installing: /home/ethereal/qianli/rm_decision/navigator_test_unit/install/navigator_interfaces/share/navigator_interfaces/environment/ament_prefix_path.sh
[12.083s] -- Installing: /home/ethereal/qianli/rm_decision/navigator_test_unit/install/navigator_interfaces/share/navigator_interfaces/environment/ament_prefix_path.dsv
[12.083s] -- Installing: /home/ethereal/qianli/rm_decision/navigator_test_unit/install/navigator_interfaces/share/navigator_interfaces/environment/path.sh
[12.083s] -- Installing: /home/ethereal/qianli/rm_decision/navigator_test_unit/install/navigator_interfaces/share/navigator_interfaces/environment/path.dsv
[12.083s] -- Installing: /home/ethereal/qianli/rm_decision/navigator_test_unit/install/navigator_interfaces/share/navigator_interfaces/local_setup.bash
[12.083s] -- Installing: /home/ethereal/qianli/rm_decision/navigator_test_unit/install/navigator_interfaces/share/navigator_interfaces/local_setup.sh
[12.083s] -- Installing: /home/ethereal/qianli/rm_decision/navigator_test_unit/install/navigator_interfaces/share/navigator_interfaces/local_setup.zsh
[12.083s] -- Installing: /home/ethereal/qianli/rm_decision/navigator_test_unit/install/navigator_interfaces/share/navigator_interfaces/local_setup.dsv
[12.083s] -- Installing: /home/ethereal/qianli/rm_decision/navigator_test_unit/install/navigator_interfaces/share/navigator_interfaces/package.dsv
[12.083s] -- Installing: /home/ethereal/qianli/rm_decision/navigator_test_unit/install/navigator_interfaces/share/ament_index/resource_index/packages/navigator_interfaces
[12.084s] -- Installing: /home/ethereal/qianli/rm_decision/navigator_test_unit/install/navigator_interfaces/share/navigator_interfaces/cmake/export_navigator_interfaces__rosidl_generator_cExport.cmake
[12.084s] -- Installing: /home/ethereal/qianli/rm_decision/navigator_test_unit/install/navigator_interfaces/share/navigator_interfaces/cmake/export_navigator_interfaces__rosidl_generator_cExport-noconfig.cmake
[12.084s] -- Installing: /home/ethereal/qianli/rm_decision/navigator_test_unit/install/navigator_interfaces/share/navigator_interfaces/cmake/export_navigator_interfaces__rosidl_typesupport_fastrtps_cExport.cmake
[12.084s] -- Installing: /home/ethereal/qianli/rm_decision/navigator_test_unit/install/navigator_interfaces/share/navigator_interfaces/cmake/export_navigator_interfaces__rosidl_typesupport_fastrtps_cExport-noconfig.cmake
[12.084s] -- Installing: /home/ethereal/qianli/rm_decision/navigator_test_unit/install/navigator_interfaces/share/navigator_interfaces/cmake/export_navigator_interfaces__rosidl_generator_cppExport.cmake
[12.085s] -- Installing: /home/ethereal/qianli/rm_decision/navigator_test_unit/install/navigator_interfaces/share/navigator_interfaces/cmake/export_navigator_interfaces__rosidl_typesupport_fastrtps_cppExport.cmake
[12.085s] -- Installing: /home/ethereal/qianli/rm_decision/navigator_test_unit/install/navigator_interfaces/share/navigator_interfaces/cmake/export_navigator_interfaces__rosidl_typesupport_fastrtps_cppExport-noconfig.cmake
[12.085s] -- Installing: /home/ethereal/qianli/rm_decision/navigator_test_unit/install/navigator_interfaces/share/navigator_interfaces/cmake/navigator_interfaces__rosidl_typesupport_introspection_cExport.cmake
[12.085s] -- Installing: /home/ethereal/qianli/rm_decision/navigator_test_unit/install/navigator_interfaces/share/navigator_interfaces/cmake/navigator_interfaces__rosidl_typesupport_introspection_cExport-noconfig.cmake
[12.085s] -- Installing: /home/ethereal/qianli/rm_decision/navigator_test_unit/install/navigator_interfaces/share/navigator_interfaces/cmake/navigator_interfaces__rosidl_typesupport_cExport.cmake
[12.085s] -- Installing: /home/ethereal/qianli/rm_decision/navigator_test_unit/install/navigator_interfaces/share/navigator_interfaces/cmake/navigator_interfaces__rosidl_typesupport_cExport-noconfig.cmake
[12.085s] -- Installing: /home/ethereal/qianli/rm_decision/navigator_test_unit/install/navigator_interfaces/share/navigator_interfaces/cmake/navigator_interfaces__rosidl_typesupport_introspection_cppExport.cmake
[12.085s] -- Installing: /home/ethereal/qianli/rm_decision/navigator_test_unit/install/navigator_interfaces/share/navigator_interfaces/cmake/navigator_interfaces__rosidl_typesupport_introspection_cppExport-noconfig.cmake
[12.085s] -- Installing: /home/ethereal/qianli/rm_decision/navigator_test_unit/install/navigator_interfaces/share/navigator_interfaces/cmake/navigator_interfaces__rosidl_typesupport_cppExport.cmake
[12.085s] -- Installing: /home/ethereal/qianli/rm_decision/navigator_test_unit/install/navigator_interfaces/share/navigator_interfaces/cmake/navigator_interfaces__rosidl_typesupport_cppExport-noconfig.cmake
[12.085s] -- Installing: /home/ethereal/qianli/rm_decision/navigator_test_unit/install/navigator_interfaces/share/navigator_interfaces/cmake/export_navigator_interfaces__rosidl_generator_pyExport.cmake
[12.085s] -- Installing: /home/ethereal/qianli/rm_decision/navigator_test_unit/install/navigator_interfaces/share/navigator_interfaces/cmake/export_navigator_interfaces__rosidl_generator_pyExport-noconfig.cmake
[12.085s] -- Installing: /home/ethereal/qianli/rm_decision/navigator_test_unit/install/navigator_interfaces/share/navigator_interfaces/cmake/rosidl_cmake-extras.cmake
[12.085s] -- Installing: /home/ethereal/qianli/rm_decision/navigator_test_unit/install/navigator_interfaces/share/navigator_interfaces/cmake/ament_cmake_export_dependencies-extras.cmake
[12.085s] -- Installing: /home/ethereal/qianli/rm_decision/navigator_test_unit/install/navigator_interfaces/share/navigator_interfaces/cmake/ament_cmake_export_include_directories-extras.cmake
[12.085s] -- Installing: /home/ethereal/qianli/rm_decision/navigator_test_unit/install/navigator_interfaces/share/navigator_interfaces/cmake/ament_cmake_export_libraries-extras.cmake
[12.085s] -- Installing: /home/ethereal/qianli/rm_decision/navigator_test_unit/install/navigator_interfaces/share/navigator_interfaces/cmake/ament_cmake_export_targets-extras.cmake
[12.086s] -- Installing: /home/ethereal/qianli/rm_decision/navigator_test_unit/install/navigator_interfaces/share/navigator_interfaces/cmake/rosidl_cmake_export_typesupport_targets-extras.cmake
[12.086s] -- Installing: /home/ethereal/qianli/rm_decision/navigator_test_unit/install/navigator_interfaces/share/navigator_interfaces/cmake/rosidl_cmake_export_typesupport_libraries-extras.cmake
[12.086s] -- Installing: /home/ethereal/qianli/rm_decision/navigator_test_unit/install/navigator_interfaces/share/navigator_interfaces/cmake/navigator_interfacesConfig.cmake
[12.086s] -- Installing: /home/ethereal/qianli/rm_decision/navigator_test_unit/install/navigator_interfaces/share/navigator_interfaces/cmake/navigator_interfacesConfig-version.cmake
[12.086s] -- Installing: /home/ethereal/qianli/rm_decision/navigator_test_unit/install/navigator_interfaces/share/navigator_interfaces/package.xml
[12.088s] Invoked command in '/home/ethereal/qianli/rm_decision/navigator_test_unit/build/navigator_interfaces' returned '0': CMAKE_PREFIX_PATH=${CMAKE_PREFIX_PATH}:/opt/ros/jazzy DEBUGINFOD_URLS=https://debuginfod.ubuntu.com /usr/bin/cmake --install /home/ethereal/qianli/rm_decision/navigator_test_unit/build/navigator_interfaces
