[0.008s] Invoking command in '/home/ethereal/qianli/rm_decision/navigator_test_unit/build/terminal_listener': CMAKE_PREFIX_PATH=${CMAKE_PREFIX_PATH}:/opt/ros/jazzy DEBUGINFOD_URLS=https://debuginfod.ubuntu.com /usr/bin/cmake /home/ethereal/qianli/rm_decision/navigator_test_unit/src/terminal_listener -DCMAKE_INSTALL_PREFIX=/home/ethereal/qianli/rm_decision/navigator_test_unit/install/terminal_listener
[0.017s] -- Found ament_cmake: 2.5.2 (/opt/ros/jazzy/share/ament_cmake/cmake)
[0.163s] -- Found rclcpp: 28.1.4 (/opt/ros/jazzy/share/rclcpp/cmake)
[0.324s] -- Found rosidl_generator_c: 4.6.4 (/opt/ros/jazzy/share/rosidl_generator_c/cmake)
[0.330s] -- Found rosidl_generator_cpp: 4.6.4 (/opt/ros/jazzy/share/rosidl_generator_cpp/cmake)
[0.338s] -- Using all available rosidl_typesupport_c: rosidl_typesupport_fastrtps_c;rosidl_typesupport_introspection_c
[0.346s] -- Using all available rosidl_typesupport_cpp: rosidl_typesupport_fastrtps_cpp;rosidl_typesupport_introspection_cpp
[0.387s] -- Found rmw_implementation_cmake: 7.3.1 (/opt/ros/jazzy/share/rmw_implementation_cmake/cmake)
[0.388s] -- Found rmw_fastrtps_cpp: 8.4.1 (/opt/ros/jazzy/share/rmw_fastrtps_cpp/cmake)
[0.766s] -- Using RMW implementation 'rmw_fastrtps_cpp' as default
[0.970s] -- Found std_msgs: 5.3.5 (/opt/ros/jazzy/share/std_msgs/cmake)
[0.978s] -- Found geometry_msgs: 5.3.5 (/opt/ros/jazzy/share/geometry_msgs/cmake)
[3.092s] [31mCMake Error at CMakeLists.txt:8 (find_package):
[3.092s]   By not providing "Findrm_decision_interfaces.cmake" in CMAKE_MODULE_PATH
[3.092s]   this project has asked CMake to find a package configuration file provided
[3.092s]   by "rm_decision_interfaces", but CMake did not find one.
[3.092s] 
[3.092s]   Could not find a package configuration file provided by
[3.092s]   "rm_decision_interfaces" with any of the following names:
[3.092s] 
[3.092s]     rm_decision_interfacesConfig.cmake
[3.092s]     rm_decision_interfaces-config.cmake
[3.092s] 
[3.092s]   Add the installation prefix of "rm_decision_interfaces" to
[3.092s]   CMAKE_PREFIX_PATH or set "rm_decision_interfaces_DIR" to a directory
[3.093s]   containing one of the above files.  If "rm_decision_interfaces" provides a
[3.093s]   separate development package or SDK, be sure it has been installed.
[3.093s] 
[3.093s] [0m
[3.093s] -- Configuring incomplete, errors occurred!
[3.098s] Invoked command in '/home/ethereal/qianli/rm_decision/navigator_test_unit/build/terminal_listener' returned '1': CMAKE_PREFIX_PATH=${CMAKE_PREFIX_PATH}:/opt/ros/jazzy DEBUGINFOD_URLS=https://debuginfod.ubuntu.com /usr/bin/cmake /home/ethereal/qianli/rm_decision/navigator_test_unit/src/terminal_listener -DCMAKE_INSTALL_PREFIX=/home/ethereal/qianli/rm_decision/navigator_test_unit/install/terminal_listener
