[  1%] Built target rm_decision_interfaces__rosidl_generator_type_description
[  1%] Built target ament_cmake_python_copy_rm_decision_interfaces
[  1%] Built target rm_decision_interfaces__cpp
[ 27%] Built target rm_decision_interfaces__rosidl_generator_c
[ 37%] Built target rm_decision_interfaces__rosidl_typesupport_introspection_c
[ 46%] Built target rm_decision_interfaces__rosidl_typesupport_c
[ 72%] Built target rm_decision_interfaces__rosidl_typesupport_fastrtps_c
[ 76%] Built target rm_decision_interfaces__rosidl_typesupport_introspection_cpp
[ 76%] Built target rm_decision_interfaces__rosidl_typesupport_cpp
[ 85%] Built target rm_decision_interfaces__rosidl_typesupport_fastrtps_cpp
[ 85%] Built target rm_decision_interfaces
[ 86%] Built target rm_decision_interfaces__py
[ 95%] Built target rm_decision_interfaces__rosidl_generator_py
[100%] Built target rm_decision_interfaces_s__rosidl_typesupport_c
[100%] Built target rm_decision_interfaces_s__rosidl_typesupport_introspection_c
[100%] Built target rm_decision_interfaces_s__rosidl_typesupport_fastrtps_c
running egg_info
writing rm_decision_interfaces.egg-info/PKG-INFO
writing dependency_links to rm_decision_interfaces.egg-info/dependency_links.txt
writing top-level names to rm_decision_interfaces.egg-info/top_level.txt
reading manifest file 'rm_decision_interfaces.egg-info/SOURCES.txt'
writing manifest file 'rm_decision_interfaces.egg-info/SOURCES.txt'
[100%] Built target ament_cmake_python_build_rm_decision_interfaces_egg
-- Install configuration: ""
-- Installing: /home/ethereal/qianli/rm_decision/navigator_test_unit/install/rm_decision_interfaces/share/ament_index/resource_index/rosidl_interfaces/rm_decision_interfaces
-- Installing: /home/ethereal/qianli/rm_decision/navigator_test_unit/install/rm_decision_interfaces/share/rm_decision_interfaces/msg/AllRobotHP.json
-- Installing: /home/ethereal/qianli/rm_decision/navigator_test_unit/install/rm_decision_interfaces/share/rm_decision_interfaces/msg/Armor.json
-- Installing: /home/ethereal/qianli/rm_decision/navigator_test_unit/install/rm_decision_interfaces/share/rm_decision_interfaces/msg/FriendLocation.json
-- Installing: /home/ethereal/qianli/rm_decision/navigator_test_unit/install/rm_decision_interfaces/share/rm_decision_interfaces/msg/RFID.json
-- Installing: /home/ethereal/qianli/rm_decision/navigator_test_unit/install/rm_decision_interfaces/share/rm_decision_interfaces/msg/RobotStatus.json
-- Installing: /home/ethereal/qianli/rm_decision/navigator_test_unit/install/rm_decision_interfaces/share/rm_decision_interfaces/msg/ToSerial.json
-- Installing: /home/ethereal/qianli/rm_decision/navigator_test_unit/install/rm_decision_interfaces/share/rm_decision_interfaces/msg/FromSerial.json
-- Installing: /home/ethereal/qianli/rm_decision/navigator_test_unit/install/rm_decision_interfaces/share/rm_decision_interfaces/msg/ReceiveSerial.json
-- Installing: /home/ethereal/qianli/rm_decision/navigator_test_unit/install/rm_decision_interfaces/share/rm_decision_interfaces/msg/ToAutoAim.json
-- Installing: /home/ethereal/qianli/rm_decision/navigator_test_unit/install/rm_decision_interfaces/share/rm_decision_interfaces/msg/Navigate.json
-- Installing: /home/ethereal/qianli/rm_decision/navigator_test_unit/install/rm_decision_interfaces/include/rm_decision_interfaces/rm_decision_interfaces
-- Installing: /home/ethereal/qianli/rm_decision/navigator_test_unit/install/rm_decision_interfaces/include/rm_decision_interfaces/rm_decision_interfaces/msg
-- Installing: /home/ethereal/qianli/rm_decision/navigator_test_unit/install/rm_decision_interfaces/include/rm_decision_interfaces/rm_decision_interfaces/msg/detail
-- Installing: /home/ethereal/qianli/rm_decision/navigator_test_unit/install/rm_decision_interfaces/include/rm_decision_interfaces/rm_decision_interfaces/msg/detail/to_auto_aim__functions.c
-- Installing: /home/ethereal/qianli/rm_decision/navigator_test_unit/install/rm_decision_interfaces/include/rm_decision_interfaces/rm_decision_interfaces/msg/detail/from_serial__type_support.h
-- Installing: /home/ethereal/qianli/rm_decision/navigator_test_unit/install/rm_decision_interfaces/include/rm_decision_interfaces/rm_decision_interfaces/msg/detail/to_auto_aim__description.c
-- Installing: /home/ethereal/qianli/rm_decision/navigator_test_unit/install/rm_decision_interfaces/include/rm_decision_interfaces/rm_decision_interfaces/msg/detail/to_serial__functions.c
-- Installing: /home/ethereal/qianli/rm_decision/navigator_test_unit/install/rm_decision_interfaces/include/rm_decision_interfaces/rm_decision_interfaces/msg/detail/to_serial__type_support.h
-- Installing: /home/ethereal/qianli/rm_decision/navigator_test_unit/install/rm_decision_interfaces/include/rm_decision_interfaces/rm_decision_interfaces/msg/detail/receive_serial__functions.c
-- Installing: /home/ethereal/qianli/rm_decision/navigator_test_unit/install/rm_decision_interfaces/include/rm_decision_interfaces/rm_decision_interfaces/msg/detail/armor__type_support.h
-- Installing: /home/ethereal/qianli/rm_decision/navigator_test_unit/install/rm_decision_interfaces/include/rm_decision_interfaces/rm_decision_interfaces/msg/detail/navigate__struct.h
-- Installing: /home/ethereal/qianli/rm_decision/navigator_test_unit/install/rm_decision_interfaces/include/rm_decision_interfaces/rm_decision_interfaces/msg/detail/robot_status__struct.h
-- Installing: /home/ethereal/qianli/rm_decision/navigator_test_unit/install/rm_decision_interfaces/include/rm_decision_interfaces/rm_decision_interfaces/msg/detail/receive_serial__struct.h
-- Installing: /home/ethereal/qianli/rm_decision/navigator_test_unit/install/rm_decision_interfaces/include/rm_decision_interfaces/rm_decision_interfaces/msg/detail/navigate__description.c
-- Installing: /home/ethereal/qianli/rm_decision/navigator_test_unit/install/rm_decision_interfaces/include/rm_decision_interfaces/rm_decision_interfaces/msg/detail/armor__functions.h
-- Installing: /home/ethereal/qianli/rm_decision/navigator_test_unit/install/rm_decision_interfaces/include/rm_decision_interfaces/rm_decision_interfaces/msg/detail/robot_status__functions.c
-- Installing: /home/ethereal/qianli/rm_decision/navigator_test_unit/install/rm_decision_interfaces/include/rm_decision_interfaces/rm_decision_interfaces/msg/detail/from_serial__functions.h
-- Installing: /home/ethereal/qianli/rm_decision/navigator_test_unit/install/rm_decision_interfaces/include/rm_decision_interfaces/rm_decision_interfaces/msg/detail/to_auto_aim__functions.h
-- Installing: /home/ethereal/qianli/rm_decision/navigator_test_unit/install/rm_decision_interfaces/include/rm_decision_interfaces/rm_decision_interfaces/msg/detail/all_robot_hp__type_support.h
-- Installing: /home/ethereal/qianli/rm_decision/navigator_test_unit/install/rm_decision_interfaces/include/rm_decision_interfaces/rm_decision_interfaces/msg/detail/navigate__functions.h
-- Installing: /home/ethereal/qianli/rm_decision/navigator_test_unit/install/rm_decision_interfaces/include/rm_decision_interfaces/rm_decision_interfaces/msg/detail/rfid__type_support.c
-- Installing: /home/ethereal/qianli/rm_decision/navigator_test_unit/install/rm_decision_interfaces/include/rm_decision_interfaces/rm_decision_interfaces/msg/detail/to_auto_aim__type_support.h
-- Installing: /home/ethereal/qianli/rm_decision/navigator_test_unit/install/rm_decision_interfaces/include/rm_decision_interfaces/rm_decision_interfaces/msg/detail/rfid__type_support.h
-- Installing: /home/ethereal/qianli/rm_decision/navigator_test_unit/install/rm_decision_interfaces/include/rm_decision_interfaces/rm_decision_interfaces/msg/detail/to_serial__functions.h
-- Installing: /home/ethereal/qianli/rm_decision/navigator_test_unit/install/rm_decision_interfaces/include/rm_decision_interfaces/rm_decision_interfaces/msg/detail/to_auto_aim__type_support.c
-- Installing: /home/ethereal/qianli/rm_decision/navigator_test_unit/install/rm_decision_interfaces/include/rm_decision_interfaces/rm_decision_interfaces/msg/detail/to_serial__type_support.c
-- Installing: /home/ethereal/qianli/rm_decision/navigator_test_unit/install/rm_decision_interfaces/include/rm_decision_interfaces/rm_decision_interfaces/msg/detail/navigate__type_support.h
-- Installing: /home/ethereal/qianli/rm_decision/navigator_test_unit/install/rm_decision_interfaces/include/rm_decision_interfaces/rm_decision_interfaces/msg/detail/all_robot_hp__functions.c
-- Installing: /home/ethereal/qianli/rm_decision/navigator_test_unit/install/rm_decision_interfaces/include/rm_decision_interfaces/rm_decision_interfaces/msg/detail/receive_serial__type_support.h
-- Installing: /home/ethereal/qianli/rm_decision/navigator_test_unit/install/rm_decision_interfaces/include/rm_decision_interfaces/rm_decision_interfaces/msg/detail/from_serial__functions.c
-- Installing: /home/ethereal/qianli/rm_decision/navigator_test_unit/install/rm_decision_interfaces/include/rm_decision_interfaces/rm_decision_interfaces/msg/detail/friend_location__description.c
-- Installing: /home/ethereal/qianli/rm_decision/navigator_test_unit/install/rm_decision_interfaces/include/rm_decision_interfaces/rm_decision_interfaces/msg/detail/navigate__type_support.c
-- Installing: /home/ethereal/qianli/rm_decision/navigator_test_unit/install/rm_decision_interfaces/include/rm_decision_interfaces/rm_decision_interfaces/msg/detail/from_serial__description.c
-- Installing: /home/ethereal/qianli/rm_decision/navigator_test_unit/install/rm_decision_interfaces/include/rm_decision_interfaces/rm_decision_interfaces/msg/detail/to_serial__description.c
-- Installing: /home/ethereal/qianli/rm_decision/navigator_test_unit/install/rm_decision_interfaces/include/rm_decision_interfaces/rm_decision_interfaces/msg/detail/to_serial__struct.h
-- Installing: /home/ethereal/qianli/rm_decision/navigator_test_unit/install/rm_decision_interfaces/include/rm_decision_interfaces/rm_decision_interfaces/msg/detail/armor__description.c
-- Installing: /home/ethereal/qianli/rm_decision/navigator_test_unit/install/rm_decision_interfaces/include/rm_decision_interfaces/rm_decision_interfaces/msg/detail/from_serial__type_support.c
-- Installing: /home/ethereal/qianli/rm_decision/navigator_test_unit/install/rm_decision_interfaces/include/rm_decision_interfaces/rm_decision_interfaces/msg/detail/all_robot_hp__functions.h
-- Installing: /home/ethereal/qianli/rm_decision/navigator_test_unit/install/rm_decision_interfaces/include/rm_decision_interfaces/rm_decision_interfaces/msg/detail/rfid__struct.h
-- Installing: /home/ethereal/qianli/rm_decision/navigator_test_unit/install/rm_decision_interfaces/include/rm_decision_interfaces/rm_decision_interfaces/msg/detail/navigate__functions.c
-- Installing: /home/ethereal/qianli/rm_decision/navigator_test_unit/install/rm_decision_interfaces/include/rm_decision_interfaces/rm_decision_interfaces/msg/detail/friend_location__type_support.c
-- Installing: /home/ethereal/qianli/rm_decision/navigator_test_unit/install/rm_decision_interfaces/include/rm_decision_interfaces/rm_decision_interfaces/msg/detail/friend_location__functions.h
-- Installing: /home/ethereal/qianli/rm_decision/navigator_test_unit/install/rm_decision_interfaces/include/rm_decision_interfaces/rm_decision_interfaces/msg/detail/rfid__functions.h
-- Installing: /home/ethereal/qianli/rm_decision/navigator_test_unit/install/rm_decision_interfaces/include/rm_decision_interfaces/rm_decision_interfaces/msg/detail/receive_serial__type_support.c
-- Installing: /home/ethereal/qianli/rm_decision/navigator_test_unit/install/rm_decision_interfaces/include/rm_decision_interfaces/rm_decision_interfaces/msg/detail/receive_serial__functions.h
-- Installing: /home/ethereal/qianli/rm_decision/navigator_test_unit/install/rm_decision_interfaces/include/rm_decision_interfaces/rm_decision_interfaces/msg/detail/robot_status__functions.h
-- Installing: /home/ethereal/qianli/rm_decision/navigator_test_unit/install/rm_decision_interfaces/include/rm_decision_interfaces/rm_decision_interfaces/msg/detail/all_robot_hp__description.c
-- Installing: /home/ethereal/qianli/rm_decision/navigator_test_unit/install/rm_decision_interfaces/include/rm_decision_interfaces/rm_decision_interfaces/msg/detail/to_auto_aim__struct.h
-- Installing: /home/ethereal/qianli/rm_decision/navigator_test_unit/install/rm_decision_interfaces/include/rm_decision_interfaces/rm_decision_interfaces/msg/detail/armor__type_support.c
-- Installing: /home/ethereal/qianli/rm_decision/navigator_test_unit/install/rm_decision_interfaces/include/rm_decision_interfaces/rm_decision_interfaces/msg/detail/robot_status__type_support.h
-- Installing: /home/ethereal/qianli/rm_decision/navigator_test_unit/install/rm_decision_interfaces/include/rm_decision_interfaces/rm_decision_interfaces/msg/detail/all_robot_hp__struct.h
-- Installing: /home/ethereal/qianli/rm_decision/navigator_test_unit/install/rm_decision_interfaces/include/rm_decision_interfaces/rm_decision_interfaces/msg/detail/rfid__functions.c
-- Installing: /home/ethereal/qianli/rm_decision/navigator_test_unit/install/rm_decision_interfaces/include/rm_decision_interfaces/rm_decision_interfaces/msg/detail/friend_location__struct.h
-- Installing: /home/ethereal/qianli/rm_decision/navigator_test_unit/install/rm_decision_interfaces/include/rm_decision_interfaces/rm_decision_interfaces/msg/detail/robot_status__type_support.c
-- Installing: /home/ethereal/qianli/rm_decision/navigator_test_unit/install/rm_decision_interfaces/include/rm_decision_interfaces/rm_decision_interfaces/msg/detail/all_robot_hp__type_support.c
-- Installing: /home/ethereal/qianli/rm_decision/navigator_test_unit/install/rm_decision_interfaces/include/rm_decision_interfaces/rm_decision_interfaces/msg/detail/friend_location__type_support.h
-- Installing: /home/ethereal/qianli/rm_decision/navigator_test_unit/install/rm_decision_interfaces/include/rm_decision_interfaces/rm_decision_interfaces/msg/detail/armor__struct.h
-- Installing: /home/ethereal/qianli/rm_decision/navigator_test_unit/install/rm_decision_interfaces/include/rm_decision_interfaces/rm_decision_interfaces/msg/detail/from_serial__struct.h
-- Installing: /home/ethereal/qianli/rm_decision/navigator_test_unit/install/rm_decision_interfaces/include/rm_decision_interfaces/rm_decision_interfaces/msg/detail/receive_serial__description.c
-- Installing: /home/ethereal/qianli/rm_decision/navigator_test_unit/install/rm_decision_interfaces/include/rm_decision_interfaces/rm_decision_interfaces/msg/detail/friend_location__functions.c
-- Installing: /home/ethereal/qianli/rm_decision/navigator_test_unit/install/rm_decision_interfaces/include/rm_decision_interfaces/rm_decision_interfaces/msg/detail/rfid__description.c
-- Installing: /home/ethereal/qianli/rm_decision/navigator_test_unit/install/rm_decision_interfaces/include/rm_decision_interfaces/rm_decision_interfaces/msg/detail/robot_status__description.c
-- Installing: /home/ethereal/qianli/rm_decision/navigator_test_unit/install/rm_decision_interfaces/include/rm_decision_interfaces/rm_decision_interfaces/msg/detail/armor__functions.c
-- Installing: /home/ethereal/qianli/rm_decision/navigator_test_unit/install/rm_decision_interfaces/include/rm_decision_interfaces/rm_decision_interfaces/msg/from_serial.h
-- Installing: /home/ethereal/qianli/rm_decision/navigator_test_unit/install/rm_decision_interfaces/include/rm_decision_interfaces/rm_decision_interfaces/msg/to_auto_aim.h
-- Installing: /home/ethereal/qianli/rm_decision/navigator_test_unit/install/rm_decision_interfaces/include/rm_decision_interfaces/rm_decision_interfaces/msg/all_robot_hp.h
-- Installing: /home/ethereal/qianli/rm_decision/navigator_test_unit/install/rm_decision_interfaces/include/rm_decision_interfaces/rm_decision_interfaces/msg/rosidl_generator_c__visibility_control.h
-- Installing: /home/ethereal/qianli/rm_decision/navigator_test_unit/install/rm_decision_interfaces/include/rm_decision_interfaces/rm_decision_interfaces/msg/to_serial.h
-- Installing: /home/ethereal/qianli/rm_decision/navigator_test_unit/install/rm_decision_interfaces/include/rm_decision_interfaces/rm_decision_interfaces/msg/robot_status.h
-- Installing: /home/ethereal/qianli/rm_decision/navigator_test_unit/install/rm_decision_interfaces/include/rm_decision_interfaces/rm_decision_interfaces/msg/rfid.h
-- Installing: /home/ethereal/qianli/rm_decision/navigator_test_unit/install/rm_decision_interfaces/include/rm_decision_interfaces/rm_decision_interfaces/msg/navigate.h
-- Installing: /home/ethereal/qianli/rm_decision/navigator_test_unit/install/rm_decision_interfaces/include/rm_decision_interfaces/rm_decision_interfaces/msg/friend_location.h
-- Installing: /home/ethereal/qianli/rm_decision/navigator_test_unit/install/rm_decision_interfaces/include/rm_decision_interfaces/rm_decision_interfaces/msg/receive_serial.h
-- Installing: /home/ethereal/qianli/rm_decision/navigator_test_unit/install/rm_decision_interfaces/include/rm_decision_interfaces/rm_decision_interfaces/msg/armor.h
-- Installing: /home/ethereal/qianli/rm_decision/navigator_test_unit/install/rm_decision_interfaces/share/rm_decision_interfaces/environment/library_path.sh
-- Installing: /home/ethereal/qianli/rm_decision/navigator_test_unit/install/rm_decision_interfaces/share/rm_decision_interfaces/environment/library_path.dsv
-- Installing: /home/ethereal/qianli/rm_decision/navigator_test_unit/install/rm_decision_interfaces/lib/librm_decision_interfaces__rosidl_generator_c.so
-- Set non-toolchain portion of runtime path of "/home/ethereal/qianli/rm_decision/navigator_test_unit/install/rm_decision_interfaces/lib/librm_decision_interfaces__rosidl_generator_c.so" to ""
-- Up-to-date: /home/ethereal/qianli/rm_decision/navigator_test_unit/install/rm_decision_interfaces/include/rm_decision_interfaces/rm_decision_interfaces
-- Up-to-date: /home/ethereal/qianli/rm_decision/navigator_test_unit/install/rm_decision_interfaces/include/rm_decision_interfaces/rm_decision_interfaces/msg
-- Up-to-date: /home/ethereal/qianli/rm_decision/navigator_test_unit/install/rm_decision_interfaces/include/rm_decision_interfaces/rm_decision_interfaces/msg/detail
-- Installing: /home/ethereal/qianli/rm_decision/navigator_test_unit/install/rm_decision_interfaces/include/rm_decision_interfaces/rm_decision_interfaces/msg/detail/to_serial__rosidl_typesupport_fastrtps_c.h
-- Installing: /home/ethereal/qianli/rm_decision/navigator_test_unit/install/rm_decision_interfaces/include/rm_decision_interfaces/rm_decision_interfaces/msg/detail/navigate__rosidl_typesupport_fastrtps_c.h
-- Installing: /home/ethereal/qianli/rm_decision/navigator_test_unit/install/rm_decision_interfaces/include/rm_decision_interfaces/rm_decision_interfaces/msg/detail/to_auto_aim__rosidl_typesupport_fastrtps_c.h
-- Installing: /home/ethereal/qianli/rm_decision/navigator_test_unit/install/rm_decision_interfaces/include/rm_decision_interfaces/rm_decision_interfaces/msg/detail/all_robot_hp__rosidl_typesupport_fastrtps_c.h
-- Installing: /home/ethereal/qianli/rm_decision/navigator_test_unit/install/rm_decision_interfaces/include/rm_decision_interfaces/rm_decision_interfaces/msg/detail/from_serial__rosidl_typesupport_fastrtps_c.h
-- Installing: /home/ethereal/qianli/rm_decision/navigator_test_unit/install/rm_decision_interfaces/include/rm_decision_interfaces/rm_decision_interfaces/msg/detail/armor__rosidl_typesupport_fastrtps_c.h
-- Installing: /home/ethereal/qianli/rm_decision/navigator_test_unit/install/rm_decision_interfaces/include/rm_decision_interfaces/rm_decision_interfaces/msg/detail/robot_status__rosidl_typesupport_fastrtps_c.h
-- Installing: /home/ethereal/qianli/rm_decision/navigator_test_unit/install/rm_decision_interfaces/include/rm_decision_interfaces/rm_decision_interfaces/msg/detail/receive_serial__rosidl_typesupport_fastrtps_c.h
-- Installing: /home/ethereal/qianli/rm_decision/navigator_test_unit/install/rm_decision_interfaces/include/rm_decision_interfaces/rm_decision_interfaces/msg/detail/rfid__rosidl_typesupport_fastrtps_c.h
-- Installing: /home/ethereal/qianli/rm_decision/navigator_test_unit/install/rm_decision_interfaces/include/rm_decision_interfaces/rm_decision_interfaces/msg/detail/friend_location__rosidl_typesupport_fastrtps_c.h
-- Installing: /home/ethereal/qianli/rm_decision/navigator_test_unit/install/rm_decision_interfaces/include/rm_decision_interfaces/rm_decision_interfaces/msg/rosidl_typesupport_fastrtps_c__visibility_control.h
-- Installing: /home/ethereal/qianli/rm_decision/navigator_test_unit/install/rm_decision_interfaces/lib/librm_decision_interfaces__rosidl_typesupport_fastrtps_c.so
-- Set non-toolchain portion of runtime path of "/home/ethereal/qianli/rm_decision/navigator_test_unit/install/rm_decision_interfaces/lib/librm_decision_interfaces__rosidl_typesupport_fastrtps_c.so" to ""
-- Up-to-date: /home/ethereal/qianli/rm_decision/navigator_test_unit/install/rm_decision_interfaces/include/rm_decision_interfaces/rm_decision_interfaces
-- Up-to-date: /home/ethereal/qianli/rm_decision/navigator_test_unit/install/rm_decision_interfaces/include/rm_decision_interfaces/rm_decision_interfaces/msg
-- Installing: /home/ethereal/qianli/rm_decision/navigator_test_unit/install/rm_decision_interfaces/include/rm_decision_interfaces/rm_decision_interfaces/msg/to_auto_aim.hpp
-- Up-to-date: /home/ethereal/qianli/rm_decision/navigator_test_unit/install/rm_decision_interfaces/include/rm_decision_interfaces/rm_decision_interfaces/msg/detail
-- Installing: /home/ethereal/qianli/rm_decision/navigator_test_unit/install/rm_decision_interfaces/include/rm_decision_interfaces/rm_decision_interfaces/msg/detail/to_serial__builder.hpp
-- Installing: /home/ethereal/qianli/rm_decision/navigator_test_unit/install/rm_decision_interfaces/include/rm_decision_interfaces/rm_decision_interfaces/msg/detail/receive_serial__type_support.hpp
-- Installing: /home/ethereal/qianli/rm_decision/navigator_test_unit/install/rm_decision_interfaces/include/rm_decision_interfaces/rm_decision_interfaces/msg/detail/all_robot_hp__traits.hpp
-- Installing: /home/ethereal/qianli/rm_decision/navigator_test_unit/install/rm_decision_interfaces/include/rm_decision_interfaces/rm_decision_interfaces/msg/detail/robot_status__builder.hpp
-- Installing: /home/ethereal/qianli/rm_decision/navigator_test_unit/install/rm_decision_interfaces/include/rm_decision_interfaces/rm_decision_interfaces/msg/detail/friend_location__type_support.hpp
-- Installing: /home/ethereal/qianli/rm_decision/navigator_test_unit/install/rm_decision_interfaces/include/rm_decision_interfaces/rm_decision_interfaces/msg/detail/all_robot_hp__type_support.hpp
-- Installing: /home/ethereal/qianli/rm_decision/navigator_test_unit/install/rm_decision_interfaces/include/rm_decision_interfaces/rm_decision_interfaces/msg/detail/navigate__builder.hpp
-- Installing: /home/ethereal/qianli/rm_decision/navigator_test_unit/install/rm_decision_interfaces/include/rm_decision_interfaces/rm_decision_interfaces/msg/detail/to_serial__traits.hpp
-- Installing: /home/ethereal/qianli/rm_decision/navigator_test_unit/install/rm_decision_interfaces/include/rm_decision_interfaces/rm_decision_interfaces/msg/detail/robot_status__type_support.hpp
-- Installing: /home/ethereal/qianli/rm_decision/navigator_test_unit/install/rm_decision_interfaces/include/rm_decision_interfaces/rm_decision_interfaces/msg/detail/to_serial__type_support.hpp
-- Installing: /home/ethereal/qianli/rm_decision/navigator_test_unit/install/rm_decision_interfaces/include/rm_decision_interfaces/rm_decision_interfaces/msg/detail/friend_location__struct.hpp
-- Installing: /home/ethereal/qianli/rm_decision/navigator_test_unit/install/rm_decision_interfaces/include/rm_decision_interfaces/rm_decision_interfaces/msg/detail/navigate__struct.hpp
-- Installing: /home/ethereal/qianli/rm_decision/navigator_test_unit/install/rm_decision_interfaces/include/rm_decision_interfaces/rm_decision_interfaces/msg/detail/receive_serial__traits.hpp
-- Installing: /home/ethereal/qianli/rm_decision/navigator_test_unit/install/rm_decision_interfaces/include/rm_decision_interfaces/rm_decision_interfaces/msg/detail/from_serial__traits.hpp
-- Installing: /home/ethereal/qianli/rm_decision/navigator_test_unit/install/rm_decision_interfaces/include/rm_decision_interfaces/rm_decision_interfaces/msg/detail/to_auto_aim__builder.hpp
-- Installing: /home/ethereal/qianli/rm_decision/navigator_test_unit/install/rm_decision_interfaces/include/rm_decision_interfaces/rm_decision_interfaces/msg/detail/from_serial__struct.hpp
-- Installing: /home/ethereal/qianli/rm_decision/navigator_test_unit/install/rm_decision_interfaces/include/rm_decision_interfaces/rm_decision_interfaces/msg/detail/all_robot_hp__builder.hpp
-- Installing: /home/ethereal/qianli/rm_decision/navigator_test_unit/install/rm_decision_interfaces/include/rm_decision_interfaces/rm_decision_interfaces/msg/detail/rfid__builder.hpp
-- Installing: /home/ethereal/qianli/rm_decision/navigator_test_unit/install/rm_decision_interfaces/include/rm_decision_interfaces/rm_decision_interfaces/msg/detail/armor__struct.hpp
-- Installing: /home/ethereal/qianli/rm_decision/navigator_test_unit/install/rm_decision_interfaces/include/rm_decision_interfaces/rm_decision_interfaces/msg/detail/armor__builder.hpp
-- Installing: /home/ethereal/qianli/rm_decision/navigator_test_unit/install/rm_decision_interfaces/include/rm_decision_interfaces/rm_decision_interfaces/msg/detail/armor__type_support.hpp
-- Installing: /home/ethereal/qianli/rm_decision/navigator_test_unit/install/rm_decision_interfaces/include/rm_decision_interfaces/rm_decision_interfaces/msg/detail/to_auto_aim__traits.hpp
-- Installing: /home/ethereal/qianli/rm_decision/navigator_test_unit/install/rm_decision_interfaces/include/rm_decision_interfaces/rm_decision_interfaces/msg/detail/friend_location__traits.hpp
-- Installing: /home/ethereal/qianli/rm_decision/navigator_test_unit/install/rm_decision_interfaces/include/rm_decision_interfaces/rm_decision_interfaces/msg/detail/from_serial__type_support.hpp
-- Installing: /home/ethereal/qianli/rm_decision/navigator_test_unit/install/rm_decision_interfaces/include/rm_decision_interfaces/rm_decision_interfaces/msg/detail/receive_serial__struct.hpp
-- Installing: /home/ethereal/qianli/rm_decision/navigator_test_unit/install/rm_decision_interfaces/include/rm_decision_interfaces/rm_decision_interfaces/msg/detail/friend_location__builder.hpp
-- Installing: /home/ethereal/qianli/rm_decision/navigator_test_unit/install/rm_decision_interfaces/include/rm_decision_interfaces/rm_decision_interfaces/msg/detail/robot_status__traits.hpp
-- Installing: /home/ethereal/qianli/rm_decision/navigator_test_unit/install/rm_decision_interfaces/include/rm_decision_interfaces/rm_decision_interfaces/msg/detail/armor__traits.hpp
-- Installing: /home/ethereal/qianli/rm_decision/navigator_test_unit/install/rm_decision_interfaces/include/rm_decision_interfaces/rm_decision_interfaces/msg/detail/receive_serial__builder.hpp
-- Installing: /home/ethereal/qianli/rm_decision/navigator_test_unit/install/rm_decision_interfaces/include/rm_decision_interfaces/rm_decision_interfaces/msg/detail/rfid__type_support.hpp
-- Installing: /home/ethereal/qianli/rm_decision/navigator_test_unit/install/rm_decision_interfaces/include/rm_decision_interfaces/rm_decision_interfaces/msg/detail/navigate__traits.hpp
-- Installing: /home/ethereal/qianli/rm_decision/navigator_test_unit/install/rm_decision_interfaces/include/rm_decision_interfaces/rm_decision_interfaces/msg/detail/all_robot_hp__struct.hpp
-- Installing: /home/ethereal/qianli/rm_decision/navigator_test_unit/install/rm_decision_interfaces/include/rm_decision_interfaces/rm_decision_interfaces/msg/detail/to_auto_aim__type_support.hpp
-- Installing: /home/ethereal/qianli/rm_decision/navigator_test_unit/install/rm_decision_interfaces/include/rm_decision_interfaces/rm_decision_interfaces/msg/detail/robot_status__struct.hpp
-- Installing: /home/ethereal/qianli/rm_decision/navigator_test_unit/install/rm_decision_interfaces/include/rm_decision_interfaces/rm_decision_interfaces/msg/detail/rfid__struct.hpp
-- Installing: /home/ethereal/qianli/rm_decision/navigator_test_unit/install/rm_decision_interfaces/include/rm_decision_interfaces/rm_decision_interfaces/msg/detail/to_serial__struct.hpp
-- Installing: /home/ethereal/qianli/rm_decision/navigator_test_unit/install/rm_decision_interfaces/include/rm_decision_interfaces/rm_decision_interfaces/msg/detail/from_serial__builder.hpp
-- Installing: /home/ethereal/qianli/rm_decision/navigator_test_unit/install/rm_decision_interfaces/include/rm_decision_interfaces/rm_decision_interfaces/msg/detail/navigate__type_support.hpp
-- Installing: /home/ethereal/qianli/rm_decision/navigator_test_unit/install/rm_decision_interfaces/include/rm_decision_interfaces/rm_decision_interfaces/msg/detail/to_auto_aim__struct.hpp
-- Installing: /home/ethereal/qianli/rm_decision/navigator_test_unit/install/rm_decision_interfaces/include/rm_decision_interfaces/rm_decision_interfaces/msg/detail/rfid__traits.hpp
-- Installing: /home/ethereal/qianli/rm_decision/navigator_test_unit/install/rm_decision_interfaces/include/rm_decision_interfaces/rm_decision_interfaces/msg/rfid.hpp
-- Installing: /home/ethereal/qianli/rm_decision/navigator_test_unit/install/rm_decision_interfaces/include/rm_decision_interfaces/rm_decision_interfaces/msg/rosidl_generator_cpp__visibility_control.hpp
-- Installing: /home/ethereal/qianli/rm_decision/navigator_test_unit/install/rm_decision_interfaces/include/rm_decision_interfaces/rm_decision_interfaces/msg/robot_status.hpp
-- Installing: /home/ethereal/qianli/rm_decision/navigator_test_unit/install/rm_decision_interfaces/include/rm_decision_interfaces/rm_decision_interfaces/msg/from_serial.hpp
-- Installing: /home/ethereal/qianli/rm_decision/navigator_test_unit/install/rm_decision_interfaces/include/rm_decision_interfaces/rm_decision_interfaces/msg/friend_location.hpp
-- Installing: /home/ethereal/qianli/rm_decision/navigator_test_unit/install/rm_decision_interfaces/include/rm_decision_interfaces/rm_decision_interfaces/msg/armor.hpp
-- Installing: /home/ethereal/qianli/rm_decision/navigator_test_unit/install/rm_decision_interfaces/include/rm_decision_interfaces/rm_decision_interfaces/msg/navigate.hpp
-- Installing: /home/ethereal/qianli/rm_decision/navigator_test_unit/install/rm_decision_interfaces/include/rm_decision_interfaces/rm_decision_interfaces/msg/all_robot_hp.hpp
-- Installing: /home/ethereal/qianli/rm_decision/navigator_test_unit/install/rm_decision_interfaces/include/rm_decision_interfaces/rm_decision_interfaces/msg/to_serial.hpp
-- Installing: /home/ethereal/qianli/rm_decision/navigator_test_unit/install/rm_decision_interfaces/include/rm_decision_interfaces/rm_decision_interfaces/msg/receive_serial.hpp
-- Up-to-date: /home/ethereal/qianli/rm_decision/navigator_test_unit/install/rm_decision_interfaces/include/rm_decision_interfaces/rm_decision_interfaces
-- Up-to-date: /home/ethereal/qianli/rm_decision/navigator_test_unit/install/rm_decision_interfaces/include/rm_decision_interfaces/rm_decision_interfaces/msg
-- Up-to-date: /home/ethereal/qianli/rm_decision/navigator_test_unit/install/rm_decision_interfaces/include/rm_decision_interfaces/rm_decision_interfaces/msg/detail
-- Installing: /home/ethereal/qianli/rm_decision/navigator_test_unit/install/rm_decision_interfaces/include/rm_decision_interfaces/rm_decision_interfaces/msg/detail/friend_location__rosidl_typesupport_fastrtps_cpp.hpp
-- Installing: /home/ethereal/qianli/rm_decision/navigator_test_unit/install/rm_decision_interfaces/include/rm_decision_interfaces/rm_decision_interfaces/msg/detail/to_auto_aim__rosidl_typesupport_fastrtps_cpp.hpp
-- Installing: /home/ethereal/qianli/rm_decision/navigator_test_unit/install/rm_decision_interfaces/include/rm_decision_interfaces/rm_decision_interfaces/msg/detail/robot_status__rosidl_typesupport_fastrtps_cpp.hpp
-- Installing: /home/ethereal/qianli/rm_decision/navigator_test_unit/install/rm_decision_interfaces/include/rm_decision_interfaces/rm_decision_interfaces/msg/detail/armor__rosidl_typesupport_fastrtps_cpp.hpp
-- Installing: /home/ethereal/qianli/rm_decision/navigator_test_unit/install/rm_decision_interfaces/include/rm_decision_interfaces/rm_decision_interfaces/msg/detail/all_robot_hp__rosidl_typesupport_fastrtps_cpp.hpp
-- Installing: /home/ethereal/qianli/rm_decision/navigator_test_unit/install/rm_decision_interfaces/include/rm_decision_interfaces/rm_decision_interfaces/msg/detail/from_serial__rosidl_typesupport_fastrtps_cpp.hpp
-- Installing: /home/ethereal/qianli/rm_decision/navigator_test_unit/install/rm_decision_interfaces/include/rm_decision_interfaces/rm_decision_interfaces/msg/detail/rfid__rosidl_typesupport_fastrtps_cpp.hpp
-- Installing: /home/ethereal/qianli/rm_decision/navigator_test_unit/install/rm_decision_interfaces/include/rm_decision_interfaces/rm_decision_interfaces/msg/detail/navigate__rosidl_typesupport_fastrtps_cpp.hpp
-- Installing: /home/ethereal/qianli/rm_decision/navigator_test_unit/install/rm_decision_interfaces/include/rm_decision_interfaces/rm_decision_interfaces/msg/detail/dds_fastrtps
-- Installing: /home/ethereal/qianli/rm_decision/navigator_test_unit/install/rm_decision_interfaces/include/rm_decision_interfaces/rm_decision_interfaces/msg/detail/receive_serial__rosidl_typesupport_fastrtps_cpp.hpp
-- Installing: /home/ethereal/qianli/rm_decision/navigator_test_unit/install/rm_decision_interfaces/include/rm_decision_interfaces/rm_decision_interfaces/msg/detail/to_serial__rosidl_typesupport_fastrtps_cpp.hpp
-- Installing: /home/ethereal/qianli/rm_decision/navigator_test_unit/install/rm_decision_interfaces/include/rm_decision_interfaces/rm_decision_interfaces/msg/rosidl_typesupport_fastrtps_cpp__visibility_control.h
-- Installing: /home/ethereal/qianli/rm_decision/navigator_test_unit/install/rm_decision_interfaces/lib/librm_decision_interfaces__rosidl_typesupport_fastrtps_cpp.so
-- Set non-toolchain portion of runtime path of "/home/ethereal/qianli/rm_decision/navigator_test_unit/install/rm_decision_interfaces/lib/librm_decision_interfaces__rosidl_typesupport_fastrtps_cpp.so" to ""
-- Up-to-date: /home/ethereal/qianli/rm_decision/navigator_test_unit/install/rm_decision_interfaces/include/rm_decision_interfaces/rm_decision_interfaces
-- Up-to-date: /home/ethereal/qianli/rm_decision/navigator_test_unit/install/rm_decision_interfaces/include/rm_decision_interfaces/rm_decision_interfaces/msg
-- Up-to-date: /home/ethereal/qianli/rm_decision/navigator_test_unit/install/rm_decision_interfaces/include/rm_decision_interfaces/rm_decision_interfaces/msg/detail
-- Installing: /home/ethereal/qianli/rm_decision/navigator_test_unit/install/rm_decision_interfaces/include/rm_decision_interfaces/rm_decision_interfaces/msg/detail/from_serial__rosidl_typesupport_introspection_c.h
-- Installing: /home/ethereal/qianli/rm_decision/navigator_test_unit/install/rm_decision_interfaces/include/rm_decision_interfaces/rm_decision_interfaces/msg/detail/armor__rosidl_typesupport_introspection_c.h
-- Installing: /home/ethereal/qianli/rm_decision/navigator_test_unit/install/rm_decision_interfaces/include/rm_decision_interfaces/rm_decision_interfaces/msg/detail/rfid__type_support.c
-- Installing: /home/ethereal/qianli/rm_decision/navigator_test_unit/install/rm_decision_interfaces/include/rm_decision_interfaces/rm_decision_interfaces/msg/detail/to_auto_aim__type_support.c
-- Installing: /home/ethereal/qianli/rm_decision/navigator_test_unit/install/rm_decision_interfaces/include/rm_decision_interfaces/rm_decision_interfaces/msg/detail/to_serial__type_support.c
-- Installing: /home/ethereal/qianli/rm_decision/navigator_test_unit/install/rm_decision_interfaces/include/rm_decision_interfaces/rm_decision_interfaces/msg/detail/navigate__rosidl_typesupport_introspection_c.h
-- Installing: /home/ethereal/qianli/rm_decision/navigator_test_unit/install/rm_decision_interfaces/include/rm_decision_interfaces/rm_decision_interfaces/msg/detail/navigate__type_support.c
-- Installing: /home/ethereal/qianli/rm_decision/navigator_test_unit/install/rm_decision_interfaces/include/rm_decision_interfaces/rm_decision_interfaces/msg/detail/friend_location__rosidl_typesupport_introspection_c.h
-- Installing: /home/ethereal/qianli/rm_decision/navigator_test_unit/install/rm_decision_interfaces/include/rm_decision_interfaces/rm_decision_interfaces/msg/detail/all_robot_hp__rosidl_typesupport_introspection_c.h
-- Installing: /home/ethereal/qianli/rm_decision/navigator_test_unit/install/rm_decision_interfaces/include/rm_decision_interfaces/rm_decision_interfaces/msg/detail/rfid__rosidl_typesupport_introspection_c.h
-- Installing: /home/ethereal/qianli/rm_decision/navigator_test_unit/install/rm_decision_interfaces/include/rm_decision_interfaces/rm_decision_interfaces/msg/detail/to_serial__rosidl_typesupport_introspection_c.h
-- Installing: /home/ethereal/qianli/rm_decision/navigator_test_unit/install/rm_decision_interfaces/include/rm_decision_interfaces/rm_decision_interfaces/msg/detail/from_serial__type_support.c
-- Installing: /home/ethereal/qianli/rm_decision/navigator_test_unit/install/rm_decision_interfaces/include/rm_decision_interfaces/rm_decision_interfaces/msg/detail/to_auto_aim__rosidl_typesupport_introspection_c.h
-- Installing: /home/ethereal/qianli/rm_decision/navigator_test_unit/install/rm_decision_interfaces/include/rm_decision_interfaces/rm_decision_interfaces/msg/detail/friend_location__type_support.c
-- Installing: /home/ethereal/qianli/rm_decision/navigator_test_unit/install/rm_decision_interfaces/include/rm_decision_interfaces/rm_decision_interfaces/msg/detail/receive_serial__type_support.c
-- Installing: /home/ethereal/qianli/rm_decision/navigator_test_unit/install/rm_decision_interfaces/include/rm_decision_interfaces/rm_decision_interfaces/msg/detail/armor__type_support.c
-- Installing: /home/ethereal/qianli/rm_decision/navigator_test_unit/install/rm_decision_interfaces/include/rm_decision_interfaces/rm_decision_interfaces/msg/detail/receive_serial__rosidl_typesupport_introspection_c.h
-- Installing: /home/ethereal/qianli/rm_decision/navigator_test_unit/install/rm_decision_interfaces/include/rm_decision_interfaces/rm_decision_interfaces/msg/detail/robot_status__type_support.c
-- Installing: /home/ethereal/qianli/rm_decision/navigator_test_unit/install/rm_decision_interfaces/include/rm_decision_interfaces/rm_decision_interfaces/msg/detail/all_robot_hp__type_support.c
-- Installing: /home/ethereal/qianli/rm_decision/navigator_test_unit/install/rm_decision_interfaces/include/rm_decision_interfaces/rm_decision_interfaces/msg/detail/robot_status__rosidl_typesupport_introspection_c.h
-- Installing: /home/ethereal/qianli/rm_decision/navigator_test_unit/install/rm_decision_interfaces/include/rm_decision_interfaces/rm_decision_interfaces/msg/rosidl_typesupport_introspection_c__visibility_control.h
-- Installing: /home/ethereal/qianli/rm_decision/navigator_test_unit/install/rm_decision_interfaces/lib/librm_decision_interfaces__rosidl_typesupport_introspection_c.so
-- Set non-toolchain portion of runtime path of "/home/ethereal/qianli/rm_decision/navigator_test_unit/install/rm_decision_interfaces/lib/librm_decision_interfaces__rosidl_typesupport_introspection_c.so" to ""
-- Installing: /home/ethereal/qianli/rm_decision/navigator_test_unit/install/rm_decision_interfaces/lib/librm_decision_interfaces__rosidl_typesupport_c.so
-- Set non-toolchain portion of runtime path of "/home/ethereal/qianli/rm_decision/navigator_test_unit/install/rm_decision_interfaces/lib/librm_decision_interfaces__rosidl_typesupport_c.so" to ""
-- Up-to-date: /home/ethereal/qianli/rm_decision/navigator_test_unit/install/rm_decision_interfaces/include/rm_decision_interfaces/rm_decision_interfaces
-- Up-to-date: /home/ethereal/qianli/rm_decision/navigator_test_unit/install/rm_decision_interfaces/include/rm_decision_interfaces/rm_decision_interfaces/msg
-- Up-to-date: /home/ethereal/qianli/rm_decision/navigator_test_unit/install/rm_decision_interfaces/include/rm_decision_interfaces/rm_decision_interfaces/msg/detail
-- Installing: /home/ethereal/qianli/rm_decision/navigator_test_unit/install/rm_decision_interfaces/include/rm_decision_interfaces/rm_decision_interfaces/msg/detail/to_auto_aim__rosidl_typesupport_introspection_cpp.hpp
-- Installing: /home/ethereal/qianli/rm_decision/navigator_test_unit/install/rm_decision_interfaces/include/rm_decision_interfaces/rm_decision_interfaces/msg/detail/receive_serial__type_support.cpp
-- Installing: /home/ethereal/qianli/rm_decision/navigator_test_unit/install/rm_decision_interfaces/include/rm_decision_interfaces/rm_decision_interfaces/msg/detail/all_robot_hp__type_support.cpp
-- Installing: /home/ethereal/qianli/rm_decision/navigator_test_unit/install/rm_decision_interfaces/include/rm_decision_interfaces/rm_decision_interfaces/msg/detail/robot_status__type_support.cpp
-- Installing: /home/ethereal/qianli/rm_decision/navigator_test_unit/install/rm_decision_interfaces/include/rm_decision_interfaces/rm_decision_interfaces/msg/detail/all_robot_hp__rosidl_typesupport_introspection_cpp.hpp
-- Installing: /home/ethereal/qianli/rm_decision/navigator_test_unit/install/rm_decision_interfaces/include/rm_decision_interfaces/rm_decision_interfaces/msg/detail/from_serial__rosidl_typesupport_introspection_cpp.hpp
-- Installing: /home/ethereal/qianli/rm_decision/navigator_test_unit/install/rm_decision_interfaces/include/rm_decision_interfaces/rm_decision_interfaces/msg/detail/rfid__rosidl_typesupport_introspection_cpp.hpp
-- Installing: /home/ethereal/qianli/rm_decision/navigator_test_unit/install/rm_decision_interfaces/include/rm_decision_interfaces/rm_decision_interfaces/msg/detail/receive_serial__rosidl_typesupport_introspection_cpp.hpp
-- Installing: /home/ethereal/qianli/rm_decision/navigator_test_unit/install/rm_decision_interfaces/include/rm_decision_interfaces/rm_decision_interfaces/msg/detail/armor__rosidl_typesupport_introspection_cpp.hpp
-- Installing: /home/ethereal/qianli/rm_decision/navigator_test_unit/install/rm_decision_interfaces/include/rm_decision_interfaces/rm_decision_interfaces/msg/detail/to_serial__type_support.cpp
-- Installing: /home/ethereal/qianli/rm_decision/navigator_test_unit/install/rm_decision_interfaces/include/rm_decision_interfaces/rm_decision_interfaces/msg/detail/friend_location__rosidl_typesupport_introspection_cpp.hpp
-- Installing: /home/ethereal/qianli/rm_decision/navigator_test_unit/install/rm_decision_interfaces/include/rm_decision_interfaces/rm_decision_interfaces/msg/detail/to_serial__rosidl_typesupport_introspection_cpp.hpp
-- Installing: /home/ethereal/qianli/rm_decision/navigator_test_unit/install/rm_decision_interfaces/include/rm_decision_interfaces/rm_decision_interfaces/msg/detail/robot_status__rosidl_typesupport_introspection_cpp.hpp
-- Installing: /home/ethereal/qianli/rm_decision/navigator_test_unit/install/rm_decision_interfaces/include/rm_decision_interfaces/rm_decision_interfaces/msg/detail/navigate__type_support.cpp
-- Installing: /home/ethereal/qianli/rm_decision/navigator_test_unit/install/rm_decision_interfaces/include/rm_decision_interfaces/rm_decision_interfaces/msg/detail/from_serial__type_support.cpp
-- Installing: /home/ethereal/qianli/rm_decision/navigator_test_unit/install/rm_decision_interfaces/include/rm_decision_interfaces/rm_decision_interfaces/msg/detail/armor__type_support.cpp
-- Installing: /home/ethereal/qianli/rm_decision/navigator_test_unit/install/rm_decision_interfaces/include/rm_decision_interfaces/rm_decision_interfaces/msg/detail/navigate__rosidl_typesupport_introspection_cpp.hpp
-- Installing: /home/ethereal/qianli/rm_decision/navigator_test_unit/install/rm_decision_interfaces/include/rm_decision_interfaces/rm_decision_interfaces/msg/detail/to_auto_aim__type_support.cpp
-- Installing: /home/ethereal/qianli/rm_decision/navigator_test_unit/install/rm_decision_interfaces/include/rm_decision_interfaces/rm_decision_interfaces/msg/detail/rfid__type_support.cpp
-- Installing: /home/ethereal/qianli/rm_decision/navigator_test_unit/install/rm_decision_interfaces/include/rm_decision_interfaces/rm_decision_interfaces/msg/detail/friend_location__type_support.cpp
-- Installing: /home/ethereal/qianli/rm_decision/navigator_test_unit/install/rm_decision_interfaces/lib/librm_decision_interfaces__rosidl_typesupport_introspection_cpp.so
-- Set non-toolchain portion of runtime path of "/home/ethereal/qianli/rm_decision/navigator_test_unit/install/rm_decision_interfaces/lib/librm_decision_interfaces__rosidl_typesupport_introspection_cpp.so" to ""
-- Installing: /home/ethereal/qianli/rm_decision/navigator_test_unit/install/rm_decision_interfaces/lib/librm_decision_interfaces__rosidl_typesupport_cpp.so
-- Set non-toolchain portion of runtime path of "/home/ethereal/qianli/rm_decision/navigator_test_unit/install/rm_decision_interfaces/lib/librm_decision_interfaces__rosidl_typesupport_cpp.so" to ""
-- Installing: /home/ethereal/qianli/rm_decision/navigator_test_unit/install/rm_decision_interfaces/share/rm_decision_interfaces/environment/pythonpath.sh
-- Installing: /home/ethereal/qianli/rm_decision/navigator_test_unit/install/rm_decision_interfaces/share/rm_decision_interfaces/environment/pythonpath.dsv
-- Installing: /home/ethereal/qianli/rm_decision/navigator_test_unit/install/rm_decision_interfaces/lib/python3.12/site-packages/rm_decision_interfaces-0.0.0-py3.12.egg-info
-- Installing: /home/ethereal/qianli/rm_decision/navigator_test_unit/install/rm_decision_interfaces/lib/python3.12/site-packages/rm_decision_interfaces-0.0.0-py3.12.egg-info/dependency_links.txt
-- Installing: /home/ethereal/qianli/rm_decision/navigator_test_unit/install/rm_decision_interfaces/lib/python3.12/site-packages/rm_decision_interfaces-0.0.0-py3.12.egg-info/top_level.txt
-- Installing: /home/ethereal/qianli/rm_decision/navigator_test_unit/install/rm_decision_interfaces/lib/python3.12/site-packages/rm_decision_interfaces-0.0.0-py3.12.egg-info/PKG-INFO
-- Installing: /home/ethereal/qianli/rm_decision/navigator_test_unit/install/rm_decision_interfaces/lib/python3.12/site-packages/rm_decision_interfaces-0.0.0-py3.12.egg-info/SOURCES.txt
-- Installing: /home/ethereal/qianli/rm_decision/navigator_test_unit/install/rm_decision_interfaces/lib/python3.12/site-packages/rm_decision_interfaces
-- Installing: /home/ethereal/qianli/rm_decision/navigator_test_unit/install/rm_decision_interfaces/lib/python3.12/site-packages/rm_decision_interfaces/msg
-- Installing: /home/ethereal/qianli/rm_decision/navigator_test_unit/install/rm_decision_interfaces/lib/python3.12/site-packages/rm_decision_interfaces/msg/_to_serial.py
-- Installing: /home/ethereal/qianli/rm_decision/navigator_test_unit/install/rm_decision_interfaces/lib/python3.12/site-packages/rm_decision_interfaces/msg/_robot_status.py
-- Installing: /home/ethereal/qianli/rm_decision/navigator_test_unit/install/rm_decision_interfaces/lib/python3.12/site-packages/rm_decision_interfaces/msg/_to_auto_aim.py
-- Installing: /home/ethereal/qianli/rm_decision/navigator_test_unit/install/rm_decision_interfaces/lib/python3.12/site-packages/rm_decision_interfaces/msg/_to_auto_aim_s.c
-- Installing: /home/ethereal/qianli/rm_decision/navigator_test_unit/install/rm_decision_interfaces/lib/python3.12/site-packages/rm_decision_interfaces/msg/_to_serial_s.c
-- Installing: /home/ethereal/qianli/rm_decision/navigator_test_unit/install/rm_decision_interfaces/lib/python3.12/site-packages/rm_decision_interfaces/msg/_receive_serial_s.c
-- Installing: /home/ethereal/qianli/rm_decision/navigator_test_unit/install/rm_decision_interfaces/lib/python3.12/site-packages/rm_decision_interfaces/msg/_from_serial_s.c
-- Installing: /home/ethereal/qianli/rm_decision/navigator_test_unit/install/rm_decision_interfaces/lib/python3.12/site-packages/rm_decision_interfaces/msg/_friend_location_s.c
-- Installing: /home/ethereal/qianli/rm_decision/navigator_test_unit/install/rm_decision_interfaces/lib/python3.12/site-packages/rm_decision_interfaces/msg/_receive_serial.py
-- Installing: /home/ethereal/qianli/rm_decision/navigator_test_unit/install/rm_decision_interfaces/lib/python3.12/site-packages/rm_decision_interfaces/msg/_navigate_s.c
-- Installing: /home/ethereal/qianli/rm_decision/navigator_test_unit/install/rm_decision_interfaces/lib/python3.12/site-packages/rm_decision_interfaces/msg/_friend_location.py
-- Installing: /home/ethereal/qianli/rm_decision/navigator_test_unit/install/rm_decision_interfaces/lib/python3.12/site-packages/rm_decision_interfaces/msg/_armor_s.c
-- Installing: /home/ethereal/qianli/rm_decision/navigator_test_unit/install/rm_decision_interfaces/lib/python3.12/site-packages/rm_decision_interfaces/msg/_all_robot_hp_s.c
-- Installing: /home/ethereal/qianli/rm_decision/navigator_test_unit/install/rm_decision_interfaces/lib/python3.12/site-packages/rm_decision_interfaces/msg/_from_serial.py
-- Installing: /home/ethereal/qianli/rm_decision/navigator_test_unit/install/rm_decision_interfaces/lib/python3.12/site-packages/rm_decision_interfaces/msg/_rfid_s.c
-- Installing: /home/ethereal/qianli/rm_decision/navigator_test_unit/install/rm_decision_interfaces/lib/python3.12/site-packages/rm_decision_interfaces/msg/_robot_status_s.c
-- Installing: /home/ethereal/qianli/rm_decision/navigator_test_unit/install/rm_decision_interfaces/lib/python3.12/site-packages/rm_decision_interfaces/msg/_rfid.py
-- Installing: /home/ethereal/qianli/rm_decision/navigator_test_unit/install/rm_decision_interfaces/lib/python3.12/site-packages/rm_decision_interfaces/msg/__init__.py
-- Installing: /home/ethereal/qianli/rm_decision/navigator_test_unit/install/rm_decision_interfaces/lib/python3.12/site-packages/rm_decision_interfaces/msg/_armor.py
-- Installing: /home/ethereal/qianli/rm_decision/navigator_test_unit/install/rm_decision_interfaces/lib/python3.12/site-packages/rm_decision_interfaces/msg/_navigate.py
-- Installing: /home/ethereal/qianli/rm_decision/navigator_test_unit/install/rm_decision_interfaces/lib/python3.12/site-packages/rm_decision_interfaces/msg/_all_robot_hp.py
-- Installing: /home/ethereal/qianli/rm_decision/navigator_test_unit/install/rm_decision_interfaces/lib/python3.12/site-packages/rm_decision_interfaces/_rm_decision_interfaces_s.ep.rosidl_typesupport_introspection_c.c
-- Installing: /home/ethereal/qianli/rm_decision/navigator_test_unit/install/rm_decision_interfaces/lib/python3.12/site-packages/rm_decision_interfaces/_rm_decision_interfaces_s.ep.rosidl_typesupport_c.c
-- Installing: /home/ethereal/qianli/rm_decision/navigator_test_unit/install/rm_decision_interfaces/lib/python3.12/site-packages/rm_decision_interfaces/rm_decision_interfaces_s__rosidl_typesupport_introspection_c.so
-- Installing: /home/ethereal/qianli/rm_decision/navigator_test_unit/install/rm_decision_interfaces/lib/python3.12/site-packages/rm_decision_interfaces/rm_decision_interfaces_s__rosidl_typesupport_c.so
-- Installing: /home/ethereal/qianli/rm_decision/navigator_test_unit/install/rm_decision_interfaces/lib/python3.12/site-packages/rm_decision_interfaces/_rm_decision_interfaces_s.ep.rosidl_typesupport_fastrtps_c.c
-- Installing: /home/ethereal/qianli/rm_decision/navigator_test_unit/install/rm_decision_interfaces/lib/python3.12/site-packages/rm_decision_interfaces/rm_decision_interfaces_s__rosidl_typesupport_fastrtps_c.so
-- Installing: /home/ethereal/qianli/rm_decision/navigator_test_unit/install/rm_decision_interfaces/lib/python3.12/site-packages/rm_decision_interfaces/__init__.py
Listing '/home/ethereal/qianli/rm_decision/navigator_test_unit/install/rm_decision_interfaces/lib/python3.12/site-packages/rm_decision_interfaces'...
Compiling '/home/ethereal/qianli/rm_decision/navigator_test_unit/install/rm_decision_interfaces/lib/python3.12/site-packages/rm_decision_interfaces/__init__.py'...
Listing '/home/ethereal/qianli/rm_decision/navigator_test_unit/install/rm_decision_interfaces/lib/python3.12/site-packages/rm_decision_interfaces/msg'...
Compiling '/home/ethereal/qianli/rm_decision/navigator_test_unit/install/rm_decision_interfaces/lib/python3.12/site-packages/rm_decision_interfaces/msg/__init__.py'...
Compiling '/home/ethereal/qianli/rm_decision/navigator_test_unit/install/rm_decision_interfaces/lib/python3.12/site-packages/rm_decision_interfaces/msg/_all_robot_hp.py'...
Compiling '/home/ethereal/qianli/rm_decision/navigator_test_unit/install/rm_decision_interfaces/lib/python3.12/site-packages/rm_decision_interfaces/msg/_armor.py'...
Compiling '/home/ethereal/qianli/rm_decision/navigator_test_unit/install/rm_decision_interfaces/lib/python3.12/site-packages/rm_decision_interfaces/msg/_friend_location.py'...
Compiling '/home/ethereal/qianli/rm_decision/navigator_test_unit/install/rm_decision_interfaces/lib/python3.12/site-packages/rm_decision_interfaces/msg/_from_serial.py'...
Compiling '/home/ethereal/qianli/rm_decision/navigator_test_unit/install/rm_decision_interfaces/lib/python3.12/site-packages/rm_decision_interfaces/msg/_navigate.py'...
Compiling '/home/ethereal/qianli/rm_decision/navigator_test_unit/install/rm_decision_interfaces/lib/python3.12/site-packages/rm_decision_interfaces/msg/_receive_serial.py'...
Compiling '/home/ethereal/qianli/rm_decision/navigator_test_unit/install/rm_decision_interfaces/lib/python3.12/site-packages/rm_decision_interfaces/msg/_rfid.py'...
Compiling '/home/ethereal/qianli/rm_decision/navigator_test_unit/install/rm_decision_interfaces/lib/python3.12/site-packages/rm_decision_interfaces/msg/_robot_status.py'...
Compiling '/home/ethereal/qianli/rm_decision/navigator_test_unit/install/rm_decision_interfaces/lib/python3.12/site-packages/rm_decision_interfaces/msg/_to_auto_aim.py'...
Compiling '/home/ethereal/qianli/rm_decision/navigator_test_unit/install/rm_decision_interfaces/lib/python3.12/site-packages/rm_decision_interfaces/msg/_to_serial.py'...
-- Installing: /home/ethereal/qianli/rm_decision/navigator_test_unit/install/rm_decision_interfaces/lib/python3.12/site-packages/rm_decision_interfaces/rm_decision_interfaces_s__rosidl_typesupport_fastrtps_c.so
-- Set non-toolchain portion of runtime path of "/home/ethereal/qianli/rm_decision/navigator_test_unit/install/rm_decision_interfaces/lib/python3.12/site-packages/rm_decision_interfaces/rm_decision_interfaces_s__rosidl_typesupport_fastrtps_c.so" to ""
-- Installing: /home/ethereal/qianli/rm_decision/navigator_test_unit/install/rm_decision_interfaces/lib/python3.12/site-packages/rm_decision_interfaces/rm_decision_interfaces_s__rosidl_typesupport_introspection_c.so
-- Set non-toolchain portion of runtime path of "/home/ethereal/qianli/rm_decision/navigator_test_unit/install/rm_decision_interfaces/lib/python3.12/site-packages/rm_decision_interfaces/rm_decision_interfaces_s__rosidl_typesupport_introspection_c.so" to ""
-- Installing: /home/ethereal/qianli/rm_decision/navigator_test_unit/install/rm_decision_interfaces/lib/python3.12/site-packages/rm_decision_interfaces/rm_decision_interfaces_s__rosidl_typesupport_c.so
-- Set non-toolchain portion of runtime path of "/home/ethereal/qianli/rm_decision/navigator_test_unit/install/rm_decision_interfaces/lib/python3.12/site-packages/rm_decision_interfaces/rm_decision_interfaces_s__rosidl_typesupport_c.so" to ""
-- Installing: /home/ethereal/qianli/rm_decision/navigator_test_unit/install/rm_decision_interfaces/lib/librm_decision_interfaces__rosidl_generator_py.so
-- Set non-toolchain portion of runtime path of "/home/ethereal/qianli/rm_decision/navigator_test_unit/install/rm_decision_interfaces/lib/librm_decision_interfaces__rosidl_generator_py.so" to ""
-- Installing: /home/ethereal/qianli/rm_decision/navigator_test_unit/install/rm_decision_interfaces/share/rm_decision_interfaces/msg/AllRobotHP.idl
-- Installing: /home/ethereal/qianli/rm_decision/navigator_test_unit/install/rm_decision_interfaces/share/rm_decision_interfaces/msg/Armor.idl
-- Installing: /home/ethereal/qianli/rm_decision/navigator_test_unit/install/rm_decision_interfaces/share/rm_decision_interfaces/msg/FriendLocation.idl
-- Installing: /home/ethereal/qianli/rm_decision/navigator_test_unit/install/rm_decision_interfaces/share/rm_decision_interfaces/msg/RFID.idl
-- Installing: /home/ethereal/qianli/rm_decision/navigator_test_unit/install/rm_decision_interfaces/share/rm_decision_interfaces/msg/RobotStatus.idl
-- Installing: /home/ethereal/qianli/rm_decision/navigator_test_unit/install/rm_decision_interfaces/share/rm_decision_interfaces/msg/ToSerial.idl
-- Installing: /home/ethereal/qianli/rm_decision/navigator_test_unit/install/rm_decision_interfaces/share/rm_decision_interfaces/msg/FromSerial.idl
-- Installing: /home/ethereal/qianli/rm_decision/navigator_test_unit/install/rm_decision_interfaces/share/rm_decision_interfaces/msg/ReceiveSerial.idl
-- Installing: /home/ethereal/qianli/rm_decision/navigator_test_unit/install/rm_decision_interfaces/share/rm_decision_interfaces/msg/ToAutoAim.idl
-- Installing: /home/ethereal/qianli/rm_decision/navigator_test_unit/install/rm_decision_interfaces/share/rm_decision_interfaces/msg/Navigate.idl
-- Installing: /home/ethereal/qianli/rm_decision/navigator_test_unit/install/rm_decision_interfaces/share/rm_decision_interfaces/msg/AllRobotHP.msg
-- Installing: /home/ethereal/qianli/rm_decision/navigator_test_unit/install/rm_decision_interfaces/share/rm_decision_interfaces/msg/Armor.msg
-- Installing: /home/ethereal/qianli/rm_decision/navigator_test_unit/install/rm_decision_interfaces/share/rm_decision_interfaces/msg/FriendLocation.msg
-- Installing: /home/ethereal/qianli/rm_decision/navigator_test_unit/install/rm_decision_interfaces/share/rm_decision_interfaces/msg/RFID.msg
-- Installing: /home/ethereal/qianli/rm_decision/navigator_test_unit/install/rm_decision_interfaces/share/rm_decision_interfaces/msg/RobotStatus.msg
-- Installing: /home/ethereal/qianli/rm_decision/navigator_test_unit/install/rm_decision_interfaces/share/rm_decision_interfaces/msg/ToSerial.msg
-- Installing: /home/ethereal/qianli/rm_decision/navigator_test_unit/install/rm_decision_interfaces/share/rm_decision_interfaces/msg/FromSerial.msg
-- Installing: /home/ethereal/qianli/rm_decision/navigator_test_unit/install/rm_decision_interfaces/share/rm_decision_interfaces/msg/ReceiveSerial.msg
-- Installing: /home/ethereal/qianli/rm_decision/navigator_test_unit/install/rm_decision_interfaces/share/rm_decision_interfaces/msg/ToAutoAim.msg
-- Installing: /home/ethereal/qianli/rm_decision/navigator_test_unit/install/rm_decision_interfaces/share/rm_decision_interfaces/msg/Navigate.msg
-- Installing: /home/ethereal/qianli/rm_decision/navigator_test_unit/install/rm_decision_interfaces/share/ament_index/resource_index/package_run_dependencies/rm_decision_interfaces
-- Installing: /home/ethereal/qianli/rm_decision/navigator_test_unit/install/rm_decision_interfaces/share/ament_index/resource_index/parent_prefix_path/rm_decision_interfaces
-- Installing: /home/ethereal/qianli/rm_decision/navigator_test_unit/install/rm_decision_interfaces/share/rm_decision_interfaces/environment/ament_prefix_path.sh
-- Installing: /home/ethereal/qianli/rm_decision/navigator_test_unit/install/rm_decision_interfaces/share/rm_decision_interfaces/environment/ament_prefix_path.dsv
-- Installing: /home/ethereal/qianli/rm_decision/navigator_test_unit/install/rm_decision_interfaces/share/rm_decision_interfaces/environment/path.sh
-- Installing: /home/ethereal/qianli/rm_decision/navigator_test_unit/install/rm_decision_interfaces/share/rm_decision_interfaces/environment/path.dsv
-- Installing: /home/ethereal/qianli/rm_decision/navigator_test_unit/install/rm_decision_interfaces/share/rm_decision_interfaces/local_setup.bash
-- Installing: /home/ethereal/qianli/rm_decision/navigator_test_unit/install/rm_decision_interfaces/share/rm_decision_interfaces/local_setup.sh
-- Installing: /home/ethereal/qianli/rm_decision/navigator_test_unit/install/rm_decision_interfaces/share/rm_decision_interfaces/local_setup.zsh
-- Installing: /home/ethereal/qianli/rm_decision/navigator_test_unit/install/rm_decision_interfaces/share/rm_decision_interfaces/local_setup.dsv
-- Installing: /home/ethereal/qianli/rm_decision/navigator_test_unit/install/rm_decision_interfaces/share/rm_decision_interfaces/package.dsv
-- Installing: /home/ethereal/qianli/rm_decision/navigator_test_unit/install/rm_decision_interfaces/share/ament_index/resource_index/packages/rm_decision_interfaces
-- Installing: /home/ethereal/qianli/rm_decision/navigator_test_unit/install/rm_decision_interfaces/share/rm_decision_interfaces/cmake/export_rm_decision_interfaces__rosidl_generator_cExport.cmake
-- Installing: /home/ethereal/qianli/rm_decision/navigator_test_unit/install/rm_decision_interfaces/share/rm_decision_interfaces/cmake/export_rm_decision_interfaces__rosidl_generator_cExport-noconfig.cmake
-- Installing: /home/ethereal/qianli/rm_decision/navigator_test_unit/install/rm_decision_interfaces/share/rm_decision_interfaces/cmake/export_rm_decision_interfaces__rosidl_typesupport_fastrtps_cExport.cmake
-- Installing: /home/ethereal/qianli/rm_decision/navigator_test_unit/install/rm_decision_interfaces/share/rm_decision_interfaces/cmake/export_rm_decision_interfaces__rosidl_typesupport_fastrtps_cExport-noconfig.cmake
-- Installing: /home/ethereal/qianli/rm_decision/navigator_test_unit/install/rm_decision_interfaces/share/rm_decision_interfaces/cmake/export_rm_decision_interfaces__rosidl_generator_cppExport.cmake
-- Installing: /home/ethereal/qianli/rm_decision/navigator_test_unit/install/rm_decision_interfaces/share/rm_decision_interfaces/cmake/export_rm_decision_interfaces__rosidl_typesupport_fastrtps_cppExport.cmake
-- Installing: /home/ethereal/qianli/rm_decision/navigator_test_unit/install/rm_decision_interfaces/share/rm_decision_interfaces/cmake/export_rm_decision_interfaces__rosidl_typesupport_fastrtps_cppExport-noconfig.cmake
-- Installing: /home/ethereal/qianli/rm_decision/navigator_test_unit/install/rm_decision_interfaces/share/rm_decision_interfaces/cmake/rm_decision_interfaces__rosidl_typesupport_introspection_cExport.cmake
-- Installing: /home/ethereal/qianli/rm_decision/navigator_test_unit/install/rm_decision_interfaces/share/rm_decision_interfaces/cmake/rm_decision_interfaces__rosidl_typesupport_introspection_cExport-noconfig.cmake
-- Installing: /home/ethereal/qianli/rm_decision/navigator_test_unit/install/rm_decision_interfaces/share/rm_decision_interfaces/cmake/rm_decision_interfaces__rosidl_typesupport_cExport.cmake
-- Installing: /home/ethereal/qianli/rm_decision/navigator_test_unit/install/rm_decision_interfaces/share/rm_decision_interfaces/cmake/rm_decision_interfaces__rosidl_typesupport_cExport-noconfig.cmake
-- Installing: /home/ethereal/qianli/rm_decision/navigator_test_unit/install/rm_decision_interfaces/share/rm_decision_interfaces/cmake/rm_decision_interfaces__rosidl_typesupport_introspection_cppExport.cmake
-- Installing: /home/ethereal/qianli/rm_decision/navigator_test_unit/install/rm_decision_interfaces/share/rm_decision_interfaces/cmake/rm_decision_interfaces__rosidl_typesupport_introspection_cppExport-noconfig.cmake
-- Installing: /home/ethereal/qianli/rm_decision/navigator_test_unit/install/rm_decision_interfaces/share/rm_decision_interfaces/cmake/rm_decision_interfaces__rosidl_typesupport_cppExport.cmake
-- Installing: /home/ethereal/qianli/rm_decision/navigator_test_unit/install/rm_decision_interfaces/share/rm_decision_interfaces/cmake/rm_decision_interfaces__rosidl_typesupport_cppExport-noconfig.cmake
-- Installing: /home/ethereal/qianli/rm_decision/navigator_test_unit/install/rm_decision_interfaces/share/rm_decision_interfaces/cmake/export_rm_decision_interfaces__rosidl_generator_pyExport.cmake
-- Installing: /home/ethereal/qianli/rm_decision/navigator_test_unit/install/rm_decision_interfaces/share/rm_decision_interfaces/cmake/export_rm_decision_interfaces__rosidl_generator_pyExport-noconfig.cmake
-- Installing: /home/ethereal/qianli/rm_decision/navigator_test_unit/install/rm_decision_interfaces/share/rm_decision_interfaces/cmake/rosidl_cmake-extras.cmake
-- Installing: /home/ethereal/qianli/rm_decision/navigator_test_unit/install/rm_decision_interfaces/share/rm_decision_interfaces/cmake/ament_cmake_export_dependencies-extras.cmake
-- Installing: /home/ethereal/qianli/rm_decision/navigator_test_unit/install/rm_decision_interfaces/share/rm_decision_interfaces/cmake/ament_cmake_export_include_directories-extras.cmake
-- Installing: /home/ethereal/qianli/rm_decision/navigator_test_unit/install/rm_decision_interfaces/share/rm_decision_interfaces/cmake/ament_cmake_export_libraries-extras.cmake
-- Installing: /home/ethereal/qianli/rm_decision/navigator_test_unit/install/rm_decision_interfaces/share/rm_decision_interfaces/cmake/ament_cmake_export_targets-extras.cmake
-- Installing: /home/ethereal/qianli/rm_decision/navigator_test_unit/install/rm_decision_interfaces/share/rm_decision_interfaces/cmake/rosidl_cmake_export_typesupport_targets-extras.cmake
-- Installing: /home/ethereal/qianli/rm_decision/navigator_test_unit/install/rm_decision_interfaces/share/rm_decision_interfaces/cmake/rosidl_cmake_export_typesupport_libraries-extras.cmake
-- Installing: /home/ethereal/qianli/rm_decision/navigator_test_unit/install/rm_decision_interfaces/share/rm_decision_interfaces/cmake/rm_decision_interfacesConfig.cmake
-- Installing: /home/ethereal/qianli/rm_decision/navigator_test_unit/install/rm_decision_interfaces/share/rm_decision_interfaces/cmake/rm_decision_interfacesConfig-version.cmake
-- Installing: /home/ethereal/qianli/rm_decision/navigator_test_unit/install/rm_decision_interfaces/share/rm_decision_interfaces/package.xml
