[0.010s] Invoking command in '/home/ethereal/qianli/rm_decision/navigator_test_unit/build/navigator_interfaces': CMAKE_PREFIX_PATH=${CMAKE_PREFIX_PATH}:/opt/ros/jazzy DEBUGINFOD_URLS=https://debuginfod.ubuntu.com /usr/bin/cmake --build /home/ethereal/qianli/rm_decision/navigator_test_unit/build/navigator_interfaces -- -j20 -l20
[0.048s] [  2%] Built target navigator_interfaces__rosidl_generator_type_description
[0.055s] [  2%] Built target ament_cmake_python_copy_navigator_interfaces
[0.063s] [ 17%] Built target navigator_interfaces__rosidl_generator_c
[0.064s] [ 20%] Built target navigator_interfaces__cpp
[0.084s] [ 29%] Built target navigator_interfaces__rosidl_typesupport_c
[0.084s] [ 38%] Built target navigator_interfaces__rosidl_typesupport_fastrtps_c
[0.084s] [ 47%] Built target navigator_interfaces__rosidl_typesupport_introspection_c
[0.105s] [ 64%] Built target navigator_interfaces__rosidl_typesupport_fastrtps_cpp
[0.105s] [ 64%] Built target navigator_interfaces__rosidl_typesupport_introspection_cpp
[0.105s] [ 73%] Built target navigator_interfaces__rosidl_typesupport_cpp
[0.123s] [ 73%] Built target navigator_interfaces
[0.138s] [ 76%] Built target navigator_interfaces__py
[0.154s] [ 82%] Built target navigator_interfaces__rosidl_generator_py
[0.176s] [ 88%] Built target navigator_interfaces_s__rosidl_typesupport_c
[0.177s] [ 94%] Built target navigator_interfaces_s__rosidl_typesupport_introspection_c
[0.177s] [100%] Built target navigator_interfaces_s__rosidl_typesupport_fastrtps_c
[0.236s] running egg_info
[0.250s] writing navigator_interfaces.egg-info/PKG-INFO
[0.250s] writing dependency_links to navigator_interfaces.egg-info/dependency_links.txt
[0.250s] writing top-level names to navigator_interfaces.egg-info/top_level.txt
[0.292s] reading manifest file 'navigator_interfaces.egg-info/SOURCES.txt'
[0.293s] writing manifest file 'navigator_interfaces.egg-info/SOURCES.txt'
[0.315s] [100%] Built target ament_cmake_python_build_navigator_interfaces_egg
[0.322s] Invoked command in '/home/ethereal/qianli/rm_decision/navigator_test_unit/build/navigator_interfaces' returned '0': CMAKE_PREFIX_PATH=${CMAKE_PREFIX_PATH}:/opt/ros/jazzy DEBUGINFOD_URLS=https://debuginfod.ubuntu.com /usr/bin/cmake --build /home/ethereal/qianli/rm_decision/navigator_test_unit/build/navigator_interfaces -- -j20 -l20
[0.363s] Invoking command in '/home/ethereal/qianli/rm_decision/navigator_test_unit/build/navigator_interfaces': CMAKE_PREFIX_PATH=${CMAKE_PREFIX_PATH}:/opt/ros/jazzy DEBUGINFOD_URLS=https://debuginfod.ubuntu.com /usr/bin/cmake --install /home/ethereal/qianli/rm_decision/navigator_test_unit/build/navigator_interfaces
[0.369s] -- Install configuration: ""
[0.370s] -- Up-to-date: /home/ethereal/qianli/rm_decision/navigator_test_unit/install/navigator_interfaces/share/ament_index/resource_index/rosidl_interfaces/navigator_interfaces
[0.370s] -- Up-to-date: /home/ethereal/qianli/rm_decision/navigator_test_unit/install/navigator_interfaces/share/navigator_interfaces/msg/Navigate.json
[0.370s] -- Up-to-date: /home/ethereal/qianli/rm_decision/navigator_test_unit/install/navigator_interfaces/include/navigator_interfaces/navigator_interfaces
[0.371s] -- Up-to-date: /home/ethereal/qianli/rm_decision/navigator_test_unit/install/navigator_interfaces/include/navigator_interfaces/navigator_interfaces/msg
[0.372s] -- Up-to-date: /home/ethereal/qianli/rm_decision/navigator_test_unit/install/navigator_interfaces/include/navigator_interfaces/navigator_interfaces/msg/detail
[0.372s] -- Up-to-date: /home/ethereal/qianli/rm_decision/navigator_test_unit/install/navigator_interfaces/include/navigator_interfaces/navigator_interfaces/msg/detail/navigate__struct.h
[0.372s] -- Up-to-date: /home/ethereal/qianli/rm_decision/navigator_test_unit/install/navigator_interfaces/include/navigator_interfaces/navigator_interfaces/msg/detail/navigate__description.c
[0.373s] -- Up-to-date: /home/ethereal/qianli/rm_decision/navigator_test_unit/install/navigator_interfaces/include/navigator_interfaces/navigator_interfaces/msg/detail/navigate__functions.h
[0.373s] -- Up-to-date: /home/ethereal/qianli/rm_decision/navigator_test_unit/install/navigator_interfaces/include/navigator_interfaces/navigator_interfaces/msg/detail/navigate__type_support.h
[0.373s] -- Up-to-date: /home/ethereal/qianli/rm_decision/navigator_test_unit/install/navigator_interfaces/include/navigator_interfaces/navigator_interfaces/msg/detail/navigate__type_support.c
[0.373s] -- Up-to-date: /home/ethereal/qianli/rm_decision/navigator_test_unit/install/navigator_interfaces/include/navigator_interfaces/navigator_interfaces/msg/detail/navigate__functions.c
[0.373s] -- Up-to-date: /home/ethereal/qianli/rm_decision/navigator_test_unit/install/navigator_interfaces/include/navigator_interfaces/navigator_interfaces/msg/rosidl_generator_c__visibility_control.h
[0.373s] -- Up-to-date: /home/ethereal/qianli/rm_decision/navigator_test_unit/install/navigator_interfaces/include/navigator_interfaces/navigator_interfaces/msg/navigate.h
[0.373s] -- Up-to-date: /home/ethereal/qianli/rm_decision/navigator_test_unit/install/navigator_interfaces/share/navigator_interfaces/environment/library_path.sh
[0.373s] -- Up-to-date: /home/ethereal/qianli/rm_decision/navigator_test_unit/install/navigator_interfaces/share/navigator_interfaces/environment/library_path.dsv
[0.373s] -- Up-to-date: /home/ethereal/qianli/rm_decision/navigator_test_unit/install/navigator_interfaces/lib/libnavigator_interfaces__rosidl_generator_c.so
[0.374s] -- Up-to-date: /home/ethereal/qianli/rm_decision/navigator_test_unit/install/navigator_interfaces/include/navigator_interfaces/navigator_interfaces
[0.374s] -- Up-to-date: /home/ethereal/qianli/rm_decision/navigator_test_unit/install/navigator_interfaces/include/navigator_interfaces/navigator_interfaces/msg
[0.374s] -- Up-to-date: /home/ethereal/qianli/rm_decision/navigator_test_unit/install/navigator_interfaces/include/navigator_interfaces/navigator_interfaces/msg/detail
[0.374s] -- Up-to-date: /home/ethereal/qianli/rm_decision/navigator_test_unit/install/navigator_interfaces/include/navigator_interfaces/navigator_interfaces/msg/detail/navigate__rosidl_typesupport_fastrtps_c.h
[0.374s] -- Up-to-date: /home/ethereal/qianli/rm_decision/navigator_test_unit/install/navigator_interfaces/include/navigator_interfaces/navigator_interfaces/msg/rosidl_typesupport_fastrtps_c__visibility_control.h
[0.374s] -- Up-to-date: /home/ethereal/qianli/rm_decision/navigator_test_unit/install/navigator_interfaces/lib/libnavigator_interfaces__rosidl_typesupport_fastrtps_c.so
[0.374s] -- Up-to-date: /home/ethereal/qianli/rm_decision/navigator_test_unit/install/navigator_interfaces/include/navigator_interfaces/navigator_interfaces
[0.375s] -- Up-to-date: /home/ethereal/qianli/rm_decision/navigator_test_unit/install/navigator_interfaces/include/navigator_interfaces/navigator_interfaces/msg
[0.375s] -- Up-to-date: /home/ethereal/qianli/rm_decision/navigator_test_unit/install/navigator_interfaces/include/navigator_interfaces/navigator_interfaces/msg/detail
[0.375s] -- Up-to-date: /home/ethereal/qianli/rm_decision/navigator_test_unit/install/navigator_interfaces/include/navigator_interfaces/navigator_interfaces/msg/detail/navigate__builder.hpp
[0.375s] -- Up-to-date: /home/ethereal/qianli/rm_decision/navigator_test_unit/install/navigator_interfaces/include/navigator_interfaces/navigator_interfaces/msg/detail/navigate__struct.hpp
[0.375s] -- Up-to-date: /home/ethereal/qianli/rm_decision/navigator_test_unit/install/navigator_interfaces/include/navigator_interfaces/navigator_interfaces/msg/detail/navigate__traits.hpp
[0.375s] -- Up-to-date: /home/ethereal/qianli/rm_decision/navigator_test_unit/install/navigator_interfaces/include/navigator_interfaces/navigator_interfaces/msg/detail/navigate__type_support.hpp
[0.375s] -- Up-to-date: /home/ethereal/qianli/rm_decision/navigator_test_unit/install/navigator_interfaces/include/navigator_interfaces/navigator_interfaces/msg/rosidl_generator_cpp__visibility_control.hpp
[0.376s] -- Up-to-date: /home/ethereal/qianli/rm_decision/navigator_test_unit/install/navigator_interfaces/include/navigator_interfaces/navigator_interfaces/msg/navigate.hpp
[0.376s] -- Up-to-date: /home/ethereal/qianli/rm_decision/navigator_test_unit/install/navigator_interfaces/include/navigator_interfaces/navigator_interfaces
[0.376s] -- Up-to-date: /home/ethereal/qianli/rm_decision/navigator_test_unit/install/navigator_interfaces/include/navigator_interfaces/navigator_interfaces/msg
[0.376s] -- Up-to-date: /home/ethereal/qianli/rm_decision/navigator_test_unit/install/navigator_interfaces/include/navigator_interfaces/navigator_interfaces/msg/detail
[0.376s] -- Up-to-date: /home/ethereal/qianli/rm_decision/navigator_test_unit/install/navigator_interfaces/include/navigator_interfaces/navigator_interfaces/msg/detail/navigate__rosidl_typesupport_fastrtps_cpp.hpp
[0.377s] -- Up-to-date: /home/ethereal/qianli/rm_decision/navigator_test_unit/install/navigator_interfaces/include/navigator_interfaces/navigator_interfaces/msg/detail/dds_fastrtps
[0.377s] -- Up-to-date: /home/ethereal/qianli/rm_decision/navigator_test_unit/install/navigator_interfaces/include/navigator_interfaces/navigator_interfaces/msg/rosidl_typesupport_fastrtps_cpp__visibility_control.h
[0.377s] -- Up-to-date: /home/ethereal/qianli/rm_decision/navigator_test_unit/install/navigator_interfaces/lib/libnavigator_interfaces__rosidl_typesupport_fastrtps_cpp.so
[0.377s] -- Up-to-date: /home/ethereal/qianli/rm_decision/navigator_test_unit/install/navigator_interfaces/include/navigator_interfaces/navigator_interfaces
[0.377s] -- Up-to-date: /home/ethereal/qianli/rm_decision/navigator_test_unit/install/navigator_interfaces/include/navigator_interfaces/navigator_interfaces/msg
[0.377s] -- Up-to-date: /home/ethereal/qianli/rm_decision/navigator_test_unit/install/navigator_interfaces/include/navigator_interfaces/navigator_interfaces/msg/detail
[0.377s] -- Up-to-date: /home/ethereal/qianli/rm_decision/navigator_test_unit/install/navigator_interfaces/include/navigator_interfaces/navigator_interfaces/msg/detail/navigate__rosidl_typesupport_introspection_c.h
[0.377s] -- Up-to-date: /home/ethereal/qianli/rm_decision/navigator_test_unit/install/navigator_interfaces/include/navigator_interfaces/navigator_interfaces/msg/detail/navigate__type_support.c
[0.378s] -- Up-to-date: /home/ethereal/qianli/rm_decision/navigator_test_unit/install/navigator_interfaces/include/navigator_interfaces/navigator_interfaces/msg/rosidl_typesupport_introspection_c__visibility_control.h
[0.378s] -- Up-to-date: /home/ethereal/qianli/rm_decision/navigator_test_unit/install/navigator_interfaces/lib/libnavigator_interfaces__rosidl_typesupport_introspection_c.so
[0.378s] -- Up-to-date: /home/ethereal/qianli/rm_decision/navigator_test_unit/install/navigator_interfaces/lib/libnavigator_interfaces__rosidl_typesupport_c.so
[0.378s] -- Up-to-date: /home/ethereal/qianli/rm_decision/navigator_test_unit/install/navigator_interfaces/include/navigator_interfaces/navigator_interfaces
[0.378s] -- Up-to-date: /home/ethereal/qianli/rm_decision/navigator_test_unit/install/navigator_interfaces/include/navigator_interfaces/navigator_interfaces/msg
[0.378s] -- Up-to-date: /home/ethereal/qianli/rm_decision/navigator_test_unit/install/navigator_interfaces/include/navigator_interfaces/navigator_interfaces/msg/detail
[0.378s] -- Up-to-date: /home/ethereal/qianli/rm_decision/navigator_test_unit/install/navigator_interfaces/include/navigator_interfaces/navigator_interfaces/msg/detail/navigate__type_support.cpp
[0.379s] -- Up-to-date: /home/ethereal/qianli/rm_decision/navigator_test_unit/install/navigator_interfaces/include/navigator_interfaces/navigator_interfaces/msg/detail/navigate__rosidl_typesupport_introspection_cpp.hpp
[0.379s] -- Up-to-date: /home/ethereal/qianli/rm_decision/navigator_test_unit/install/navigator_interfaces/lib/libnavigator_interfaces__rosidl_typesupport_introspection_cpp.so
[0.379s] -- Up-to-date: /home/ethereal/qianli/rm_decision/navigator_test_unit/install/navigator_interfaces/lib/libnavigator_interfaces__rosidl_typesupport_cpp.so
[0.379s] -- Up-to-date: /home/ethereal/qianli/rm_decision/navigator_test_unit/install/navigator_interfaces/share/navigator_interfaces/environment/pythonpath.sh
[0.379s] -- Up-to-date: /home/ethereal/qianli/rm_decision/navigator_test_unit/install/navigator_interfaces/share/navigator_interfaces/environment/pythonpath.dsv
[0.379s] -- Up-to-date: /home/ethereal/qianli/rm_decision/navigator_test_unit/install/navigator_interfaces/lib/python3.12/site-packages/navigator_interfaces-0.0.0-py3.12.egg-info
[0.379s] -- Installing: /home/ethereal/qianli/rm_decision/navigator_test_unit/install/navigator_interfaces/lib/python3.12/site-packages/navigator_interfaces-0.0.0-py3.12.egg-info/dependency_links.txt
[0.380s] -- Installing: /home/ethereal/qianli/rm_decision/navigator_test_unit/install/navigator_interfaces/lib/python3.12/site-packages/navigator_interfaces-0.0.0-py3.12.egg-info/top_level.txt
[0.380s] -- Installing: /home/ethereal/qianli/rm_decision/navigator_test_unit/install/navigator_interfaces/lib/python3.12/site-packages/navigator_interfaces-0.0.0-py3.12.egg-info/PKG-INFO
[0.380s] -- Installing: /home/ethereal/qianli/rm_decision/navigator_test_unit/install/navigator_interfaces/lib/python3.12/site-packages/navigator_interfaces-0.0.0-py3.12.egg-info/SOURCES.txt
[0.380s] -- Up-to-date: /home/ethereal/qianli/rm_decision/navigator_test_unit/install/navigator_interfaces/lib/python3.12/site-packages/navigator_interfaces
[0.380s] -- Up-to-date: /home/ethereal/qianli/rm_decision/navigator_test_unit/install/navigator_interfaces/lib/python3.12/site-packages/navigator_interfaces/msg
[0.380s] -- Up-to-date: /home/ethereal/qianli/rm_decision/navigator_test_unit/install/navigator_interfaces/lib/python3.12/site-packages/navigator_interfaces/msg/_navigate_s.c
[0.380s] -- Up-to-date: /home/ethereal/qianli/rm_decision/navigator_test_unit/install/navigator_interfaces/lib/python3.12/site-packages/navigator_interfaces/msg/__init__.py
[0.380s] -- Up-to-date: /home/ethereal/qianli/rm_decision/navigator_test_unit/install/navigator_interfaces/lib/python3.12/site-packages/navigator_interfaces/msg/_navigate.py
[0.380s] -- Up-to-date: /home/ethereal/qianli/rm_decision/navigator_test_unit/install/navigator_interfaces/lib/python3.12/site-packages/navigator_interfaces/navigator_interfaces_s__rosidl_typesupport_c.so
[0.380s] -- Up-to-date: /home/ethereal/qianli/rm_decision/navigator_test_unit/install/navigator_interfaces/lib/python3.12/site-packages/navigator_interfaces/_navigator_interfaces_s.ep.rosidl_typesupport_c.c
[0.380s] -- Up-to-date: /home/ethereal/qianli/rm_decision/navigator_test_unit/install/navigator_interfaces/lib/python3.12/site-packages/navigator_interfaces/navigator_interfaces_s__rosidl_typesupport_fastrtps_c.so
[0.381s] -- Up-to-date: /home/ethereal/qianli/rm_decision/navigator_test_unit/install/navigator_interfaces/lib/python3.12/site-packages/navigator_interfaces/_navigator_interfaces_s.ep.rosidl_typesupport_introspection_c.c
[0.381s] -- Up-to-date: /home/ethereal/qianli/rm_decision/navigator_test_unit/install/navigator_interfaces/lib/python3.12/site-packages/navigator_interfaces/navigator_interfaces_s__rosidl_typesupport_introspection_c.so
[0.381s] -- Up-to-date: /home/ethereal/qianli/rm_decision/navigator_test_unit/install/navigator_interfaces/lib/python3.12/site-packages/navigator_interfaces/_navigator_interfaces_s.ep.rosidl_typesupport_fastrtps_c.c
[0.381s] -- Up-to-date: /home/ethereal/qianli/rm_decision/navigator_test_unit/install/navigator_interfaces/lib/python3.12/site-packages/navigator_interfaces/__init__.py
[0.402s] Listing '/home/ethereal/qianli/rm_decision/navigator_test_unit/install/navigator_interfaces/lib/python3.12/site-packages/navigator_interfaces'...
[0.402s] Listing '/home/ethereal/qianli/rm_decision/navigator_test_unit/install/navigator_interfaces/lib/python3.12/site-packages/navigator_interfaces/msg'...
[0.406s] -- Up-to-date: /home/ethereal/qianli/rm_decision/navigator_test_unit/install/navigator_interfaces/lib/python3.12/site-packages/navigator_interfaces/navigator_interfaces_s__rosidl_typesupport_fastrtps_c.so
[0.407s] -- Up-to-date: /home/ethereal/qianli/rm_decision/navigator_test_unit/install/navigator_interfaces/lib/python3.12/site-packages/navigator_interfaces/navigator_interfaces_s__rosidl_typesupport_introspection_c.so
[0.407s] -- Up-to-date: /home/ethereal/qianli/rm_decision/navigator_test_unit/install/navigator_interfaces/lib/python3.12/site-packages/navigator_interfaces/navigator_interfaces_s__rosidl_typesupport_c.so
[0.408s] -- Up-to-date: /home/ethereal/qianli/rm_decision/navigator_test_unit/install/navigator_interfaces/lib/libnavigator_interfaces__rosidl_generator_py.so
[0.408s] -- Up-to-date: /home/ethereal/qianli/rm_decision/navigator_test_unit/install/navigator_interfaces/share/navigator_interfaces/msg/Navigate.idl
[0.408s] -- Up-to-date: /home/ethereal/qianli/rm_decision/navigator_test_unit/install/navigator_interfaces/share/navigator_interfaces/msg/Navigate.msg
[0.408s] -- Up-to-date: /home/ethereal/qianli/rm_decision/navigator_test_unit/install/navigator_interfaces/share/ament_index/resource_index/package_run_dependencies/navigator_interfaces
[0.408s] -- Up-to-date: /home/ethereal/qianli/rm_decision/navigator_test_unit/install/navigator_interfaces/share/ament_index/resource_index/parent_prefix_path/navigator_interfaces
[0.409s] -- Up-to-date: /home/ethereal/qianli/rm_decision/navigator_test_unit/install/navigator_interfaces/share/navigator_interfaces/environment/ament_prefix_path.sh
[0.409s] -- Up-to-date: /home/ethereal/qianli/rm_decision/navigator_test_unit/install/navigator_interfaces/share/navigator_interfaces/environment/ament_prefix_path.dsv
[0.409s] -- Up-to-date: /home/ethereal/qianli/rm_decision/navigator_test_unit/install/navigator_interfaces/share/navigator_interfaces/environment/path.sh
[0.409s] -- Up-to-date: /home/ethereal/qianli/rm_decision/navigator_test_unit/install/navigator_interfaces/share/navigator_interfaces/environment/path.dsv
[0.410s] -- Up-to-date: /home/ethereal/qianli/rm_decision/navigator_test_unit/install/navigator_interfaces/share/navigator_interfaces/local_setup.bash
[0.410s] -- Up-to-date: /home/ethereal/qianli/rm_decision/navigator_test_unit/install/navigator_interfaces/share/navigator_interfaces/local_setup.sh
[0.410s] -- Up-to-date: /home/ethereal/qianli/rm_decision/navigator_test_unit/install/navigator_interfaces/share/navigator_interfaces/local_setup.zsh
[0.410s] -- Up-to-date: /home/ethereal/qianli/rm_decision/navigator_test_unit/install/navigator_interfaces/share/navigator_interfaces/local_setup.dsv
[0.410s] -- Installing: /home/ethereal/qianli/rm_decision/navigator_test_unit/install/navigator_interfaces/share/navigator_interfaces/package.dsv
[0.412s] -- Up-to-date: /home/ethereal/qianli/rm_decision/navigator_test_unit/install/navigator_interfaces/share/ament_index/resource_index/packages/navigator_interfaces
[0.412s] -- Up-to-date: /home/ethereal/qianli/rm_decision/navigator_test_unit/install/navigator_interfaces/share/navigator_interfaces/cmake/export_navigator_interfaces__rosidl_generator_cExport.cmake
[0.412s] -- Up-to-date: /home/ethereal/qianli/rm_decision/navigator_test_unit/install/navigator_interfaces/share/navigator_interfaces/cmake/export_navigator_interfaces__rosidl_generator_cExport-noconfig.cmake
[0.412s] -- Up-to-date: /home/ethereal/qianli/rm_decision/navigator_test_unit/install/navigator_interfaces/share/navigator_interfaces/cmake/export_navigator_interfaces__rosidl_typesupport_fastrtps_cExport.cmake
[0.412s] -- Up-to-date: /home/ethereal/qianli/rm_decision/navigator_test_unit/install/navigator_interfaces/share/navigator_interfaces/cmake/export_navigator_interfaces__rosidl_typesupport_fastrtps_cExport-noconfig.cmake
[0.412s] -- Up-to-date: /home/ethereal/qianli/rm_decision/navigator_test_unit/install/navigator_interfaces/share/navigator_interfaces/cmake/export_navigator_interfaces__rosidl_generator_cppExport.cmake
[0.412s] -- Up-to-date: /home/ethereal/qianli/rm_decision/navigator_test_unit/install/navigator_interfaces/share/navigator_interfaces/cmake/export_navigator_interfaces__rosidl_typesupport_fastrtps_cppExport.cmake
[0.412s] -- Up-to-date: /home/ethereal/qianli/rm_decision/navigator_test_unit/install/navigator_interfaces/share/navigator_interfaces/cmake/export_navigator_interfaces__rosidl_typesupport_fastrtps_cppExport-noconfig.cmake
[0.412s] -- Up-to-date: /home/ethereal/qianli/rm_decision/navigator_test_unit/install/navigator_interfaces/share/navigator_interfaces/cmake/navigator_interfaces__rosidl_typesupport_introspection_cExport.cmake
[0.412s] -- Up-to-date: /home/ethereal/qianli/rm_decision/navigator_test_unit/install/navigator_interfaces/share/navigator_interfaces/cmake/navigator_interfaces__rosidl_typesupport_introspection_cExport-noconfig.cmake
[0.413s] -- Up-to-date: /home/ethereal/qianli/rm_decision/navigator_test_unit/install/navigator_interfaces/share/navigator_interfaces/cmake/navigator_interfaces__rosidl_typesupport_cExport.cmake
[0.413s] -- Up-to-date: /home/ethereal/qianli/rm_decision/navigator_test_unit/install/navigator_interfaces/share/navigator_interfaces/cmake/navigator_interfaces__rosidl_typesupport_cExport-noconfig.cmake
[0.413s] -- Up-to-date: /home/ethereal/qianli/rm_decision/navigator_test_unit/install/navigator_interfaces/share/navigator_interfaces/cmake/navigator_interfaces__rosidl_typesupport_introspection_cppExport.cmake
[0.413s] -- Up-to-date: /home/ethereal/qianli/rm_decision/navigator_test_unit/install/navigator_interfaces/share/navigator_interfaces/cmake/navigator_interfaces__rosidl_typesupport_introspection_cppExport-noconfig.cmake
[0.413s] -- Up-to-date: /home/ethereal/qianli/rm_decision/navigator_test_unit/install/navigator_interfaces/share/navigator_interfaces/cmake/navigator_interfaces__rosidl_typesupport_cppExport.cmake
[0.414s] -- Up-to-date: /home/ethereal/qianli/rm_decision/navigator_test_unit/install/navigator_interfaces/share/navigator_interfaces/cmake/navigator_interfaces__rosidl_typesupport_cppExport-noconfig.cmake
[0.414s] -- Up-to-date: /home/ethereal/qianli/rm_decision/navigator_test_unit/install/navigator_interfaces/share/navigator_interfaces/cmake/export_navigator_interfaces__rosidl_generator_pyExport.cmake
[0.414s] -- Up-to-date: /home/ethereal/qianli/rm_decision/navigator_test_unit/install/navigator_interfaces/share/navigator_interfaces/cmake/export_navigator_interfaces__rosidl_generator_pyExport-noconfig.cmake
[0.415s] -- Up-to-date: /home/ethereal/qianli/rm_decision/navigator_test_unit/install/navigator_interfaces/share/navigator_interfaces/cmake/rosidl_cmake-extras.cmake
[0.415s] -- Up-to-date: /home/ethereal/qianli/rm_decision/navigator_test_unit/install/navigator_interfaces/share/navigator_interfaces/cmake/ament_cmake_export_dependencies-extras.cmake
[0.415s] -- Up-to-date: /home/ethereal/qianli/rm_decision/navigator_test_unit/install/navigator_interfaces/share/navigator_interfaces/cmake/ament_cmake_export_include_directories-extras.cmake
[0.415s] -- Up-to-date: /home/ethereal/qianli/rm_decision/navigator_test_unit/install/navigator_interfaces/share/navigator_interfaces/cmake/ament_cmake_export_libraries-extras.cmake
[0.415s] -- Up-to-date: /home/ethereal/qianli/rm_decision/navigator_test_unit/install/navigator_interfaces/share/navigator_interfaces/cmake/ament_cmake_export_targets-extras.cmake
[0.415s] -- Up-to-date: /home/ethereal/qianli/rm_decision/navigator_test_unit/install/navigator_interfaces/share/navigator_interfaces/cmake/rosidl_cmake_export_typesupport_targets-extras.cmake
[0.415s] -- Up-to-date: /home/ethereal/qianli/rm_decision/navigator_test_unit/install/navigator_interfaces/share/navigator_interfaces/cmake/rosidl_cmake_export_typesupport_libraries-extras.cmake
[0.416s] -- Up-to-date: /home/ethereal/qianli/rm_decision/navigator_test_unit/install/navigator_interfaces/share/navigator_interfaces/cmake/navigator_interfacesConfig.cmake
[0.416s] -- Up-to-date: /home/ethereal/qianli/rm_decision/navigator_test_unit/install/navigator_interfaces/share/navigator_interfaces/cmake/navigator_interfacesConfig-version.cmake
[0.416s] -- Up-to-date: /home/ethereal/qianli/rm_decision/navigator_test_unit/install/navigator_interfaces/share/navigator_interfaces/package.xml
[0.416s] Invoked command in '/home/ethereal/qianli/rm_decision/navigator_test_unit/build/navigator_interfaces' returned '0': CMAKE_PREFIX_PATH=${CMAKE_PREFIX_PATH}:/opt/ros/jazzy DEBUGINFOD_URLS=https://debuginfod.ubuntu.com /usr/bin/cmake --install /home/ethereal/qianli/rm_decision/navigator_test_unit/build/navigator_interfaces
