[0.011s] Invoking command in '/home/ethereal/qianli/rm_decision/navigator_test_unit/build/navigator_interfaces': CMAKE_PREFIX_PATH=${CMAKE_PREFIX_PATH}:/opt/ros/jazzy DEBUGINFOD_URLS=https://debuginfod.ubuntu.com /usr/bin/cmake --build /home/ethereal/qianli/rm_decision/navigator_test_unit/build/navigator_interfaces -- -j20 -l20
[0.043s] [  2%] Built target navigator_interfaces__rosidl_generator_type_description
[0.048s] [  2%] Built target ament_cmake_python_copy_navigator_interfaces
[0.056s] [  5%] Built target navigator_interfaces__cpp
[0.058s] [ 20%] Built target navigator_interfaces__rosidl_generator_c
[0.075s] [ 47%] Built target navigator_interfaces__rosidl_typesupport_introspection_c
[0.075s] [ 47%] Built target navigator_interfaces__rosidl_typesupport_c
[0.075s] [ 47%] Built target navigator_interfaces__rosidl_typesupport_fastrtps_c
[0.075s] [ 55%] Built target navigator_interfaces__rosidl_typesupport_introspection_cpp
[0.076s] [ 64%] Built target navigator_interfaces__rosidl_typesupport_cpp
[0.080s] [ 73%] Built target navigator_interfaces__rosidl_typesupport_fastrtps_cpp
[0.101s] [ 73%] Built target navigator_interfaces
[0.110s] [ 76%] Built target navigator_interfaces__py
[0.126s] [ 82%] Built target navigator_interfaces__rosidl_generator_py
[0.141s] [ 94%] Built target navigator_interfaces_s__rosidl_typesupport_introspection_c
[0.141s] [ 94%] Built target navigator_interfaces_s__rosidl_typesupport_fastrtps_c
[0.143s] [100%] Built target navigator_interfaces_s__rosidl_typesupport_c
[0.205s] running egg_info
[0.219s] writing navigator_interfaces.egg-info/PKG-INFO
[0.219s] writing dependency_links to navigator_interfaces.egg-info/dependency_links.txt
[0.220s] writing top-level names to navigator_interfaces.egg-info/top_level.txt
[0.254s] reading manifest file 'navigator_interfaces.egg-info/SOURCES.txt'
[0.255s] writing manifest file 'navigator_interfaces.egg-info/SOURCES.txt'
[0.275s] [100%] Built target ament_cmake_python_build_navigator_interfaces_egg
[0.284s] Invoked command in '/home/ethereal/qianli/rm_decision/navigator_test_unit/build/navigator_interfaces' returned '0': CMAKE_PREFIX_PATH=${CMAKE_PREFIX_PATH}:/opt/ros/jazzy DEBUGINFOD_URLS=https://debuginfod.ubuntu.com /usr/bin/cmake --build /home/ethereal/qianli/rm_decision/navigator_test_unit/build/navigator_interfaces -- -j20 -l20
[0.321s] Invoking command in '/home/ethereal/qianli/rm_decision/navigator_test_unit/build/navigator_interfaces': CMAKE_PREFIX_PATH=${CMAKE_PREFIX_PATH}:/opt/ros/jazzy DEBUGINFOD_URLS=https://debuginfod.ubuntu.com /usr/bin/cmake --install /home/ethereal/qianli/rm_decision/navigator_test_unit/build/navigator_interfaces
[0.327s] -- Install configuration: ""
[0.328s] -- Up-to-date: /home/ethereal/qianli/rm_decision/navigator_test_unit/install/navigator_interfaces/share/ament_index/resource_index/rosidl_interfaces/navigator_interfaces
[0.328s] -- Up-to-date: /home/ethereal/qianli/rm_decision/navigator_test_unit/install/navigator_interfaces/share/navigator_interfaces/msg/Navigate.json
[0.328s] -- Up-to-date: /home/ethereal/qianli/rm_decision/navigator_test_unit/install/navigator_interfaces/include/navigator_interfaces/navigator_interfaces
[0.329s] -- Up-to-date: /home/ethereal/qianli/rm_decision/navigator_test_unit/install/navigator_interfaces/include/navigator_interfaces/navigator_interfaces/msg
[0.329s] -- Up-to-date: /home/ethereal/qianli/rm_decision/navigator_test_unit/install/navigator_interfaces/include/navigator_interfaces/navigator_interfaces/msg/detail
[0.329s] -- Up-to-date: /home/ethereal/qianli/rm_decision/navigator_test_unit/install/navigator_interfaces/include/navigator_interfaces/navigator_interfaces/msg/detail/navigate__struct.h
[0.329s] -- Up-to-date: /home/ethereal/qianli/rm_decision/navigator_test_unit/install/navigator_interfaces/include/navigator_interfaces/navigator_interfaces/msg/detail/navigate__description.c
[0.329s] -- Up-to-date: /home/ethereal/qianli/rm_decision/navigator_test_unit/install/navigator_interfaces/include/navigator_interfaces/navigator_interfaces/msg/detail/navigate__functions.h
[0.330s] -- Up-to-date: /home/ethereal/qianli/rm_decision/navigator_test_unit/install/navigator_interfaces/include/navigator_interfaces/navigator_interfaces/msg/detail/navigate__type_support.h
[0.330s] -- Up-to-date: /home/ethereal/qianli/rm_decision/navigator_test_unit/install/navigator_interfaces/include/navigator_interfaces/navigator_interfaces/msg/detail/navigate__type_support.c
[0.330s] -- Up-to-date: /home/ethereal/qianli/rm_decision/navigator_test_unit/install/navigator_interfaces/include/navigator_interfaces/navigator_interfaces/msg/detail/navigate__functions.c
[0.330s] -- Up-to-date: /home/ethereal/qianli/rm_decision/navigator_test_unit/install/navigator_interfaces/include/navigator_interfaces/navigator_interfaces/msg/rosidl_generator_c__visibility_control.h
[0.330s] -- Up-to-date: /home/ethereal/qianli/rm_decision/navigator_test_unit/install/navigator_interfaces/include/navigator_interfaces/navigator_interfaces/msg/navigate.h
[0.331s] -- Up-to-date: /home/ethereal/qianli/rm_decision/navigator_test_unit/install/navigator_interfaces/share/navigator_interfaces/environment/library_path.sh
[0.331s] -- Up-to-date: /home/ethereal/qianli/rm_decision/navigator_test_unit/install/navigator_interfaces/share/navigator_interfaces/environment/library_path.dsv
[0.331s] -- Up-to-date: /home/ethereal/qianli/rm_decision/navigator_test_unit/install/navigator_interfaces/lib/libnavigator_interfaces__rosidl_generator_c.so
[0.331s] -- Up-to-date: /home/ethereal/qianli/rm_decision/navigator_test_unit/install/navigator_interfaces/include/navigator_interfaces/navigator_interfaces
[0.331s] -- Up-to-date: /home/ethereal/qianli/rm_decision/navigator_test_unit/install/navigator_interfaces/include/navigator_interfaces/navigator_interfaces/msg
[0.331s] -- Up-to-date: /home/ethereal/qianli/rm_decision/navigator_test_unit/install/navigator_interfaces/include/navigator_interfaces/navigator_interfaces/msg/detail
[0.331s] -- Up-to-date: /home/ethereal/qianli/rm_decision/navigator_test_unit/install/navigator_interfaces/include/navigator_interfaces/navigator_interfaces/msg/detail/navigate__rosidl_typesupport_fastrtps_c.h
[0.331s] -- Up-to-date: /home/ethereal/qianli/rm_decision/navigator_test_unit/install/navigator_interfaces/include/navigator_interfaces/navigator_interfaces/msg/rosidl_typesupport_fastrtps_c__visibility_control.h
[0.331s] -- Up-to-date: /home/ethereal/qianli/rm_decision/navigator_test_unit/install/navigator_interfaces/lib/libnavigator_interfaces__rosidl_typesupport_fastrtps_c.so
[0.331s] -- Up-to-date: /home/ethereal/qianli/rm_decision/navigator_test_unit/install/navigator_interfaces/include/navigator_interfaces/navigator_interfaces
[0.331s] -- Up-to-date: /home/ethereal/qianli/rm_decision/navigator_test_unit/install/navigator_interfaces/include/navigator_interfaces/navigator_interfaces/msg
[0.331s] -- Up-to-date: /home/ethereal/qianli/rm_decision/navigator_test_unit/install/navigator_interfaces/include/navigator_interfaces/navigator_interfaces/msg/detail
[0.332s] -- Up-to-date: /home/ethereal/qianli/rm_decision/navigator_test_unit/install/navigator_interfaces/include/navigator_interfaces/navigator_interfaces/msg/detail/navigate__builder.hpp
[0.332s] -- Up-to-date: /home/ethereal/qianli/rm_decision/navigator_test_unit/install/navigator_interfaces/include/navigator_interfaces/navigator_interfaces/msg/detail/navigate__struct.hpp
[0.332s] -- Up-to-date: /home/ethereal/qianli/rm_decision/navigator_test_unit/install/navigator_interfaces/include/navigator_interfaces/navigator_interfaces/msg/detail/navigate__traits.hpp
[0.332s] -- Up-to-date: /home/ethereal/qianli/rm_decision/navigator_test_unit/install/navigator_interfaces/include/navigator_interfaces/navigator_interfaces/msg/detail/navigate__type_support.hpp
[0.332s] -- Up-to-date: /home/ethereal/qianli/rm_decision/navigator_test_unit/install/navigator_interfaces/include/navigator_interfaces/navigator_interfaces/msg/rosidl_generator_cpp__visibility_control.hpp
[0.332s] -- Up-to-date: /home/ethereal/qianli/rm_decision/navigator_test_unit/install/navigator_interfaces/include/navigator_interfaces/navigator_interfaces/msg/navigate.hpp
[0.332s] -- Up-to-date: /home/ethereal/qianli/rm_decision/navigator_test_unit/install/navigator_interfaces/include/navigator_interfaces/navigator_interfaces
[0.332s] -- Up-to-date: /home/ethereal/qianli/rm_decision/navigator_test_unit/install/navigator_interfaces/include/navigator_interfaces/navigator_interfaces/msg
[0.332s] -- Up-to-date: /home/ethereal/qianli/rm_decision/navigator_test_unit/install/navigator_interfaces/include/navigator_interfaces/navigator_interfaces/msg/detail
[0.332s] -- Up-to-date: /home/ethereal/qianli/rm_decision/navigator_test_unit/install/navigator_interfaces/include/navigator_interfaces/navigator_interfaces/msg/detail/navigate__rosidl_typesupport_fastrtps_cpp.hpp
[0.332s] -- Up-to-date: /home/ethereal/qianli/rm_decision/navigator_test_unit/install/navigator_interfaces/include/navigator_interfaces/navigator_interfaces/msg/detail/dds_fastrtps
[0.332s] -- Up-to-date: /home/ethereal/qianli/rm_decision/navigator_test_unit/install/navigator_interfaces/include/navigator_interfaces/navigator_interfaces/msg/rosidl_typesupport_fastrtps_cpp__visibility_control.h
[0.333s] -- Up-to-date: /home/ethereal/qianli/rm_decision/navigator_test_unit/install/navigator_interfaces/lib/libnavigator_interfaces__rosidl_typesupport_fastrtps_cpp.so
[0.333s] -- Up-to-date: /home/ethereal/qianli/rm_decision/navigator_test_unit/install/navigator_interfaces/include/navigator_interfaces/navigator_interfaces
[0.333s] -- Up-to-date: /home/ethereal/qianli/rm_decision/navigator_test_unit/install/navigator_interfaces/include/navigator_interfaces/navigator_interfaces/msg
[0.333s] -- Up-to-date: /home/ethereal/qianli/rm_decision/navigator_test_unit/install/navigator_interfaces/include/navigator_interfaces/navigator_interfaces/msg/detail
[0.333s] -- Up-to-date: /home/ethereal/qianli/rm_decision/navigator_test_unit/install/navigator_interfaces/include/navigator_interfaces/navigator_interfaces/msg/detail/navigate__rosidl_typesupport_introspection_c.h
[0.333s] -- Up-to-date: /home/ethereal/qianli/rm_decision/navigator_test_unit/install/navigator_interfaces/include/navigator_interfaces/navigator_interfaces/msg/detail/navigate__type_support.c
[0.333s] -- Up-to-date: /home/ethereal/qianli/rm_decision/navigator_test_unit/install/navigator_interfaces/include/navigator_interfaces/navigator_interfaces/msg/rosidl_typesupport_introspection_c__visibility_control.h
[0.333s] -- Up-to-date: /home/ethereal/qianli/rm_decision/navigator_test_unit/install/navigator_interfaces/lib/libnavigator_interfaces__rosidl_typesupport_introspection_c.so
[0.333s] -- Up-to-date: /home/ethereal/qianli/rm_decision/navigator_test_unit/install/navigator_interfaces/lib/libnavigator_interfaces__rosidl_typesupport_c.so
[0.333s] -- Up-to-date: /home/ethereal/qianli/rm_decision/navigator_test_unit/install/navigator_interfaces/include/navigator_interfaces/navigator_interfaces
[0.334s] -- Up-to-date: /home/ethereal/qianli/rm_decision/navigator_test_unit/install/navigator_interfaces/include/navigator_interfaces/navigator_interfaces/msg
[0.334s] -- Up-to-date: /home/ethereal/qianli/rm_decision/navigator_test_unit/install/navigator_interfaces/include/navigator_interfaces/navigator_interfaces/msg/detail
[0.334s] -- Up-to-date: /home/ethereal/qianli/rm_decision/navigator_test_unit/install/navigator_interfaces/include/navigator_interfaces/navigator_interfaces/msg/detail/navigate__type_support.cpp
[0.334s] -- Up-to-date: /home/ethereal/qianli/rm_decision/navigator_test_unit/install/navigator_interfaces/include/navigator_interfaces/navigator_interfaces/msg/detail/navigate__rosidl_typesupport_introspection_cpp.hpp
[0.334s] -- Up-to-date: /home/ethereal/qianli/rm_decision/navigator_test_unit/install/navigator_interfaces/lib/libnavigator_interfaces__rosidl_typesupport_introspection_cpp.so
[0.334s] -- Up-to-date: /home/ethereal/qianli/rm_decision/navigator_test_unit/install/navigator_interfaces/lib/libnavigator_interfaces__rosidl_typesupport_cpp.so
[0.334s] -- Up-to-date: /home/ethereal/qianli/rm_decision/navigator_test_unit/install/navigator_interfaces/share/navigator_interfaces/environment/pythonpath.sh
[0.334s] -- Up-to-date: /home/ethereal/qianli/rm_decision/navigator_test_unit/install/navigator_interfaces/share/navigator_interfaces/environment/pythonpath.dsv
[0.334s] -- Up-to-date: /home/ethereal/qianli/rm_decision/navigator_test_unit/install/navigator_interfaces/lib/python3.12/site-packages/navigator_interfaces-0.0.0-py3.12.egg-info
[0.334s] -- Installing: /home/ethereal/qianli/rm_decision/navigator_test_unit/install/navigator_interfaces/lib/python3.12/site-packages/navigator_interfaces-0.0.0-py3.12.egg-info/dependency_links.txt
[0.334s] -- Installing: /home/ethereal/qianli/rm_decision/navigator_test_unit/install/navigator_interfaces/lib/python3.12/site-packages/navigator_interfaces-0.0.0-py3.12.egg-info/top_level.txt
[0.335s] -- Installing: /home/ethereal/qianli/rm_decision/navigator_test_unit/install/navigator_interfaces/lib/python3.12/site-packages/navigator_interfaces-0.0.0-py3.12.egg-info/PKG-INFO
[0.335s] -- Installing: /home/ethereal/qianli/rm_decision/navigator_test_unit/install/navigator_interfaces/lib/python3.12/site-packages/navigator_interfaces-0.0.0-py3.12.egg-info/SOURCES.txt
[0.335s] -- Up-to-date: /home/ethereal/qianli/rm_decision/navigator_test_unit/install/navigator_interfaces/lib/python3.12/site-packages/navigator_interfaces
[0.335s] -- Up-to-date: /home/ethereal/qianli/rm_decision/navigator_test_unit/install/navigator_interfaces/lib/python3.12/site-packages/navigator_interfaces/msg
[0.335s] -- Up-to-date: /home/ethereal/qianli/rm_decision/navigator_test_unit/install/navigator_interfaces/lib/python3.12/site-packages/navigator_interfaces/msg/_navigate_s.c
[0.335s] -- Up-to-date: /home/ethereal/qianli/rm_decision/navigator_test_unit/install/navigator_interfaces/lib/python3.12/site-packages/navigator_interfaces/msg/__init__.py
[0.335s] -- Up-to-date: /home/ethereal/qianli/rm_decision/navigator_test_unit/install/navigator_interfaces/lib/python3.12/site-packages/navigator_interfaces/msg/_navigate.py
[0.335s] -- Up-to-date: /home/ethereal/qianli/rm_decision/navigator_test_unit/install/navigator_interfaces/lib/python3.12/site-packages/navigator_interfaces/navigator_interfaces_s__rosidl_typesupport_c.so
[0.335s] -- Up-to-date: /home/ethereal/qianli/rm_decision/navigator_test_unit/install/navigator_interfaces/lib/python3.12/site-packages/navigator_interfaces/_navigator_interfaces_s.ep.rosidl_typesupport_c.c
[0.336s] -- Up-to-date: /home/ethereal/qianli/rm_decision/navigator_test_unit/install/navigator_interfaces/lib/python3.12/site-packages/navigator_interfaces/navigator_interfaces_s__rosidl_typesupport_fastrtps_c.so
[0.336s] -- Up-to-date: /home/ethereal/qianli/rm_decision/navigator_test_unit/install/navigator_interfaces/lib/python3.12/site-packages/navigator_interfaces/_navigator_interfaces_s.ep.rosidl_typesupport_introspection_c.c
[0.336s] -- Up-to-date: /home/ethereal/qianli/rm_decision/navigator_test_unit/install/navigator_interfaces/lib/python3.12/site-packages/navigator_interfaces/navigator_interfaces_s__rosidl_typesupport_introspection_c.so
[0.336s] -- Up-to-date: /home/ethereal/qianli/rm_decision/navigator_test_unit/install/navigator_interfaces/lib/python3.12/site-packages/navigator_interfaces/_navigator_interfaces_s.ep.rosidl_typesupport_fastrtps_c.c
[0.336s] -- Up-to-date: /home/ethereal/qianli/rm_decision/navigator_test_unit/install/navigator_interfaces/lib/python3.12/site-packages/navigator_interfaces/__init__.py
[0.355s] Listing '/home/ethereal/qianli/rm_decision/navigator_test_unit/install/navigator_interfaces/lib/python3.12/site-packages/navigator_interfaces'...
[0.355s] Listing '/home/ethereal/qianli/rm_decision/navigator_test_unit/install/navigator_interfaces/lib/python3.12/site-packages/navigator_interfaces/msg'...
[0.359s] -- Up-to-date: /home/ethereal/qianli/rm_decision/navigator_test_unit/install/navigator_interfaces/lib/python3.12/site-packages/navigator_interfaces/navigator_interfaces_s__rosidl_typesupport_fastrtps_c.so
[0.359s] -- Up-to-date: /home/ethereal/qianli/rm_decision/navigator_test_unit/install/navigator_interfaces/lib/python3.12/site-packages/navigator_interfaces/navigator_interfaces_s__rosidl_typesupport_introspection_c.so
[0.360s] -- Up-to-date: /home/ethereal/qianli/rm_decision/navigator_test_unit/install/navigator_interfaces/lib/python3.12/site-packages/navigator_interfaces/navigator_interfaces_s__rosidl_typesupport_c.so
[0.360s] -- Up-to-date: /home/ethereal/qianli/rm_decision/navigator_test_unit/install/navigator_interfaces/lib/libnavigator_interfaces__rosidl_generator_py.so
[0.360s] -- Up-to-date: /home/ethereal/qianli/rm_decision/navigator_test_unit/install/navigator_interfaces/share/navigator_interfaces/msg/Navigate.idl
[0.361s] -- Up-to-date: /home/ethereal/qianli/rm_decision/navigator_test_unit/install/navigator_interfaces/share/navigator_interfaces/msg/Navigate.msg
[0.361s] -- Up-to-date: /home/ethereal/qianli/rm_decision/navigator_test_unit/install/navigator_interfaces/share/ament_index/resource_index/package_run_dependencies/navigator_interfaces
[0.361s] -- Up-to-date: /home/ethereal/qianli/rm_decision/navigator_test_unit/install/navigator_interfaces/share/ament_index/resource_index/parent_prefix_path/navigator_interfaces
[0.361s] -- Up-to-date: /home/ethereal/qianli/rm_decision/navigator_test_unit/install/navigator_interfaces/share/navigator_interfaces/environment/ament_prefix_path.sh
[0.361s] -- Up-to-date: /home/ethereal/qianli/rm_decision/navigator_test_unit/install/navigator_interfaces/share/navigator_interfaces/environment/ament_prefix_path.dsv
[0.361s] -- Up-to-date: /home/ethereal/qianli/rm_decision/navigator_test_unit/install/navigator_interfaces/share/navigator_interfaces/environment/path.sh
[0.361s] -- Up-to-date: /home/ethereal/qianli/rm_decision/navigator_test_unit/install/navigator_interfaces/share/navigator_interfaces/environment/path.dsv
[0.361s] -- Up-to-date: /home/ethereal/qianli/rm_decision/navigator_test_unit/install/navigator_interfaces/share/navigator_interfaces/local_setup.bash
[0.361s] -- Up-to-date: /home/ethereal/qianli/rm_decision/navigator_test_unit/install/navigator_interfaces/share/navigator_interfaces/local_setup.sh
[0.362s] -- Up-to-date: /home/ethereal/qianli/rm_decision/navigator_test_unit/install/navigator_interfaces/share/navigator_interfaces/local_setup.zsh
[0.362s] -- Up-to-date: /home/ethereal/qianli/rm_decision/navigator_test_unit/install/navigator_interfaces/share/navigator_interfaces/local_setup.dsv
[0.363s] -- Installing: /home/ethereal/qianli/rm_decision/navigator_test_unit/install/navigator_interfaces/share/navigator_interfaces/package.dsv
[0.363s] -- Up-to-date: /home/ethereal/qianli/rm_decision/navigator_test_unit/install/navigator_interfaces/share/ament_index/resource_index/packages/navigator_interfaces
[0.363s] -- Up-to-date: /home/ethereal/qianli/rm_decision/navigator_test_unit/install/navigator_interfaces/share/navigator_interfaces/cmake/export_navigator_interfaces__rosidl_generator_cExport.cmake
[0.363s] -- Up-to-date: /home/ethereal/qianli/rm_decision/navigator_test_unit/install/navigator_interfaces/share/navigator_interfaces/cmake/export_navigator_interfaces__rosidl_generator_cExport-noconfig.cmake
[0.364s] -- Up-to-date: /home/ethereal/qianli/rm_decision/navigator_test_unit/install/navigator_interfaces/share/navigator_interfaces/cmake/export_navigator_interfaces__rosidl_typesupport_fastrtps_cExport.cmake
[0.364s] -- Up-to-date: /home/ethereal/qianli/rm_decision/navigator_test_unit/install/navigator_interfaces/share/navigator_interfaces/cmake/export_navigator_interfaces__rosidl_typesupport_fastrtps_cExport-noconfig.cmake
[0.365s] -- Up-to-date: /home/ethereal/qianli/rm_decision/navigator_test_unit/install/navigator_interfaces/share/navigator_interfaces/cmake/export_navigator_interfaces__rosidl_generator_cppExport.cmake
[0.365s] -- Up-to-date: /home/ethereal/qianli/rm_decision/navigator_test_unit/install/navigator_interfaces/share/navigator_interfaces/cmake/export_navigator_interfaces__rosidl_typesupport_fastrtps_cppExport.cmake
[0.365s] -- Up-to-date: /home/ethereal/qianli/rm_decision/navigator_test_unit/install/navigator_interfaces/share/navigator_interfaces/cmake/export_navigator_interfaces__rosidl_typesupport_fastrtps_cppExport-noconfig.cmake
[0.365s] -- Up-to-date: /home/ethereal/qianli/rm_decision/navigator_test_unit/install/navigator_interfaces/share/navigator_interfaces/cmake/navigator_interfaces__rosidl_typesupport_introspection_cExport.cmake
[0.365s] -- Up-to-date: /home/ethereal/qianli/rm_decision/navigator_test_unit/install/navigator_interfaces/share/navigator_interfaces/cmake/navigator_interfaces__rosidl_typesupport_introspection_cExport-noconfig.cmake
[0.365s] -- Up-to-date: /home/ethereal/qianli/rm_decision/navigator_test_unit/install/navigator_interfaces/share/navigator_interfaces/cmake/navigator_interfaces__rosidl_typesupport_cExport.cmake
[0.365s] -- Up-to-date: /home/ethereal/qianli/rm_decision/navigator_test_unit/install/navigator_interfaces/share/navigator_interfaces/cmake/navigator_interfaces__rosidl_typesupport_cExport-noconfig.cmake
[0.366s] -- Up-to-date: /home/ethereal/qianli/rm_decision/navigator_test_unit/install/navigator_interfaces/share/navigator_interfaces/cmake/navigator_interfaces__rosidl_typesupport_introspection_cppExport.cmake
[0.366s] -- Up-to-date: /home/ethereal/qianli/rm_decision/navigator_test_unit/install/navigator_interfaces/share/navigator_interfaces/cmake/navigator_interfaces__rosidl_typesupport_introspection_cppExport-noconfig.cmake
[0.366s] -- Up-to-date: /home/ethereal/qianli/rm_decision/navigator_test_unit/install/navigator_interfaces/share/navigator_interfaces/cmake/navigator_interfaces__rosidl_typesupport_cppExport.cmake
[0.366s] -- Up-to-date: /home/ethereal/qianli/rm_decision/navigator_test_unit/install/navigator_interfaces/share/navigator_interfaces/cmake/navigator_interfaces__rosidl_typesupport_cppExport-noconfig.cmake
[0.366s] -- Up-to-date: /home/ethereal/qianli/rm_decision/navigator_test_unit/install/navigator_interfaces/share/navigator_interfaces/cmake/export_navigator_interfaces__rosidl_generator_pyExport.cmake
[0.366s] -- Up-to-date: /home/ethereal/qianli/rm_decision/navigator_test_unit/install/navigator_interfaces/share/navigator_interfaces/cmake/export_navigator_interfaces__rosidl_generator_pyExport-noconfig.cmake
[0.366s] -- Up-to-date: /home/ethereal/qianli/rm_decision/navigator_test_unit/install/navigator_interfaces/share/navigator_interfaces/cmake/rosidl_cmake-extras.cmake
[0.366s] -- Up-to-date: /home/ethereal/qianli/rm_decision/navigator_test_unit/install/navigator_interfaces/share/navigator_interfaces/cmake/ament_cmake_export_dependencies-extras.cmake
[0.366s] -- Up-to-date: /home/ethereal/qianli/rm_decision/navigator_test_unit/install/navigator_interfaces/share/navigator_interfaces/cmake/ament_cmake_export_include_directories-extras.cmake
[0.366s] -- Up-to-date: /home/ethereal/qianli/rm_decision/navigator_test_unit/install/navigator_interfaces/share/navigator_interfaces/cmake/ament_cmake_export_libraries-extras.cmake
[0.367s] -- Up-to-date: /home/ethereal/qianli/rm_decision/navigator_test_unit/install/navigator_interfaces/share/navigator_interfaces/cmake/ament_cmake_export_targets-extras.cmake
[0.367s] -- Up-to-date: /home/ethereal/qianli/rm_decision/navigator_test_unit/install/navigator_interfaces/share/navigator_interfaces/cmake/rosidl_cmake_export_typesupport_targets-extras.cmake
[0.367s] -- Up-to-date: /home/ethereal/qianli/rm_decision/navigator_test_unit/install/navigator_interfaces/share/navigator_interfaces/cmake/rosidl_cmake_export_typesupport_libraries-extras.cmake
[0.367s] -- Up-to-date: /home/ethereal/qianli/rm_decision/navigator_test_unit/install/navigator_interfaces/share/navigator_interfaces/cmake/navigator_interfacesConfig.cmake
[0.367s] -- Up-to-date: /home/ethereal/qianli/rm_decision/navigator_test_unit/install/navigator_interfaces/share/navigator_interfaces/cmake/navigator_interfacesConfig-version.cmake
[0.367s] -- Up-to-date: /home/ethereal/qianli/rm_decision/navigator_test_unit/install/navigator_interfaces/share/navigator_interfaces/package.xml
[0.367s] Invoked command in '/home/ethereal/qianli/rm_decision/navigator_test_unit/build/navigator_interfaces' returned '0': CMAKE_PREFIX_PATH=${CMAKE_PREFIX_PATH}:/opt/ros/jazzy DEBUGINFOD_URLS=https://debuginfod.ubuntu.com /usr/bin/cmake --install /home/ethereal/qianli/rm_decision/navigator_test_unit/build/navigator_interfaces
