[0.211s] Invoking command in '/home/ethereal/qianli/rm_decision/navigator_test_unit/build/navigator': CMAKE_PREFIX_PATH=${CMAKE_PREFIX_PATH}:/opt/ros/jazzy DEBUGINFOD_URLS=https://debuginfod.ubuntu.com /usr/bin/cmake --build /home/ethereal/qianli/rm_decision/navigator_test_unit/build/navigator -- -j20 -l20
[0.242s] [ 25%] [32mBuilding CXX object CMakeFiles/navigator.dir/src/navigator.cpp.o[0m
[0.242s] [ 50%] [32mBuilding CXX object CMakeFiles/navigator_node.dir/rclcpp_components/node_main_navigator_node.cpp.o[0m
[2.404s] [ 75%] [32m[1mLinking CXX executable navigator_node[0m
[2.704s] [ 75%] Built target navigator_node
[6.190s] [100%] [32m[1mLinking CXX shared library libnavigator.so[0m
[6.633s] [100%] Built target navigator
[6.640s] Invoked command in '/home/ethereal/qianli/rm_decision/navigator_test_unit/build/navigator' returned '0': CMAKE_PREFIX_PATH=${CMAKE_PREFIX_PATH}:/opt/ros/jazzy DEBUGINFOD_URLS=https://debuginfod.ubuntu.com /usr/bin/cmake --build /home/ethereal/qianli/rm_decision/navigator_test_unit/build/navigator -- -j20 -l20
[6.657s] Invoking command in '/home/ethereal/qianli/rm_decision/navigator_test_unit/build/navigator': CMAKE_PREFIX_PATH=${CMAKE_PREFIX_PATH}:/opt/ros/jazzy DEBUGINFOD_URLS=https://debuginfod.ubuntu.com /usr/bin/cmake --install /home/ethereal/qianli/rm_decision/navigator_test_unit/build/navigator
[6.661s] -- Install configuration: ""
[6.662s] -- Installing: /home/ethereal/qianli/rm_decision/navigator_test_unit/install/navigator/lib/navigator/navigator_node
[6.662s] -- Set non-toolchain portion of runtime path of "/home/ethereal/qianli/rm_decision/navigator_test_unit/install/navigator/lib/navigator/navigator_node" to ""
[6.662s] -- Installing: /home/ethereal/qianli/rm_decision/navigator_test_unit/install/navigator/include
[6.662s] -- Installing: /home/ethereal/qianli/rm_decision/navigator_test_unit/install/navigator/include/navigator
[6.662s] -- Installing: /home/ethereal/qianli/rm_decision/navigator_test_unit/install/navigator/share/navigator/environment/library_path.sh
[6.663s] -- Installing: /home/ethereal/qianli/rm_decision/navigator_test_unit/install/navigator/share/navigator/environment/library_path.dsv
[6.663s] -- Installing: /home/ethereal/qianli/rm_decision/navigator_test_unit/install/navigator/lib/libnavigator.so
[6.667s] -- Set non-toolchain portion of runtime path of "/home/ethereal/qianli/rm_decision/navigator_test_unit/install/navigator/lib/libnavigator.so" to ""
[6.667s] -- Installing: /home/ethereal/qianli/rm_decision/navigator_test_unit/install/navigator/share/navigator/launch
[6.667s] -- Installing: /home/ethereal/qianli/rm_decision/navigator_test_unit/install/navigator/share/navigator/launch/launch.py
[6.668s] -- Installing: /home/ethereal/qianli/rm_decision/navigator_test_unit/install/navigator/share/ament_index/resource_index/package_run_dependencies/navigator
[6.668s] -- Installing: /home/ethereal/qianli/rm_decision/navigator_test_unit/install/navigator/share/ament_index/resource_index/parent_prefix_path/navigator
[6.668s] -- Installing: /home/ethereal/qianli/rm_decision/navigator_test_unit/install/navigator/share/navigator/environment/ament_prefix_path.sh
[6.668s] -- Installing: /home/ethereal/qianli/rm_decision/navigator_test_unit/install/navigator/share/navigator/environment/ament_prefix_path.dsv
[6.668s] -- Installing: /home/ethereal/qianli/rm_decision/navigator_test_unit/install/navigator/share/navigator/environment/path.sh
[6.669s] -- Installing: /home/ethereal/qianli/rm_decision/navigator_test_unit/install/navigator/share/navigator/environment/path.dsv
[6.669s] -- Installing: /home/ethereal/qianli/rm_decision/navigator_test_unit/install/navigator/share/navigator/local_setup.bash
[6.669s] -- Installing: /home/ethereal/qianli/rm_decision/navigator_test_unit/install/navigator/share/navigator/local_setup.sh
[6.669s] -- Installing: /home/ethereal/qianli/rm_decision/navigator_test_unit/install/navigator/share/navigator/local_setup.zsh
[6.669s] -- Installing: /home/ethereal/qianli/rm_decision/navigator_test_unit/install/navigator/share/navigator/local_setup.dsv
[6.669s] -- Installing: /home/ethereal/qianli/rm_decision/navigator_test_unit/install/navigator/share/navigator/package.dsv
[6.669s] -- Installing: /home/ethereal/qianli/rm_decision/navigator_test_unit/install/navigator/share/ament_index/resource_index/packages/navigator
[6.669s] -- Installing: /home/ethereal/qianli/rm_decision/navigator_test_unit/install/navigator/share/ament_index/resource_index/rclcpp_components/navigator
[6.669s] -- Installing: /home/ethereal/qianli/rm_decision/navigator_test_unit/install/navigator/share/navigator/cmake/ament_cmake_export_dependencies-extras.cmake
[6.669s] -- Installing: /home/ethereal/qianli/rm_decision/navigator_test_unit/install/navigator/share/navigator/cmake/ament_cmake_export_include_directories-extras.cmake
[6.670s] -- Installing: /home/ethereal/qianli/rm_decision/navigator_test_unit/install/navigator/share/navigator/cmake/ament_cmake_export_libraries-extras.cmake
[6.670s] -- Installing: /home/ethereal/qianli/rm_decision/navigator_test_unit/install/navigator/share/navigator/cmake/navigatorConfig.cmake
[6.670s] -- Installing: /home/ethereal/qianli/rm_decision/navigator_test_unit/install/navigator/share/navigator/cmake/navigatorConfig-version.cmake
[6.670s] -- Installing: /home/ethereal/qianli/rm_decision/navigator_test_unit/install/navigator/share/navigator/package.xml
[6.670s] -- Up-to-date: /home/ethereal/qianli/rm_decision/navigator_test_unit/install/navigator/share/navigator/launch
[6.670s] -- Up-to-date: /home/ethereal/qianli/rm_decision/navigator_test_unit/install/navigator/share/navigator/launch/launch.py
[6.671s] Invoked command in '/home/ethereal/qianli/rm_decision/navigator_test_unit/build/navigator' returned '0': CMAKE_PREFIX_PATH=${CMAKE_PREFIX_PATH}:/opt/ros/jazzy DEBUGINFOD_URLS=https://debuginfod.ubuntu.com /usr/bin/cmake --install /home/ethereal/qianli/rm_decision/navigator_test_unit/build/navigator
