[0.010s] Invoking command in '/home/ethereal/qianli/rm_decision/navigator_test_unit/build/rm_decision_interfaces': CMAKE_PREFIX_PATH=${CMAKE_PREFIX_PATH}:/opt/ros/jazzy DEBUGINFOD_URLS=https://debuginfod.ubuntu.com /usr/bin/cmake --build /home/ethereal/qianli/rm_decision/navigator_test_unit/build/rm_decision_interfaces -- -j20 -l20
[0.044s] [  1%] Built target rm_decision_interfaces__rosidl_generator_type_description
[0.051s] [  1%] Built target ament_cmake_python_copy_rm_decision_interfaces
[0.058s] [  1%] Built target rm_decision_interfaces__cpp
[0.063s] [ 27%] Built target rm_decision_interfaces__rosidl_generator_c
[0.080s] [ 36%] Built target rm_decision_interfaces__rosidl_typesupport_c
[0.081s] [ 46%] Built target rm_decision_interfaces__rosidl_typesupport_introspection_c
[0.082s] [ 56%] Built target rm_decision_interfaces__rosidl_typesupport_cpp
[0.083s] [ 65%] Built target rm_decision_interfaces__rosidl_typesupport_fastrtps_cpp
[0.083s] [ 75%] Built target rm_decision_interfaces__rosidl_typesupport_fastrtps_c
[0.085s] [ 85%] Built target rm_decision_interfaces__rosidl_typesupport_introspection_cpp
[0.098s] [ 85%] Built target rm_decision_interfaces
[0.112s] [ 86%] Built target rm_decision_interfaces__py
[0.130s] [ 95%] Built target rm_decision_interfaces__rosidl_generator_py
[0.145s] [ 97%] Built target rm_decision_interfaces_s__rosidl_typesupport_introspection_c
[0.145s] [100%] Built target rm_decision_interfaces_s__rosidl_typesupport_fastrtps_c
[0.145s] [100%] Built target rm_decision_interfaces_s__rosidl_typesupport_c
[0.192s] running egg_info
[0.203s] writing rm_decision_interfaces.egg-info/PKG-INFO
[0.203s] writing dependency_links to rm_decision_interfaces.egg-info/dependency_links.txt
[0.203s] writing top-level names to rm_decision_interfaces.egg-info/top_level.txt
[0.235s] reading manifest file 'rm_decision_interfaces.egg-info/SOURCES.txt'
[0.235s] writing manifest file 'rm_decision_interfaces.egg-info/SOURCES.txt'
[0.254s] [100%] Built target ament_cmake_python_build_rm_decision_interfaces_egg
[0.261s] Invoked command in '/home/ethereal/qianli/rm_decision/navigator_test_unit/build/rm_decision_interfaces' returned '0': CMAKE_PREFIX_PATH=${CMAKE_PREFIX_PATH}:/opt/ros/jazzy DEBUGINFOD_URLS=https://debuginfod.ubuntu.com /usr/bin/cmake --build /home/ethereal/qianli/rm_decision/navigator_test_unit/build/rm_decision_interfaces -- -j20 -l20
[0.412s] Invoking command in '/home/ethereal/qianli/rm_decision/navigator_test_unit/build/rm_decision_interfaces': CMAKE_PREFIX_PATH=${CMAKE_PREFIX_PATH}:/opt/ros/jazzy DEBUGINFOD_URLS=https://debuginfod.ubuntu.com /usr/bin/cmake --install /home/ethereal/qianli/rm_decision/navigator_test_unit/build/rm_decision_interfaces
[0.418s] -- Install configuration: ""
[0.418s] -- Up-to-date: /home/ethereal/qianli/rm_decision/navigator_test_unit/install/rm_decision_interfaces/share/ament_index/resource_index/rosidl_interfaces/rm_decision_interfaces
[0.418s] -- Up-to-date: /home/ethereal/qianli/rm_decision/navigator_test_unit/install/rm_decision_interfaces/share/rm_decision_interfaces/msg/AllRobotHP.json
[0.418s] -- Up-to-date: /home/ethereal/qianli/rm_decision/navigator_test_unit/install/rm_decision_interfaces/share/rm_decision_interfaces/msg/Armor.json
[0.418s] -- Up-to-date: /home/ethereal/qianli/rm_decision/navigator_test_unit/install/rm_decision_interfaces/share/rm_decision_interfaces/msg/FriendLocation.json
[0.418s] -- Up-to-date: /home/ethereal/qianli/rm_decision/navigator_test_unit/install/rm_decision_interfaces/share/rm_decision_interfaces/msg/RFID.json
[0.419s] -- Up-to-date: /home/ethereal/qianli/rm_decision/navigator_test_unit/install/rm_decision_interfaces/share/rm_decision_interfaces/msg/RobotStatus.json
[0.419s] -- Up-to-date: /home/ethereal/qianli/rm_decision/navigator_test_unit/install/rm_decision_interfaces/share/rm_decision_interfaces/msg/ToSerial.json
[0.419s] -- Up-to-date: /home/ethereal/qianli/rm_decision/navigator_test_unit/install/rm_decision_interfaces/share/rm_decision_interfaces/msg/FromSerial.json
[0.419s] -- Up-to-date: /home/ethereal/qianli/rm_decision/navigator_test_unit/install/rm_decision_interfaces/share/rm_decision_interfaces/msg/ReceiveSerial.json
[0.419s] -- Up-to-date: /home/ethereal/qianli/rm_decision/navigator_test_unit/install/rm_decision_interfaces/share/rm_decision_interfaces/msg/ToAutoAim.json
[0.419s] -- Up-to-date: /home/ethereal/qianli/rm_decision/navigator_test_unit/install/rm_decision_interfaces/share/rm_decision_interfaces/msg/Navigate.json
[0.419s] -- Up-to-date: /home/ethereal/qianli/rm_decision/navigator_test_unit/install/rm_decision_interfaces/include/rm_decision_interfaces/rm_decision_interfaces
[0.420s] -- Up-to-date: /home/ethereal/qianli/rm_decision/navigator_test_unit/install/rm_decision_interfaces/include/rm_decision_interfaces/rm_decision_interfaces/msg
[0.420s] -- Up-to-date: /home/ethereal/qianli/rm_decision/navigator_test_unit/install/rm_decision_interfaces/include/rm_decision_interfaces/rm_decision_interfaces/msg/detail
[0.420s] -- Up-to-date: /home/ethereal/qianli/rm_decision/navigator_test_unit/install/rm_decision_interfaces/include/rm_decision_interfaces/rm_decision_interfaces/msg/detail/to_auto_aim__functions.c
[0.420s] -- Up-to-date: /home/ethereal/qianli/rm_decision/navigator_test_unit/install/rm_decision_interfaces/include/rm_decision_interfaces/rm_decision_interfaces/msg/detail/from_serial__type_support.h
[0.420s] -- Up-to-date: /home/ethereal/qianli/rm_decision/navigator_test_unit/install/rm_decision_interfaces/include/rm_decision_interfaces/rm_decision_interfaces/msg/detail/to_auto_aim__description.c
[0.420s] -- Up-to-date: /home/ethereal/qianli/rm_decision/navigator_test_unit/install/rm_decision_interfaces/include/rm_decision_interfaces/rm_decision_interfaces/msg/detail/to_serial__functions.c
[0.420s] -- Up-to-date: /home/ethereal/qianli/rm_decision/navigator_test_unit/install/rm_decision_interfaces/include/rm_decision_interfaces/rm_decision_interfaces/msg/detail/to_serial__type_support.h
[0.421s] -- Up-to-date: /home/ethereal/qianli/rm_decision/navigator_test_unit/install/rm_decision_interfaces/include/rm_decision_interfaces/rm_decision_interfaces/msg/detail/receive_serial__functions.c
[0.421s] -- Up-to-date: /home/ethereal/qianli/rm_decision/navigator_test_unit/install/rm_decision_interfaces/include/rm_decision_interfaces/rm_decision_interfaces/msg/detail/armor__type_support.h
[0.421s] -- Up-to-date: /home/ethereal/qianli/rm_decision/navigator_test_unit/install/rm_decision_interfaces/include/rm_decision_interfaces/rm_decision_interfaces/msg/detail/navigate__struct.h
[0.421s] -- Up-to-date: /home/ethereal/qianli/rm_decision/navigator_test_unit/install/rm_decision_interfaces/include/rm_decision_interfaces/rm_decision_interfaces/msg/detail/robot_status__struct.h
[0.421s] -- Up-to-date: /home/ethereal/qianli/rm_decision/navigator_test_unit/install/rm_decision_interfaces/include/rm_decision_interfaces/rm_decision_interfaces/msg/detail/receive_serial__struct.h
[0.421s] -- Up-to-date: /home/ethereal/qianli/rm_decision/navigator_test_unit/install/rm_decision_interfaces/include/rm_decision_interfaces/rm_decision_interfaces/msg/detail/navigate__description.c
[0.421s] -- Up-to-date: /home/ethereal/qianli/rm_decision/navigator_test_unit/install/rm_decision_interfaces/include/rm_decision_interfaces/rm_decision_interfaces/msg/detail/armor__functions.h
[0.421s] -- Up-to-date: /home/ethereal/qianli/rm_decision/navigator_test_unit/install/rm_decision_interfaces/include/rm_decision_interfaces/rm_decision_interfaces/msg/detail/robot_status__functions.c
[0.421s] -- Up-to-date: /home/ethereal/qianli/rm_decision/navigator_test_unit/install/rm_decision_interfaces/include/rm_decision_interfaces/rm_decision_interfaces/msg/detail/from_serial__functions.h
[0.421s] -- Up-to-date: /home/ethereal/qianli/rm_decision/navigator_test_unit/install/rm_decision_interfaces/include/rm_decision_interfaces/rm_decision_interfaces/msg/detail/to_auto_aim__functions.h
[0.422s] -- Up-to-date: /home/ethereal/qianli/rm_decision/navigator_test_unit/install/rm_decision_interfaces/include/rm_decision_interfaces/rm_decision_interfaces/msg/detail/all_robot_hp__type_support.h
[0.422s] -- Up-to-date: /home/ethereal/qianli/rm_decision/navigator_test_unit/install/rm_decision_interfaces/include/rm_decision_interfaces/rm_decision_interfaces/msg/detail/navigate__functions.h
[0.422s] -- Up-to-date: /home/ethereal/qianli/rm_decision/navigator_test_unit/install/rm_decision_interfaces/include/rm_decision_interfaces/rm_decision_interfaces/msg/detail/rfid__type_support.c
[0.422s] -- Up-to-date: /home/ethereal/qianli/rm_decision/navigator_test_unit/install/rm_decision_interfaces/include/rm_decision_interfaces/rm_decision_interfaces/msg/detail/to_auto_aim__type_support.h
[0.422s] -- Up-to-date: /home/ethereal/qianli/rm_decision/navigator_test_unit/install/rm_decision_interfaces/include/rm_decision_interfaces/rm_decision_interfaces/msg/detail/rfid__type_support.h
[0.422s] -- Up-to-date: /home/ethereal/qianli/rm_decision/navigator_test_unit/install/rm_decision_interfaces/include/rm_decision_interfaces/rm_decision_interfaces/msg/detail/to_serial__functions.h
[0.422s] -- Up-to-date: /home/ethereal/qianli/rm_decision/navigator_test_unit/install/rm_decision_interfaces/include/rm_decision_interfaces/rm_decision_interfaces/msg/detail/to_auto_aim__type_support.c
[0.422s] -- Up-to-date: /home/ethereal/qianli/rm_decision/navigator_test_unit/install/rm_decision_interfaces/include/rm_decision_interfaces/rm_decision_interfaces/msg/detail/to_serial__type_support.c
[0.422s] -- Up-to-date: /home/ethereal/qianli/rm_decision/navigator_test_unit/install/rm_decision_interfaces/include/rm_decision_interfaces/rm_decision_interfaces/msg/detail/navigate__type_support.h
[0.423s] -- Up-to-date: /home/ethereal/qianli/rm_decision/navigator_test_unit/install/rm_decision_interfaces/include/rm_decision_interfaces/rm_decision_interfaces/msg/detail/all_robot_hp__functions.c
[0.423s] -- Up-to-date: /home/ethereal/qianli/rm_decision/navigator_test_unit/install/rm_decision_interfaces/include/rm_decision_interfaces/rm_decision_interfaces/msg/detail/receive_serial__type_support.h
[0.423s] -- Up-to-date: /home/ethereal/qianli/rm_decision/navigator_test_unit/install/rm_decision_interfaces/include/rm_decision_interfaces/rm_decision_interfaces/msg/detail/from_serial__functions.c
[0.423s] -- Up-to-date: /home/ethereal/qianli/rm_decision/navigator_test_unit/install/rm_decision_interfaces/include/rm_decision_interfaces/rm_decision_interfaces/msg/detail/friend_location__description.c
[0.423s] -- Up-to-date: /home/ethereal/qianli/rm_decision/navigator_test_unit/install/rm_decision_interfaces/include/rm_decision_interfaces/rm_decision_interfaces/msg/detail/navigate__type_support.c
[0.423s] -- Up-to-date: /home/ethereal/qianli/rm_decision/navigator_test_unit/install/rm_decision_interfaces/include/rm_decision_interfaces/rm_decision_interfaces/msg/detail/from_serial__description.c
[0.423s] -- Up-to-date: /home/ethereal/qianli/rm_decision/navigator_test_unit/install/rm_decision_interfaces/include/rm_decision_interfaces/rm_decision_interfaces/msg/detail/to_serial__description.c
[0.423s] -- Up-to-date: /home/ethereal/qianli/rm_decision/navigator_test_unit/install/rm_decision_interfaces/include/rm_decision_interfaces/rm_decision_interfaces/msg/detail/to_serial__struct.h
[0.423s] -- Up-to-date: /home/ethereal/qianli/rm_decision/navigator_test_unit/install/rm_decision_interfaces/include/rm_decision_interfaces/rm_decision_interfaces/msg/detail/armor__description.c
[0.423s] -- Up-to-date: /home/ethereal/qianli/rm_decision/navigator_test_unit/install/rm_decision_interfaces/include/rm_decision_interfaces/rm_decision_interfaces/msg/detail/from_serial__type_support.c
[0.424s] -- Up-to-date: /home/ethereal/qianli/rm_decision/navigator_test_unit/install/rm_decision_interfaces/include/rm_decision_interfaces/rm_decision_interfaces/msg/detail/all_robot_hp__functions.h
[0.424s] -- Up-to-date: /home/ethereal/qianli/rm_decision/navigator_test_unit/install/rm_decision_interfaces/include/rm_decision_interfaces/rm_decision_interfaces/msg/detail/rfid__struct.h
[0.424s] -- Up-to-date: /home/ethereal/qianli/rm_decision/navigator_test_unit/install/rm_decision_interfaces/include/rm_decision_interfaces/rm_decision_interfaces/msg/detail/navigate__functions.c
[0.424s] -- Up-to-date: /home/ethereal/qianli/rm_decision/navigator_test_unit/install/rm_decision_interfaces/include/rm_decision_interfaces/rm_decision_interfaces/msg/detail/friend_location__type_support.c
[0.424s] -- Up-to-date: /home/ethereal/qianli/rm_decision/navigator_test_unit/install/rm_decision_interfaces/include/rm_decision_interfaces/rm_decision_interfaces/msg/detail/friend_location__functions.h
[0.424s] -- Up-to-date: /home/ethereal/qianli/rm_decision/navigator_test_unit/install/rm_decision_interfaces/include/rm_decision_interfaces/rm_decision_interfaces/msg/detail/rfid__functions.h
[0.424s] -- Up-to-date: /home/ethereal/qianli/rm_decision/navigator_test_unit/install/rm_decision_interfaces/include/rm_decision_interfaces/rm_decision_interfaces/msg/detail/receive_serial__type_support.c
[0.424s] -- Up-to-date: /home/ethereal/qianli/rm_decision/navigator_test_unit/install/rm_decision_interfaces/include/rm_decision_interfaces/rm_decision_interfaces/msg/detail/receive_serial__functions.h
[0.425s] -- Up-to-date: /home/ethereal/qianli/rm_decision/navigator_test_unit/install/rm_decision_interfaces/include/rm_decision_interfaces/rm_decision_interfaces/msg/detail/robot_status__functions.h
[0.425s] -- Up-to-date: /home/ethereal/qianli/rm_decision/navigator_test_unit/install/rm_decision_interfaces/include/rm_decision_interfaces/rm_decision_interfaces/msg/detail/all_robot_hp__description.c
[0.425s] -- Up-to-date: /home/ethereal/qianli/rm_decision/navigator_test_unit/install/rm_decision_interfaces/include/rm_decision_interfaces/rm_decision_interfaces/msg/detail/to_auto_aim__struct.h
[0.425s] -- Up-to-date: /home/ethereal/qianli/rm_decision/navigator_test_unit/install/rm_decision_interfaces/include/rm_decision_interfaces/rm_decision_interfaces/msg/detail/armor__type_support.c
[0.425s] -- Up-to-date: /home/ethereal/qianli/rm_decision/navigator_test_unit/install/rm_decision_interfaces/include/rm_decision_interfaces/rm_decision_interfaces/msg/detail/robot_status__type_support.h
[0.425s] -- Up-to-date: /home/ethereal/qianli/rm_decision/navigator_test_unit/install/rm_decision_interfaces/include/rm_decision_interfaces/rm_decision_interfaces/msg/detail/all_robot_hp__struct.h
[0.425s] -- Up-to-date: /home/ethereal/qianli/rm_decision/navigator_test_unit/install/rm_decision_interfaces/include/rm_decision_interfaces/rm_decision_interfaces/msg/detail/rfid__functions.c
[0.425s] -- Up-to-date: /home/ethereal/qianli/rm_decision/navigator_test_unit/install/rm_decision_interfaces/include/rm_decision_interfaces/rm_decision_interfaces/msg/detail/friend_location__struct.h
[0.426s] -- Up-to-date: /home/ethereal/qianli/rm_decision/navigator_test_unit/install/rm_decision_interfaces/include/rm_decision_interfaces/rm_decision_interfaces/msg/detail/robot_status__type_support.c
[0.426s] -- Up-to-date: /home/ethereal/qianli/rm_decision/navigator_test_unit/install/rm_decision_interfaces/include/rm_decision_interfaces/rm_decision_interfaces/msg/detail/all_robot_hp__type_support.c
[0.426s] -- Up-to-date: /home/ethereal/qianli/rm_decision/navigator_test_unit/install/rm_decision_interfaces/include/rm_decision_interfaces/rm_decision_interfaces/msg/detail/friend_location__type_support.h
[0.426s] -- Up-to-date: /home/ethereal/qianli/rm_decision/navigator_test_unit/install/rm_decision_interfaces/include/rm_decision_interfaces/rm_decision_interfaces/msg/detail/armor__struct.h
[0.426s] -- Up-to-date: /home/ethereal/qianli/rm_decision/navigator_test_unit/install/rm_decision_interfaces/include/rm_decision_interfaces/rm_decision_interfaces/msg/detail/from_serial__struct.h
[0.426s] -- Up-to-date: /home/ethereal/qianli/rm_decision/navigator_test_unit/install/rm_decision_interfaces/include/rm_decision_interfaces/rm_decision_interfaces/msg/detail/receive_serial__description.c
[0.426s] -- Up-to-date: /home/ethereal/qianli/rm_decision/navigator_test_unit/install/rm_decision_interfaces/include/rm_decision_interfaces/rm_decision_interfaces/msg/detail/friend_location__functions.c
[0.426s] -- Up-to-date: /home/ethereal/qianli/rm_decision/navigator_test_unit/install/rm_decision_interfaces/include/rm_decision_interfaces/rm_decision_interfaces/msg/detail/rfid__description.c
[0.426s] -- Up-to-date: /home/ethereal/qianli/rm_decision/navigator_test_unit/install/rm_decision_interfaces/include/rm_decision_interfaces/rm_decision_interfaces/msg/detail/robot_status__description.c
[0.426s] -- Up-to-date: /home/ethereal/qianli/rm_decision/navigator_test_unit/install/rm_decision_interfaces/include/rm_decision_interfaces/rm_decision_interfaces/msg/detail/armor__functions.c
[0.426s] -- Up-to-date: /home/ethereal/qianli/rm_decision/navigator_test_unit/install/rm_decision_interfaces/include/rm_decision_interfaces/rm_decision_interfaces/msg/from_serial.h
[0.426s] -- Up-to-date: /home/ethereal/qianli/rm_decision/navigator_test_unit/install/rm_decision_interfaces/include/rm_decision_interfaces/rm_decision_interfaces/msg/to_auto_aim.h
[0.426s] -- Up-to-date: /home/ethereal/qianli/rm_decision/navigator_test_unit/install/rm_decision_interfaces/include/rm_decision_interfaces/rm_decision_interfaces/msg/all_robot_hp.h
[0.426s] -- Up-to-date: /home/ethereal/qianli/rm_decision/navigator_test_unit/install/rm_decision_interfaces/include/rm_decision_interfaces/rm_decision_interfaces/msg/rosidl_generator_c__visibility_control.h
[0.426s] -- Up-to-date: /home/ethereal/qianli/rm_decision/navigator_test_unit/install/rm_decision_interfaces/include/rm_decision_interfaces/rm_decision_interfaces/msg/to_serial.h
[0.426s] -- Up-to-date: /home/ethereal/qianli/rm_decision/navigator_test_unit/install/rm_decision_interfaces/include/rm_decision_interfaces/rm_decision_interfaces/msg/robot_status.h
[0.426s] -- Up-to-date: /home/ethereal/qianli/rm_decision/navigator_test_unit/install/rm_decision_interfaces/include/rm_decision_interfaces/rm_decision_interfaces/msg/rfid.h
[0.426s] -- Up-to-date: /home/ethereal/qianli/rm_decision/navigator_test_unit/install/rm_decision_interfaces/include/rm_decision_interfaces/rm_decision_interfaces/msg/navigate.h
[0.426s] -- Up-to-date: /home/ethereal/qianli/rm_decision/navigator_test_unit/install/rm_decision_interfaces/include/rm_decision_interfaces/rm_decision_interfaces/msg/friend_location.h
[0.426s] -- Up-to-date: /home/ethereal/qianli/rm_decision/navigator_test_unit/install/rm_decision_interfaces/include/rm_decision_interfaces/rm_decision_interfaces/msg/receive_serial.h
[0.426s] -- Up-to-date: /home/ethereal/qianli/rm_decision/navigator_test_unit/install/rm_decision_interfaces/include/rm_decision_interfaces/rm_decision_interfaces/msg/armor.h
[0.426s] -- Up-to-date: /home/ethereal/qianli/rm_decision/navigator_test_unit/install/rm_decision_interfaces/share/rm_decision_interfaces/environment/library_path.sh
[0.426s] -- Up-to-date: /home/ethereal/qianli/rm_decision/navigator_test_unit/install/rm_decision_interfaces/share/rm_decision_interfaces/environment/library_path.dsv
[0.426s] -- Up-to-date: /home/ethereal/qianli/rm_decision/navigator_test_unit/install/rm_decision_interfaces/lib/librm_decision_interfaces__rosidl_generator_c.so
[0.426s] -- Up-to-date: /home/ethereal/qianli/rm_decision/navigator_test_unit/install/rm_decision_interfaces/include/rm_decision_interfaces/rm_decision_interfaces
[0.426s] -- Up-to-date: /home/ethereal/qianli/rm_decision/navigator_test_unit/install/rm_decision_interfaces/include/rm_decision_interfaces/rm_decision_interfaces/msg
[0.426s] -- Up-to-date: /home/ethereal/qianli/rm_decision/navigator_test_unit/install/rm_decision_interfaces/include/rm_decision_interfaces/rm_decision_interfaces/msg/detail
[0.426s] -- Up-to-date: /home/ethereal/qianli/rm_decision/navigator_test_unit/install/rm_decision_interfaces/include/rm_decision_interfaces/rm_decision_interfaces/msg/detail/to_serial__rosidl_typesupport_fastrtps_c.h
[0.427s] -- Up-to-date: /home/ethereal/qianli/rm_decision/navigator_test_unit/install/rm_decision_interfaces/include/rm_decision_interfaces/rm_decision_interfaces/msg/detail/navigate__rosidl_typesupport_fastrtps_c.h
[0.427s] -- Up-to-date: /home/ethereal/qianli/rm_decision/navigator_test_unit/install/rm_decision_interfaces/include/rm_decision_interfaces/rm_decision_interfaces/msg/detail/to_auto_aim__rosidl_typesupport_fastrtps_c.h
[0.427s] -- Up-to-date: /home/ethereal/qianli/rm_decision/navigator_test_unit/install/rm_decision_interfaces/include/rm_decision_interfaces/rm_decision_interfaces/msg/detail/all_robot_hp__rosidl_typesupport_fastrtps_c.h
[0.427s] -- Up-to-date: /home/ethereal/qianli/rm_decision/navigator_test_unit/install/rm_decision_interfaces/include/rm_decision_interfaces/rm_decision_interfaces/msg/detail/from_serial__rosidl_typesupport_fastrtps_c.h
[0.427s] -- Up-to-date: /home/ethereal/qianli/rm_decision/navigator_test_unit/install/rm_decision_interfaces/include/rm_decision_interfaces/rm_decision_interfaces/msg/detail/armor__rosidl_typesupport_fastrtps_c.h
[0.427s] -- Up-to-date: /home/ethereal/qianli/rm_decision/navigator_test_unit/install/rm_decision_interfaces/include/rm_decision_interfaces/rm_decision_interfaces/msg/detail/robot_status__rosidl_typesupport_fastrtps_c.h
[0.427s] -- Up-to-date: /home/ethereal/qianli/rm_decision/navigator_test_unit/install/rm_decision_interfaces/include/rm_decision_interfaces/rm_decision_interfaces/msg/detail/receive_serial__rosidl_typesupport_fastrtps_c.h
[0.427s] -- Up-to-date: /home/ethereal/qianli/rm_decision/navigator_test_unit/install/rm_decision_interfaces/include/rm_decision_interfaces/rm_decision_interfaces/msg/detail/rfid__rosidl_typesupport_fastrtps_c.h
[0.427s] -- Up-to-date: /home/ethereal/qianli/rm_decision/navigator_test_unit/install/rm_decision_interfaces/include/rm_decision_interfaces/rm_decision_interfaces/msg/detail/friend_location__rosidl_typesupport_fastrtps_c.h
[0.427s] -- Up-to-date: /home/ethereal/qianli/rm_decision/navigator_test_unit/install/rm_decision_interfaces/include/rm_decision_interfaces/rm_decision_interfaces/msg/rosidl_typesupport_fastrtps_c__visibility_control.h
[0.427s] -- Up-to-date: /home/ethereal/qianli/rm_decision/navigator_test_unit/install/rm_decision_interfaces/lib/librm_decision_interfaces__rosidl_typesupport_fastrtps_c.so
[0.427s] -- Up-to-date: /home/ethereal/qianli/rm_decision/navigator_test_unit/install/rm_decision_interfaces/include/rm_decision_interfaces/rm_decision_interfaces
[0.427s] -- Up-to-date: /home/ethereal/qianli/rm_decision/navigator_test_unit/install/rm_decision_interfaces/include/rm_decision_interfaces/rm_decision_interfaces/msg
[0.427s] -- Up-to-date: /home/ethereal/qianli/rm_decision/navigator_test_unit/install/rm_decision_interfaces/include/rm_decision_interfaces/rm_decision_interfaces/msg/to_auto_aim.hpp
[0.427s] -- Up-to-date: /home/ethereal/qianli/rm_decision/navigator_test_unit/install/rm_decision_interfaces/include/rm_decision_interfaces/rm_decision_interfaces/msg/detail
[0.427s] -- Up-to-date: /home/ethereal/qianli/rm_decision/navigator_test_unit/install/rm_decision_interfaces/include/rm_decision_interfaces/rm_decision_interfaces/msg/detail/to_serial__builder.hpp
[0.427s] -- Up-to-date: /home/ethereal/qianli/rm_decision/navigator_test_unit/install/rm_decision_interfaces/include/rm_decision_interfaces/rm_decision_interfaces/msg/detail/receive_serial__type_support.hpp
[0.427s] -- Up-to-date: /home/ethereal/qianli/rm_decision/navigator_test_unit/install/rm_decision_interfaces/include/rm_decision_interfaces/rm_decision_interfaces/msg/detail/all_robot_hp__traits.hpp
[0.427s] -- Up-to-date: /home/ethereal/qianli/rm_decision/navigator_test_unit/install/rm_decision_interfaces/include/rm_decision_interfaces/rm_decision_interfaces/msg/detail/robot_status__builder.hpp
[0.427s] -- Up-to-date: /home/ethereal/qianli/rm_decision/navigator_test_unit/install/rm_decision_interfaces/include/rm_decision_interfaces/rm_decision_interfaces/msg/detail/friend_location__type_support.hpp
[0.427s] -- Up-to-date: /home/ethereal/qianli/rm_decision/navigator_test_unit/install/rm_decision_interfaces/include/rm_decision_interfaces/rm_decision_interfaces/msg/detail/all_robot_hp__type_support.hpp
[0.427s] -- Up-to-date: /home/ethereal/qianli/rm_decision/navigator_test_unit/install/rm_decision_interfaces/include/rm_decision_interfaces/rm_decision_interfaces/msg/detail/navigate__builder.hpp
[0.427s] -- Up-to-date: /home/ethereal/qianli/rm_decision/navigator_test_unit/install/rm_decision_interfaces/include/rm_decision_interfaces/rm_decision_interfaces/msg/detail/to_serial__traits.hpp
[0.427s] -- Up-to-date: /home/ethereal/qianli/rm_decision/navigator_test_unit/install/rm_decision_interfaces/include/rm_decision_interfaces/rm_decision_interfaces/msg/detail/robot_status__type_support.hpp
[0.427s] -- Up-to-date: /home/ethereal/qianli/rm_decision/navigator_test_unit/install/rm_decision_interfaces/include/rm_decision_interfaces/rm_decision_interfaces/msg/detail/to_serial__type_support.hpp
[0.427s] -- Up-to-date: /home/ethereal/qianli/rm_decision/navigator_test_unit/install/rm_decision_interfaces/include/rm_decision_interfaces/rm_decision_interfaces/msg/detail/friend_location__struct.hpp
[0.427s] -- Up-to-date: /home/ethereal/qianli/rm_decision/navigator_test_unit/install/rm_decision_interfaces/include/rm_decision_interfaces/rm_decision_interfaces/msg/detail/navigate__struct.hpp
[0.427s] -- Up-to-date: /home/ethereal/qianli/rm_decision/navigator_test_unit/install/rm_decision_interfaces/include/rm_decision_interfaces/rm_decision_interfaces/msg/detail/receive_serial__traits.hpp
[0.428s] -- Up-to-date: /home/ethereal/qianli/rm_decision/navigator_test_unit/install/rm_decision_interfaces/include/rm_decision_interfaces/rm_decision_interfaces/msg/detail/from_serial__traits.hpp
[0.428s] -- Up-to-date: /home/ethereal/qianli/rm_decision/navigator_test_unit/install/rm_decision_interfaces/include/rm_decision_interfaces/rm_decision_interfaces/msg/detail/to_auto_aim__builder.hpp
[0.428s] -- Up-to-date: /home/ethereal/qianli/rm_decision/navigator_test_unit/install/rm_decision_interfaces/include/rm_decision_interfaces/rm_decision_interfaces/msg/detail/from_serial__struct.hpp
[0.428s] -- Up-to-date: /home/ethereal/qianli/rm_decision/navigator_test_unit/install/rm_decision_interfaces/include/rm_decision_interfaces/rm_decision_interfaces/msg/detail/all_robot_hp__builder.hpp
[0.428s] -- Up-to-date: /home/ethereal/qianli/rm_decision/navigator_test_unit/install/rm_decision_interfaces/include/rm_decision_interfaces/rm_decision_interfaces/msg/detail/rfid__builder.hpp
[0.428s] -- Up-to-date: /home/ethereal/qianli/rm_decision/navigator_test_unit/install/rm_decision_interfaces/include/rm_decision_interfaces/rm_decision_interfaces/msg/detail/armor__struct.hpp
[0.428s] -- Up-to-date: /home/ethereal/qianli/rm_decision/navigator_test_unit/install/rm_decision_interfaces/include/rm_decision_interfaces/rm_decision_interfaces/msg/detail/armor__builder.hpp
[0.428s] -- Up-to-date: /home/ethereal/qianli/rm_decision/navigator_test_unit/install/rm_decision_interfaces/include/rm_decision_interfaces/rm_decision_interfaces/msg/detail/armor__type_support.hpp
[0.428s] -- Up-to-date: /home/ethereal/qianli/rm_decision/navigator_test_unit/install/rm_decision_interfaces/include/rm_decision_interfaces/rm_decision_interfaces/msg/detail/to_auto_aim__traits.hpp
[0.428s] -- Up-to-date: /home/ethereal/qianli/rm_decision/navigator_test_unit/install/rm_decision_interfaces/include/rm_decision_interfaces/rm_decision_interfaces/msg/detail/friend_location__traits.hpp
[0.428s] -- Up-to-date: /home/ethereal/qianli/rm_decision/navigator_test_unit/install/rm_decision_interfaces/include/rm_decision_interfaces/rm_decision_interfaces/msg/detail/from_serial__type_support.hpp
[0.428s] -- Up-to-date: /home/ethereal/qianli/rm_decision/navigator_test_unit/install/rm_decision_interfaces/include/rm_decision_interfaces/rm_decision_interfaces/msg/detail/receive_serial__struct.hpp
[0.428s] -- Up-to-date: /home/ethereal/qianli/rm_decision/navigator_test_unit/install/rm_decision_interfaces/include/rm_decision_interfaces/rm_decision_interfaces/msg/detail/friend_location__builder.hpp
[0.428s] -- Up-to-date: /home/ethereal/qianli/rm_decision/navigator_test_unit/install/rm_decision_interfaces/include/rm_decision_interfaces/rm_decision_interfaces/msg/detail/robot_status__traits.hpp
[0.428s] -- Up-to-date: /home/ethereal/qianli/rm_decision/navigator_test_unit/install/rm_decision_interfaces/include/rm_decision_interfaces/rm_decision_interfaces/msg/detail/armor__traits.hpp
[0.428s] -- Up-to-date: /home/ethereal/qianli/rm_decision/navigator_test_unit/install/rm_decision_interfaces/include/rm_decision_interfaces/rm_decision_interfaces/msg/detail/receive_serial__builder.hpp
[0.428s] -- Up-to-date: /home/ethereal/qianli/rm_decision/navigator_test_unit/install/rm_decision_interfaces/include/rm_decision_interfaces/rm_decision_interfaces/msg/detail/rfid__type_support.hpp
[0.428s] -- Up-to-date: /home/ethereal/qianli/rm_decision/navigator_test_unit/install/rm_decision_interfaces/include/rm_decision_interfaces/rm_decision_interfaces/msg/detail/navigate__traits.hpp
[0.428s] -- Up-to-date: /home/ethereal/qianli/rm_decision/navigator_test_unit/install/rm_decision_interfaces/include/rm_decision_interfaces/rm_decision_interfaces/msg/detail/all_robot_hp__struct.hpp
[0.428s] -- Up-to-date: /home/ethereal/qianli/rm_decision/navigator_test_unit/install/rm_decision_interfaces/include/rm_decision_interfaces/rm_decision_interfaces/msg/detail/to_auto_aim__type_support.hpp
[0.428s] -- Up-to-date: /home/ethereal/qianli/rm_decision/navigator_test_unit/install/rm_decision_interfaces/include/rm_decision_interfaces/rm_decision_interfaces/msg/detail/robot_status__struct.hpp
[0.428s] -- Up-to-date: /home/ethereal/qianli/rm_decision/navigator_test_unit/install/rm_decision_interfaces/include/rm_decision_interfaces/rm_decision_interfaces/msg/detail/rfid__struct.hpp
[0.429s] -- Up-to-date: /home/ethereal/qianli/rm_decision/navigator_test_unit/install/rm_decision_interfaces/include/rm_decision_interfaces/rm_decision_interfaces/msg/detail/to_serial__struct.hpp
[0.429s] -- Up-to-date: /home/ethereal/qianli/rm_decision/navigator_test_unit/install/rm_decision_interfaces/include/rm_decision_interfaces/rm_decision_interfaces/msg/detail/from_serial__builder.hpp
[0.429s] -- Up-to-date: /home/ethereal/qianli/rm_decision/navigator_test_unit/install/rm_decision_interfaces/include/rm_decision_interfaces/rm_decision_interfaces/msg/detail/navigate__type_support.hpp
[0.429s] -- Up-to-date: /home/ethereal/qianli/rm_decision/navigator_test_unit/install/rm_decision_interfaces/include/rm_decision_interfaces/rm_decision_interfaces/msg/detail/to_auto_aim__struct.hpp
[0.429s] -- Up-to-date: /home/ethereal/qianli/rm_decision/navigator_test_unit/install/rm_decision_interfaces/include/rm_decision_interfaces/rm_decision_interfaces/msg/detail/rfid__traits.hpp
[0.429s] -- Up-to-date: /home/ethereal/qianli/rm_decision/navigator_test_unit/install/rm_decision_interfaces/include/rm_decision_interfaces/rm_decision_interfaces/msg/rfid.hpp
[0.429s] -- Up-to-date: /home/ethereal/qianli/rm_decision/navigator_test_unit/install/rm_decision_interfaces/include/rm_decision_interfaces/rm_decision_interfaces/msg/rosidl_generator_cpp__visibility_control.hpp
[0.429s] -- Up-to-date: /home/ethereal/qianli/rm_decision/navigator_test_unit/install/rm_decision_interfaces/include/rm_decision_interfaces/rm_decision_interfaces/msg/robot_status.hpp
[0.429s] -- Up-to-date: /home/ethereal/qianli/rm_decision/navigator_test_unit/install/rm_decision_interfaces/include/rm_decision_interfaces/rm_decision_interfaces/msg/from_serial.hpp
[0.429s] -- Up-to-date: /home/ethereal/qianli/rm_decision/navigator_test_unit/install/rm_decision_interfaces/include/rm_decision_interfaces/rm_decision_interfaces/msg/friend_location.hpp
[0.429s] -- Up-to-date: /home/ethereal/qianli/rm_decision/navigator_test_unit/install/rm_decision_interfaces/include/rm_decision_interfaces/rm_decision_interfaces/msg/armor.hpp
[0.429s] -- Up-to-date: /home/ethereal/qianli/rm_decision/navigator_test_unit/install/rm_decision_interfaces/include/rm_decision_interfaces/rm_decision_interfaces/msg/navigate.hpp
[0.429s] -- Up-to-date: /home/ethereal/qianli/rm_decision/navigator_test_unit/install/rm_decision_interfaces/include/rm_decision_interfaces/rm_decision_interfaces/msg/all_robot_hp.hpp
[0.429s] -- Up-to-date: /home/ethereal/qianli/rm_decision/navigator_test_unit/install/rm_decision_interfaces/include/rm_decision_interfaces/rm_decision_interfaces/msg/to_serial.hpp
[0.429s] -- Up-to-date: /home/ethereal/qianli/rm_decision/navigator_test_unit/install/rm_decision_interfaces/include/rm_decision_interfaces/rm_decision_interfaces/msg/receive_serial.hpp
[0.429s] -- Up-to-date: /home/ethereal/qianli/rm_decision/navigator_test_unit/install/rm_decision_interfaces/include/rm_decision_interfaces/rm_decision_interfaces
[0.429s] -- Up-to-date: /home/ethereal/qianli/rm_decision/navigator_test_unit/install/rm_decision_interfaces/include/rm_decision_interfaces/rm_decision_interfaces/msg
[0.429s] -- Up-to-date: /home/ethereal/qianli/rm_decision/navigator_test_unit/install/rm_decision_interfaces/include/rm_decision_interfaces/rm_decision_interfaces/msg/detail
[0.429s] -- Up-to-date: /home/ethereal/qianli/rm_decision/navigator_test_unit/install/rm_decision_interfaces/include/rm_decision_interfaces/rm_decision_interfaces/msg/detail/friend_location__rosidl_typesupport_fastrtps_cpp.hpp
[0.429s] -- Up-to-date: /home/ethereal/qianli/rm_decision/navigator_test_unit/install/rm_decision_interfaces/include/rm_decision_interfaces/rm_decision_interfaces/msg/detail/to_auto_aim__rosidl_typesupport_fastrtps_cpp.hpp
[0.429s] -- Up-to-date: /home/ethereal/qianli/rm_decision/navigator_test_unit/install/rm_decision_interfaces/include/rm_decision_interfaces/rm_decision_interfaces/msg/detail/robot_status__rosidl_typesupport_fastrtps_cpp.hpp
[0.429s] -- Up-to-date: /home/ethereal/qianli/rm_decision/navigator_test_unit/install/rm_decision_interfaces/include/rm_decision_interfaces/rm_decision_interfaces/msg/detail/armor__rosidl_typesupport_fastrtps_cpp.hpp
[0.429s] -- Up-to-date: /home/ethereal/qianli/rm_decision/navigator_test_unit/install/rm_decision_interfaces/include/rm_decision_interfaces/rm_decision_interfaces/msg/detail/all_robot_hp__rosidl_typesupport_fastrtps_cpp.hpp
[0.429s] -- Up-to-date: /home/ethereal/qianli/rm_decision/navigator_test_unit/install/rm_decision_interfaces/include/rm_decision_interfaces/rm_decision_interfaces/msg/detail/from_serial__rosidl_typesupport_fastrtps_cpp.hpp
[0.429s] -- Up-to-date: /home/ethereal/qianli/rm_decision/navigator_test_unit/install/rm_decision_interfaces/include/rm_decision_interfaces/rm_decision_interfaces/msg/detail/rfid__rosidl_typesupport_fastrtps_cpp.hpp
[0.429s] -- Up-to-date: /home/ethereal/qianli/rm_decision/navigator_test_unit/install/rm_decision_interfaces/include/rm_decision_interfaces/rm_decision_interfaces/msg/detail/navigate__rosidl_typesupport_fastrtps_cpp.hpp
[0.429s] -- Up-to-date: /home/ethereal/qianli/rm_decision/navigator_test_unit/install/rm_decision_interfaces/include/rm_decision_interfaces/rm_decision_interfaces/msg/detail/dds_fastrtps
[0.429s] -- Up-to-date: /home/ethereal/qianli/rm_decision/navigator_test_unit/install/rm_decision_interfaces/include/rm_decision_interfaces/rm_decision_interfaces/msg/detail/receive_serial__rosidl_typesupport_fastrtps_cpp.hpp
[0.429s] -- Up-to-date: /home/ethereal/qianli/rm_decision/navigator_test_unit/install/rm_decision_interfaces/include/rm_decision_interfaces/rm_decision_interfaces/msg/detail/to_serial__rosidl_typesupport_fastrtps_cpp.hpp
[0.430s] -- Up-to-date: /home/ethereal/qianli/rm_decision/navigator_test_unit/install/rm_decision_interfaces/include/rm_decision_interfaces/rm_decision_interfaces/msg/rosidl_typesupport_fastrtps_cpp__visibility_control.h
[0.430s] -- Up-to-date: /home/ethereal/qianli/rm_decision/navigator_test_unit/install/rm_decision_interfaces/lib/librm_decision_interfaces__rosidl_typesupport_fastrtps_cpp.so
[0.430s] -- Up-to-date: /home/ethereal/qianli/rm_decision/navigator_test_unit/install/rm_decision_interfaces/include/rm_decision_interfaces/rm_decision_interfaces
[0.430s] -- Up-to-date: /home/ethereal/qianli/rm_decision/navigator_test_unit/install/rm_decision_interfaces/include/rm_decision_interfaces/rm_decision_interfaces/msg
[0.430s] -- Up-to-date: /home/ethereal/qianli/rm_decision/navigator_test_unit/install/rm_decision_interfaces/include/rm_decision_interfaces/rm_decision_interfaces/msg/detail
[0.430s] -- Up-to-date: /home/ethereal/qianli/rm_decision/navigator_test_unit/install/rm_decision_interfaces/include/rm_decision_interfaces/rm_decision_interfaces/msg/detail/from_serial__rosidl_typesupport_introspection_c.h
[0.430s] -- Up-to-date: /home/ethereal/qianli/rm_decision/navigator_test_unit/install/rm_decision_interfaces/include/rm_decision_interfaces/rm_decision_interfaces/msg/detail/armor__rosidl_typesupport_introspection_c.h
[0.430s] -- Up-to-date: /home/ethereal/qianli/rm_decision/navigator_test_unit/install/rm_decision_interfaces/include/rm_decision_interfaces/rm_decision_interfaces/msg/detail/rfid__type_support.c
[0.430s] -- Up-to-date: /home/ethereal/qianli/rm_decision/navigator_test_unit/install/rm_decision_interfaces/include/rm_decision_interfaces/rm_decision_interfaces/msg/detail/to_auto_aim__type_support.c
[0.430s] -- Up-to-date: /home/ethereal/qianli/rm_decision/navigator_test_unit/install/rm_decision_interfaces/include/rm_decision_interfaces/rm_decision_interfaces/msg/detail/to_serial__type_support.c
[0.430s] -- Up-to-date: /home/ethereal/qianli/rm_decision/navigator_test_unit/install/rm_decision_interfaces/include/rm_decision_interfaces/rm_decision_interfaces/msg/detail/navigate__rosidl_typesupport_introspection_c.h
[0.430s] -- Up-to-date: /home/ethereal/qianli/rm_decision/navigator_test_unit/install/rm_decision_interfaces/include/rm_decision_interfaces/rm_decision_interfaces/msg/detail/navigate__type_support.c
[0.430s] -- Up-to-date: /home/ethereal/qianli/rm_decision/navigator_test_unit/install/rm_decision_interfaces/include/rm_decision_interfaces/rm_decision_interfaces/msg/detail/friend_location__rosidl_typesupport_introspection_c.h
[0.430s] -- Up-to-date: /home/ethereal/qianli/rm_decision/navigator_test_unit/install/rm_decision_interfaces/include/rm_decision_interfaces/rm_decision_interfaces/msg/detail/all_robot_hp__rosidl_typesupport_introspection_c.h
[0.430s] -- Up-to-date: /home/ethereal/qianli/rm_decision/navigator_test_unit/install/rm_decision_interfaces/include/rm_decision_interfaces/rm_decision_interfaces/msg/detail/rfid__rosidl_typesupport_introspection_c.h
[0.430s] -- Up-to-date: /home/ethereal/qianli/rm_decision/navigator_test_unit/install/rm_decision_interfaces/include/rm_decision_interfaces/rm_decision_interfaces/msg/detail/to_serial__rosidl_typesupport_introspection_c.h
[0.430s] -- Up-to-date: /home/ethereal/qianli/rm_decision/navigator_test_unit/install/rm_decision_interfaces/include/rm_decision_interfaces/rm_decision_interfaces/msg/detail/from_serial__type_support.c
[0.431s] -- Up-to-date: /home/ethereal/qianli/rm_decision/navigator_test_unit/install/rm_decision_interfaces/include/rm_decision_interfaces/rm_decision_interfaces/msg/detail/to_auto_aim__rosidl_typesupport_introspection_c.h
[0.431s] -- Up-to-date: /home/ethereal/qianli/rm_decision/navigator_test_unit/install/rm_decision_interfaces/include/rm_decision_interfaces/rm_decision_interfaces/msg/detail/friend_location__type_support.c
[0.431s] -- Up-to-date: /home/ethereal/qianli/rm_decision/navigator_test_unit/install/rm_decision_interfaces/include/rm_decision_interfaces/rm_decision_interfaces/msg/detail/receive_serial__type_support.c
[0.431s] -- Up-to-date: /home/ethereal/qianli/rm_decision/navigator_test_unit/install/rm_decision_interfaces/include/rm_decision_interfaces/rm_decision_interfaces/msg/detail/armor__type_support.c
[0.431s] -- Up-to-date: /home/ethereal/qianli/rm_decision/navigator_test_unit/install/rm_decision_interfaces/include/rm_decision_interfaces/rm_decision_interfaces/msg/detail/receive_serial__rosidl_typesupport_introspection_c.h
[0.431s] -- Up-to-date: /home/ethereal/qianli/rm_decision/navigator_test_unit/install/rm_decision_interfaces/include/rm_decision_interfaces/rm_decision_interfaces/msg/detail/robot_status__type_support.c
[0.431s] -- Up-to-date: /home/ethereal/qianli/rm_decision/navigator_test_unit/install/rm_decision_interfaces/include/rm_decision_interfaces/rm_decision_interfaces/msg/detail/all_robot_hp__type_support.c
[0.431s] -- Up-to-date: /home/ethereal/qianli/rm_decision/navigator_test_unit/install/rm_decision_interfaces/include/rm_decision_interfaces/rm_decision_interfaces/msg/detail/robot_status__rosidl_typesupport_introspection_c.h
[0.431s] -- Up-to-date: /home/ethereal/qianli/rm_decision/navigator_test_unit/install/rm_decision_interfaces/include/rm_decision_interfaces/rm_decision_interfaces/msg/rosidl_typesupport_introspection_c__visibility_control.h
[0.431s] -- Up-to-date: /home/ethereal/qianli/rm_decision/navigator_test_unit/install/rm_decision_interfaces/lib/librm_decision_interfaces__rosidl_typesupport_introspection_c.so
[0.431s] -- Up-to-date: /home/ethereal/qianli/rm_decision/navigator_test_unit/install/rm_decision_interfaces/lib/librm_decision_interfaces__rosidl_typesupport_c.so
[0.431s] -- Up-to-date: /home/ethereal/qianli/rm_decision/navigator_test_unit/install/rm_decision_interfaces/include/rm_decision_interfaces/rm_decision_interfaces
[0.432s] -- Up-to-date: /home/ethereal/qianli/rm_decision/navigator_test_unit/install/rm_decision_interfaces/include/rm_decision_interfaces/rm_decision_interfaces/msg
[0.432s] -- Up-to-date: /home/ethereal/qianli/rm_decision/navigator_test_unit/install/rm_decision_interfaces/include/rm_decision_interfaces/rm_decision_interfaces/msg/detail
[0.432s] -- Up-to-date: /home/ethereal/qianli/rm_decision/navigator_test_unit/install/rm_decision_interfaces/include/rm_decision_interfaces/rm_decision_interfaces/msg/detail/to_auto_aim__rosidl_typesupport_introspection_cpp.hpp
[0.432s] -- Up-to-date: /home/ethereal/qianli/rm_decision/navigator_test_unit/install/rm_decision_interfaces/include/rm_decision_interfaces/rm_decision_interfaces/msg/detail/receive_serial__type_support.cpp
[0.432s] -- Up-to-date: /home/ethereal/qianli/rm_decision/navigator_test_unit/install/rm_decision_interfaces/include/rm_decision_interfaces/rm_decision_interfaces/msg/detail/all_robot_hp__type_support.cpp
[0.432s] -- Up-to-date: /home/ethereal/qianli/rm_decision/navigator_test_unit/install/rm_decision_interfaces/include/rm_decision_interfaces/rm_decision_interfaces/msg/detail/robot_status__type_support.cpp
[0.432s] -- Up-to-date: /home/ethereal/qianli/rm_decision/navigator_test_unit/install/rm_decision_interfaces/include/rm_decision_interfaces/rm_decision_interfaces/msg/detail/all_robot_hp__rosidl_typesupport_introspection_cpp.hpp
[0.432s] -- Up-to-date: /home/ethereal/qianli/rm_decision/navigator_test_unit/install/rm_decision_interfaces/include/rm_decision_interfaces/rm_decision_interfaces/msg/detail/from_serial__rosidl_typesupport_introspection_cpp.hpp
[0.432s] -- Up-to-date: /home/ethereal/qianli/rm_decision/navigator_test_unit/install/rm_decision_interfaces/include/rm_decision_interfaces/rm_decision_interfaces/msg/detail/rfid__rosidl_typesupport_introspection_cpp.hpp
[0.432s] -- Up-to-date: /home/ethereal/qianli/rm_decision/navigator_test_unit/install/rm_decision_interfaces/include/rm_decision_interfaces/rm_decision_interfaces/msg/detail/receive_serial__rosidl_typesupport_introspection_cpp.hpp
[0.432s] -- Up-to-date: /home/ethereal/qianli/rm_decision/navigator_test_unit/install/rm_decision_interfaces/include/rm_decision_interfaces/rm_decision_interfaces/msg/detail/armor__rosidl_typesupport_introspection_cpp.hpp
[0.432s] -- Up-to-date: /home/ethereal/qianli/rm_decision/navigator_test_unit/install/rm_decision_interfaces/include/rm_decision_interfaces/rm_decision_interfaces/msg/detail/to_serial__type_support.cpp
[0.432s] -- Up-to-date: /home/ethereal/qianli/rm_decision/navigator_test_unit/install/rm_decision_interfaces/include/rm_decision_interfaces/rm_decision_interfaces/msg/detail/friend_location__rosidl_typesupport_introspection_cpp.hpp
[0.432s] -- Up-to-date: /home/ethereal/qianli/rm_decision/navigator_test_unit/install/rm_decision_interfaces/include/rm_decision_interfaces/rm_decision_interfaces/msg/detail/to_serial__rosidl_typesupport_introspection_cpp.hpp
[0.432s] -- Up-to-date: /home/ethereal/qianli/rm_decision/navigator_test_unit/install/rm_decision_interfaces/include/rm_decision_interfaces/rm_decision_interfaces/msg/detail/robot_status__rosidl_typesupport_introspection_cpp.hpp
[0.432s] -- Up-to-date: /home/ethereal/qianli/rm_decision/navigator_test_unit/install/rm_decision_interfaces/include/rm_decision_interfaces/rm_decision_interfaces/msg/detail/navigate__type_support.cpp
[0.433s] -- Up-to-date: /home/ethereal/qianli/rm_decision/navigator_test_unit/install/rm_decision_interfaces/include/rm_decision_interfaces/rm_decision_interfaces/msg/detail/from_serial__type_support.cpp
[0.433s] -- Up-to-date: /home/ethereal/qianli/rm_decision/navigator_test_unit/install/rm_decision_interfaces/include/rm_decision_interfaces/rm_decision_interfaces/msg/detail/armor__type_support.cpp
[0.433s] -- Up-to-date: /home/ethereal/qianli/rm_decision/navigator_test_unit/install/rm_decision_interfaces/include/rm_decision_interfaces/rm_decision_interfaces/msg/detail/navigate__rosidl_typesupport_introspection_cpp.hpp
[0.433s] -- Up-to-date: /home/ethereal/qianli/rm_decision/navigator_test_unit/install/rm_decision_interfaces/include/rm_decision_interfaces/rm_decision_interfaces/msg/detail/to_auto_aim__type_support.cpp
[0.433s] -- Up-to-date: /home/ethereal/qianli/rm_decision/navigator_test_unit/install/rm_decision_interfaces/include/rm_decision_interfaces/rm_decision_interfaces/msg/detail/rfid__type_support.cpp
[0.433s] -- Up-to-date: /home/ethereal/qianli/rm_decision/navigator_test_unit/install/rm_decision_interfaces/include/rm_decision_interfaces/rm_decision_interfaces/msg/detail/friend_location__type_support.cpp
[0.433s] -- Up-to-date: /home/ethereal/qianli/rm_decision/navigator_test_unit/install/rm_decision_interfaces/lib/librm_decision_interfaces__rosidl_typesupport_introspection_cpp.so
[0.433s] -- Up-to-date: /home/ethereal/qianli/rm_decision/navigator_test_unit/install/rm_decision_interfaces/lib/librm_decision_interfaces__rosidl_typesupport_cpp.so
[0.433s] -- Up-to-date: /home/ethereal/qianli/rm_decision/navigator_test_unit/install/rm_decision_interfaces/share/rm_decision_interfaces/environment/pythonpath.sh
[0.433s] -- Up-to-date: /home/ethereal/qianli/rm_decision/navigator_test_unit/install/rm_decision_interfaces/share/rm_decision_interfaces/environment/pythonpath.dsv
[0.433s] -- Up-to-date: /home/ethereal/qianli/rm_decision/navigator_test_unit/install/rm_decision_interfaces/lib/python3.12/site-packages/rm_decision_interfaces-0.0.0-py3.12.egg-info
[0.433s] -- Installing: /home/ethereal/qianli/rm_decision/navigator_test_unit/install/rm_decision_interfaces/lib/python3.12/site-packages/rm_decision_interfaces-0.0.0-py3.12.egg-info/dependency_links.txt
[0.433s] -- Installing: /home/ethereal/qianli/rm_decision/navigator_test_unit/install/rm_decision_interfaces/lib/python3.12/site-packages/rm_decision_interfaces-0.0.0-py3.12.egg-info/top_level.txt
[0.433s] -- Installing: /home/ethereal/qianli/rm_decision/navigator_test_unit/install/rm_decision_interfaces/lib/python3.12/site-packages/rm_decision_interfaces-0.0.0-py3.12.egg-info/PKG-INFO
[0.433s] -- Installing: /home/ethereal/qianli/rm_decision/navigator_test_unit/install/rm_decision_interfaces/lib/python3.12/site-packages/rm_decision_interfaces-0.0.0-py3.12.egg-info/SOURCES.txt
[0.433s] -- Up-to-date: /home/ethereal/qianli/rm_decision/navigator_test_unit/install/rm_decision_interfaces/lib/python3.12/site-packages/rm_decision_interfaces
[0.433s] -- Up-to-date: /home/ethereal/qianli/rm_decision/navigator_test_unit/install/rm_decision_interfaces/lib/python3.12/site-packages/rm_decision_interfaces/msg
[0.433s] -- Up-to-date: /home/ethereal/qianli/rm_decision/navigator_test_unit/install/rm_decision_interfaces/lib/python3.12/site-packages/rm_decision_interfaces/msg/_to_serial.py
[0.433s] -- Up-to-date: /home/ethereal/qianli/rm_decision/navigator_test_unit/install/rm_decision_interfaces/lib/python3.12/site-packages/rm_decision_interfaces/msg/_robot_status.py
[0.433s] -- Up-to-date: /home/ethereal/qianli/rm_decision/navigator_test_unit/install/rm_decision_interfaces/lib/python3.12/site-packages/rm_decision_interfaces/msg/_to_auto_aim.py
[0.433s] -- Up-to-date: /home/ethereal/qianli/rm_decision/navigator_test_unit/install/rm_decision_interfaces/lib/python3.12/site-packages/rm_decision_interfaces/msg/_to_auto_aim_s.c
[0.433s] -- Up-to-date: /home/ethereal/qianli/rm_decision/navigator_test_unit/install/rm_decision_interfaces/lib/python3.12/site-packages/rm_decision_interfaces/msg/_to_serial_s.c
[0.433s] -- Up-to-date: /home/ethereal/qianli/rm_decision/navigator_test_unit/install/rm_decision_interfaces/lib/python3.12/site-packages/rm_decision_interfaces/msg/_receive_serial_s.c
[0.433s] -- Up-to-date: /home/ethereal/qianli/rm_decision/navigator_test_unit/install/rm_decision_interfaces/lib/python3.12/site-packages/rm_decision_interfaces/msg/_from_serial_s.c
[0.433s] -- Up-to-date: /home/ethereal/qianli/rm_decision/navigator_test_unit/install/rm_decision_interfaces/lib/python3.12/site-packages/rm_decision_interfaces/msg/_friend_location_s.c
[0.433s] -- Up-to-date: /home/ethereal/qianli/rm_decision/navigator_test_unit/install/rm_decision_interfaces/lib/python3.12/site-packages/rm_decision_interfaces/msg/_receive_serial.py
[0.433s] -- Up-to-date: /home/ethereal/qianli/rm_decision/navigator_test_unit/install/rm_decision_interfaces/lib/python3.12/site-packages/rm_decision_interfaces/msg/_navigate_s.c
[0.434s] -- Up-to-date: /home/ethereal/qianli/rm_decision/navigator_test_unit/install/rm_decision_interfaces/lib/python3.12/site-packages/rm_decision_interfaces/msg/_friend_location.py
[0.434s] -- Up-to-date: /home/ethereal/qianli/rm_decision/navigator_test_unit/install/rm_decision_interfaces/lib/python3.12/site-packages/rm_decision_interfaces/msg/_armor_s.c
[0.434s] -- Up-to-date: /home/ethereal/qianli/rm_decision/navigator_test_unit/install/rm_decision_interfaces/lib/python3.12/site-packages/rm_decision_interfaces/msg/_all_robot_hp_s.c
[0.434s] -- Up-to-date: /home/ethereal/qianli/rm_decision/navigator_test_unit/install/rm_decision_interfaces/lib/python3.12/site-packages/rm_decision_interfaces/msg/_from_serial.py
[0.434s] -- Up-to-date: /home/ethereal/qianli/rm_decision/navigator_test_unit/install/rm_decision_interfaces/lib/python3.12/site-packages/rm_decision_interfaces/msg/_rfid_s.c
[0.434s] -- Up-to-date: /home/ethereal/qianli/rm_decision/navigator_test_unit/install/rm_decision_interfaces/lib/python3.12/site-packages/rm_decision_interfaces/msg/_robot_status_s.c
[0.434s] -- Up-to-date: /home/ethereal/qianli/rm_decision/navigator_test_unit/install/rm_decision_interfaces/lib/python3.12/site-packages/rm_decision_interfaces/msg/_rfid.py
[0.434s] -- Up-to-date: /home/ethereal/qianli/rm_decision/navigator_test_unit/install/rm_decision_interfaces/lib/python3.12/site-packages/rm_decision_interfaces/msg/__init__.py
[0.434s] -- Up-to-date: /home/ethereal/qianli/rm_decision/navigator_test_unit/install/rm_decision_interfaces/lib/python3.12/site-packages/rm_decision_interfaces/msg/_armor.py
[0.434s] -- Up-to-date: /home/ethereal/qianli/rm_decision/navigator_test_unit/install/rm_decision_interfaces/lib/python3.12/site-packages/rm_decision_interfaces/msg/_navigate.py
[0.434s] -- Up-to-date: /home/ethereal/qianli/rm_decision/navigator_test_unit/install/rm_decision_interfaces/lib/python3.12/site-packages/rm_decision_interfaces/msg/_all_robot_hp.py
[0.434s] -- Up-to-date: /home/ethereal/qianli/rm_decision/navigator_test_unit/install/rm_decision_interfaces/lib/python3.12/site-packages/rm_decision_interfaces/_rm_decision_interfaces_s.ep.rosidl_typesupport_introspection_c.c
[0.434s] -- Up-to-date: /home/ethereal/qianli/rm_decision/navigator_test_unit/install/rm_decision_interfaces/lib/python3.12/site-packages/rm_decision_interfaces/_rm_decision_interfaces_s.ep.rosidl_typesupport_c.c
[0.434s] -- Up-to-date: /home/ethereal/qianli/rm_decision/navigator_test_unit/install/rm_decision_interfaces/lib/python3.12/site-packages/rm_decision_interfaces/rm_decision_interfaces_s__rosidl_typesupport_introspection_c.so
[0.434s] -- Up-to-date: /home/ethereal/qianli/rm_decision/navigator_test_unit/install/rm_decision_interfaces/lib/python3.12/site-packages/rm_decision_interfaces/rm_decision_interfaces_s__rosidl_typesupport_c.so
[0.434s] -- Up-to-date: /home/ethereal/qianli/rm_decision/navigator_test_unit/install/rm_decision_interfaces/lib/python3.12/site-packages/rm_decision_interfaces/_rm_decision_interfaces_s.ep.rosidl_typesupport_fastrtps_c.c
[0.434s] -- Up-to-date: /home/ethereal/qianli/rm_decision/navigator_test_unit/install/rm_decision_interfaces/lib/python3.12/site-packages/rm_decision_interfaces/rm_decision_interfaces_s__rosidl_typesupport_fastrtps_c.so
[0.434s] -- Up-to-date: /home/ethereal/qianli/rm_decision/navigator_test_unit/install/rm_decision_interfaces/lib/python3.12/site-packages/rm_decision_interfaces/__init__.py
[0.449s] Listing '/home/ethereal/qianli/rm_decision/navigator_test_unit/install/rm_decision_interfaces/lib/python3.12/site-packages/rm_decision_interfaces'...
[0.449s] Listing '/home/ethereal/qianli/rm_decision/navigator_test_unit/install/rm_decision_interfaces/lib/python3.12/site-packages/rm_decision_interfaces/msg'...
[0.454s] -- Up-to-date: /home/ethereal/qianli/rm_decision/navigator_test_unit/install/rm_decision_interfaces/lib/python3.12/site-packages/rm_decision_interfaces/rm_decision_interfaces_s__rosidl_typesupport_fastrtps_c.so
[0.454s] -- Up-to-date: /home/ethereal/qianli/rm_decision/navigator_test_unit/install/rm_decision_interfaces/lib/python3.12/site-packages/rm_decision_interfaces/rm_decision_interfaces_s__rosidl_typesupport_introspection_c.so
[0.454s] -- Up-to-date: /home/ethereal/qianli/rm_decision/navigator_test_unit/install/rm_decision_interfaces/lib/python3.12/site-packages/rm_decision_interfaces/rm_decision_interfaces_s__rosidl_typesupport_c.so
[0.455s] -- Up-to-date: /home/ethereal/qianli/rm_decision/navigator_test_unit/install/rm_decision_interfaces/lib/librm_decision_interfaces__rosidl_generator_py.so
[0.455s] -- Up-to-date: /home/ethereal/qianli/rm_decision/navigator_test_unit/install/rm_decision_interfaces/share/rm_decision_interfaces/msg/AllRobotHP.idl
[0.455s] -- Up-to-date: /home/ethereal/qianli/rm_decision/navigator_test_unit/install/rm_decision_interfaces/share/rm_decision_interfaces/msg/Armor.idl
[0.455s] -- Up-to-date: /home/ethereal/qianli/rm_decision/navigator_test_unit/install/rm_decision_interfaces/share/rm_decision_interfaces/msg/FriendLocation.idl
[0.455s] -- Up-to-date: /home/ethereal/qianli/rm_decision/navigator_test_unit/install/rm_decision_interfaces/share/rm_decision_interfaces/msg/RFID.idl
[0.455s] -- Up-to-date: /home/ethereal/qianli/rm_decision/navigator_test_unit/install/rm_decision_interfaces/share/rm_decision_interfaces/msg/RobotStatus.idl
[0.456s] -- Up-to-date: /home/ethereal/qianli/rm_decision/navigator_test_unit/install/rm_decision_interfaces/share/rm_decision_interfaces/msg/ToSerial.idl
[0.456s] -- Up-to-date: /home/ethereal/qianli/rm_decision/navigator_test_unit/install/rm_decision_interfaces/share/rm_decision_interfaces/msg/FromSerial.idl
[0.456s] -- Up-to-date: /home/ethereal/qianli/rm_decision/navigator_test_unit/install/rm_decision_interfaces/share/rm_decision_interfaces/msg/ReceiveSerial.idl
[0.456s] -- Up-to-date: /home/ethereal/qianli/rm_decision/navigator_test_unit/install/rm_decision_interfaces/share/rm_decision_interfaces/msg/ToAutoAim.idl
[0.456s] -- Up-to-date: /home/ethereal/qianli/rm_decision/navigator_test_unit/install/rm_decision_interfaces/share/rm_decision_interfaces/msg/Navigate.idl
[0.456s] -- Up-to-date: /home/ethereal/qianli/rm_decision/navigator_test_unit/install/rm_decision_interfaces/share/rm_decision_interfaces/msg/AllRobotHP.msg
[0.456s] -- Up-to-date: /home/ethereal/qianli/rm_decision/navigator_test_unit/install/rm_decision_interfaces/share/rm_decision_interfaces/msg/Armor.msg
[0.456s] -- Up-to-date: /home/ethereal/qianli/rm_decision/navigator_test_unit/install/rm_decision_interfaces/share/rm_decision_interfaces/msg/FriendLocation.msg
[0.456s] -- Up-to-date: /home/ethereal/qianli/rm_decision/navigator_test_unit/install/rm_decision_interfaces/share/rm_decision_interfaces/msg/RFID.msg
[0.456s] -- Up-to-date: /home/ethereal/qianli/rm_decision/navigator_test_unit/install/rm_decision_interfaces/share/rm_decision_interfaces/msg/RobotStatus.msg
[0.457s] -- Up-to-date: /home/ethereal/qianli/rm_decision/navigator_test_unit/install/rm_decision_interfaces/share/rm_decision_interfaces/msg/ToSerial.msg
[0.457s] -- Up-to-date: /home/ethereal/qianli/rm_decision/navigator_test_unit/install/rm_decision_interfaces/share/rm_decision_interfaces/msg/FromSerial.msg
[0.457s] -- Up-to-date: /home/ethereal/qianli/rm_decision/navigator_test_unit/install/rm_decision_interfaces/share/rm_decision_interfaces/msg/ReceiveSerial.msg
[0.457s] -- Up-to-date: /home/ethereal/qianli/rm_decision/navigator_test_unit/install/rm_decision_interfaces/share/rm_decision_interfaces/msg/ToAutoAim.msg
[0.457s] -- Up-to-date: /home/ethereal/qianli/rm_decision/navigator_test_unit/install/rm_decision_interfaces/share/rm_decision_interfaces/msg/Navigate.msg
[0.457s] -- Up-to-date: /home/ethereal/qianli/rm_decision/navigator_test_unit/install/rm_decision_interfaces/share/ament_index/resource_index/package_run_dependencies/rm_decision_interfaces
[0.457s] -- Up-to-date: /home/ethereal/qianli/rm_decision/navigator_test_unit/install/rm_decision_interfaces/share/ament_index/resource_index/parent_prefix_path/rm_decision_interfaces
[0.457s] -- Up-to-date: /home/ethereal/qianli/rm_decision/navigator_test_unit/install/rm_decision_interfaces/share/rm_decision_interfaces/environment/ament_prefix_path.sh
[0.457s] -- Up-to-date: /home/ethereal/qianli/rm_decision/navigator_test_unit/install/rm_decision_interfaces/share/rm_decision_interfaces/environment/ament_prefix_path.dsv
[0.457s] -- Up-to-date: /home/ethereal/qianli/rm_decision/navigator_test_unit/install/rm_decision_interfaces/share/rm_decision_interfaces/environment/path.sh
[0.458s] -- Up-to-date: /home/ethereal/qianli/rm_decision/navigator_test_unit/install/rm_decision_interfaces/share/rm_decision_interfaces/environment/path.dsv
[0.458s] -- Up-to-date: /home/ethereal/qianli/rm_decision/navigator_test_unit/install/rm_decision_interfaces/share/rm_decision_interfaces/local_setup.bash
[0.458s] -- Up-to-date: /home/ethereal/qianli/rm_decision/navigator_test_unit/install/rm_decision_interfaces/share/rm_decision_interfaces/local_setup.sh
[0.458s] -- Up-to-date: /home/ethereal/qianli/rm_decision/navigator_test_unit/install/rm_decision_interfaces/share/rm_decision_interfaces/local_setup.zsh
[0.458s] -- Up-to-date: /home/ethereal/qianli/rm_decision/navigator_test_unit/install/rm_decision_interfaces/share/rm_decision_interfaces/local_setup.dsv
[0.458s] -- Installing: /home/ethereal/qianli/rm_decision/navigator_test_unit/install/rm_decision_interfaces/share/rm_decision_interfaces/package.dsv
[0.458s] -- Up-to-date: /home/ethereal/qianli/rm_decision/navigator_test_unit/install/rm_decision_interfaces/share/ament_index/resource_index/packages/rm_decision_interfaces
[0.458s] -- Up-to-date: /home/ethereal/qianli/rm_decision/navigator_test_unit/install/rm_decision_interfaces/share/rm_decision_interfaces/cmake/export_rm_decision_interfaces__rosidl_generator_cExport.cmake
[0.458s] -- Up-to-date: /home/ethereal/qianli/rm_decision/navigator_test_unit/install/rm_decision_interfaces/share/rm_decision_interfaces/cmake/export_rm_decision_interfaces__rosidl_generator_cExport-noconfig.cmake
[0.458s] -- Up-to-date: /home/ethereal/qianli/rm_decision/navigator_test_unit/install/rm_decision_interfaces/share/rm_decision_interfaces/cmake/export_rm_decision_interfaces__rosidl_typesupport_fastrtps_cExport.cmake
[0.459s] -- Up-to-date: /home/ethereal/qianli/rm_decision/navigator_test_unit/install/rm_decision_interfaces/share/rm_decision_interfaces/cmake/export_rm_decision_interfaces__rosidl_typesupport_fastrtps_cExport-noconfig.cmake
[0.459s] -- Up-to-date: /home/ethereal/qianli/rm_decision/navigator_test_unit/install/rm_decision_interfaces/share/rm_decision_interfaces/cmake/export_rm_decision_interfaces__rosidl_generator_cppExport.cmake
[0.459s] -- Up-to-date: /home/ethereal/qianli/rm_decision/navigator_test_unit/install/rm_decision_interfaces/share/rm_decision_interfaces/cmake/export_rm_decision_interfaces__rosidl_typesupport_fastrtps_cppExport.cmake
[0.459s] -- Up-to-date: /home/ethereal/qianli/rm_decision/navigator_test_unit/install/rm_decision_interfaces/share/rm_decision_interfaces/cmake/export_rm_decision_interfaces__rosidl_typesupport_fastrtps_cppExport-noconfig.cmake
[0.459s] -- Up-to-date: /home/ethereal/qianli/rm_decision/navigator_test_unit/install/rm_decision_interfaces/share/rm_decision_interfaces/cmake/rm_decision_interfaces__rosidl_typesupport_introspection_cExport.cmake
[0.459s] -- Up-to-date: /home/ethereal/qianli/rm_decision/navigator_test_unit/install/rm_decision_interfaces/share/rm_decision_interfaces/cmake/rm_decision_interfaces__rosidl_typesupport_introspection_cExport-noconfig.cmake
[0.460s] -- Up-to-date: /home/ethereal/qianli/rm_decision/navigator_test_unit/install/rm_decision_interfaces/share/rm_decision_interfaces/cmake/rm_decision_interfaces__rosidl_typesupport_cExport.cmake
[0.460s] -- Up-to-date: /home/ethereal/qianli/rm_decision/navigator_test_unit/install/rm_decision_interfaces/share/rm_decision_interfaces/cmake/rm_decision_interfaces__rosidl_typesupport_cExport-noconfig.cmake
[0.460s] -- Up-to-date: /home/ethereal/qianli/rm_decision/navigator_test_unit/install/rm_decision_interfaces/share/rm_decision_interfaces/cmake/rm_decision_interfaces__rosidl_typesupport_introspection_cppExport.cmake
[0.460s] -- Up-to-date: /home/ethereal/qianli/rm_decision/navigator_test_unit/install/rm_decision_interfaces/share/rm_decision_interfaces/cmake/rm_decision_interfaces__rosidl_typesupport_introspection_cppExport-noconfig.cmake
[0.460s] -- Up-to-date: /home/ethereal/qianli/rm_decision/navigator_test_unit/install/rm_decision_interfaces/share/rm_decision_interfaces/cmake/rm_decision_interfaces__rosidl_typesupport_cppExport.cmake
[0.460s] -- Up-to-date: /home/ethereal/qianli/rm_decision/navigator_test_unit/install/rm_decision_interfaces/share/rm_decision_interfaces/cmake/rm_decision_interfaces__rosidl_typesupport_cppExport-noconfig.cmake
[0.460s] -- Up-to-date: /home/ethereal/qianli/rm_decision/navigator_test_unit/install/rm_decision_interfaces/share/rm_decision_interfaces/cmake/export_rm_decision_interfaces__rosidl_generator_pyExport.cmake
[0.461s] -- Up-to-date: /home/ethereal/qianli/rm_decision/navigator_test_unit/install/rm_decision_interfaces/share/rm_decision_interfaces/cmake/export_rm_decision_interfaces__rosidl_generator_pyExport-noconfig.cmake
[0.461s] -- Up-to-date: /home/ethereal/qianli/rm_decision/navigator_test_unit/install/rm_decision_interfaces/share/rm_decision_interfaces/cmake/rosidl_cmake-extras.cmake
[0.462s] -- Up-to-date: /home/ethereal/qianli/rm_decision/navigator_test_unit/install/rm_decision_interfaces/share/rm_decision_interfaces/cmake/ament_cmake_export_dependencies-extras.cmake
[0.462s] -- Up-to-date: /home/ethereal/qianli/rm_decision/navigator_test_unit/install/rm_decision_interfaces/share/rm_decision_interfaces/cmake/ament_cmake_export_include_directories-extras.cmake
[0.463s] -- Up-to-date: /home/ethereal/qianli/rm_decision/navigator_test_unit/install/rm_decision_interfaces/share/rm_decision_interfaces/cmake/ament_cmake_export_libraries-extras.cmake
[0.463s] -- Up-to-date: /home/ethereal/qianli/rm_decision/navigator_test_unit/install/rm_decision_interfaces/share/rm_decision_interfaces/cmake/ament_cmake_export_targets-extras.cmake
[0.463s] -- Up-to-date: /home/ethereal/qianli/rm_decision/navigator_test_unit/install/rm_decision_interfaces/share/rm_decision_interfaces/cmake/rosidl_cmake_export_typesupport_targets-extras.cmake
[0.463s] -- Up-to-date: /home/ethereal/qianli/rm_decision/navigator_test_unit/install/rm_decision_interfaces/share/rm_decision_interfaces/cmake/rosidl_cmake_export_typesupport_libraries-extras.cmake
[0.463s] -- Up-to-date: /home/ethereal/qianli/rm_decision/navigator_test_unit/install/rm_decision_interfaces/share/rm_decision_interfaces/cmake/rm_decision_interfacesConfig.cmake
[0.463s] -- Up-to-date: /home/ethereal/qianli/rm_decision/navigator_test_unit/install/rm_decision_interfaces/share/rm_decision_interfaces/cmake/rm_decision_interfacesConfig-version.cmake
[0.463s] -- Up-to-date: /home/ethereal/qianli/rm_decision/navigator_test_unit/install/rm_decision_interfaces/share/rm_decision_interfaces/package.xml
[0.464s] Invoked command in '/home/ethereal/qianli/rm_decision/navigator_test_unit/build/rm_decision_interfaces' returned '0': CMAKE_PREFIX_PATH=${CMAKE_PREFIX_PATH}:/opt/ros/jazzy DEBUGINFOD_URLS=https://debuginfod.ubuntu.com /usr/bin/cmake --install /home/ethereal/qianli/rm_decision/navigator_test_unit/build/rm_decision_interfaces
