[0.008s] Invoking command in '/home/ethereal/qianli/rm_decision/navigator_test_unit/build/terminal_listener': CMAKE_PREFIX_PATH=${CMAKE_PREFIX_PATH}:/opt/ros/jazzy DEBUGINFOD_URLS=https://debuginfod.ubuntu.com /usr/bin/cmake /home/ethereal/qianli/rm_decision/navigator_test_unit/src/terminal_listener -DCMAKE_INSTALL_PREFIX=/home/ethereal/qianli/rm_decision/navigator_test_unit/install/terminal_listener
[0.163s] -- The C compiler identification is GNU 13.3.0
[1.416s] -- The CXX compiler identification is GNU 13.3.0
[2.266s] -- Detecting C compiler ABI info
[2.443s] -- Detecting C compiler ABI info - done
[2.449s] -- Check for working C compiler: /usr/bin/cc - skipped
[2.449s] -- Detecting C compile features
[2.449s] -- Detecting C compile features - done
[2.518s] -- Detecting CXX compiler ABI info
[2.706s] -- Detecting CXX compiler ABI info - done
[2.712s] -- Check for working CXX compiler: /usr/bin/c++ - skipped
[2.712s] -- Detecting CXX compile features
[2.712s] -- Detecting CXX compile features - done
[2.714s] -- Found ament_cmake: 2.5.2 (/opt/ros/jazzy/share/ament_cmake/cmake)
[2.815s] -- Found Python3: /usr/bin/python3 (found version "3.12.3") found components: Interpreter 
[2.889s] -- Found rclcpp: 28.1.4 (/opt/ros/jazzy/share/rclcpp/cmake)
[3.026s] -- Found rosidl_generator_c: 4.6.4 (/opt/ros/jazzy/share/rosidl_generator_c/cmake)
[3.036s] -- Found rosidl_generator_cpp: 4.6.4 (/opt/ros/jazzy/share/rosidl_generator_cpp/cmake)
[3.047s] -- Using all available rosidl_typesupport_c: rosidl_typesupport_fastrtps_c;rosidl_typesupport_introspection_c
[3.060s] -- Using all available rosidl_typesupport_cpp: rosidl_typesupport_fastrtps_cpp;rosidl_typesupport_introspection_cpp
[3.116s] -- Found rmw_implementation_cmake: 7.3.1 (/opt/ros/jazzy/share/rmw_implementation_cmake/cmake)
[3.118s] -- Found rmw_fastrtps_cpp: 8.4.1 (/opt/ros/jazzy/share/rmw_fastrtps_cpp/cmake)
[3.170s] -- Found OpenSSL: /usr/lib/x86_64-linux-gnu/libcrypto.so (found version "3.0.13")  
[3.607s] -- Found FastRTPS: /opt/ros/jazzy/include (Required is at least version "2.13") 
[3.786s] -- Using RMW implementation 'rmw_fastrtps_cpp' as default
[4.169s] -- Found std_msgs: 5.3.5 (/opt/ros/jazzy/share/std_msgs/cmake)
[4.179s] -- Found geometry_msgs: 5.3.5 (/opt/ros/jazzy/share/geometry_msgs/cmake)
[5.869s] [31mCMake Error at CMakeLists.txt:8 (find_package):
[5.869s]   By not providing "Findrm_decision_interfaces.cmake" in CMAKE_MODULE_PATH
[5.869s]   this project has asked CMake to find a package configuration file provided
[5.869s]   by "rm_decision_interfaces", but CMake did not find one.
[5.869s] 
[5.869s]   Could not find a package configuration file provided by
[5.869s]   "rm_decision_interfaces" with any of the following names:
[5.869s] 
[5.869s]     rm_decision_interfacesConfig.cmake
[5.869s]     rm_decision_interfaces-config.cmake
[5.869s] 
[5.869s]   Add the installation prefix of "rm_decision_interfaces" to
[5.869s]   CMAKE_PREFIX_PATH or set "rm_decision_interfaces_DIR" to a directory
[5.869s]   containing one of the above files.  If "rm_decision_interfaces" provides a
[5.869s]   separate development package or SDK, be sure it has been installed.
[5.869s] 
[5.869s] [0m
[5.869s] -- Configuring incomplete, errors occurred!
[5.876s] Invoked command in '/home/ethereal/qianli/rm_decision/navigator_test_unit/build/terminal_listener' returned '1': CMAKE_PREFIX_PATH=${CMAKE_PREFIX_PATH}:/opt/ros/jazzy DEBUGINFOD_URLS=https://debuginfod.ubuntu.com /usr/bin/cmake /home/ethereal/qianli/rm_decision/navigator_test_unit/src/terminal_listener -DCMAKE_INSTALL_PREFIX=/home/ethereal/qianli/rm_decision/navigator_test_unit/install/terminal_listener
