[0.193s] [34mcolcon[0m [1;30mDEBUG[0m [32mCommand line arguments: ['/usr/bin/colcon', 'build'][0m
[0.193s] [34mcolcon[0m [1;30mDEBUG[0m [32mParsed command line arguments: Namespace(log_base=None, log_level=None, verb_name='build', build_base='build', install_base='install', merge_install=False, symlink_install=False, test_result_base=None, continue_on_error=False, executor='parallel', parallel_workers=20, event_handlers=None, ignore_user_meta=False, metas=['./colcon.meta'], base_paths=['.'], packages_ignore=None, packages_ignore_regex=None, paths=None, packages_up_to=None, packages_up_to_regex=None, packages_above=None, packages_above_and_dependencies=None, packages_above_depth=None, packages_select_by_dep=None, packages_skip_by_dep=None, packages_skip_up_to=None, packages_select_build_failed=False, packages_skip_build_finished=False, packages_select_test_failures=False, packages_skip_test_passed=False, packages_select=None, packages_skip=None, packages_select_regex=None, packages_skip_regex=None, packages_start=None, packages_end=None, allow_overriding=[], cmake_args=None, cmake_target=None, cmake_target_skip_unavailable=False, cmake_clean_cache=False, cmake_clean_first=False, cmake_force_configure=False, ament_cmake_args=None, catkin_cmake_args=None, catkin_skip_building_tests=False, verb_parser=<colcon_defaults.argument_parser.defaults.DefaultArgumentsDecorator object at 0x7fae3ca6b860>, verb_extension=<colcon_core.verb.build.BuildVerb object at 0x7fae3ca6b6e0>, main=<bound method BuildVerb.main of <colcon_core.verb.build.BuildVerb object at 0x7fae3ca6b6e0>>)[0m
[0.214s] [34mcolcon.colcon_core.package_discovery[0m [1;30mLevel 1[0m discover_packages(colcon_meta) check parameters
[0.215s] [34mcolcon.colcon_core.package_discovery[0m [1;30mLevel 1[0m discover_packages(recursive) check parameters
[0.215s] [34mcolcon.colcon_core.package_discovery[0m [1;30mLevel 1[0m discover_packages(ignore) check parameters
[0.215s] [34mcolcon.colcon_core.package_discovery[0m [1;30mLevel 1[0m discover_packages(path) check parameters
[0.215s] [34mcolcon.colcon_core.package_discovery[0m [1;30mLevel 1[0m discover_packages(colcon_meta) discover
[0.215s] [34mcolcon.colcon_core.package_discovery[0m [1;30mLevel 1[0m discover_packages(recursive) discover
[0.215s] [34mcolcon.colcon_core.package_discovery[0m [1;30mINFO[0m Crawling recursively for packages in '/home/ethereal/qianli/rm_decision/navigator_test_unit'
[0.215s] [34mcolcon.colcon_core.package_identification[0m [1;30mLevel 1[0m _identify(.) by extensions ['ignore', 'ignore_ament_install']
[0.215s] [34mcolcon.colcon_core.package_identification[0m [1;30mLevel 1[0m _identify(.) by extension 'ignore'
[0.215s] [34mcolcon.colcon_core.package_identification[0m [1;30mLevel 1[0m _identify(.) by extension 'ignore_ament_install'
[0.215s] [34mcolcon.colcon_core.package_identification[0m [1;30mLevel 1[0m _identify(.) by extensions ['colcon_pkg']
[0.215s] [34mcolcon.colcon_core.package_identification[0m [1;30mLevel 1[0m _identify(.) by extension 'colcon_pkg'
[0.215s] [34mcolcon.colcon_core.package_identification[0m [1;30mLevel 1[0m _identify(.) by extensions ['colcon_meta']
[0.215s] [34mcolcon.colcon_core.package_identification[0m [1;30mLevel 1[0m _identify(.) by extension 'colcon_meta'
[0.215s] [34mcolcon.colcon_core.package_identification[0m [1;30mLevel 1[0m _identify(.) by extensions ['ros']
[0.215s] [34mcolcon.colcon_core.package_identification[0m [1;30mLevel 1[0m _identify(.) by extension 'ros'
[0.230s] [34mcolcon.colcon_core.package_identification[0m [1;30mLevel 1[0m _identify(.) by extensions ['cmake', 'python']
[0.230s] [34mcolcon.colcon_core.package_identification[0m [1;30mLevel 1[0m _identify(.) by extension 'cmake'
[0.230s] [34mcolcon.colcon_core.package_identification[0m [1;30mLevel 1[0m _identify(.) by extension 'python'
[0.230s] [34mcolcon.colcon_core.package_identification[0m [1;30mLevel 1[0m _identify(.) by extensions ['python_setup_py']
[0.230s] [34mcolcon.colcon_core.package_identification[0m [1;30mLevel 1[0m _identify(.) by extension 'python_setup_py'
[0.230s] [34mcolcon.colcon_core.package_identification[0m [1;30mLevel 1[0m _identify(build) by extensions ['ignore', 'ignore_ament_install']
[0.231s] [34mcolcon.colcon_core.package_identification[0m [1;30mLevel 1[0m _identify(build) by extension 'ignore'
[0.231s] [34mcolcon.colcon_core.package_identification[0m [1;30mLevel 1[0m _identify(build) ignored
[0.231s] [34mcolcon.colcon_core.package_identification[0m [1;30mLevel 1[0m _identify(install) by extensions ['ignore', 'ignore_ament_install']
[0.231s] [34mcolcon.colcon_core.package_identification[0m [1;30mLevel 1[0m _identify(install) by extension 'ignore'
[0.231s] [34mcolcon.colcon_core.package_identification[0m [1;30mLevel 1[0m _identify(install) ignored
[0.231s] [34mcolcon.colcon_core.package_identification[0m [1;30mLevel 1[0m _identify(log) by extensions ['ignore', 'ignore_ament_install']
[0.231s] [34mcolcon.colcon_core.package_identification[0m [1;30mLevel 1[0m _identify(log) by extension 'ignore'
[0.231s] [34mcolcon.colcon_core.package_identification[0m [1;30mLevel 1[0m _identify(log) ignored
[0.231s] [34mcolcon.colcon_core.package_identification[0m [1;30mLevel 1[0m _identify(src) by extensions ['ignore', 'ignore_ament_install']
[0.231s] [34mcolcon.colcon_core.package_identification[0m [1;30mLevel 1[0m _identify(src) by extension 'ignore'
[0.231s] [34mcolcon.colcon_core.package_identification[0m [1;30mLevel 1[0m _identify(src) by extension 'ignore_ament_install'
[0.231s] [34mcolcon.colcon_core.package_identification[0m [1;30mLevel 1[0m _identify(src) by extensions ['colcon_pkg']
[0.231s] [34mcolcon.colcon_core.package_identification[0m [1;30mLevel 1[0m _identify(src) by extension 'colcon_pkg'
[0.231s] [34mcolcon.colcon_core.package_identification[0m [1;30mLevel 1[0m _identify(src) by extensions ['colcon_meta']
[0.231s] [34mcolcon.colcon_core.package_identification[0m [1;30mLevel 1[0m _identify(src) by extension 'colcon_meta'
[0.231s] [34mcolcon.colcon_core.package_identification[0m [1;30mLevel 1[0m _identify(src) by extensions ['ros']
[0.231s] [34mcolcon.colcon_core.package_identification[0m [1;30mLevel 1[0m _identify(src) by extension 'ros'
[0.231s] [34mcolcon.colcon_core.package_identification[0m [1;30mLevel 1[0m _identify(src) by extensions ['cmake', 'python']
[0.231s] [34mcolcon.colcon_core.package_identification[0m [1;30mLevel 1[0m _identify(src) by extension 'cmake'
[0.231s] [34mcolcon.colcon_core.package_identification[0m [1;30mLevel 1[0m _identify(src) by extension 'python'
[0.231s] [34mcolcon.colcon_core.package_identification[0m [1;30mLevel 1[0m _identify(src) by extensions ['python_setup_py']
[0.231s] [34mcolcon.colcon_core.package_identification[0m [1;30mLevel 1[0m _identify(src) by extension 'python_setup_py'
[0.231s] [34mcolcon.colcon_core.package_identification[0m [1;30mLevel 1[0m _identify(src/navigator) by extensions ['ignore', 'ignore_ament_install']
[0.231s] [34mcolcon.colcon_core.package_identification[0m [1;30mLevel 1[0m _identify(src/navigator) by extension 'ignore'
[0.231s] [34mcolcon.colcon_core.package_identification[0m [1;30mLevel 1[0m _identify(src/navigator) by extension 'ignore_ament_install'
[0.231s] [34mcolcon.colcon_core.package_identification[0m [1;30mLevel 1[0m _identify(src/navigator) by extensions ['colcon_pkg']
[0.232s] [34mcolcon.colcon_core.package_identification[0m [1;30mLevel 1[0m _identify(src/navigator) by extension 'colcon_pkg'
[0.232s] [34mcolcon.colcon_core.package_identification[0m [1;30mLevel 1[0m _identify(src/navigator) by extensions ['colcon_meta']
[0.232s] [34mcolcon.colcon_core.package_identification[0m [1;30mLevel 1[0m _identify(src/navigator) by extension 'colcon_meta'
[0.232s] [34mcolcon.colcon_core.package_identification[0m [1;30mLevel 1[0m _identify(src/navigator) by extensions ['ros']
[0.232s] [34mcolcon.colcon_core.package_identification[0m [1;30mLevel 1[0m _identify(src/navigator) by extension 'ros'
[0.233s] [34mcolcon.colcon_core.package_identification[0m [1;30mDEBUG[0m [32mPackage 'src/navigator' with type 'ros.ament_cmake' and name 'navigator'[0m
[0.233s] [34mcolcon.colcon_core.package_identification[0m [1;30mLevel 1[0m _identify(src/rm_decision_interfaces) by extensions ['ignore', 'ignore_ament_install']
[0.234s] [34mcolcon.colcon_core.package_identification[0m [1;30mLevel 1[0m _identify(src/rm_decision_interfaces) by extension 'ignore'
[0.234s] [34mcolcon.colcon_core.package_identification[0m [1;30mLevel 1[0m _identify(src/rm_decision_interfaces) by extension 'ignore_ament_install'
[0.234s] [34mcolcon.colcon_core.package_identification[0m [1;30mLevel 1[0m _identify(src/rm_decision_interfaces) by extensions ['colcon_pkg']
[0.234s] [34mcolcon.colcon_core.package_identification[0m [1;30mLevel 1[0m _identify(src/rm_decision_interfaces) by extension 'colcon_pkg'
[0.234s] [34mcolcon.colcon_core.package_identification[0m [1;30mLevel 1[0m _identify(src/rm_decision_interfaces) by extensions ['colcon_meta']
[0.234s] [34mcolcon.colcon_core.package_identification[0m [1;30mLevel 1[0m _identify(src/rm_decision_interfaces) by extension 'colcon_meta'
[0.234s] [34mcolcon.colcon_core.package_identification[0m [1;30mLevel 1[0m _identify(src/rm_decision_interfaces) by extensions ['ros']
[0.234s] [34mcolcon.colcon_core.package_identification[0m [1;30mLevel 1[0m _identify(src/rm_decision_interfaces) by extension 'ros'
[0.234s] [34mcolcon.colcon_core.package_identification[0m [1;30mDEBUG[0m [32mPackage 'src/rm_decision_interfaces' with type 'ros.ament_cmake' and name 'rm_decision_interfaces'[0m
[0.234s] [34mcolcon.colcon_core.package_identification[0m [1;30mLevel 1[0m _identify(src/terminal_listener) by extensions ['ignore', 'ignore_ament_install']
[0.234s] [34mcolcon.colcon_core.package_identification[0m [1;30mLevel 1[0m _identify(src/terminal_listener) by extension 'ignore'
[0.234s] [34mcolcon.colcon_core.package_identification[0m [1;30mLevel 1[0m _identify(src/terminal_listener) by extension 'ignore_ament_install'
[0.234s] [34mcolcon.colcon_core.package_identification[0m [1;30mLevel 1[0m _identify(src/terminal_listener) by extensions ['colcon_pkg']
[0.234s] [34mcolcon.colcon_core.package_identification[0m [1;30mLevel 1[0m _identify(src/terminal_listener) by extension 'colcon_pkg'
[0.234s] [34mcolcon.colcon_core.package_identification[0m [1;30mLevel 1[0m _identify(src/terminal_listener) by extensions ['colcon_meta']
[0.234s] [34mcolcon.colcon_core.package_identification[0m [1;30mLevel 1[0m _identify(src/terminal_listener) by extension 'colcon_meta'
[0.234s] [34mcolcon.colcon_core.package_identification[0m [1;30mLevel 1[0m _identify(src/terminal_listener) by extensions ['ros']
[0.234s] [34mcolcon.colcon_core.package_identification[0m [1;30mLevel 1[0m _identify(src/terminal_listener) by extension 'ros'
[0.235s] [34mcolcon.colcon_core.package_identification[0m [1;30mDEBUG[0m [32mPackage 'src/terminal_listener' with type 'ros.ament_cmake' and name 'terminal_listener'[0m
[0.235s] [34mcolcon.colcon_core.package_discovery[0m [1;30mLevel 1[0m discover_packages(recursive) using defaults
[0.235s] [34mcolcon.colcon_core.package_discovery[0m [1;30mLevel 1[0m discover_packages(ignore) discover
[0.235s] [34mcolcon.colcon_core.package_discovery[0m [1;30mLevel 1[0m discover_packages(ignore) using defaults
[0.235s] [34mcolcon.colcon_core.package_discovery[0m [1;30mLevel 1[0m discover_packages(path) discover
[0.235s] [34mcolcon.colcon_core.package_discovery[0m [1;30mLevel 1[0m discover_packages(path) using defaults
[0.244s] [34mcolcon.colcon_core.package_discovery[0m [1;30mLevel 1[0m discover_packages(prefix_path) check parameters
[0.244s] [34mcolcon.colcon_core.package_discovery[0m [1;30mLevel 1[0m discover_packages(prefix_path) discover
[0.246s] [34mcolcon.colcon_installed_package_information.package_discovery[0m [1;30mDEBUG[0m [32mFound 328 installed packages in /opt/ros/jazzy[0m
[0.246s] [34mcolcon.colcon_core.package_discovery[0m [1;30mLevel 1[0m discover_packages(prefix_path) using defaults
[0.271s] [34mcolcon.colcon_core.verb[0m [1;30mLevel 5[0m set package 'rm_decision_interfaces' build argument 'cmake_args' from command line to 'None'
[0.272s] [34mcolcon.colcon_core.verb[0m [1;30mLevel 5[0m set package 'rm_decision_interfaces' build argument 'cmake_target' from command line to 'None'
[0.272s] [34mcolcon.colcon_core.verb[0m [1;30mLevel 5[0m set package 'rm_decision_interfaces' build argument 'cmake_target_skip_unavailable' from command line to 'False'
[0.272s] [34mcolcon.colcon_core.verb[0m [1;30mLevel 5[0m set package 'rm_decision_interfaces' build argument 'cmake_clean_cache' from command line to 'False'
[0.272s] [34mcolcon.colcon_core.verb[0m [1;30mLevel 5[0m set package 'rm_decision_interfaces' build argument 'cmake_clean_first' from command line to 'False'
[0.272s] [34mcolcon.colcon_core.verb[0m [1;30mLevel 5[0m set package 'rm_decision_interfaces' build argument 'cmake_force_configure' from command line to 'False'
[0.272s] [34mcolcon.colcon_core.verb[0m [1;30mLevel 5[0m set package 'rm_decision_interfaces' build argument 'ament_cmake_args' from command line to 'None'
[0.272s] [34mcolcon.colcon_core.verb[0m [1;30mLevel 5[0m set package 'rm_decision_interfaces' build argument 'catkin_cmake_args' from command line to 'None'
[0.272s] [34mcolcon.colcon_core.verb[0m [1;30mLevel 5[0m set package 'rm_decision_interfaces' build argument 'catkin_skip_building_tests' from command line to 'False'
[0.272s] [34mcolcon.colcon_core.verb[0m [1;30mDEBUG[0m [32mBuilding package 'rm_decision_interfaces' with the following arguments: {'ament_cmake_args': None, 'build_base': '/home/ethereal/qianli/rm_decision/navigator_test_unit/build/rm_decision_interfaces', 'catkin_cmake_args': None, 'catkin_skip_building_tests': False, 'cmake_args': None, 'cmake_clean_cache': False, 'cmake_clean_first': False, 'cmake_force_configure': False, 'cmake_target': None, 'cmake_target_skip_unavailable': False, 'install_base': '/home/ethereal/qianli/rm_decision/navigator_test_unit/install/rm_decision_interfaces', 'merge_install': False, 'path': '/home/ethereal/qianli/rm_decision/navigator_test_unit/src/rm_decision_interfaces', 'symlink_install': False, 'test_result_base': None}[0m
[0.272s] [34mcolcon.colcon_core.verb[0m [1;30mLevel 5[0m set package 'terminal_listener' build argument 'cmake_args' from command line to 'None'
[0.272s] [34mcolcon.colcon_core.verb[0m [1;30mLevel 5[0m set package 'terminal_listener' build argument 'cmake_target' from command line to 'None'
[0.272s] [34mcolcon.colcon_core.verb[0m [1;30mLevel 5[0m set package 'terminal_listener' build argument 'cmake_target_skip_unavailable' from command line to 'False'
[0.272s] [34mcolcon.colcon_core.verb[0m [1;30mLevel 5[0m set package 'terminal_listener' build argument 'cmake_clean_cache' from command line to 'False'
[0.272s] [34mcolcon.colcon_core.verb[0m [1;30mLevel 5[0m set package 'terminal_listener' build argument 'cmake_clean_first' from command line to 'False'
[0.272s] [34mcolcon.colcon_core.verb[0m [1;30mLevel 5[0m set package 'terminal_listener' build argument 'cmake_force_configure' from command line to 'False'
[0.272s] [34mcolcon.colcon_core.verb[0m [1;30mLevel 5[0m set package 'terminal_listener' build argument 'ament_cmake_args' from command line to 'None'
[0.272s] [34mcolcon.colcon_core.verb[0m [1;30mLevel 5[0m set package 'terminal_listener' build argument 'catkin_cmake_args' from command line to 'None'
[0.272s] [34mcolcon.colcon_core.verb[0m [1;30mLevel 5[0m set package 'terminal_listener' build argument 'catkin_skip_building_tests' from command line to 'False'
[0.272s] [34mcolcon.colcon_core.verb[0m [1;30mDEBUG[0m [32mBuilding package 'terminal_listener' with the following arguments: {'ament_cmake_args': None, 'build_base': '/home/ethereal/qianli/rm_decision/navigator_test_unit/build/terminal_listener', 'catkin_cmake_args': None, 'catkin_skip_building_tests': False, 'cmake_args': None, 'cmake_clean_cache': False, 'cmake_clean_first': False, 'cmake_force_configure': False, 'cmake_target': None, 'cmake_target_skip_unavailable': False, 'install_base': '/home/ethereal/qianli/rm_decision/navigator_test_unit/install/terminal_listener', 'merge_install': False, 'path': '/home/ethereal/qianli/rm_decision/navigator_test_unit/src/terminal_listener', 'symlink_install': False, 'test_result_base': None}[0m
[0.272s] [34mcolcon.colcon_core.verb[0m [1;30mLevel 5[0m set package 'navigator' build argument 'cmake_args' from command line to 'None'
[0.272s] [34mcolcon.colcon_core.verb[0m [1;30mLevel 5[0m set package 'navigator' build argument 'cmake_target' from command line to 'None'
[0.272s] [34mcolcon.colcon_core.verb[0m [1;30mLevel 5[0m set package 'navigator' build argument 'cmake_target_skip_unavailable' from command line to 'False'
[0.272s] [34mcolcon.colcon_core.verb[0m [1;30mLevel 5[0m set package 'navigator' build argument 'cmake_clean_cache' from command line to 'False'
[0.272s] [34mcolcon.colcon_core.verb[0m [1;30mLevel 5[0m set package 'navigator' build argument 'cmake_clean_first' from command line to 'False'
[0.272s] [34mcolcon.colcon_core.verb[0m [1;30mLevel 5[0m set package 'navigator' build argument 'cmake_force_configure' from command line to 'False'
[0.272s] [34mcolcon.colcon_core.verb[0m [1;30mLevel 5[0m set package 'navigator' build argument 'ament_cmake_args' from command line to 'None'
[0.272s] [34mcolcon.colcon_core.verb[0m [1;30mLevel 5[0m set package 'navigator' build argument 'catkin_cmake_args' from command line to 'None'
[0.272s] [34mcolcon.colcon_core.verb[0m [1;30mLevel 5[0m set package 'navigator' build argument 'catkin_skip_building_tests' from command line to 'False'
[0.272s] [34mcolcon.colcon_core.verb[0m [1;30mDEBUG[0m [32mBuilding package 'navigator' with the following arguments: {'ament_cmake_args': None, 'build_base': '/home/ethereal/qianli/rm_decision/navigator_test_unit/build/navigator', 'catkin_cmake_args': None, 'catkin_skip_building_tests': False, 'cmake_args': None, 'cmake_clean_cache': False, 'cmake_clean_first': False, 'cmake_force_configure': False, 'cmake_target': None, 'cmake_target_skip_unavailable': False, 'install_base': '/home/ethereal/qianli/rm_decision/navigator_test_unit/install/navigator', 'merge_install': False, 'path': '/home/ethereal/qianli/rm_decision/navigator_test_unit/src/navigator', 'symlink_install': False, 'test_result_base': None}[0m
[0.272s] [34mcolcon.colcon_core.executor[0m [1;30mINFO[0m Executing jobs using 'parallel' executor
[0.273s] [34mcolcon.colcon_parallel_executor.executor.parallel[0m [1;30mDEBUG[0m [32mrun_until_complete[0m
[0.273s] [34mcolcon.colcon_ros.task.ament_cmake.build[0m [1;30mINFO[0m Building ROS package in '/home/ethereal/qianli/rm_decision/navigator_test_unit/src/rm_decision_interfaces' with build type 'ament_cmake'
[0.274s] [34mcolcon.colcon_cmake.task.cmake.build[0m [1;30mINFO[0m Building CMake package in '/home/ethereal/qianli/rm_decision/navigator_test_unit/src/rm_decision_interfaces'
[0.275s] [34mcolcon.colcon_core.plugin_system[0m [1;30mINFO[0m Skipping extension 'colcon_core.shell.bat': Not used on non-Windows systems
[0.276s] [34mcolcon.colcon_core.shell[0m [1;30mINFO[0m Skip shell extension 'powershell' for command environment: Not usable outside of PowerShell
[0.276s] [34mcolcon.colcon_core.shell[0m [1;30mDEBUG[0m [32mSkip shell extension 'dsv' for command environment[0m
[0.278s] [34mcolcon.colcon_ros.task.ament_cmake.build[0m [1;30mINFO[0m Building ROS package in '/home/ethereal/qianli/rm_decision/navigator_test_unit/src/terminal_listener' with build type 'ament_cmake'
[0.278s] [34mcolcon.colcon_cmake.task.cmake.build[0m [1;30mINFO[0m Building CMake package in '/home/ethereal/qianli/rm_decision/navigator_test_unit/src/terminal_listener'
[0.278s] [34mcolcon.colcon_core.shell[0m [1;30mINFO[0m Skip shell extension 'powershell' for command environment: Not usable outside of PowerShell
[0.278s] [34mcolcon.colcon_core.shell[0m [1;30mDEBUG[0m [32mSkip shell extension 'dsv' for command environment[0m
[0.283s] [34mcolcon.colcon_core.event_handler.log_command[0m [1;30mDEBUG[0m [32mInvoking command in '/home/ethereal/qianli/rm_decision/navigator_test_unit/build/rm_decision_interfaces': CMAKE_PREFIX_PATH=${CMAKE_PREFIX_PATH}:/opt/ros/jazzy DEBUGINFOD_URLS=https://debuginfod.ubuntu.com /usr/bin/cmake --build /home/ethereal/qianli/rm_decision/navigator_test_unit/build/rm_decision_interfaces -- -j20 -l20[0m
[0.286s] [34mcolcon.colcon_core.event_handler.log_command[0m [1;30mDEBUG[0m [32mInvoking command in '/home/ethereal/qianli/rm_decision/navigator_test_unit/build/terminal_listener': CMAKE_PREFIX_PATH=${CMAKE_PREFIX_PATH}:/opt/ros/jazzy DEBUGINFOD_URLS=https://debuginfod.ubuntu.com /usr/bin/cmake /home/ethereal/qianli/rm_decision/navigator_test_unit/src/terminal_listener -DCMAKE_INSTALL_PREFIX=/home/ethereal/qianli/rm_decision/navigator_test_unit/install/terminal_listener[0m
[0.529s] [34mcolcon.colcon_core.event_handler.log_command[0m [1;30mDEBUG[0m [32mInvoked command in '/home/ethereal/qianli/rm_decision/navigator_test_unit/build/rm_decision_interfaces' returned '0': CMAKE_PREFIX_PATH=${CMAKE_PREFIX_PATH}:/opt/ros/jazzy DEBUGINFOD_URLS=https://debuginfod.ubuntu.com /usr/bin/cmake --build /home/ethereal/qianli/rm_decision/navigator_test_unit/build/rm_decision_interfaces -- -j20 -l20[0m
[0.677s] [34mcolcon.colcon_core.event_handler.log_command[0m [1;30mDEBUG[0m [32mInvoking command in '/home/ethereal/qianli/rm_decision/navigator_test_unit/build/rm_decision_interfaces': CMAKE_PREFIX_PATH=${CMAKE_PREFIX_PATH}:/opt/ros/jazzy DEBUGINFOD_URLS=https://debuginfod.ubuntu.com /usr/bin/cmake --install /home/ethereal/qianli/rm_decision/navigator_test_unit/build/rm_decision_interfaces[0m
[0.724s] [34mcolcon.colcon_core.environment[0m [1;30mLevel 1[0m create_environment_scripts_only(rm_decision_interfaces)
[0.727s] [34mcolcon.colcon_core.event_handler.log_command[0m [1;30mDEBUG[0m [32mInvoked command in '/home/ethereal/qianli/rm_decision/navigator_test_unit/build/rm_decision_interfaces' returned '0': CMAKE_PREFIX_PATH=${CMAKE_PREFIX_PATH}:/opt/ros/jazzy DEBUGINFOD_URLS=https://debuginfod.ubuntu.com /usr/bin/cmake --install /home/ethereal/qianli/rm_decision/navigator_test_unit/build/rm_decision_interfaces[0m
[0.728s] [34mcolcon.colcon_core.environment[0m [1;30mLevel 1[0m checking '/home/ethereal/qianli/rm_decision/navigator_test_unit/install/rm_decision_interfaces' for CMake module files
[0.728s] [34mcolcon.colcon_core.environment[0m [1;30mLevel 1[0m checking '/home/ethereal/qianli/rm_decision/navigator_test_unit/install/rm_decision_interfaces' for CMake config files
[0.728s] [34mcolcon.colcon_core.shell[0m [1;30mLevel 1[0m create_environment_hook('rm_decision_interfaces', 'cmake_prefix_path')
[0.728s] [34mcolcon.colcon_core.shell[0m [1;30mINFO[0m Creating environment hook '/home/ethereal/qianli/rm_decision/navigator_test_unit/install/rm_decision_interfaces/share/rm_decision_interfaces/hook/cmake_prefix_path.ps1'
[0.729s] [34mcolcon.colcon_core.shell[0m [1;30mINFO[0m Creating environment descriptor '/home/ethereal/qianli/rm_decision/navigator_test_unit/install/rm_decision_interfaces/share/rm_decision_interfaces/hook/cmake_prefix_path.dsv'
[0.729s] [34mcolcon.colcon_core.shell[0m [1;30mINFO[0m Creating environment hook '/home/ethereal/qianli/rm_decision/navigator_test_unit/install/rm_decision_interfaces/share/rm_decision_interfaces/hook/cmake_prefix_path.sh'
[0.729s] [34mcolcon.colcon_core.environment[0m [1;30mLevel 1[0m checking '/home/ethereal/qianli/rm_decision/navigator_test_unit/install/rm_decision_interfaces/lib'
[0.729s] [34mcolcon.colcon_core.shell[0m [1;30mLevel 1[0m create_environment_hook('rm_decision_interfaces', 'ld_library_path_lib')
[0.730s] [34mcolcon.colcon_core.shell[0m [1;30mINFO[0m Creating environment hook '/home/ethereal/qianli/rm_decision/navigator_test_unit/install/rm_decision_interfaces/share/rm_decision_interfaces/hook/ld_library_path_lib.ps1'
[0.730s] [34mcolcon.colcon_core.shell[0m [1;30mINFO[0m Creating environment descriptor '/home/ethereal/qianli/rm_decision/navigator_test_unit/install/rm_decision_interfaces/share/rm_decision_interfaces/hook/ld_library_path_lib.dsv'
[0.730s] [34mcolcon.colcon_core.shell[0m [1;30mINFO[0m Creating environment hook '/home/ethereal/qianli/rm_decision/navigator_test_unit/install/rm_decision_interfaces/share/rm_decision_interfaces/hook/ld_library_path_lib.sh'
[0.730s] [34mcolcon.colcon_core.environment[0m [1;30mLevel 1[0m checking '/home/ethereal/qianli/rm_decision/navigator_test_unit/install/rm_decision_interfaces/bin'
[0.730s] [34mcolcon.colcon_core.environment[0m [1;30mLevel 1[0m checking '/home/ethereal/qianli/rm_decision/navigator_test_unit/install/rm_decision_interfaces/lib/pkgconfig/rm_decision_interfaces.pc'
[0.730s] [34mcolcon.colcon_core.environment[0m [1;30mLevel 1[0m checking '/home/ethereal/qianli/rm_decision/navigator_test_unit/install/rm_decision_interfaces/lib/python3.12/site-packages'
[0.730s] [34mcolcon.colcon_core.shell[0m [1;30mLevel 1[0m create_environment_hook('rm_decision_interfaces', 'pythonpath')
[0.730s] [34mcolcon.colcon_core.shell[0m [1;30mINFO[0m Creating environment hook '/home/ethereal/qianli/rm_decision/navigator_test_unit/install/rm_decision_interfaces/share/rm_decision_interfaces/hook/pythonpath.ps1'
[0.731s] [34mcolcon.colcon_core.shell[0m [1;30mINFO[0m Creating environment descriptor '/home/ethereal/qianli/rm_decision/navigator_test_unit/install/rm_decision_interfaces/share/rm_decision_interfaces/hook/pythonpath.dsv'
[0.731s] [34mcolcon.colcon_core.shell[0m [1;30mINFO[0m Creating environment hook '/home/ethereal/qianli/rm_decision/navigator_test_unit/install/rm_decision_interfaces/share/rm_decision_interfaces/hook/pythonpath.sh'
[0.731s] [34mcolcon.colcon_core.environment[0m [1;30mLevel 1[0m checking '/home/ethereal/qianli/rm_decision/navigator_test_unit/install/rm_decision_interfaces/bin'
[0.731s] [34mcolcon.colcon_core.shell[0m [1;30mINFO[0m Creating package script '/home/ethereal/qianli/rm_decision/navigator_test_unit/install/rm_decision_interfaces/share/rm_decision_interfaces/package.ps1'
[0.732s] [34mcolcon.colcon_core.shell[0m [1;30mINFO[0m Creating package descriptor '/home/ethereal/qianli/rm_decision/navigator_test_unit/install/rm_decision_interfaces/share/rm_decision_interfaces/package.dsv'
[0.732s] [34mcolcon.colcon_core.shell[0m [1;30mINFO[0m Creating package script '/home/ethereal/qianli/rm_decision/navigator_test_unit/install/rm_decision_interfaces/share/rm_decision_interfaces/package.sh'
[0.732s] [34mcolcon.colcon_core.shell[0m [1;30mINFO[0m Creating package script '/home/ethereal/qianli/rm_decision/navigator_test_unit/install/rm_decision_interfaces/share/rm_decision_interfaces/package.bash'
[0.733s] [34mcolcon.colcon_core.shell[0m [1;30mINFO[0m Creating package script '/home/ethereal/qianli/rm_decision/navigator_test_unit/install/rm_decision_interfaces/share/rm_decision_interfaces/package.zsh'
[0.733s] [34mcolcon.colcon_core.environment[0m [1;30mLevel 1[0m create_file_with_runtime_dependencies(/home/ethereal/qianli/rm_decision/navigator_test_unit/install/rm_decision_interfaces/share/colcon-core/packages/rm_decision_interfaces)
[0.872s] [34mcolcon.colcon_core.environment[0m [1;30mLevel 1[0m create_environment_scripts_only(rm_decision_interfaces)
[0.872s] [34mcolcon.colcon_core.environment[0m [1;30mLevel 1[0m checking '/home/ethereal/qianli/rm_decision/navigator_test_unit/install/rm_decision_interfaces' for CMake module files
[0.873s] [34mcolcon.colcon_core.environment[0m [1;30mLevel 1[0m checking '/home/ethereal/qianli/rm_decision/navigator_test_unit/install/rm_decision_interfaces' for CMake config files
[0.873s] [34mcolcon.colcon_core.shell[0m [1;30mLevel 1[0m create_environment_hook('rm_decision_interfaces', 'cmake_prefix_path')
[0.873s] [34mcolcon.colcon_core.shell[0m [1;30mINFO[0m Creating environment hook '/home/ethereal/qianli/rm_decision/navigator_test_unit/install/rm_decision_interfaces/share/rm_decision_interfaces/hook/cmake_prefix_path.ps1'
[0.874s] [34mcolcon.colcon_core.shell[0m [1;30mINFO[0m Creating environment descriptor '/home/ethereal/qianli/rm_decision/navigator_test_unit/install/rm_decision_interfaces/share/rm_decision_interfaces/hook/cmake_prefix_path.dsv'
[0.874s] [34mcolcon.colcon_core.shell[0m [1;30mINFO[0m Creating environment hook '/home/ethereal/qianli/rm_decision/navigator_test_unit/install/rm_decision_interfaces/share/rm_decision_interfaces/hook/cmake_prefix_path.sh'
[0.874s] [34mcolcon.colcon_core.environment[0m [1;30mLevel 1[0m checking '/home/ethereal/qianli/rm_decision/navigator_test_unit/install/rm_decision_interfaces/lib'
[0.874s] [34mcolcon.colcon_core.shell[0m [1;30mLevel 1[0m create_environment_hook('rm_decision_interfaces', 'ld_library_path_lib')
[0.874s] [34mcolcon.colcon_core.shell[0m [1;30mINFO[0m Creating environment hook '/home/ethereal/qianli/rm_decision/navigator_test_unit/install/rm_decision_interfaces/share/rm_decision_interfaces/hook/ld_library_path_lib.ps1'
[0.874s] [34mcolcon.colcon_core.shell[0m [1;30mINFO[0m Creating environment descriptor '/home/ethereal/qianli/rm_decision/navigator_test_unit/install/rm_decision_interfaces/share/rm_decision_interfaces/hook/ld_library_path_lib.dsv'
[0.875s] [34mcolcon.colcon_core.shell[0m [1;30mINFO[0m Creating environment hook '/home/ethereal/qianli/rm_decision/navigator_test_unit/install/rm_decision_interfaces/share/rm_decision_interfaces/hook/ld_library_path_lib.sh'
[0.875s] [34mcolcon.colcon_core.environment[0m [1;30mLevel 1[0m checking '/home/ethereal/qianli/rm_decision/navigator_test_unit/install/rm_decision_interfaces/bin'
[0.875s] [34mcolcon.colcon_core.environment[0m [1;30mLevel 1[0m checking '/home/ethereal/qianli/rm_decision/navigator_test_unit/install/rm_decision_interfaces/lib/pkgconfig/rm_decision_interfaces.pc'
[0.875s] [34mcolcon.colcon_core.environment[0m [1;30mLevel 1[0m checking '/home/ethereal/qianli/rm_decision/navigator_test_unit/install/rm_decision_interfaces/lib/python3.12/site-packages'
[0.875s] [34mcolcon.colcon_core.shell[0m [1;30mLevel 1[0m create_environment_hook('rm_decision_interfaces', 'pythonpath')
[0.875s] [34mcolcon.colcon_core.shell[0m [1;30mINFO[0m Creating environment hook '/home/ethereal/qianli/rm_decision/navigator_test_unit/install/rm_decision_interfaces/share/rm_decision_interfaces/hook/pythonpath.ps1'
[0.875s] [34mcolcon.colcon_core.shell[0m [1;30mINFO[0m Creating environment descriptor '/home/ethereal/qianli/rm_decision/navigator_test_unit/install/rm_decision_interfaces/share/rm_decision_interfaces/hook/pythonpath.dsv'
[0.876s] [34mcolcon.colcon_core.shell[0m [1;30mINFO[0m Creating environment hook '/home/ethereal/qianli/rm_decision/navigator_test_unit/install/rm_decision_interfaces/share/rm_decision_interfaces/hook/pythonpath.sh'
[0.876s] [34mcolcon.colcon_core.environment[0m [1;30mLevel 1[0m checking '/home/ethereal/qianli/rm_decision/navigator_test_unit/install/rm_decision_interfaces/bin'
[0.876s] [34mcolcon.colcon_core.shell[0m [1;30mINFO[0m Creating package script '/home/ethereal/qianli/rm_decision/navigator_test_unit/install/rm_decision_interfaces/share/rm_decision_interfaces/package.ps1'
[0.876s] [34mcolcon.colcon_core.shell[0m [1;30mINFO[0m Creating package descriptor '/home/ethereal/qianli/rm_decision/navigator_test_unit/install/rm_decision_interfaces/share/rm_decision_interfaces/package.dsv'
[0.877s] [34mcolcon.colcon_core.shell[0m [1;30mINFO[0m Creating package script '/home/ethereal/qianli/rm_decision/navigator_test_unit/install/rm_decision_interfaces/share/rm_decision_interfaces/package.sh'
[0.877s] [34mcolcon.colcon_core.shell[0m [1;30mINFO[0m Creating package script '/home/ethereal/qianli/rm_decision/navigator_test_unit/install/rm_decision_interfaces/share/rm_decision_interfaces/package.bash'
[0.877s] [34mcolcon.colcon_core.shell[0m [1;30mINFO[0m Creating package script '/home/ethereal/qianli/rm_decision/navigator_test_unit/install/rm_decision_interfaces/share/rm_decision_interfaces/package.zsh'
[0.878s] [34mcolcon.colcon_core.environment[0m [1;30mLevel 1[0m create_file_with_runtime_dependencies(/home/ethereal/qianli/rm_decision/navigator_test_unit/install/rm_decision_interfaces/share/colcon-core/packages/rm_decision_interfaces)
[0.878s] [34mcolcon.colcon_ros.task.ament_cmake.build[0m [1;30mINFO[0m Building ROS package in '/home/ethereal/qianli/rm_decision/navigator_test_unit/src/navigator' with build type 'ament_cmake'
[0.878s] [34mcolcon.colcon_cmake.task.cmake.build[0m [1;30mINFO[0m Building CMake package in '/home/ethereal/qianli/rm_decision/navigator_test_unit/src/navigator'
[0.878s] [34mcolcon.colcon_core.shell[0m [1;30mINFO[0m Skip shell extension 'powershell' for command environment: Not usable outside of PowerShell
[0.878s] [34mcolcon.colcon_core.shell[0m [1;30mDEBUG[0m [32mSkip shell extension 'dsv' for command environment[0m
[1.144s] [34mcolcon.colcon_core.event_handler.log_command[0m [1;30mDEBUG[0m [32mInvoking command in '/home/ethereal/qianli/rm_decision/navigator_test_unit/build/navigator': AMENT_PREFIX_PATH=/home/ethereal/qianli/rm_decision/navigator_test_unit/install/rm_decision_interfaces:${AMENT_PREFIX_PATH} CMAKE_PREFIX_PATH=/home/ethereal/qianli/rm_decision/navigator_test_unit/install/rm_decision_interfaces:/opt/ros/jazzy/opt/gz_sim_vendor:/opt/ros/jazzy/opt/gz_sensors_vendor:/opt/ros/jazzy/opt/gz_physics_vendor:/opt/ros/jazzy/opt/sdformat_vendor:/opt/ros/jazzy/opt/gz_gui_vendor:/opt/ros/jazzy/opt/gz_transport_vendor:/opt/ros/jazzy/opt/gz_rendering_vendor:/opt/ros/jazzy/opt/gz_plugin_vendor:/opt/ros/jazzy/opt/gz_fuel_tools_vendor:/opt/ros/jazzy/opt/gz_msgs_vendor:/opt/ros/jazzy/opt/gz_common_vendor:/opt/ros/jazzy/opt/gz_math_vendor:/opt/ros/jazzy/opt/gz_utils_vendor:/opt/ros/jazzy/opt/gz_tools_vendor:/opt/ros/jazzy/opt/gz_ogre_next_vendor:/opt/ros/jazzy/opt/gz_dartsim_vendor:/opt/ros/jazzy/opt/gz_cmake_vendor:/opt/ros/jazzy DEBUGINFOD_URLS=https://debuginfod.ubuntu.com LD_LIBRARY_PATH=/home/ethereal/qianli/rm_decision/navigator_test_unit/install/rm_decision_interfaces/lib:${LD_LIBRARY_PATH} PYTHONPATH=/home/ethereal/qianli/rm_decision/navigator_test_unit/install/rm_decision_interfaces/lib/python3.12/site-packages:${PYTHONPATH} /usr/bin/cmake /home/ethereal/qianli/rm_decision/navigator_test_unit/src/navigator -DCMAKE_INSTALL_PREFIX=/home/ethereal/qianli/rm_decision/navigator_test_unit/install/navigator[0m
[3.375s] [34mcolcon.colcon_core.event_handler.log_command[0m [1;30mDEBUG[0m [32mInvoked command in '/home/ethereal/qianli/rm_decision/navigator_test_unit/build/terminal_listener' returned '1': CMAKE_PREFIX_PATH=${CMAKE_PREFIX_PATH}:/opt/ros/jazzy DEBUGINFOD_URLS=https://debuginfod.ubuntu.com /usr/bin/cmake /home/ethereal/qianli/rm_decision/navigator_test_unit/src/terminal_listener -DCMAKE_INSTALL_PREFIX=/home/ethereal/qianli/rm_decision/navigator_test_unit/install/terminal_listener[0m
[3.383s] [34mcolcon.colcon_core.environment[0m [1;30mLevel 1[0m create_environment_scripts_only(terminal_listener)
[3.383s] [34mcolcon.colcon_core.environment[0m [1;30mLevel 1[0m checking '/home/ethereal/qianli/rm_decision/navigator_test_unit/install/terminal_listener' for CMake module files
[3.384s] [34mcolcon.colcon_core.environment[0m [1;30mLevel 1[0m checking '/home/ethereal/qianli/rm_decision/navigator_test_unit/install/terminal_listener' for CMake config files
[3.384s] [34mcolcon.colcon_core.environment[0m [1;30mLevel 1[0m checking '/home/ethereal/qianli/rm_decision/navigator_test_unit/install/terminal_listener/bin'
[3.384s] [34mcolcon.colcon_core.environment[0m [1;30mLevel 1[0m checking '/home/ethereal/qianli/rm_decision/navigator_test_unit/install/terminal_listener/lib/pkgconfig/terminal_listener.pc'
[3.384s] [34mcolcon.colcon_core.environment[0m [1;30mLevel 1[0m checking '/home/ethereal/qianli/rm_decision/navigator_test_unit/install/terminal_listener/lib/python3.12/site-packages'
[3.384s] [34mcolcon.colcon_core.environment[0m [1;30mLevel 1[0m checking '/home/ethereal/qianli/rm_decision/navigator_test_unit/install/terminal_listener/bin'
[3.384s] [34mcolcon.colcon_core.shell[0m [1;30mINFO[0m Creating package script '/home/ethereal/qianli/rm_decision/navigator_test_unit/install/terminal_listener/share/terminal_listener/package.ps1'
[3.385s] [34mcolcon.colcon_core.shell[0m [1;30mINFO[0m Creating package descriptor '/home/ethereal/qianli/rm_decision/navigator_test_unit/install/terminal_listener/share/terminal_listener/package.dsv'
[3.385s] [34mcolcon.colcon_core.shell[0m [1;30mINFO[0m Creating package script '/home/ethereal/qianli/rm_decision/navigator_test_unit/install/terminal_listener/share/terminal_listener/package.sh'
[3.385s] [34mcolcon.colcon_core.shell[0m [1;30mINFO[0m Creating package script '/home/ethereal/qianli/rm_decision/navigator_test_unit/install/terminal_listener/share/terminal_listener/package.bash'
[3.385s] [34mcolcon.colcon_core.shell[0m [1;30mINFO[0m Creating package script '/home/ethereal/qianli/rm_decision/navigator_test_unit/install/terminal_listener/share/terminal_listener/package.zsh'
[3.385s] [34mcolcon.colcon_core.environment[0m [1;30mLevel 1[0m create_file_with_runtime_dependencies(/home/ethereal/qianli/rm_decision/navigator_test_unit/install/terminal_listener/share/colcon-core/packages/terminal_listener)
[6.444s] [34mcolcon.colcon_parallel_executor.executor.parallel[0m [1;30mDEBUG[0m [32mclosing loop[0m
[6.444s] [34mcolcon.colcon_parallel_executor.executor.parallel[0m [1;30mDEBUG[0m [32mloop closed[0m
[6.445s] [34mcolcon.colcon_parallel_executor.executor.parallel[0m [1;30mDEBUG[0m [32mrun_until_complete finished with '1'[0m
[6.445s] [34mcolcon.colcon_core.event_reactor[0m [1;30mDEBUG[0m [32mjoining thread[0m
[6.496s] [34mcolcon.colcon_core.plugin_system[0m [1;30mINFO[0m Skipping extension 'colcon_notification.desktop_notification.notify_send': Could not find 'notify-send'
[6.496s] [34mcolcon.colcon_core.plugin_system[0m [1;30mINFO[0m Skipping extension 'colcon_notification.desktop_notification.terminal_notifier': Not used on non-Darwin systems
[6.496s] [34mcolcon.colcon_core.plugin_system[0m [1;30mINFO[0m Skipping extension 'colcon_notification.desktop_notification.win32': Not used on non-Windows systems
[6.496s] [34mcolcon.colcon_notification.desktop_notification[0m [1;30mINFO[0m Sending desktop notification using 'notify2'
[6.497s] [34mcolcon.colcon_notification.desktop_notification.notify2[0m [1;30mDEBUG[0m [32mFailed to initialize notify2: org.freedesktop.DBus.Error.ServiceUnknown: The name org.freedesktop.Notifications was not provided by any .service files[0m
[6.497s] [34mcolcon.colcon_core.event_reactor[0m [1;30mDEBUG[0m [32mjoined thread[0m
[6.498s] [34mcolcon.colcon_core.shell[0m [1;30mINFO[0m Creating prefix script '/home/ethereal/qianli/rm_decision/navigator_test_unit/install/local_setup.ps1'
[6.498s] [34mcolcon.colcon_core.shell[0m [1;30mINFO[0m Creating prefix util module '/home/ethereal/qianli/rm_decision/navigator_test_unit/install/_local_setup_util_ps1.py'
[6.499s] [34mcolcon.colcon_core.shell[0m [1;30mINFO[0m Creating prefix chain script '/home/ethereal/qianli/rm_decision/navigator_test_unit/install/setup.ps1'
[6.500s] [34mcolcon.colcon_core.shell[0m [1;30mINFO[0m Creating prefix script '/home/ethereal/qianli/rm_decision/navigator_test_unit/install/local_setup.sh'
[6.500s] [34mcolcon.colcon_core.shell[0m [1;30mINFO[0m Creating prefix util module '/home/ethereal/qianli/rm_decision/navigator_test_unit/install/_local_setup_util_sh.py'
[6.500s] [34mcolcon.colcon_core.shell[0m [1;30mINFO[0m Creating prefix chain script '/home/ethereal/qianli/rm_decision/navigator_test_unit/install/setup.sh'
[6.501s] [34mcolcon.colcon_core.shell[0m [1;30mINFO[0m Creating prefix script '/home/ethereal/qianli/rm_decision/navigator_test_unit/install/local_setup.bash'
[6.501s] [34mcolcon.colcon_core.shell[0m [1;30mINFO[0m Creating prefix chain script '/home/ethereal/qianli/rm_decision/navigator_test_unit/install/setup.bash'
[6.502s] [34mcolcon.colcon_core.shell[0m [1;30mINFO[0m Creating prefix script '/home/ethereal/qianli/rm_decision/navigator_test_unit/install/local_setup.zsh'
[6.502s] [34mcolcon.colcon_core.shell[0m [1;30mINFO[0m Creating prefix chain script '/home/ethereal/qianli/rm_decision/navigator_test_unit/install/setup.zsh'
