[0.265s] Invoking command in '/home/ethereal/qianli/rm_decision/navigator_test_unit/build/navigator': AMENT_PREFIX_PATH=/home/ethereal/qianli/rm_decision/navigator_test_unit/install/rm_decision_interfaces:${AMENT_PREFIX_PATH} CMAKE_PREFIX_PATH=/home/ethereal/qianli/rm_decision/navigator_test_unit/install/rm_decision_interfaces:/opt/ros/jazzy/opt/gz_sim_vendor:/opt/ros/jazzy/opt/gz_sensors_vendor:/opt/ros/jazzy/opt/gz_physics_vendor:/opt/ros/jazzy/opt/sdformat_vendor:/opt/ros/jazzy/opt/gz_gui_vendor:/opt/ros/jazzy/opt/gz_transport_vendor:/opt/ros/jazzy/opt/gz_rendering_vendor:/opt/ros/jazzy/opt/gz_plugin_vendor:/opt/ros/jazzy/opt/gz_fuel_tools_vendor:/opt/ros/jazzy/opt/gz_msgs_vendor:/opt/ros/jazzy/opt/gz_common_vendor:/opt/ros/jazzy/opt/gz_math_vendor:/opt/ros/jazzy/opt/gz_utils_vendor:/opt/ros/jazzy/opt/gz_tools_vendor:/opt/ros/jazzy/opt/gz_ogre_next_vendor:/opt/ros/jazzy/opt/gz_dartsim_vendor:/opt/ros/jazzy/opt/gz_cmake_vendor:/opt/ros/jazzy DEBUGINFOD_URLS=https://debuginfod.ubuntu.com LD_LIBRARY_PATH=/home/ethereal/qianli/rm_decision/navigator_test_unit/install/rm_decision_interfaces/lib:${LD_LIBRARY_PATH} PYTHONPATH=/home/ethereal/qianli/rm_decision/navigator_test_unit/install/rm_decision_interfaces/lib/python3.12/site-packages:${PYTHONPATH} /usr/bin/cmake /home/ethereal/qianli/rm_decision/navigator_test_unit/src/navigator -DCMAKE_INSTALL_PREFIX=/home/ethereal/qianli/rm_decision/navigator_test_unit/install/navigator
[0.377s] -- The C compiler identification is GNU 13.3.0
[1.523s] -- The CXX compiler identification is GNU 13.3.0
[2.691s] -- Detecting C compiler ABI info
[2.975s] -- Detecting C compiler ABI info - done
[2.981s] -- Check for working C compiler: /usr/bin/cc - skipped
[2.981s] -- Detecting C compile features
[2.981s] -- Detecting C compile features - done
[3.401s] -- Detecting CXX compiler ABI info
[3.666s] -- Detecting CXX compiler ABI info - done
[3.673s] -- Check for working CXX compiler: /usr/bin/c++ - skipped
[3.673s] -- Detecting CXX compile features
[3.673s] -- Detecting CXX compile features - done
[3.676s] -- Found ament_cmake_auto: 2.5.3 (/opt/ros/jazzy/share/ament_cmake_auto/cmake)
[3.779s] -- Found Python3: /usr/bin/python3 (found version "3.12.3") found components: Interpreter 
[4.099s] -- Found rosidl_generator_c: 4.6.4 (/opt/ros/jazzy/share/rosidl_generator_c/cmake)
[4.109s] -- Found rosidl_generator_cpp: 4.6.4 (/opt/ros/jazzy/share/rosidl_generator_cpp/cmake)
[4.121s] -- Using all available rosidl_typesupport_c: rosidl_typesupport_fastrtps_c;rosidl_typesupport_introspection_c
[4.133s] -- Using all available rosidl_typesupport_cpp: rosidl_typesupport_fastrtps_cpp;rosidl_typesupport_introspection_cpp
[4.191s] -- Found rmw_implementation_cmake: 7.3.1 (/opt/ros/jazzy/share/rmw_implementation_cmake/cmake)
[4.193s] -- Found rmw_fastrtps_cpp: 8.4.1 (/opt/ros/jazzy/share/rmw_fastrtps_cpp/cmake)
[4.243s] -- Found OpenSSL: /usr/lib/x86_64-linux-gnu/libcrypto.so (found version "3.0.13")  
[4.451s] -- Found FastRTPS: /opt/ros/jazzy/include (Required is at least version "2.13") 
[4.552s] -- Using RMW implementation 'rmw_fastrtps_cpp' as default
[5.349s] -- Found eigen3_cmake_module: 0.3.0 (/opt/ros/jazzy/share/eigen3_cmake_module/cmake)
[5.351s] -- Found Eigen3: TRUE (found version "3.4.0") 
[5.351s] -- Ensuring Eigen3 include directory is part of orocos-kdl CMake target
[5.498s] -- Found ament_lint_auto: 0.17.1 (/opt/ros/jazzy/share/ament_lint_auto/cmake)
[5.521s] -- Added test 'cppcheck' to perform static code analysis on C / C++ code
[5.521s] -- Configured cppcheck include dirs: /home/ethereal/qianli/rm_decision/navigator_test_unit/src/navigator/include
[5.521s] -- Configured cppcheck exclude dirs and/or files: 
[5.522s] -- Added test 'cpplint' to check C / C++ code against the Google style
[5.522s] -- Configured cpplint exclude dirs and/or files: 
[5.523s] -- Added test 'flake8' to check Python code syntax and style conventions
[5.523s] -- Configured 'flake8' exclude dirs and/or files: 
[5.524s] -- Added test 'lint_cmake' to check CMake code style
[5.524s] -- Added test 'pep257' to check Python code against some of the docstring style conventions in PEP 257
[5.525s] -- Added test 'xmllint' to check XML markup files
[5.528s] -- Configuring done (5.3s)
[5.545s] -- Generating done (0.0s)
[5.546s] -- Build files have been written to: /home/ethereal/qianli/rm_decision/navigator_test_unit/build/navigator
