[0.280s] [34mcolcon[0m [1;30mDEBUG[0m [32mCommand line arguments: ['/usr/bin/colcon', 'build'][0m
[0.280s] [34mcolcon[0m [1;30mDEBUG[0m [32mParsed command line arguments: Namespace(log_base=None, log_level=None, verb_name='build', build_base='build', install_base='install', merge_install=False, symlink_install=False, test_result_base=None, continue_on_error=False, executor='parallel', parallel_workers=20, event_handlers=None, ignore_user_meta=False, metas=['./colcon.meta'], base_paths=['.'], packages_ignore=None, packages_ignore_regex=None, paths=None, packages_up_to=None, packages_up_to_regex=None, packages_above=None, packages_above_and_dependencies=None, packages_above_depth=None, packages_select_by_dep=None, packages_skip_by_dep=None, packages_skip_up_to=None, packages_select_build_failed=False, packages_skip_build_finished=False, packages_select_test_failures=False, packages_skip_test_passed=False, packages_select=None, packages_skip=None, packages_select_regex=None, packages_skip_regex=None, packages_start=None, packages_end=None, allow_overriding=[], cmake_args=None, cmake_target=None, cmake_target_skip_unavailable=False, cmake_clean_cache=False, cmake_clean_first=False, cmake_force_configure=False, ament_cmake_args=None, catkin_cmake_args=None, catkin_skip_building_tests=False, verb_parser=<colcon_defaults.argument_parser.defaults.DefaultArgumentsDecorator object at 0x7f212d507d40>, verb_extension=<colcon_core.verb.build.BuildVerb object at 0x7f212d507a40>, main=<bound method BuildVerb.main of <colcon_core.verb.build.BuildVerb object at 0x7f212d507a40>>)[0m
[0.335s] [34mcolcon.colcon_core.package_discovery[0m [1;30mLevel 1[0m discover_packages(colcon_meta) check parameters
[0.335s] [34mcolcon.colcon_core.package_discovery[0m [1;30mLevel 1[0m discover_packages(recursive) check parameters
[0.335s] [34mcolcon.colcon_core.package_discovery[0m [1;30mLevel 1[0m discover_packages(ignore) check parameters
[0.335s] [34mcolcon.colcon_core.package_discovery[0m [1;30mLevel 1[0m discover_packages(path) check parameters
[0.335s] [34mcolcon.colcon_core.package_discovery[0m [1;30mLevel 1[0m discover_packages(colcon_meta) discover
[0.335s] [34mcolcon.colcon_core.package_discovery[0m [1;30mLevel 1[0m discover_packages(recursive) discover
[0.335s] [34mcolcon.colcon_core.package_discovery[0m [1;30mINFO[0m Crawling recursively for packages in '/home/ethereal/qianli/rm_decision/navigator_test_unit'
[0.336s] [34mcolcon.colcon_core.package_identification[0m [1;30mLevel 1[0m _identify(.) by extensions ['ignore', 'ignore_ament_install']
[0.336s] [34mcolcon.colcon_core.package_identification[0m [1;30mLevel 1[0m _identify(.) by extension 'ignore'
[0.336s] [34mcolcon.colcon_core.package_identification[0m [1;30mLevel 1[0m _identify(.) by extension 'ignore_ament_install'
[0.336s] [34mcolcon.colcon_core.package_identification[0m [1;30mLevel 1[0m _identify(.) by extensions ['colcon_pkg']
[0.336s] [34mcolcon.colcon_core.package_identification[0m [1;30mLevel 1[0m _identify(.) by extension 'colcon_pkg'
[0.336s] [34mcolcon.colcon_core.package_identification[0m [1;30mLevel 1[0m _identify(.) by extensions ['colcon_meta']
[0.336s] [34mcolcon.colcon_core.package_identification[0m [1;30mLevel 1[0m _identify(.) by extension 'colcon_meta'
[0.336s] [34mcolcon.colcon_core.package_identification[0m [1;30mLevel 1[0m _identify(.) by extensions ['ros']
[0.336s] [34mcolcon.colcon_core.package_identification[0m [1;30mLevel 1[0m _identify(.) by extension 'ros'
[0.361s] [34mcolcon.colcon_core.package_identification[0m [1;30mLevel 1[0m _identify(.) by extensions ['cmake', 'python']
[0.361s] [34mcolcon.colcon_core.package_identification[0m [1;30mLevel 1[0m _identify(.) by extension 'cmake'
[0.362s] [34mcolcon.colcon_core.package_identification[0m [1;30mLevel 1[0m _identify(.) by extension 'python'
[0.362s] [34mcolcon.colcon_core.package_identification[0m [1;30mLevel 1[0m _identify(.) by extensions ['python_setup_py']
[0.362s] [34mcolcon.colcon_core.package_identification[0m [1;30mLevel 1[0m _identify(.) by extension 'python_setup_py'
[0.362s] [34mcolcon.colcon_core.package_identification[0m [1;30mLevel 1[0m _identify(build) by extensions ['ignore', 'ignore_ament_install']
[0.362s] [34mcolcon.colcon_core.package_identification[0m [1;30mLevel 1[0m _identify(build) by extension 'ignore'
[0.362s] [34mcolcon.colcon_core.package_identification[0m [1;30mLevel 1[0m _identify(build) ignored
[0.362s] [34mcolcon.colcon_core.package_identification[0m [1;30mLevel 1[0m _identify(install) by extensions ['ignore', 'ignore_ament_install']
[0.362s] [34mcolcon.colcon_core.package_identification[0m [1;30mLevel 1[0m _identify(install) by extension 'ignore'
[0.362s] [34mcolcon.colcon_core.package_identification[0m [1;30mLevel 1[0m _identify(install) ignored
[0.362s] [34mcolcon.colcon_core.package_identification[0m [1;30mLevel 1[0m _identify(log) by extensions ['ignore', 'ignore_ament_install']
[0.362s] [34mcolcon.colcon_core.package_identification[0m [1;30mLevel 1[0m _identify(log) by extension 'ignore'
[0.362s] [34mcolcon.colcon_core.package_identification[0m [1;30mLevel 1[0m _identify(log) ignored
[0.362s] [34mcolcon.colcon_core.package_identification[0m [1;30mLevel 1[0m _identify(src) by extensions ['ignore', 'ignore_ament_install']
[0.362s] [34mcolcon.colcon_core.package_identification[0m [1;30mLevel 1[0m _identify(src) by extension 'ignore'
[0.362s] [34mcolcon.colcon_core.package_identification[0m [1;30mLevel 1[0m _identify(src) by extension 'ignore_ament_install'
[0.362s] [34mcolcon.colcon_core.package_identification[0m [1;30mLevel 1[0m _identify(src) by extensions ['colcon_pkg']
[0.362s] [34mcolcon.colcon_core.package_identification[0m [1;30mLevel 1[0m _identify(src) by extension 'colcon_pkg'
[0.362s] [34mcolcon.colcon_core.package_identification[0m [1;30mLevel 1[0m _identify(src) by extensions ['colcon_meta']
[0.362s] [34mcolcon.colcon_core.package_identification[0m [1;30mLevel 1[0m _identify(src) by extension 'colcon_meta'
[0.362s] [34mcolcon.colcon_core.package_identification[0m [1;30mLevel 1[0m _identify(src) by extensions ['ros']
[0.362s] [34mcolcon.colcon_core.package_identification[0m [1;30mLevel 1[0m _identify(src) by extension 'ros'
[0.362s] [34mcolcon.colcon_core.package_identification[0m [1;30mLevel 1[0m _identify(src) by extensions ['cmake', 'python']
[0.362s] [34mcolcon.colcon_core.package_identification[0m [1;30mLevel 1[0m _identify(src) by extension 'cmake'
[0.363s] [34mcolcon.colcon_core.package_identification[0m [1;30mLevel 1[0m _identify(src) by extension 'python'
[0.363s] [34mcolcon.colcon_core.package_identification[0m [1;30mLevel 1[0m _identify(src) by extensions ['python_setup_py']
[0.363s] [34mcolcon.colcon_core.package_identification[0m [1;30mLevel 1[0m _identify(src) by extension 'python_setup_py'
[0.363s] [34mcolcon.colcon_core.package_identification[0m [1;30mLevel 1[0m _identify(src/Action Level) by extensions ['ignore', 'ignore_ament_install']
[0.363s] [34mcolcon.colcon_core.package_identification[0m [1;30mLevel 1[0m _identify(src/Action Level) by extension 'ignore'
[0.363s] [34mcolcon.colcon_core.package_identification[0m [1;30mLevel 1[0m _identify(src/Action Level) by extension 'ignore_ament_install'
[0.363s] [34mcolcon.colcon_core.package_identification[0m [1;30mLevel 1[0m _identify(src/Action Level) by extensions ['colcon_pkg']
[0.363s] [34mcolcon.colcon_core.package_identification[0m [1;30mLevel 1[0m _identify(src/Action Level) by extension 'colcon_pkg'
[0.363s] [34mcolcon.colcon_core.package_identification[0m [1;30mLevel 1[0m _identify(src/Action Level) by extensions ['colcon_meta']
[0.363s] [34mcolcon.colcon_core.package_identification[0m [1;30mLevel 1[0m _identify(src/Action Level) by extension 'colcon_meta'
[0.363s] [34mcolcon.colcon_core.package_identification[0m [1;30mLevel 1[0m _identify(src/Action Level) by extensions ['ros']
[0.363s] [34mcolcon.colcon_core.package_identification[0m [1;30mLevel 1[0m _identify(src/Action Level) by extension 'ros'
[0.363s] [34mcolcon.colcon_core.package_identification[0m [1;30mLevel 1[0m _identify(src/Action Level) by extensions ['cmake', 'python']
[0.363s] [34mcolcon.colcon_core.package_identification[0m [1;30mLevel 1[0m _identify(src/Action Level) by extension 'cmake'
[0.363s] [34mcolcon.colcon_core.package_identification[0m [1;30mLevel 1[0m _identify(src/Action Level) by extension 'python'
[0.363s] [34mcolcon.colcon_core.package_identification[0m [1;30mLevel 1[0m _identify(src/Action Level) by extensions ['python_setup_py']
[0.363s] [34mcolcon.colcon_core.package_identification[0m [1;30mLevel 1[0m _identify(src/Action Level) by extension 'python_setup_py'
[0.363s] [34mcolcon.colcon_core.package_identification[0m [1;30mLevel 1[0m _identify(src/Action Level/navigator) by extensions ['ignore', 'ignore_ament_install']
[0.363s] [34mcolcon.colcon_core.package_identification[0m [1;30mLevel 1[0m _identify(src/Action Level/navigator) by extension 'ignore'
[0.363s] [34mcolcon.colcon_core.package_identification[0m [1;30mLevel 1[0m _identify(src/Action Level/navigator) by extension 'ignore_ament_install'
[0.363s] [34mcolcon.colcon_core.package_identification[0m [1;30mLevel 1[0m _identify(src/Action Level/navigator) by extensions ['colcon_pkg']
[0.363s] [34mcolcon.colcon_core.package_identification[0m [1;30mLevel 1[0m _identify(src/Action Level/navigator) by extension 'colcon_pkg'
[0.364s] [34mcolcon.colcon_core.package_identification[0m [1;30mLevel 1[0m _identify(src/Action Level/navigator) by extensions ['colcon_meta']
[0.364s] [34mcolcon.colcon_core.package_identification[0m [1;30mLevel 1[0m _identify(src/Action Level/navigator) by extension 'colcon_meta'
[0.364s] [34mcolcon.colcon_core.package_identification[0m [1;30mLevel 1[0m _identify(src/Action Level/navigator) by extensions ['ros']
[0.364s] [34mcolcon.colcon_core.package_identification[0m [1;30mLevel 1[0m _identify(src/Action Level/navigator) by extension 'ros'
[0.368s] [34mcolcon.colcon_core.package_identification[0m [1;30mDEBUG[0m [32mPackage 'src/Action Level/navigator' with type 'ros.ament_cmake' and name 'rm_decision'[0m
[0.368s] [34mcolcon.colcon_core.package_identification[0m [1;30mLevel 1[0m _identify(src/Action Level/navigator_interfaces) by extensions ['ignore', 'ignore_ament_install']
[0.368s] [34mcolcon.colcon_core.package_identification[0m [1;30mLevel 1[0m _identify(src/Action Level/navigator_interfaces) by extension 'ignore'
[0.368s] [34mcolcon.colcon_core.package_identification[0m [1;30mLevel 1[0m _identify(src/Action Level/navigator_interfaces) by extension 'ignore_ament_install'
[0.368s] [34mcolcon.colcon_core.package_identification[0m [1;30mLevel 1[0m _identify(src/Action Level/navigator_interfaces) by extensions ['colcon_pkg']
[0.368s] [34mcolcon.colcon_core.package_identification[0m [1;30mLevel 1[0m _identify(src/Action Level/navigator_interfaces) by extension 'colcon_pkg'
[0.368s] [34mcolcon.colcon_core.package_identification[0m [1;30mLevel 1[0m _identify(src/Action Level/navigator_interfaces) by extensions ['colcon_meta']
[0.368s] [34mcolcon.colcon_core.package_identification[0m [1;30mLevel 1[0m _identify(src/Action Level/navigator_interfaces) by extension 'colcon_meta'
[0.368s] [34mcolcon.colcon_core.package_identification[0m [1;30mLevel 1[0m _identify(src/Action Level/navigator_interfaces) by extensions ['ros']
[0.368s] [34mcolcon.colcon_core.package_identification[0m [1;30mLevel 1[0m _identify(src/Action Level/navigator_interfaces) by extension 'ros'
[0.368s] [34mcolcon.colcon_core.package_identification[0m [1;30mDEBUG[0m [32mPackage 'src/Action Level/navigator_interfaces' with type 'ros.ament_cmake' and name 'navigator_interfaces'[0m
[0.369s] [34mcolcon.colcon_core.package_identification[0m [1;30mLevel 1[0m _identify(src/rm_decision_interfaces) by extensions ['ignore', 'ignore_ament_install']
[0.369s] [34mcolcon.colcon_core.package_identification[0m [1;30mLevel 1[0m _identify(src/rm_decision_interfaces) by extension 'ignore'
[0.369s] [34mcolcon.colcon_core.package_identification[0m [1;30mLevel 1[0m _identify(src/rm_decision_interfaces) by extension 'ignore_ament_install'
[0.369s] [34mcolcon.colcon_core.package_identification[0m [1;30mLevel 1[0m _identify(src/rm_decision_interfaces) by extensions ['colcon_pkg']
[0.369s] [34mcolcon.colcon_core.package_identification[0m [1;30mLevel 1[0m _identify(src/rm_decision_interfaces) by extension 'colcon_pkg'
[0.369s] [34mcolcon.colcon_core.package_identification[0m [1;30mLevel 1[0m _identify(src/rm_decision_interfaces) by extensions ['colcon_meta']
[0.369s] [34mcolcon.colcon_core.package_identification[0m [1;30mLevel 1[0m _identify(src/rm_decision_interfaces) by extension 'colcon_meta'
[0.369s] [34mcolcon.colcon_core.package_identification[0m [1;30mLevel 1[0m _identify(src/rm_decision_interfaces) by extensions ['ros']
[0.369s] [34mcolcon.colcon_core.package_identification[0m [1;30mLevel 1[0m _identify(src/rm_decision_interfaces) by extension 'ros'
[0.369s] [34mcolcon.colcon_core.package_identification[0m [1;30mDEBUG[0m [32mPackage 'src/rm_decision_interfaces' with type 'ros.ament_cmake' and name 'rm_decision_interfaces'[0m
[0.370s] [34mcolcon.colcon_core.package_identification[0m [1;30mLevel 1[0m _identify(src/terminal_listener) by extensions ['ignore', 'ignore_ament_install']
[0.370s] [34mcolcon.colcon_core.package_identification[0m [1;30mLevel 1[0m _identify(src/terminal_listener) by extension 'ignore'
[0.370s] [34mcolcon.colcon_core.package_identification[0m [1;30mLevel 1[0m _identify(src/terminal_listener) by extension 'ignore_ament_install'
[0.370s] [34mcolcon.colcon_core.package_identification[0m [1;30mLevel 1[0m _identify(src/terminal_listener) by extensions ['colcon_pkg']
[0.370s] [34mcolcon.colcon_core.package_identification[0m [1;30mLevel 1[0m _identify(src/terminal_listener) by extension 'colcon_pkg'
[0.370s] [34mcolcon.colcon_core.package_identification[0m [1;30mLevel 1[0m _identify(src/terminal_listener) by extensions ['colcon_meta']
[0.370s] [34mcolcon.colcon_core.package_identification[0m [1;30mLevel 1[0m _identify(src/terminal_listener) by extension 'colcon_meta'
[0.370s] [34mcolcon.colcon_core.package_identification[0m [1;30mLevel 1[0m _identify(src/terminal_listener) by extensions ['ros']
[0.370s] [34mcolcon.colcon_core.package_identification[0m [1;30mLevel 1[0m _identify(src/terminal_listener) by extension 'ros'
[0.370s] [34mcolcon.colcon_core.package_identification[0m [1;30mDEBUG[0m [32mPackage 'src/terminal_listener' with type 'ros.ament_cmake' and name 'terminal_listener'[0m
[0.371s] [34mcolcon.colcon_core.package_discovery[0m [1;30mLevel 1[0m discover_packages(recursive) using defaults
[0.371s] [34mcolcon.colcon_core.package_discovery[0m [1;30mLevel 1[0m discover_packages(ignore) discover
[0.371s] [34mcolcon.colcon_core.package_discovery[0m [1;30mLevel 1[0m discover_packages(ignore) using defaults
[0.371s] [34mcolcon.colcon_core.package_discovery[0m [1;30mLevel 1[0m discover_packages(path) discover
[0.371s] [34mcolcon.colcon_core.package_discovery[0m [1;30mLevel 1[0m discover_packages(path) using defaults
[0.392s] [34mcolcon.colcon_core.package_discovery[0m [1;30mLevel 1[0m discover_packages(prefix_path) check parameters
[0.392s] [34mcolcon.colcon_core.package_discovery[0m [1;30mLevel 1[0m discover_packages(prefix_path) discover
[0.396s] [34mcolcon.colcon_installed_package_information.package_discovery[0m [1;30mDEBUG[0m [32mFound 328 installed packages in /opt/ros/jazzy[0m
[0.397s] [34mcolcon.colcon_core.package_discovery[0m [1;30mLevel 1[0m discover_packages(prefix_path) using defaults
[0.424s] [34mcolcon.colcon_core.verb[0m [1;30mLevel 5[0m set package 'navigator_interfaces' build argument 'cmake_args' from command line to 'None'
[0.424s] [34mcolcon.colcon_core.verb[0m [1;30mLevel 5[0m set package 'navigator_interfaces' build argument 'cmake_target' from command line to 'None'
[0.424s] [34mcolcon.colcon_core.verb[0m [1;30mLevel 5[0m set package 'navigator_interfaces' build argument 'cmake_target_skip_unavailable' from command line to 'False'
[0.424s] [34mcolcon.colcon_core.verb[0m [1;30mLevel 5[0m set package 'navigator_interfaces' build argument 'cmake_clean_cache' from command line to 'False'
[0.424s] [34mcolcon.colcon_core.verb[0m [1;30mLevel 5[0m set package 'navigator_interfaces' build argument 'cmake_clean_first' from command line to 'False'
[0.424s] [34mcolcon.colcon_core.verb[0m [1;30mLevel 5[0m set package 'navigator_interfaces' build argument 'cmake_force_configure' from command line to 'False'
[0.424s] [34mcolcon.colcon_core.verb[0m [1;30mLevel 5[0m set package 'navigator_interfaces' build argument 'ament_cmake_args' from command line to 'None'
[0.424s] [34mcolcon.colcon_core.verb[0m [1;30mLevel 5[0m set package 'navigator_interfaces' build argument 'catkin_cmake_args' from command line to 'None'
[0.424s] [34mcolcon.colcon_core.verb[0m [1;30mLevel 5[0m set package 'navigator_interfaces' build argument 'catkin_skip_building_tests' from command line to 'False'
[0.424s] [34mcolcon.colcon_core.verb[0m [1;30mDEBUG[0m [32mBuilding package 'navigator_interfaces' with the following arguments: {'ament_cmake_args': None, 'build_base': '/home/ethereal/qianli/rm_decision/navigator_test_unit/build/navigator_interfaces', 'catkin_cmake_args': None, 'catkin_skip_building_tests': False, 'cmake_args': None, 'cmake_clean_cache': False, 'cmake_clean_first': False, 'cmake_force_configure': False, 'cmake_target': None, 'cmake_target_skip_unavailable': False, 'install_base': '/home/ethereal/qianli/rm_decision/navigator_test_unit/install/navigator_interfaces', 'merge_install': False, 'path': '/home/ethereal/qianli/rm_decision/navigator_test_unit/src/Action Level/navigator_interfaces', 'symlink_install': False, 'test_result_base': None}[0m
[0.424s] [34mcolcon.colcon_core.verb[0m [1;30mLevel 5[0m set package 'rm_decision_interfaces' build argument 'cmake_args' from command line to 'None'
[0.424s] [34mcolcon.colcon_core.verb[0m [1;30mLevel 5[0m set package 'rm_decision_interfaces' build argument 'cmake_target' from command line to 'None'
[0.424s] [34mcolcon.colcon_core.verb[0m [1;30mLevel 5[0m set package 'rm_decision_interfaces' build argument 'cmake_target_skip_unavailable' from command line to 'False'
[0.424s] [34mcolcon.colcon_core.verb[0m [1;30mLevel 5[0m set package 'rm_decision_interfaces' build argument 'cmake_clean_cache' from command line to 'False'
[0.424s] [34mcolcon.colcon_core.verb[0m [1;30mLevel 5[0m set package 'rm_decision_interfaces' build argument 'cmake_clean_first' from command line to 'False'
[0.424s] [34mcolcon.colcon_core.verb[0m [1;30mLevel 5[0m set package 'rm_decision_interfaces' build argument 'cmake_force_configure' from command line to 'False'
[0.424s] [34mcolcon.colcon_core.verb[0m [1;30mLevel 5[0m set package 'rm_decision_interfaces' build argument 'ament_cmake_args' from command line to 'None'
[0.424s] [34mcolcon.colcon_core.verb[0m [1;30mLevel 5[0m set package 'rm_decision_interfaces' build argument 'catkin_cmake_args' from command line to 'None'
[0.424s] [34mcolcon.colcon_core.verb[0m [1;30mLevel 5[0m set package 'rm_decision_interfaces' build argument 'catkin_skip_building_tests' from command line to 'False'
[0.424s] [34mcolcon.colcon_core.verb[0m [1;30mDEBUG[0m [32mBuilding package 'rm_decision_interfaces' with the following arguments: {'ament_cmake_args': None, 'build_base': '/home/ethereal/qianli/rm_decision/navigator_test_unit/build/rm_decision_interfaces', 'catkin_cmake_args': None, 'catkin_skip_building_tests': False, 'cmake_args': None, 'cmake_clean_cache': False, 'cmake_clean_first': False, 'cmake_force_configure': False, 'cmake_target': None, 'cmake_target_skip_unavailable': False, 'install_base': '/home/ethereal/qianli/rm_decision/navigator_test_unit/install/rm_decision_interfaces', 'merge_install': False, 'path': '/home/ethereal/qianli/rm_decision/navigator_test_unit/src/rm_decision_interfaces', 'symlink_install': False, 'test_result_base': None}[0m
[0.425s] [34mcolcon.colcon_core.verb[0m [1;30mLevel 5[0m set package 'terminal_listener' build argument 'cmake_args' from command line to 'None'
[0.425s] [34mcolcon.colcon_core.verb[0m [1;30mLevel 5[0m set package 'terminal_listener' build argument 'cmake_target' from command line to 'None'
[0.425s] [34mcolcon.colcon_core.verb[0m [1;30mLevel 5[0m set package 'terminal_listener' build argument 'cmake_target_skip_unavailable' from command line to 'False'
[0.425s] [34mcolcon.colcon_core.verb[0m [1;30mLevel 5[0m set package 'terminal_listener' build argument 'cmake_clean_cache' from command line to 'False'
[0.425s] [34mcolcon.colcon_core.verb[0m [1;30mLevel 5[0m set package 'terminal_listener' build argument 'cmake_clean_first' from command line to 'False'
[0.425s] [34mcolcon.colcon_core.verb[0m [1;30mLevel 5[0m set package 'terminal_listener' build argument 'cmake_force_configure' from command line to 'False'
[0.425s] [34mcolcon.colcon_core.verb[0m [1;30mLevel 5[0m set package 'terminal_listener' build argument 'ament_cmake_args' from command line to 'None'
[0.425s] [34mcolcon.colcon_core.verb[0m [1;30mLevel 5[0m set package 'terminal_listener' build argument 'catkin_cmake_args' from command line to 'None'
[0.425s] [34mcolcon.colcon_core.verb[0m [1;30mLevel 5[0m set package 'terminal_listener' build argument 'catkin_skip_building_tests' from command line to 'False'
[0.425s] [34mcolcon.colcon_core.verb[0m [1;30mDEBUG[0m [32mBuilding package 'terminal_listener' with the following arguments: {'ament_cmake_args': None, 'build_base': '/home/ethereal/qianli/rm_decision/navigator_test_unit/build/terminal_listener', 'catkin_cmake_args': None, 'catkin_skip_building_tests': False, 'cmake_args': None, 'cmake_clean_cache': False, 'cmake_clean_first': False, 'cmake_force_configure': False, 'cmake_target': None, 'cmake_target_skip_unavailable': False, 'install_base': '/home/ethereal/qianli/rm_decision/navigator_test_unit/install/terminal_listener', 'merge_install': False, 'path': '/home/ethereal/qianli/rm_decision/navigator_test_unit/src/terminal_listener', 'symlink_install': False, 'test_result_base': None}[0m
[0.425s] [34mcolcon.colcon_core.verb[0m [1;30mLevel 5[0m set package 'rm_decision' build argument 'cmake_args' from command line to 'None'
[0.425s] [34mcolcon.colcon_core.verb[0m [1;30mLevel 5[0m set package 'rm_decision' build argument 'cmake_target' from command line to 'None'
[0.425s] [34mcolcon.colcon_core.verb[0m [1;30mLevel 5[0m set package 'rm_decision' build argument 'cmake_target_skip_unavailable' from command line to 'False'
[0.425s] [34mcolcon.colcon_core.verb[0m [1;30mLevel 5[0m set package 'rm_decision' build argument 'cmake_clean_cache' from command line to 'False'
[0.425s] [34mcolcon.colcon_core.verb[0m [1;30mLevel 5[0m set package 'rm_decision' build argument 'cmake_clean_first' from command line to 'False'
[0.425s] [34mcolcon.colcon_core.verb[0m [1;30mLevel 5[0m set package 'rm_decision' build argument 'cmake_force_configure' from command line to 'False'
[0.425s] [34mcolcon.colcon_core.verb[0m [1;30mLevel 5[0m set package 'rm_decision' build argument 'ament_cmake_args' from command line to 'None'
[0.425s] [34mcolcon.colcon_core.verb[0m [1;30mLevel 5[0m set package 'rm_decision' build argument 'catkin_cmake_args' from command line to 'None'
[0.425s] [34mcolcon.colcon_core.verb[0m [1;30mLevel 5[0m set package 'rm_decision' build argument 'catkin_skip_building_tests' from command line to 'False'
[0.425s] [34mcolcon.colcon_core.verb[0m [1;30mDEBUG[0m [32mBuilding package 'rm_decision' with the following arguments: {'ament_cmake_args': None, 'build_base': '/home/ethereal/qianli/rm_decision/navigator_test_unit/build/rm_decision', 'catkin_cmake_args': None, 'catkin_skip_building_tests': False, 'cmake_args': None, 'cmake_clean_cache': False, 'cmake_clean_first': False, 'cmake_force_configure': False, 'cmake_target': None, 'cmake_target_skip_unavailable': False, 'install_base': '/home/ethereal/qianli/rm_decision/navigator_test_unit/install/rm_decision', 'merge_install': False, 'path': '/home/ethereal/qianli/rm_decision/navigator_test_unit/src/Action Level/navigator', 'symlink_install': False, 'test_result_base': None}[0m
[0.425s] [34mcolcon.colcon_core.executor[0m [1;30mINFO[0m Executing jobs using 'parallel' executor
[0.426s] [34mcolcon.colcon_parallel_executor.executor.parallel[0m [1;30mDEBUG[0m [32mrun_until_complete[0m
[0.426s] [34mcolcon.colcon_ros.task.ament_cmake.build[0m [1;30mINFO[0m Building ROS package in '/home/ethereal/qianli/rm_decision/navigator_test_unit/src/Action Level/navigator_interfaces' with build type 'ament_cmake'
[0.426s] [34mcolcon.colcon_cmake.task.cmake.build[0m [1;30mINFO[0m Building CMake package in '/home/ethereal/qianli/rm_decision/navigator_test_unit/src/Action Level/navigator_interfaces'
[0.436s] [34mcolcon.colcon_core.plugin_system[0m [1;30mINFO[0m Skipping extension 'colcon_core.shell.bat': Not used on non-Windows systems
[0.436s] [34mcolcon.colcon_core.shell[0m [1;30mINFO[0m Skip shell extension 'powershell' for command environment: Not usable outside of PowerShell
[0.436s] [34mcolcon.colcon_core.shell[0m [1;30mDEBUG[0m [32mSkip shell extension 'dsv' for command environment[0m
[0.439s] [34mcolcon.colcon_ros.task.ament_cmake.build[0m [1;30mINFO[0m Building ROS package in '/home/ethereal/qianli/rm_decision/navigator_test_unit/src/rm_decision_interfaces' with build type 'ament_cmake'
[0.439s] [34mcolcon.colcon_cmake.task.cmake.build[0m [1;30mINFO[0m Building CMake package in '/home/ethereal/qianli/rm_decision/navigator_test_unit/src/rm_decision_interfaces'
[0.439s] [34mcolcon.colcon_core.shell[0m [1;30mINFO[0m Skip shell extension 'powershell' for command environment: Not usable outside of PowerShell
[0.439s] [34mcolcon.colcon_core.shell[0m [1;30mDEBUG[0m [32mSkip shell extension 'dsv' for command environment[0m
[0.441s] [34mcolcon.colcon_ros.task.ament_cmake.build[0m [1;30mINFO[0m Building ROS package in '/home/ethereal/qianli/rm_decision/navigator_test_unit/src/terminal_listener' with build type 'ament_cmake'
[0.441s] [34mcolcon.colcon_cmake.task.cmake.build[0m [1;30mINFO[0m Building CMake package in '/home/ethereal/qianli/rm_decision/navigator_test_unit/src/terminal_listener'
[0.442s] [34mcolcon.colcon_core.shell[0m [1;30mINFO[0m Skip shell extension 'powershell' for command environment: Not usable outside of PowerShell
[0.442s] [34mcolcon.colcon_core.shell[0m [1;30mDEBUG[0m [32mSkip shell extension 'dsv' for command environment[0m
[0.446s] [34mcolcon.colcon_core.event_handler.log_command[0m [1;30mDEBUG[0m [32mInvoking command in '/home/ethereal/qianli/rm_decision/navigator_test_unit/build/navigator_interfaces': CMAKE_PREFIX_PATH=${CMAKE_PREFIX_PATH}:/opt/ros/jazzy DEBUGINFOD_URLS=https://debuginfod.ubuntu.com /usr/bin/cmake /home/ethereal/qianli/rm_decision/navigator_test_unit/src/Action Level/navigator_interfaces -DCMAKE_INSTALL_PREFIX=/home/ethereal/qianli/rm_decision/navigator_test_unit/install/navigator_interfaces[0m
[0.453s] [34mcolcon.colcon_core.event_handler.log_command[0m [1;30mDEBUG[0m [32mInvoking command in '/home/ethereal/qianli/rm_decision/navigator_test_unit/build/rm_decision_interfaces': CMAKE_PREFIX_PATH=${CMAKE_PREFIX_PATH}:/opt/ros/jazzy DEBUGINFOD_URLS=https://debuginfod.ubuntu.com /usr/bin/cmake --build /home/ethereal/qianli/rm_decision/navigator_test_unit/build/rm_decision_interfaces -- -j20 -l20[0m
[0.457s] [34mcolcon.colcon_core.event_handler.log_command[0m [1;30mDEBUG[0m [32mInvoking command in '/home/ethereal/qianli/rm_decision/navigator_test_unit/build/terminal_listener': CMAKE_PREFIX_PATH=${CMAKE_PREFIX_PATH}:/opt/ros/jazzy DEBUGINFOD_URLS=https://debuginfod.ubuntu.com /usr/bin/cmake --build /home/ethereal/qianli/rm_decision/navigator_test_unit/build/terminal_listener -- -j20 -l20[0m
[0.505s] [34mcolcon.colcon_core.event_handler.log_command[0m [1;30mDEBUG[0m [32mInvoked command in '/home/ethereal/qianli/rm_decision/navigator_test_unit/build/terminal_listener' returned '0': CMAKE_PREFIX_PATH=${CMAKE_PREFIX_PATH}:/opt/ros/jazzy DEBUGINFOD_URLS=https://debuginfod.ubuntu.com /usr/bin/cmake --build /home/ethereal/qianli/rm_decision/navigator_test_unit/build/terminal_listener -- -j20 -l20[0m
[0.530s] [34mcolcon.colcon_core.event_handler.log_command[0m [1;30mDEBUG[0m [32mInvoking command in '/home/ethereal/qianli/rm_decision/navigator_test_unit/build/terminal_listener': CMAKE_PREFIX_PATH=${CMAKE_PREFIX_PATH}:/opt/ros/jazzy DEBUGINFOD_URLS=https://debuginfod.ubuntu.com /usr/bin/cmake --install /home/ethereal/qianli/rm_decision/navigator_test_unit/build/terminal_listener[0m
[0.539s] [34mcolcon.colcon_core.environment[0m [1;30mLevel 1[0m create_environment_scripts_only(terminal_listener)
[0.540s] [34mcolcon.colcon_core.event_handler.log_command[0m [1;30mDEBUG[0m [32mInvoked command in '/home/ethereal/qianli/rm_decision/navigator_test_unit/build/terminal_listener' returned '0': CMAKE_PREFIX_PATH=${CMAKE_PREFIX_PATH}:/opt/ros/jazzy DEBUGINFOD_URLS=https://debuginfod.ubuntu.com /usr/bin/cmake --install /home/ethereal/qianli/rm_decision/navigator_test_unit/build/terminal_listener[0m
[0.547s] [34mcolcon.colcon_core.environment[0m [1;30mLevel 1[0m checking '/home/ethereal/qianli/rm_decision/navigator_test_unit/install/terminal_listener' for CMake module files
[0.548s] [34mcolcon.colcon_core.environment[0m [1;30mLevel 1[0m checking '/home/ethereal/qianli/rm_decision/navigator_test_unit/install/terminal_listener' for CMake config files
[0.548s] [34mcolcon.colcon_core.shell[0m [1;30mLevel 1[0m create_environment_hook('terminal_listener', 'cmake_prefix_path')
[0.548s] [34mcolcon.colcon_core.shell[0m [1;30mINFO[0m Creating environment hook '/home/ethereal/qianli/rm_decision/navigator_test_unit/install/terminal_listener/share/terminal_listener/hook/cmake_prefix_path.ps1'
[0.549s] [34mcolcon.colcon_core.shell[0m [1;30mINFO[0m Creating environment descriptor '/home/ethereal/qianli/rm_decision/navigator_test_unit/install/terminal_listener/share/terminal_listener/hook/cmake_prefix_path.dsv'
[0.549s] [34mcolcon.colcon_core.shell[0m [1;30mINFO[0m Creating environment hook '/home/ethereal/qianli/rm_decision/navigator_test_unit/install/terminal_listener/share/terminal_listener/hook/cmake_prefix_path.sh'
[0.550s] [34mcolcon.colcon_core.environment[0m [1;30mLevel 1[0m checking '/home/ethereal/qianli/rm_decision/navigator_test_unit/install/terminal_listener/lib'
[0.551s] [34mcolcon.colcon_core.environment[0m [1;30mLevel 1[0m checking '/home/ethereal/qianli/rm_decision/navigator_test_unit/install/terminal_listener/bin'
[0.551s] [34mcolcon.colcon_core.environment[0m [1;30mLevel 1[0m checking '/home/ethereal/qianli/rm_decision/navigator_test_unit/install/terminal_listener/lib/pkgconfig/terminal_listener.pc'
[0.551s] [34mcolcon.colcon_core.environment[0m [1;30mLevel 1[0m checking '/home/ethereal/qianli/rm_decision/navigator_test_unit/install/terminal_listener/lib/python3.12/site-packages'
[0.552s] [34mcolcon.colcon_core.environment[0m [1;30mLevel 1[0m checking '/home/ethereal/qianli/rm_decision/navigator_test_unit/install/terminal_listener/bin'
[0.552s] [34mcolcon.colcon_core.shell[0m [1;30mINFO[0m Creating package script '/home/ethereal/qianli/rm_decision/navigator_test_unit/install/terminal_listener/share/terminal_listener/package.ps1'
[0.553s] [34mcolcon.colcon_core.shell[0m [1;30mINFO[0m Creating package descriptor '/home/ethereal/qianli/rm_decision/navigator_test_unit/install/terminal_listener/share/terminal_listener/package.dsv'
[0.553s] [34mcolcon.colcon_core.shell[0m [1;30mINFO[0m Creating package script '/home/ethereal/qianli/rm_decision/navigator_test_unit/install/terminal_listener/share/terminal_listener/package.sh'
[0.554s] [34mcolcon.colcon_core.shell[0m [1;30mINFO[0m Creating package script '/home/ethereal/qianli/rm_decision/navigator_test_unit/install/terminal_listener/share/terminal_listener/package.bash'
[0.555s] [34mcolcon.colcon_core.shell[0m [1;30mINFO[0m Creating package script '/home/ethereal/qianli/rm_decision/navigator_test_unit/install/terminal_listener/share/terminal_listener/package.zsh'
[0.555s] [34mcolcon.colcon_core.environment[0m [1;30mLevel 1[0m create_file_with_runtime_dependencies(/home/ethereal/qianli/rm_decision/navigator_test_unit/install/terminal_listener/share/colcon-core/packages/terminal_listener)
[0.569s] [34mcolcon.colcon_core.environment[0m [1;30mLevel 1[0m create_environment_scripts_only(terminal_listener)
[0.569s] [34mcolcon.colcon_core.environment[0m [1;30mLevel 1[0m checking '/home/ethereal/qianli/rm_decision/navigator_test_unit/install/terminal_listener' for CMake module files
[0.569s] [34mcolcon.colcon_core.environment[0m [1;30mLevel 1[0m checking '/home/ethereal/qianli/rm_decision/navigator_test_unit/install/terminal_listener' for CMake config files
[0.569s] [34mcolcon.colcon_core.shell[0m [1;30mLevel 1[0m create_environment_hook('terminal_listener', 'cmake_prefix_path')
[0.569s] [34mcolcon.colcon_core.shell[0m [1;30mINFO[0m Creating environment hook '/home/ethereal/qianli/rm_decision/navigator_test_unit/install/terminal_listener/share/terminal_listener/hook/cmake_prefix_path.ps1'
[0.570s] [34mcolcon.colcon_core.shell[0m [1;30mINFO[0m Creating environment descriptor '/home/ethereal/qianli/rm_decision/navigator_test_unit/install/terminal_listener/share/terminal_listener/hook/cmake_prefix_path.dsv'
[0.570s] [34mcolcon.colcon_core.shell[0m [1;30mINFO[0m Creating environment hook '/home/ethereal/qianli/rm_decision/navigator_test_unit/install/terminal_listener/share/terminal_listener/hook/cmake_prefix_path.sh'
[0.570s] [34mcolcon.colcon_core.environment[0m [1;30mLevel 1[0m checking '/home/ethereal/qianli/rm_decision/navigator_test_unit/install/terminal_listener/lib'
[0.570s] [34mcolcon.colcon_core.environment[0m [1;30mLevel 1[0m checking '/home/ethereal/qianli/rm_decision/navigator_test_unit/install/terminal_listener/bin'
[0.570s] [34mcolcon.colcon_core.environment[0m [1;30mLevel 1[0m checking '/home/ethereal/qianli/rm_decision/navigator_test_unit/install/terminal_listener/lib/pkgconfig/terminal_listener.pc'
[0.571s] [34mcolcon.colcon_core.environment[0m [1;30mLevel 1[0m checking '/home/ethereal/qianli/rm_decision/navigator_test_unit/install/terminal_listener/lib/python3.12/site-packages'
[0.571s] [34mcolcon.colcon_core.environment[0m [1;30mLevel 1[0m checking '/home/ethereal/qianli/rm_decision/navigator_test_unit/install/terminal_listener/bin'
[0.571s] [34mcolcon.colcon_core.shell[0m [1;30mINFO[0m Creating package script '/home/ethereal/qianli/rm_decision/navigator_test_unit/install/terminal_listener/share/terminal_listener/package.ps1'
[0.571s] [34mcolcon.colcon_core.shell[0m [1;30mINFO[0m Creating package descriptor '/home/ethereal/qianli/rm_decision/navigator_test_unit/install/terminal_listener/share/terminal_listener/package.dsv'
[0.572s] [34mcolcon.colcon_core.shell[0m [1;30mINFO[0m Creating package script '/home/ethereal/qianli/rm_decision/navigator_test_unit/install/terminal_listener/share/terminal_listener/package.sh'
[0.572s] [34mcolcon.colcon_core.shell[0m [1;30mINFO[0m Creating package script '/home/ethereal/qianli/rm_decision/navigator_test_unit/install/terminal_listener/share/terminal_listener/package.bash'
[0.572s] [34mcolcon.colcon_core.shell[0m [1;30mINFO[0m Creating package script '/home/ethereal/qianli/rm_decision/navigator_test_unit/install/terminal_listener/share/terminal_listener/package.zsh'
[0.572s] [34mcolcon.colcon_core.environment[0m [1;30mLevel 1[0m create_file_with_runtime_dependencies(/home/ethereal/qianli/rm_decision/navigator_test_unit/install/terminal_listener/share/colcon-core/packages/terminal_listener)
[0.739s] [34mcolcon.colcon_core.event_handler.log_command[0m [1;30mDEBUG[0m [32mInvoked command in '/home/ethereal/qianli/rm_decision/navigator_test_unit/build/rm_decision_interfaces' returned '0': CMAKE_PREFIX_PATH=${CMAKE_PREFIX_PATH}:/opt/ros/jazzy DEBUGINFOD_URLS=https://debuginfod.ubuntu.com /usr/bin/cmake --build /home/ethereal/qianli/rm_decision/navigator_test_unit/build/rm_decision_interfaces -- -j20 -l20[0m
[0.890s] [34mcolcon.colcon_core.event_handler.log_command[0m [1;30mDEBUG[0m [32mInvoking command in '/home/ethereal/qianli/rm_decision/navigator_test_unit/build/rm_decision_interfaces': CMAKE_PREFIX_PATH=${CMAKE_PREFIX_PATH}:/opt/ros/jazzy DEBUGINFOD_URLS=https://debuginfod.ubuntu.com /usr/bin/cmake --install /home/ethereal/qianli/rm_decision/navigator_test_unit/build/rm_decision_interfaces[0m
[0.956s] [34mcolcon.colcon_core.environment[0m [1;30mLevel 1[0m create_environment_scripts_only(rm_decision_interfaces)
[0.957s] [34mcolcon.colcon_core.environment[0m [1;30mLevel 1[0m checking '/home/ethereal/qianli/rm_decision/navigator_test_unit/install/rm_decision_interfaces' for CMake module files
[0.957s] [34mcolcon.colcon_core.event_handler.log_command[0m [1;30mDEBUG[0m [32mInvoked command in '/home/ethereal/qianli/rm_decision/navigator_test_unit/build/rm_decision_interfaces' returned '0': CMAKE_PREFIX_PATH=${CMAKE_PREFIX_PATH}:/opt/ros/jazzy DEBUGINFOD_URLS=https://debuginfod.ubuntu.com /usr/bin/cmake --install /home/ethereal/qianli/rm_decision/navigator_test_unit/build/rm_decision_interfaces[0m
[0.958s] [34mcolcon.colcon_core.environment[0m [1;30mLevel 1[0m checking '/home/ethereal/qianli/rm_decision/navigator_test_unit/install/rm_decision_interfaces' for CMake config files
[0.958s] [34mcolcon.colcon_core.shell[0m [1;30mLevel 1[0m create_environment_hook('rm_decision_interfaces', 'cmake_prefix_path')
[0.958s] [34mcolcon.colcon_core.shell[0m [1;30mINFO[0m Creating environment hook '/home/ethereal/qianli/rm_decision/navigator_test_unit/install/rm_decision_interfaces/share/rm_decision_interfaces/hook/cmake_prefix_path.ps1'
[0.959s] [34mcolcon.colcon_core.shell[0m [1;30mINFO[0m Creating environment descriptor '/home/ethereal/qianli/rm_decision/navigator_test_unit/install/rm_decision_interfaces/share/rm_decision_interfaces/hook/cmake_prefix_path.dsv'
[0.959s] [34mcolcon.colcon_core.shell[0m [1;30mINFO[0m Creating environment hook '/home/ethereal/qianli/rm_decision/navigator_test_unit/install/rm_decision_interfaces/share/rm_decision_interfaces/hook/cmake_prefix_path.sh'
[0.959s] [34mcolcon.colcon_core.environment[0m [1;30mLevel 1[0m checking '/home/ethereal/qianli/rm_decision/navigator_test_unit/install/rm_decision_interfaces/lib'
[0.959s] [34mcolcon.colcon_core.shell[0m [1;30mLevel 1[0m create_environment_hook('rm_decision_interfaces', 'ld_library_path_lib')
[0.959s] [34mcolcon.colcon_core.shell[0m [1;30mINFO[0m Creating environment hook '/home/ethereal/qianli/rm_decision/navigator_test_unit/install/rm_decision_interfaces/share/rm_decision_interfaces/hook/ld_library_path_lib.ps1'
[0.960s] [34mcolcon.colcon_core.shell[0m [1;30mINFO[0m Creating environment descriptor '/home/ethereal/qianli/rm_decision/navigator_test_unit/install/rm_decision_interfaces/share/rm_decision_interfaces/hook/ld_library_path_lib.dsv'
[0.960s] [34mcolcon.colcon_core.shell[0m [1;30mINFO[0m Creating environment hook '/home/ethereal/qianli/rm_decision/navigator_test_unit/install/rm_decision_interfaces/share/rm_decision_interfaces/hook/ld_library_path_lib.sh'
[0.960s] [34mcolcon.colcon_core.environment[0m [1;30mLevel 1[0m checking '/home/ethereal/qianli/rm_decision/navigator_test_unit/install/rm_decision_interfaces/bin'
[0.960s] [34mcolcon.colcon_core.environment[0m [1;30mLevel 1[0m checking '/home/ethereal/qianli/rm_decision/navigator_test_unit/install/rm_decision_interfaces/lib/pkgconfig/rm_decision_interfaces.pc'
[0.960s] [34mcolcon.colcon_core.environment[0m [1;30mLevel 1[0m checking '/home/ethereal/qianli/rm_decision/navigator_test_unit/install/rm_decision_interfaces/lib/python3.12/site-packages'
[0.960s] [34mcolcon.colcon_core.shell[0m [1;30mLevel 1[0m create_environment_hook('rm_decision_interfaces', 'pythonpath')
[0.960s] [34mcolcon.colcon_core.shell[0m [1;30mINFO[0m Creating environment hook '/home/ethereal/qianli/rm_decision/navigator_test_unit/install/rm_decision_interfaces/share/rm_decision_interfaces/hook/pythonpath.ps1'
[0.961s] [34mcolcon.colcon_core.shell[0m [1;30mINFO[0m Creating environment descriptor '/home/ethereal/qianli/rm_decision/navigator_test_unit/install/rm_decision_interfaces/share/rm_decision_interfaces/hook/pythonpath.dsv'
[0.961s] [34mcolcon.colcon_core.shell[0m [1;30mINFO[0m Creating environment hook '/home/ethereal/qianli/rm_decision/navigator_test_unit/install/rm_decision_interfaces/share/rm_decision_interfaces/hook/pythonpath.sh'
[0.961s] [34mcolcon.colcon_core.environment[0m [1;30mLevel 1[0m checking '/home/ethereal/qianli/rm_decision/navigator_test_unit/install/rm_decision_interfaces/bin'
[0.961s] [34mcolcon.colcon_core.shell[0m [1;30mINFO[0m Creating package script '/home/ethereal/qianli/rm_decision/navigator_test_unit/install/rm_decision_interfaces/share/rm_decision_interfaces/package.ps1'
[0.962s] [34mcolcon.colcon_core.shell[0m [1;30mINFO[0m Creating package descriptor '/home/ethereal/qianli/rm_decision/navigator_test_unit/install/rm_decision_interfaces/share/rm_decision_interfaces/package.dsv'
[0.962s] [34mcolcon.colcon_core.shell[0m [1;30mINFO[0m Creating package script '/home/ethereal/qianli/rm_decision/navigator_test_unit/install/rm_decision_interfaces/share/rm_decision_interfaces/package.sh'
[0.962s] [34mcolcon.colcon_core.shell[0m [1;30mINFO[0m Creating package script '/home/ethereal/qianli/rm_decision/navigator_test_unit/install/rm_decision_interfaces/share/rm_decision_interfaces/package.bash'
[0.962s] [34mcolcon.colcon_core.shell[0m [1;30mINFO[0m Creating package script '/home/ethereal/qianli/rm_decision/navigator_test_unit/install/rm_decision_interfaces/share/rm_decision_interfaces/package.zsh'
[0.963s] [34mcolcon.colcon_core.environment[0m [1;30mLevel 1[0m create_file_with_runtime_dependencies(/home/ethereal/qianli/rm_decision/navigator_test_unit/install/rm_decision_interfaces/share/colcon-core/packages/rm_decision_interfaces)
[1.114s] [34mcolcon.colcon_core.environment[0m [1;30mLevel 1[0m create_environment_scripts_only(rm_decision_interfaces)
[1.114s] [34mcolcon.colcon_core.environment[0m [1;30mLevel 1[0m checking '/home/ethereal/qianli/rm_decision/navigator_test_unit/install/rm_decision_interfaces' for CMake module files
[1.114s] [34mcolcon.colcon_core.environment[0m [1;30mLevel 1[0m checking '/home/ethereal/qianli/rm_decision/navigator_test_unit/install/rm_decision_interfaces' for CMake config files
[1.115s] [34mcolcon.colcon_core.shell[0m [1;30mLevel 1[0m create_environment_hook('rm_decision_interfaces', 'cmake_prefix_path')
[1.115s] [34mcolcon.colcon_core.shell[0m [1;30mINFO[0m Creating environment hook '/home/ethereal/qianli/rm_decision/navigator_test_unit/install/rm_decision_interfaces/share/rm_decision_interfaces/hook/cmake_prefix_path.ps1'
[1.115s] [34mcolcon.colcon_core.shell[0m [1;30mINFO[0m Creating environment descriptor '/home/ethereal/qianli/rm_decision/navigator_test_unit/install/rm_decision_interfaces/share/rm_decision_interfaces/hook/cmake_prefix_path.dsv'
[1.115s] [34mcolcon.colcon_core.shell[0m [1;30mINFO[0m Creating environment hook '/home/ethereal/qianli/rm_decision/navigator_test_unit/install/rm_decision_interfaces/share/rm_decision_interfaces/hook/cmake_prefix_path.sh'
[1.116s] [34mcolcon.colcon_core.environment[0m [1;30mLevel 1[0m checking '/home/ethereal/qianli/rm_decision/navigator_test_unit/install/rm_decision_interfaces/lib'
[1.116s] [34mcolcon.colcon_core.shell[0m [1;30mLevel 1[0m create_environment_hook('rm_decision_interfaces', 'ld_library_path_lib')
[1.116s] [34mcolcon.colcon_core.shell[0m [1;30mINFO[0m Creating environment hook '/home/ethereal/qianli/rm_decision/navigator_test_unit/install/rm_decision_interfaces/share/rm_decision_interfaces/hook/ld_library_path_lib.ps1'
[1.116s] [34mcolcon.colcon_core.shell[0m [1;30mINFO[0m Creating environment descriptor '/home/ethereal/qianli/rm_decision/navigator_test_unit/install/rm_decision_interfaces/share/rm_decision_interfaces/hook/ld_library_path_lib.dsv'
[1.116s] [34mcolcon.colcon_core.shell[0m [1;30mINFO[0m Creating environment hook '/home/ethereal/qianli/rm_decision/navigator_test_unit/install/rm_decision_interfaces/share/rm_decision_interfaces/hook/ld_library_path_lib.sh'
[1.117s] [34mcolcon.colcon_core.environment[0m [1;30mLevel 1[0m checking '/home/ethereal/qianli/rm_decision/navigator_test_unit/install/rm_decision_interfaces/bin'
[1.117s] [34mcolcon.colcon_core.environment[0m [1;30mLevel 1[0m checking '/home/ethereal/qianli/rm_decision/navigator_test_unit/install/rm_decision_interfaces/lib/pkgconfig/rm_decision_interfaces.pc'
[1.117s] [34mcolcon.colcon_core.environment[0m [1;30mLevel 1[0m checking '/home/ethereal/qianli/rm_decision/navigator_test_unit/install/rm_decision_interfaces/lib/python3.12/site-packages'
[1.117s] [34mcolcon.colcon_core.shell[0m [1;30mLevel 1[0m create_environment_hook('rm_decision_interfaces', 'pythonpath')
[1.117s] [34mcolcon.colcon_core.shell[0m [1;30mINFO[0m Creating environment hook '/home/ethereal/qianli/rm_decision/navigator_test_unit/install/rm_decision_interfaces/share/rm_decision_interfaces/hook/pythonpath.ps1'
[1.117s] [34mcolcon.colcon_core.shell[0m [1;30mINFO[0m Creating environment descriptor '/home/ethereal/qianli/rm_decision/navigator_test_unit/install/rm_decision_interfaces/share/rm_decision_interfaces/hook/pythonpath.dsv'
[1.117s] [34mcolcon.colcon_core.shell[0m [1;30mINFO[0m Creating environment hook '/home/ethereal/qianli/rm_decision/navigator_test_unit/install/rm_decision_interfaces/share/rm_decision_interfaces/hook/pythonpath.sh'
[1.118s] [34mcolcon.colcon_core.environment[0m [1;30mLevel 1[0m checking '/home/ethereal/qianli/rm_decision/navigator_test_unit/install/rm_decision_interfaces/bin'
[1.118s] [34mcolcon.colcon_core.shell[0m [1;30mINFO[0m Creating package script '/home/ethereal/qianli/rm_decision/navigator_test_unit/install/rm_decision_interfaces/share/rm_decision_interfaces/package.ps1'
[1.118s] [34mcolcon.colcon_core.shell[0m [1;30mINFO[0m Creating package descriptor '/home/ethereal/qianli/rm_decision/navigator_test_unit/install/rm_decision_interfaces/share/rm_decision_interfaces/package.dsv'
[1.119s] [34mcolcon.colcon_core.shell[0m [1;30mINFO[0m Creating package script '/home/ethereal/qianli/rm_decision/navigator_test_unit/install/rm_decision_interfaces/share/rm_decision_interfaces/package.sh'
[1.119s] [34mcolcon.colcon_core.shell[0m [1;30mINFO[0m Creating package script '/home/ethereal/qianli/rm_decision/navigator_test_unit/install/rm_decision_interfaces/share/rm_decision_interfaces/package.bash'
[1.119s] [34mcolcon.colcon_core.shell[0m [1;30mINFO[0m Creating package script '/home/ethereal/qianli/rm_decision/navigator_test_unit/install/rm_decision_interfaces/share/rm_decision_interfaces/package.zsh'
[1.119s] [34mcolcon.colcon_core.environment[0m [1;30mLevel 1[0m create_file_with_runtime_dependencies(/home/ethereal/qianli/rm_decision/navigator_test_unit/install/rm_decision_interfaces/share/colcon-core/packages/rm_decision_interfaces)
[9.815s] [34mcolcon.colcon_core.event_handler.log_command[0m [1;30mDEBUG[0m [32mInvoked command in '/home/ethereal/qianli/rm_decision/navigator_test_unit/build/navigator_interfaces' returned '0': CMAKE_PREFIX_PATH=${CMAKE_PREFIX_PATH}:/opt/ros/jazzy DEBUGINFOD_URLS=https://debuginfod.ubuntu.com /usr/bin/cmake /home/ethereal/qianli/rm_decision/navigator_test_unit/src/Action Level/navigator_interfaces -DCMAKE_INSTALL_PREFIX=/home/ethereal/qianli/rm_decision/navigator_test_unit/install/navigator_interfaces[0m
[9.815s] [34mcolcon.colcon_core.event_handler.log_command[0m [1;30mDEBUG[0m [32mInvoking command in '/home/ethereal/qianli/rm_decision/navigator_test_unit/build/navigator_interfaces': CMAKE_PREFIX_PATH=${CMAKE_PREFIX_PATH}:/opt/ros/jazzy DEBUGINFOD_URLS=https://debuginfod.ubuntu.com /usr/bin/cmake --build /home/ethereal/qianli/rm_decision/navigator_test_unit/build/navigator_interfaces -- -j20 -l20[0m
[12.426s] [34mcolcon.colcon_core.event_handler.log_command[0m [1;30mDEBUG[0m [32mInvoked command in '/home/ethereal/qianli/rm_decision/navigator_test_unit/build/navigator_interfaces' returned '0': CMAKE_PREFIX_PATH=${CMAKE_PREFIX_PATH}:/opt/ros/jazzy DEBUGINFOD_URLS=https://debuginfod.ubuntu.com /usr/bin/cmake --build /home/ethereal/qianli/rm_decision/navigator_test_unit/build/navigator_interfaces -- -j20 -l20[0m
[12.461s] [34mcolcon.colcon_core.event_handler.log_command[0m [1;30mDEBUG[0m [32mInvoking command in '/home/ethereal/qianli/rm_decision/navigator_test_unit/build/navigator_interfaces': CMAKE_PREFIX_PATH=${CMAKE_PREFIX_PATH}:/opt/ros/jazzy DEBUGINFOD_URLS=https://debuginfod.ubuntu.com /usr/bin/cmake --install /home/ethereal/qianli/rm_decision/navigator_test_unit/build/navigator_interfaces[0m
[12.514s] [34mcolcon.colcon_core.environment[0m [1;30mLevel 1[0m create_environment_scripts_only(navigator_interfaces)
[12.514s] [34mcolcon.colcon_core.event_handler.log_command[0m [1;30mDEBUG[0m [32mInvoked command in '/home/ethereal/qianli/rm_decision/navigator_test_unit/build/navigator_interfaces' returned '0': CMAKE_PREFIX_PATH=${CMAKE_PREFIX_PATH}:/opt/ros/jazzy DEBUGINFOD_URLS=https://debuginfod.ubuntu.com /usr/bin/cmake --install /home/ethereal/qianli/rm_decision/navigator_test_unit/build/navigator_interfaces[0m
[12.514s] [34mcolcon.colcon_core.environment[0m [1;30mLevel 1[0m checking '/home/ethereal/qianli/rm_decision/navigator_test_unit/install/navigator_interfaces' for CMake module files
[12.515s] [34mcolcon.colcon_core.environment[0m [1;30mLevel 1[0m checking '/home/ethereal/qianli/rm_decision/navigator_test_unit/install/navigator_interfaces' for CMake config files
[12.515s] [34mcolcon.colcon_core.shell[0m [1;30mLevel 1[0m create_environment_hook('navigator_interfaces', 'cmake_prefix_path')
[12.515s] [34mcolcon.colcon_core.shell[0m [1;30mINFO[0m Creating environment hook '/home/ethereal/qianli/rm_decision/navigator_test_unit/install/navigator_interfaces/share/navigator_interfaces/hook/cmake_prefix_path.ps1'
[12.516s] [34mcolcon.colcon_core.shell[0m [1;30mINFO[0m Creating environment descriptor '/home/ethereal/qianli/rm_decision/navigator_test_unit/install/navigator_interfaces/share/navigator_interfaces/hook/cmake_prefix_path.dsv'
[12.516s] [34mcolcon.colcon_core.shell[0m [1;30mINFO[0m Creating environment hook '/home/ethereal/qianli/rm_decision/navigator_test_unit/install/navigator_interfaces/share/navigator_interfaces/hook/cmake_prefix_path.sh'
[12.517s] [34mcolcon.colcon_core.environment[0m [1;30mLevel 1[0m checking '/home/ethereal/qianli/rm_decision/navigator_test_unit/install/navigator_interfaces/lib'
[12.517s] [34mcolcon.colcon_core.shell[0m [1;30mLevel 1[0m create_environment_hook('navigator_interfaces', 'ld_library_path_lib')
[12.517s] [34mcolcon.colcon_core.shell[0m [1;30mINFO[0m Creating environment hook '/home/ethereal/qianli/rm_decision/navigator_test_unit/install/navigator_interfaces/share/navigator_interfaces/hook/ld_library_path_lib.ps1'
[12.517s] [34mcolcon.colcon_core.shell[0m [1;30mINFO[0m Creating environment descriptor '/home/ethereal/qianli/rm_decision/navigator_test_unit/install/navigator_interfaces/share/navigator_interfaces/hook/ld_library_path_lib.dsv'
[12.517s] [34mcolcon.colcon_core.shell[0m [1;30mINFO[0m Creating environment hook '/home/ethereal/qianli/rm_decision/navigator_test_unit/install/navigator_interfaces/share/navigator_interfaces/hook/ld_library_path_lib.sh'
[12.517s] [34mcolcon.colcon_core.environment[0m [1;30mLevel 1[0m checking '/home/ethereal/qianli/rm_decision/navigator_test_unit/install/navigator_interfaces/bin'
[12.517s] [34mcolcon.colcon_core.environment[0m [1;30mLevel 1[0m checking '/home/ethereal/qianli/rm_decision/navigator_test_unit/install/navigator_interfaces/lib/pkgconfig/navigator_interfaces.pc'
[12.518s] [34mcolcon.colcon_core.environment[0m [1;30mLevel 1[0m checking '/home/ethereal/qianli/rm_decision/navigator_test_unit/install/navigator_interfaces/lib/python3.12/site-packages'
[12.518s] [34mcolcon.colcon_core.shell[0m [1;30mLevel 1[0m create_environment_hook('navigator_interfaces', 'pythonpath')
[12.518s] [34mcolcon.colcon_core.shell[0m [1;30mINFO[0m Creating environment hook '/home/ethereal/qianli/rm_decision/navigator_test_unit/install/navigator_interfaces/share/navigator_interfaces/hook/pythonpath.ps1'
[12.518s] [34mcolcon.colcon_core.shell[0m [1;30mINFO[0m Creating environment descriptor '/home/ethereal/qianli/rm_decision/navigator_test_unit/install/navigator_interfaces/share/navigator_interfaces/hook/pythonpath.dsv'
[12.518s] [34mcolcon.colcon_core.shell[0m [1;30mINFO[0m Creating environment hook '/home/ethereal/qianli/rm_decision/navigator_test_unit/install/navigator_interfaces/share/navigator_interfaces/hook/pythonpath.sh'
[12.518s] [34mcolcon.colcon_core.environment[0m [1;30mLevel 1[0m checking '/home/ethereal/qianli/rm_decision/navigator_test_unit/install/navigator_interfaces/bin'
[12.518s] [34mcolcon.colcon_core.shell[0m [1;30mINFO[0m Creating package script '/home/ethereal/qianli/rm_decision/navigator_test_unit/install/navigator_interfaces/share/navigator_interfaces/package.ps1'
[12.519s] [34mcolcon.colcon_core.shell[0m [1;30mINFO[0m Creating package descriptor '/home/ethereal/qianli/rm_decision/navigator_test_unit/install/navigator_interfaces/share/navigator_interfaces/package.dsv'
[12.519s] [34mcolcon.colcon_core.shell[0m [1;30mINFO[0m Creating package script '/home/ethereal/qianli/rm_decision/navigator_test_unit/install/navigator_interfaces/share/navigator_interfaces/package.sh'
[12.519s] [34mcolcon.colcon_core.shell[0m [1;30mINFO[0m Creating package script '/home/ethereal/qianli/rm_decision/navigator_test_unit/install/navigator_interfaces/share/navigator_interfaces/package.bash'
[12.519s] [34mcolcon.colcon_core.shell[0m [1;30mINFO[0m Creating package script '/home/ethereal/qianli/rm_decision/navigator_test_unit/install/navigator_interfaces/share/navigator_interfaces/package.zsh'
[12.520s] [34mcolcon.colcon_core.environment[0m [1;30mLevel 1[0m create_file_with_runtime_dependencies(/home/ethereal/qianli/rm_decision/navigator_test_unit/install/navigator_interfaces/share/colcon-core/packages/navigator_interfaces)
[12.554s] [34mcolcon.colcon_core.environment[0m [1;30mLevel 1[0m create_environment_scripts_only(navigator_interfaces)
[12.554s] [34mcolcon.colcon_core.environment[0m [1;30mLevel 1[0m checking '/home/ethereal/qianli/rm_decision/navigator_test_unit/install/navigator_interfaces' for CMake module files
[12.555s] [34mcolcon.colcon_core.environment[0m [1;30mLevel 1[0m checking '/home/ethereal/qianli/rm_decision/navigator_test_unit/install/navigator_interfaces' for CMake config files
[12.555s] [34mcolcon.colcon_core.shell[0m [1;30mLevel 1[0m create_environment_hook('navigator_interfaces', 'cmake_prefix_path')
[12.555s] [34mcolcon.colcon_core.shell[0m [1;30mINFO[0m Creating environment hook '/home/ethereal/qianli/rm_decision/navigator_test_unit/install/navigator_interfaces/share/navigator_interfaces/hook/cmake_prefix_path.ps1'
[12.556s] [34mcolcon.colcon_core.shell[0m [1;30mINFO[0m Creating environment descriptor '/home/ethereal/qianli/rm_decision/navigator_test_unit/install/navigator_interfaces/share/navigator_interfaces/hook/cmake_prefix_path.dsv'
[12.556s] [34mcolcon.colcon_core.shell[0m [1;30mINFO[0m Creating environment hook '/home/ethereal/qianli/rm_decision/navigator_test_unit/install/navigator_interfaces/share/navigator_interfaces/hook/cmake_prefix_path.sh'
[12.556s] [34mcolcon.colcon_core.environment[0m [1;30mLevel 1[0m checking '/home/ethereal/qianli/rm_decision/navigator_test_unit/install/navigator_interfaces/lib'
[12.556s] [34mcolcon.colcon_core.shell[0m [1;30mLevel 1[0m create_environment_hook('navigator_interfaces', 'ld_library_path_lib')
[12.556s] [34mcolcon.colcon_core.shell[0m [1;30mINFO[0m Creating environment hook '/home/ethereal/qianli/rm_decision/navigator_test_unit/install/navigator_interfaces/share/navigator_interfaces/hook/ld_library_path_lib.ps1'
[12.557s] [34mcolcon.colcon_core.shell[0m [1;30mINFO[0m Creating environment descriptor '/home/ethereal/qianli/rm_decision/navigator_test_unit/install/navigator_interfaces/share/navigator_interfaces/hook/ld_library_path_lib.dsv'
[12.557s] [34mcolcon.colcon_core.shell[0m [1;30mINFO[0m Creating environment hook '/home/ethereal/qianli/rm_decision/navigator_test_unit/install/navigator_interfaces/share/navigator_interfaces/hook/ld_library_path_lib.sh'
[12.557s] [34mcolcon.colcon_core.environment[0m [1;30mLevel 1[0m checking '/home/ethereal/qianli/rm_decision/navigator_test_unit/install/navigator_interfaces/bin'
[12.557s] [34mcolcon.colcon_core.environment[0m [1;30mLevel 1[0m checking '/home/ethereal/qianli/rm_decision/navigator_test_unit/install/navigator_interfaces/lib/pkgconfig/navigator_interfaces.pc'
[12.557s] [34mcolcon.colcon_core.environment[0m [1;30mLevel 1[0m checking '/home/ethereal/qianli/rm_decision/navigator_test_unit/install/navigator_interfaces/lib/python3.12/site-packages'
[12.557s] [34mcolcon.colcon_core.shell[0m [1;30mLevel 1[0m create_environment_hook('navigator_interfaces', 'pythonpath')
[12.557s] [34mcolcon.colcon_core.shell[0m [1;30mINFO[0m Creating environment hook '/home/ethereal/qianli/rm_decision/navigator_test_unit/install/navigator_interfaces/share/navigator_interfaces/hook/pythonpath.ps1'
[12.557s] [34mcolcon.colcon_core.shell[0m [1;30mINFO[0m Creating environment descriptor '/home/ethereal/qianli/rm_decision/navigator_test_unit/install/navigator_interfaces/share/navigator_interfaces/hook/pythonpath.dsv'
[12.558s] [34mcolcon.colcon_core.shell[0m [1;30mINFO[0m Creating environment hook '/home/ethereal/qianli/rm_decision/navigator_test_unit/install/navigator_interfaces/share/navigator_interfaces/hook/pythonpath.sh'
[12.558s] [34mcolcon.colcon_core.environment[0m [1;30mLevel 1[0m checking '/home/ethereal/qianli/rm_decision/navigator_test_unit/install/navigator_interfaces/bin'
[12.558s] [34mcolcon.colcon_core.shell[0m [1;30mINFO[0m Creating package script '/home/ethereal/qianli/rm_decision/navigator_test_unit/install/navigator_interfaces/share/navigator_interfaces/package.ps1'
[12.558s] [34mcolcon.colcon_core.shell[0m [1;30mINFO[0m Creating package descriptor '/home/ethereal/qianli/rm_decision/navigator_test_unit/install/navigator_interfaces/share/navigator_interfaces/package.dsv'
[12.559s] [34mcolcon.colcon_core.shell[0m [1;30mINFO[0m Creating package script '/home/ethereal/qianli/rm_decision/navigator_test_unit/install/navigator_interfaces/share/navigator_interfaces/package.sh'
[12.559s] [34mcolcon.colcon_core.shell[0m [1;30mINFO[0m Creating package script '/home/ethereal/qianli/rm_decision/navigator_test_unit/install/navigator_interfaces/share/navigator_interfaces/package.bash'
[12.559s] [34mcolcon.colcon_core.shell[0m [1;30mINFO[0m Creating package script '/home/ethereal/qianli/rm_decision/navigator_test_unit/install/navigator_interfaces/share/navigator_interfaces/package.zsh'
[12.559s] [34mcolcon.colcon_core.environment[0m [1;30mLevel 1[0m create_file_with_runtime_dependencies(/home/ethereal/qianli/rm_decision/navigator_test_unit/install/navigator_interfaces/share/colcon-core/packages/navigator_interfaces)
[12.560s] [34mcolcon.colcon_ros.task.ament_cmake.build[0m [1;30mINFO[0m Building ROS package in '/home/ethereal/qianli/rm_decision/navigator_test_unit/src/Action Level/navigator' with build type 'ament_cmake'
[12.560s] [34mcolcon.colcon_cmake.task.cmake.build[0m [1;30mINFO[0m Building CMake package in '/home/ethereal/qianli/rm_decision/navigator_test_unit/src/Action Level/navigator'
[12.560s] [34mcolcon.colcon_core.shell[0m [1;30mINFO[0m Skip shell extension 'powershell' for command environment: Not usable outside of PowerShell
[12.560s] [34mcolcon.colcon_core.shell[0m [1;30mDEBUG[0m [32mSkip shell extension 'dsv' for command environment[0m
[12.850s] [34mcolcon.colcon_core.event_handler.log_command[0m [1;30mDEBUG[0m [32mInvoking command in '/home/ethereal/qianli/rm_decision/navigator_test_unit/build/rm_decision': AMENT_PREFIX_PATH=/home/ethereal/qianli/rm_decision/navigator_test_unit/install/navigator_interfaces:${AMENT_PREFIX_PATH} CMAKE_PREFIX_PATH=/home/ethereal/qianli/rm_decision/navigator_test_unit/install/navigator_interfaces:/opt/ros/jazzy/opt/gz_sim_vendor:/opt/ros/jazzy/opt/gz_sensors_vendor:/opt/ros/jazzy/opt/gz_physics_vendor:/opt/ros/jazzy/opt/sdformat_vendor:/opt/ros/jazzy/opt/gz_gui_vendor:/opt/ros/jazzy/opt/gz_transport_vendor:/opt/ros/jazzy/opt/gz_rendering_vendor:/opt/ros/jazzy/opt/gz_plugin_vendor:/opt/ros/jazzy/opt/gz_fuel_tools_vendor:/opt/ros/jazzy/opt/gz_msgs_vendor:/opt/ros/jazzy/opt/gz_common_vendor:/opt/ros/jazzy/opt/gz_math_vendor:/opt/ros/jazzy/opt/gz_utils_vendor:/opt/ros/jazzy/opt/gz_tools_vendor:/opt/ros/jazzy/opt/gz_ogre_next_vendor:/opt/ros/jazzy/opt/gz_dartsim_vendor:/opt/ros/jazzy/opt/gz_cmake_vendor:/opt/ros/jazzy DEBUGINFOD_URLS=https://debuginfod.ubuntu.com LD_LIBRARY_PATH=/home/ethereal/qianli/rm_decision/navigator_test_unit/install/navigator_interfaces/lib:${LD_LIBRARY_PATH} PYTHONPATH=/home/ethereal/qianli/rm_decision/navigator_test_unit/install/navigator_interfaces/lib/python3.12/site-packages:${PYTHONPATH} /usr/bin/cmake /home/ethereal/qianli/rm_decision/navigator_test_unit/src/Action Level/navigator -DCMAKE_INSTALL_PREFIX=/home/ethereal/qianli/rm_decision/navigator_test_unit/install/rm_decision[0m
[17.455s] [34mcolcon.colcon_core.event_handler.log_command[0m [1;30mDEBUG[0m [32mInvoked command in '/home/ethereal/qianli/rm_decision/navigator_test_unit/build/rm_decision' returned '0': AMENT_PREFIX_PATH=/home/ethereal/qianli/rm_decision/navigator_test_unit/install/navigator_interfaces:${AMENT_PREFIX_PATH} CMAKE_PREFIX_PATH=/home/ethereal/qianli/rm_decision/navigator_test_unit/install/navigator_interfaces:/opt/ros/jazzy/opt/gz_sim_vendor:/opt/ros/jazzy/opt/gz_sensors_vendor:/opt/ros/jazzy/opt/gz_physics_vendor:/opt/ros/jazzy/opt/sdformat_vendor:/opt/ros/jazzy/opt/gz_gui_vendor:/opt/ros/jazzy/opt/gz_transport_vendor:/opt/ros/jazzy/opt/gz_rendering_vendor:/opt/ros/jazzy/opt/gz_plugin_vendor:/opt/ros/jazzy/opt/gz_fuel_tools_vendor:/opt/ros/jazzy/opt/gz_msgs_vendor:/opt/ros/jazzy/opt/gz_common_vendor:/opt/ros/jazzy/opt/gz_math_vendor:/opt/ros/jazzy/opt/gz_utils_vendor:/opt/ros/jazzy/opt/gz_tools_vendor:/opt/ros/jazzy/opt/gz_ogre_next_vendor:/opt/ros/jazzy/opt/gz_dartsim_vendor:/opt/ros/jazzy/opt/gz_cmake_vendor:/opt/ros/jazzy DEBUGINFOD_URLS=https://debuginfod.ubuntu.com LD_LIBRARY_PATH=/home/ethereal/qianli/rm_decision/navigator_test_unit/install/navigator_interfaces/lib:${LD_LIBRARY_PATH} PYTHONPATH=/home/ethereal/qianli/rm_decision/navigator_test_unit/install/navigator_interfaces/lib/python3.12/site-packages:${PYTHONPATH} /usr/bin/cmake /home/ethereal/qianli/rm_decision/navigator_test_unit/src/Action Level/navigator -DCMAKE_INSTALL_PREFIX=/home/ethereal/qianli/rm_decision/navigator_test_unit/install/rm_decision[0m
[17.456s] [34mcolcon.colcon_core.event_handler.log_command[0m [1;30mDEBUG[0m [32mInvoking command in '/home/ethereal/qianli/rm_decision/navigator_test_unit/build/rm_decision': AMENT_PREFIX_PATH=/home/ethereal/qianli/rm_decision/navigator_test_unit/install/navigator_interfaces:${AMENT_PREFIX_PATH} CMAKE_PREFIX_PATH=/home/ethereal/qianli/rm_decision/navigator_test_unit/install/navigator_interfaces:/opt/ros/jazzy/opt/gz_sim_vendor:/opt/ros/jazzy/opt/gz_sensors_vendor:/opt/ros/jazzy/opt/gz_physics_vendor:/opt/ros/jazzy/opt/sdformat_vendor:/opt/ros/jazzy/opt/gz_gui_vendor:/opt/ros/jazzy/opt/gz_transport_vendor:/opt/ros/jazzy/opt/gz_rendering_vendor:/opt/ros/jazzy/opt/gz_plugin_vendor:/opt/ros/jazzy/opt/gz_fuel_tools_vendor:/opt/ros/jazzy/opt/gz_msgs_vendor:/opt/ros/jazzy/opt/gz_common_vendor:/opt/ros/jazzy/opt/gz_math_vendor:/opt/ros/jazzy/opt/gz_utils_vendor:/opt/ros/jazzy/opt/gz_tools_vendor:/opt/ros/jazzy/opt/gz_ogre_next_vendor:/opt/ros/jazzy/opt/gz_dartsim_vendor:/opt/ros/jazzy/opt/gz_cmake_vendor:/opt/ros/jazzy DEBUGINFOD_URLS=https://debuginfod.ubuntu.com LD_LIBRARY_PATH=/home/ethereal/qianli/rm_decision/navigator_test_unit/install/navigator_interfaces/lib:${LD_LIBRARY_PATH} PYTHONPATH=/home/ethereal/qianli/rm_decision/navigator_test_unit/install/navigator_interfaces/lib/python3.12/site-packages:${PYTHONPATH} /usr/bin/cmake --build /home/ethereal/qianli/rm_decision/navigator_test_unit/build/rm_decision -- -j20 -l20[0m
[17.772s] [34mcolcon.colcon_core.event_handler.log_command[0m [1;30mDEBUG[0m [32mInvoked command in '/home/ethereal/qianli/rm_decision/navigator_test_unit/build/rm_decision' returned '2': AMENT_PREFIX_PATH=/home/ethereal/qianli/rm_decision/navigator_test_unit/install/navigator_interfaces:${AMENT_PREFIX_PATH} CMAKE_PREFIX_PATH=/home/ethereal/qianli/rm_decision/navigator_test_unit/install/navigator_interfaces:/opt/ros/jazzy/opt/gz_sim_vendor:/opt/ros/jazzy/opt/gz_sensors_vendor:/opt/ros/jazzy/opt/gz_physics_vendor:/opt/ros/jazzy/opt/sdformat_vendor:/opt/ros/jazzy/opt/gz_gui_vendor:/opt/ros/jazzy/opt/gz_transport_vendor:/opt/ros/jazzy/opt/gz_rendering_vendor:/opt/ros/jazzy/opt/gz_plugin_vendor:/opt/ros/jazzy/opt/gz_fuel_tools_vendor:/opt/ros/jazzy/opt/gz_msgs_vendor:/opt/ros/jazzy/opt/gz_common_vendor:/opt/ros/jazzy/opt/gz_math_vendor:/opt/ros/jazzy/opt/gz_utils_vendor:/opt/ros/jazzy/opt/gz_tools_vendor:/opt/ros/jazzy/opt/gz_ogre_next_vendor:/opt/ros/jazzy/opt/gz_dartsim_vendor:/opt/ros/jazzy/opt/gz_cmake_vendor:/opt/ros/jazzy DEBUGINFOD_URLS=https://debuginfod.ubuntu.com LD_LIBRARY_PATH=/home/ethereal/qianli/rm_decision/navigator_test_unit/install/navigator_interfaces/lib:${LD_LIBRARY_PATH} PYTHONPATH=/home/ethereal/qianli/rm_decision/navigator_test_unit/install/navigator_interfaces/lib/python3.12/site-packages:${PYTHONPATH} /usr/bin/cmake --build /home/ethereal/qianli/rm_decision/navigator_test_unit/build/rm_decision -- -j20 -l20[0m
[17.787s] [34mcolcon.colcon_core.environment[0m [1;30mLevel 1[0m create_environment_scripts_only(rm_decision)
[17.788s] [34mcolcon.colcon_core.environment[0m [1;30mLevel 1[0m checking '/home/ethereal/qianli/rm_decision/navigator_test_unit/install/rm_decision' for CMake module files
[17.788s] [34mcolcon.colcon_core.environment[0m [1;30mLevel 1[0m checking '/home/ethereal/qianli/rm_decision/navigator_test_unit/install/rm_decision' for CMake config files
[17.788s] [34mcolcon.colcon_core.environment[0m [1;30mLevel 1[0m checking '/home/ethereal/qianli/rm_decision/navigator_test_unit/install/rm_decision/bin'
[17.788s] [34mcolcon.colcon_core.environment[0m [1;30mLevel 1[0m checking '/home/ethereal/qianli/rm_decision/navigator_test_unit/install/rm_decision/lib/pkgconfig/rm_decision.pc'
[17.788s] [34mcolcon.colcon_core.environment[0m [1;30mLevel 1[0m checking '/home/ethereal/qianli/rm_decision/navigator_test_unit/install/rm_decision/lib/python3.12/site-packages'
[17.788s] [34mcolcon.colcon_core.environment[0m [1;30mLevel 1[0m checking '/home/ethereal/qianli/rm_decision/navigator_test_unit/install/rm_decision/bin'
[17.788s] [34mcolcon.colcon_core.shell[0m [1;30mINFO[0m Creating package script '/home/ethereal/qianli/rm_decision/navigator_test_unit/install/rm_decision/share/rm_decision/package.ps1'
[17.790s] [34mcolcon.colcon_core.shell[0m [1;30mINFO[0m Creating package descriptor '/home/ethereal/qianli/rm_decision/navigator_test_unit/install/rm_decision/share/rm_decision/package.dsv'
[17.791s] [34mcolcon.colcon_core.shell[0m [1;30mINFO[0m Creating package script '/home/ethereal/qianli/rm_decision/navigator_test_unit/install/rm_decision/share/rm_decision/package.sh'
[17.791s] [34mcolcon.colcon_core.shell[0m [1;30mINFO[0m Creating package script '/home/ethereal/qianli/rm_decision/navigator_test_unit/install/rm_decision/share/rm_decision/package.bash'
[17.791s] [34mcolcon.colcon_core.shell[0m [1;30mINFO[0m Creating package script '/home/ethereal/qianli/rm_decision/navigator_test_unit/install/rm_decision/share/rm_decision/package.zsh'
[17.791s] [34mcolcon.colcon_core.environment[0m [1;30mLevel 1[0m create_file_with_runtime_dependencies(/home/ethereal/qianli/rm_decision/navigator_test_unit/install/rm_decision/share/colcon-core/packages/rm_decision)
[17.803s] [34mcolcon.colcon_parallel_executor.executor.parallel[0m [1;30mDEBUG[0m [32mclosing loop[0m
[17.803s] [34mcolcon.colcon_parallel_executor.executor.parallel[0m [1;30mDEBUG[0m [32mloop closed[0m
[17.803s] [34mcolcon.colcon_parallel_executor.executor.parallel[0m [1;30mDEBUG[0m [32mrun_until_complete finished with '2'[0m
[17.803s] [34mcolcon.colcon_core.event_reactor[0m [1;30mDEBUG[0m [32mjoining thread[0m
[17.955s] [34mcolcon.colcon_core.plugin_system[0m [1;30mINFO[0m Skipping extension 'colcon_notification.desktop_notification.notify_send': Could not find 'notify-send'
[17.955s] [34mcolcon.colcon_core.plugin_system[0m [1;30mINFO[0m Skipping extension 'colcon_notification.desktop_notification.terminal_notifier': Not used on non-Darwin systems
[17.955s] [34mcolcon.colcon_core.plugin_system[0m [1;30mINFO[0m Skipping extension 'colcon_notification.desktop_notification.win32': Not used on non-Windows systems
[17.955s] [34mcolcon.colcon_notification.desktop_notification[0m [1;30mINFO[0m Sending desktop notification using 'notify2'
[17.955s] [34mcolcon.colcon_notification.desktop_notification.notify2[0m [1;30mDEBUG[0m [32mFailed to initialize notify2: org.freedesktop.DBus.Error.NoServer: Failed to connect to socket /run/user/1002/bus: Connection refused[0m
[17.956s] [34mcolcon.colcon_core.event_reactor[0m [1;30mDEBUG[0m [32mjoined thread[0m
[17.956s] [34mcolcon.colcon_core.shell[0m [1;30mINFO[0m Creating prefix script '/home/ethereal/qianli/rm_decision/navigator_test_unit/install/local_setup.ps1'
[17.957s] [34mcolcon.colcon_core.shell[0m [1;30mINFO[0m Creating prefix util module '/home/ethereal/qianli/rm_decision/navigator_test_unit/install/_local_setup_util_ps1.py'
[17.958s] [34mcolcon.colcon_core.shell[0m [1;30mINFO[0m Creating prefix chain script '/home/ethereal/qianli/rm_decision/navigator_test_unit/install/setup.ps1'
[17.959s] [34mcolcon.colcon_core.shell[0m [1;30mINFO[0m Creating prefix script '/home/ethereal/qianli/rm_decision/navigator_test_unit/install/local_setup.sh'
[17.959s] [34mcolcon.colcon_core.shell[0m [1;30mINFO[0m Creating prefix util module '/home/ethereal/qianli/rm_decision/navigator_test_unit/install/_local_setup_util_sh.py'
[17.959s] [34mcolcon.colcon_core.shell[0m [1;30mINFO[0m Creating prefix chain script '/home/ethereal/qianli/rm_decision/navigator_test_unit/install/setup.sh'
[17.960s] [34mcolcon.colcon_core.shell[0m [1;30mINFO[0m Creating prefix script '/home/ethereal/qianli/rm_decision/navigator_test_unit/install/local_setup.bash'
[17.960s] [34mcolcon.colcon_core.shell[0m [1;30mINFO[0m Creating prefix chain script '/home/ethereal/qianli/rm_decision/navigator_test_unit/install/setup.bash'
[17.961s] [34mcolcon.colcon_core.shell[0m [1;30mINFO[0m Creating prefix script '/home/ethereal/qianli/rm_decision/navigator_test_unit/install/local_setup.zsh'
[17.962s] [34mcolcon.colcon_core.shell[0m [1;30mINFO[0m Creating prefix chain script '/home/ethereal/qianli/rm_decision/navigator_test_unit/install/setup.zsh'
