[0.010s] Invoking command in '/home/ethereal/qianli/rm_decision/navigator_test_unit/build/terminal_listener': CMAKE_PREFIX_PATH=${CMAKE_PREFIX_PATH}:/opt/ros/jazzy DEBUGINFOD_URLS=https://debuginfod.ubuntu.com /usr/bin/cmake /home/ethereal/qianli/rm_decision/navigator_test_unit/src/terminal_listener -DCMAKE_INSTALL_PREFIX=/home/ethereal/qianli/rm_decision/navigator_test_unit/install/terminal_listener
[0.017s] -- Found ament_cmake: 2.5.2 (/opt/ros/jazzy/share/ament_cmake/cmake)
[0.174s] -- Found rclcpp: 28.1.4 (/opt/ros/jazzy/share/rclcpp/cmake)
[0.411s] -- Found rosidl_generator_c: 4.6.4 (/opt/ros/jazzy/share/rosidl_generator_c/cmake)
[0.423s] -- Found rosidl_generator_cpp: 4.6.4 (/opt/ros/jazzy/share/rosidl_generator_cpp/cmake)
[0.430s] -- Using all available rosidl_typesupport_c: rosidl_typesupport_fastrtps_c;rosidl_typesupport_introspection_c
[0.433s] -- Using all available rosidl_typesupport_cpp: rosidl_typesupport_fastrtps_cpp;rosidl_typesupport_introspection_cpp
[0.475s] -- Found rmw_implementation_cmake: 7.3.1 (/opt/ros/jazzy/share/rmw_implementation_cmake/cmake)
[0.476s] -- Found rmw_fastrtps_cpp: 8.4.1 (/opt/ros/jazzy/share/rmw_fastrtps_cpp/cmake)
[0.825s] -- Using RMW implementation 'rmw_fastrtps_cpp' as default
[1.051s] -- Found std_msgs: 5.3.5 (/opt/ros/jazzy/share/std_msgs/cmake)
[1.060s] -- Found geometry_msgs: 5.3.5 (/opt/ros/jazzy/share/geometry_msgs/cmake)
[1.070s] -- Found rm_decision_interfaces: 0.0.0 (/home/ethereal/qianli/rm_decision/navigator_test_unit/install/rm_decision_interfaces/share/rm_decision_interfaces/cmake)
[1.150s] -- Configuring done (1.1s)
[1.158s] -- Generating done (0.0s)
[1.159s] -- Build files have been written to: /home/ethereal/qianli/rm_decision/navigator_test_unit/build/terminal_listener
[1.165s] Invoked command in '/home/ethereal/qianli/rm_decision/navigator_test_unit/build/terminal_listener' returned '0': CMAKE_PREFIX_PATH=${CMAKE_PREFIX_PATH}:/opt/ros/jazzy DEBUGINFOD_URLS=https://debuginfod.ubuntu.com /usr/bin/cmake /home/ethereal/qianli/rm_decision/navigator_test_unit/src/terminal_listener -DCMAKE_INSTALL_PREFIX=/home/ethereal/qianli/rm_decision/navigator_test_unit/install/terminal_listener
[1.166s] Invoking command in '/home/ethereal/qianli/rm_decision/navigator_test_unit/build/terminal_listener': CMAKE_PREFIX_PATH=${CMAKE_PREFIX_PATH}:/opt/ros/jazzy DEBUGINFOD_URLS=https://debuginfod.ubuntu.com /usr/bin/cmake --build /home/ethereal/qianli/rm_decision/navigator_test_unit/build/terminal_listener -- -j20 -l20
[1.197s] [ 50%] [32mBuilding CXX object CMakeFiles/terminal_listener.dir/src/terminal_listener.cpp.o[0m
[4.151s] [100%] [32m[1mLinking CXX executable terminal_listener[0m
[4.349s] [100%] Built target terminal_listener
[4.356s] Invoked command in '/home/ethereal/qianli/rm_decision/navigator_test_unit/build/terminal_listener' returned '0': CMAKE_PREFIX_PATH=${CMAKE_PREFIX_PATH}:/opt/ros/jazzy DEBUGINFOD_URLS=https://debuginfod.ubuntu.com /usr/bin/cmake --build /home/ethereal/qianli/rm_decision/navigator_test_unit/build/terminal_listener -- -j20 -l20
[4.370s] Invoking command in '/home/ethereal/qianli/rm_decision/navigator_test_unit/build/terminal_listener': CMAKE_PREFIX_PATH=${CMAKE_PREFIX_PATH}:/opt/ros/jazzy DEBUGINFOD_URLS=https://debuginfod.ubuntu.com /usr/bin/cmake --install /home/ethereal/qianli/rm_decision/navigator_test_unit/build/terminal_listener
[4.375s] -- Install configuration: ""
[4.375s] -- Installing: /home/ethereal/qianli/rm_decision/navigator_test_unit/install/terminal_listener/lib/terminal_listener/terminal_listener
[4.376s] -- Set non-toolchain portion of runtime path of "/home/ethereal/qianli/rm_decision/navigator_test_unit/install/terminal_listener/lib/terminal_listener/terminal_listener" to ""
[4.376s] -- Installing: /home/ethereal/qianli/rm_decision/navigator_test_unit/install/terminal_listener/share/ament_index/resource_index/package_run_dependencies/terminal_listener
[4.376s] -- Installing: /home/ethereal/qianli/rm_decision/navigator_test_unit/install/terminal_listener/share/ament_index/resource_index/parent_prefix_path/terminal_listener
[4.376s] -- Installing: /home/ethereal/qianli/rm_decision/navigator_test_unit/install/terminal_listener/share/terminal_listener/environment/ament_prefix_path.sh
[4.377s] -- Installing: /home/ethereal/qianli/rm_decision/navigator_test_unit/install/terminal_listener/share/terminal_listener/environment/ament_prefix_path.dsv
[4.377s] -- Installing: /home/ethereal/qianli/rm_decision/navigator_test_unit/install/terminal_listener/share/terminal_listener/environment/path.sh
[4.377s] -- Installing: /home/ethereal/qianli/rm_decision/navigator_test_unit/install/terminal_listener/share/terminal_listener/environment/path.dsv
[4.377s] -- Installing: /home/ethereal/qianli/rm_decision/navigator_test_unit/install/terminal_listener/share/terminal_listener/local_setup.bash
[4.377s] -- Installing: /home/ethereal/qianli/rm_decision/navigator_test_unit/install/terminal_listener/share/terminal_listener/local_setup.sh
[4.377s] -- Installing: /home/ethereal/qianli/rm_decision/navigator_test_unit/install/terminal_listener/share/terminal_listener/local_setup.zsh
[4.377s] -- Installing: /home/ethereal/qianli/rm_decision/navigator_test_unit/install/terminal_listener/share/terminal_listener/local_setup.dsv
[4.378s] -- Installing: /home/ethereal/qianli/rm_decision/navigator_test_unit/install/terminal_listener/share/terminal_listener/package.dsv
[4.378s] -- Installing: /home/ethereal/qianli/rm_decision/navigator_test_unit/install/terminal_listener/share/ament_index/resource_index/packages/terminal_listener
[4.378s] -- Installing: /home/ethereal/qianli/rm_decision/navigator_test_unit/install/terminal_listener/share/terminal_listener/cmake/terminal_listenerConfig.cmake
[4.378s] -- Installing: /home/ethereal/qianli/rm_decision/navigator_test_unit/install/terminal_listener/share/terminal_listener/cmake/terminal_listenerConfig-version.cmake
[4.378s] -- Installing: /home/ethereal/qianli/rm_decision/navigator_test_unit/install/terminal_listener/share/terminal_listener/package.xml
[4.379s] Invoked command in '/home/ethereal/qianli/rm_decision/navigator_test_unit/build/terminal_listener' returned '0': CMAKE_PREFIX_PATH=${CMAKE_PREFIX_PATH}:/opt/ros/jazzy DEBUGINFOD_URLS=https://debuginfod.ubuntu.com /usr/bin/cmake --install /home/ethereal/qianli/rm_decision/navigator_test_unit/build/terminal_listener
