[0.013s] Invoking command in '/home/ethereal/qianli/rm_decision/navigator_test_unit/build/terminal_listener': CMAKE_PREFIX_PATH=${CMAKE_PREFIX_PATH}:/opt/ros/jazzy DEBUGINFOD_URLS=https://debuginfod.ubuntu.com /usr/bin/cmake --build /home/ethereal/qianli/rm_decision/navigator_test_unit/build/terminal_listener -- -j20 -l20
[0.046s] [100%] Built target terminal_listener
[0.055s] Invoked command in '/home/ethereal/qianli/rm_decision/navigator_test_unit/build/terminal_listener' returned '0': CMAKE_PREFIX_PATH=${CMAKE_PREFIX_PATH}:/opt/ros/jazzy DEBUGINFOD_URLS=https://debuginfod.ubuntu.com /usr/bin/cmake --build /home/ethereal/qianli/rm_decision/navigator_test_unit/build/terminal_listener -- -j20 -l20
[0.082s] Invoking command in '/home/ethereal/qianli/rm_decision/navigator_test_unit/build/terminal_listener': CMAKE_PREFIX_PATH=${CMAKE_PREFIX_PATH}:/opt/ros/jazzy DEBUGINFOD_URLS=https://debuginfod.ubuntu.com /usr/bin/cmake --install /home/ethereal/qianli/rm_decision/navigator_test_unit/build/terminal_listener
[0.087s] -- Install configuration: ""
[0.088s] -- Up-to-date: /home/ethereal/qianli/rm_decision/navigator_test_unit/install/terminal_listener/lib/terminal_listener/terminal_listener
[0.089s] -- Up-to-date: /home/ethereal/qianli/rm_decision/navigator_test_unit/install/terminal_listener/share/ament_index/resource_index/package_run_dependencies/terminal_listener
[0.089s] -- Up-to-date: /home/ethereal/qianli/rm_decision/navigator_test_unit/install/terminal_listener/share/ament_index/resource_index/parent_prefix_path/terminal_listener
[0.089s] -- Up-to-date: /home/ethereal/qianli/rm_decision/navigator_test_unit/install/terminal_listener/share/terminal_listener/environment/ament_prefix_path.sh
[0.089s] -- Up-to-date: /home/ethereal/qianli/rm_decision/navigator_test_unit/install/terminal_listener/share/terminal_listener/environment/ament_prefix_path.dsv
[0.090s] -- Up-to-date: /home/ethereal/qianli/rm_decision/navigator_test_unit/install/terminal_listener/share/terminal_listener/environment/path.sh
[0.090s] -- Up-to-date: /home/ethereal/qianli/rm_decision/navigator_test_unit/install/terminal_listener/share/terminal_listener/environment/path.dsv
[0.090s] -- Up-to-date: /home/ethereal/qianli/rm_decision/navigator_test_unit/install/terminal_listener/share/terminal_listener/local_setup.bash
[0.091s] -- Up-to-date: /home/ethereal/qianli/rm_decision/navigator_test_unit/install/terminal_listener/share/terminal_listener/local_setup.sh
[0.091s] -- Up-to-date: /home/ethereal/qianli/rm_decision/navigator_test_unit/install/terminal_listener/share/terminal_listener/local_setup.zsh
[0.091s] -- Up-to-date: /home/ethereal/qianli/rm_decision/navigator_test_unit/install/terminal_listener/share/terminal_listener/local_setup.dsv
[0.091s] -- Installing: /home/ethereal/qianli/rm_decision/navigator_test_unit/install/terminal_listener/share/terminal_listener/package.dsv
[0.091s] -- Up-to-date: /home/ethereal/qianli/rm_decision/navigator_test_unit/install/terminal_listener/share/ament_index/resource_index/packages/terminal_listener
[0.091s] -- Up-to-date: /home/ethereal/qianli/rm_decision/navigator_test_unit/install/terminal_listener/share/terminal_listener/cmake/terminal_listenerConfig.cmake
[0.092s] -- Up-to-date: /home/ethereal/qianli/rm_decision/navigator_test_unit/install/terminal_listener/share/terminal_listener/cmake/terminal_listenerConfig-version.cmake
[0.092s] -- Up-to-date: /home/ethereal/qianli/rm_decision/navigator_test_unit/install/terminal_listener/share/terminal_listener/package.xml
[0.095s] Invoked command in '/home/ethereal/qianli/rm_decision/navigator_test_unit/build/terminal_listener' returned '0': CMAKE_PREFIX_PATH=${CMAKE_PREFIX_PATH}:/opt/ros/jazzy DEBUGINFOD_URLS=https://debuginfod.ubuntu.com /usr/bin/cmake --install /home/ethereal/qianli/rm_decision/navigator_test_unit/build/terminal_listener
